<?xml version="1.0" encoding="UTF-8"?>
<testsuites name="KDS_Test_Suite" time="5075.96" tests="28" failures="1" errors="0">
   <testsuite name="KDS_Test_Suite" tests="28" failures="1" errors="0" time="5075.96" skipped="0" timestamp="2023-07-03 20:29:35" hostname="bhushan - 192.168.1.13" id="Test Suites/KDS_Test_Suite">
      <properties>
         <property name="deviceName" value=""/>
         <property name="devicePlatform" value=""/>
         <property name="logFolder" value="/Users/bhushan/git/katalon/Reports/20230703_202728/KDS_Test_Suite/20230703_202731"/>
         <property name="logFiles" value="/Users/bhushan/git/katalon/Reports/20230703_202728/KDS_Test_Suite/20230703_202731/execution0.log"/>
         <property name="attachments" value="/Users/bhushan/git/katalon/Reports/20230703_202728/KDS_Test_Suite/20230703_202731/1688401071785.png, /Users/bhushan/git/katalon/Reports/20230703_202728/KDS_Test_Suite/20230703_202731/1688401257213.png, /Users/bhushan/git/katalon/Reports/20230703_202728/KDS_Test_Suite/20230703_202731/1688401257381.png, /Users/bhushan/git/katalon/Reports/20230703_202728/KDS_Test_Suite/20230703_202731/1688401275548.png, /Users/bhushan/git/katalon/Reports/20230703_202728/KDS_Test_Suite/20230703_202731/1688401275734.png, /Users/bhushan/git/katalon/Reports/20230703_202728/KDS_Test_Suite/20230703_202731/1688401332057.png, /Users/bhushan/git/katalon/Reports/20230703_202728/KDS_Test_Suite/20230703_202731/1688401332246.png, /Users/bhushan/git/katalon/Reports/20230703_202728/KDS_Test_Suite/20230703_202731/1688401350275.png, /Users/bhushan/git/katalon/Reports/20230703_202728/KDS_Test_Suite/20230703_202731/1688401350458.png"/>
         <property name="hostName" value="bhushan - 192.168.1.13"/>
         <property name="os" value="Mac OS X 64bit"/>
         <property name="katalonVersion" value="8.4.1.208"/>
         <property name="browser" value="Firefox 109.0"/>
         <property name="hostAddress" value="192.168.1.13"/>
         <property name="sessionId" value="16a3f3c2-b4a6-494c-b7f4-8da4ddff8702"/>
         <property name="seleniumVersion" value="3.141.59"/>
         <property name="proxyInformation" value="ProxyInformation { proxyOption=NO_PROXY, proxyServerType=HTTP, username=, password=********, proxyServerAddress=, proxyServerPort=0, executionList=&quot;&quot;, isApplyToDesiredCapabilities=true }"/>
         <property name="platform" value="Mac OS X"/>
      </properties>
      <testcase name="Test Cases/KDS/TC_01_Login" time="4485.318" classname="Test Cases/KDS/TC_01_Login" status="PASSED">
         <system-out><![CDATA[2023-07-03 20:29:35 - [TEST_CASE][PASSED] - Test Cases/KDS/TC_01_Login: Test Cases/KDS/TC_01_Login

2023-07-03 20:29:36 - [TEST_STEP][PASSED] - openBrowser(""): Browser is opened with url: ''

2023-07-03 20:29:36 - [MESSAGE][INFO] - Starting 'Firefox' driver

2023-07-03 20:29:36 - [MESSAGE][INFO] - Action delay is set to 0 milliseconds

2023-07-03 20:29:39 - [MESSAGE][PASSED] - Browser is opened with url: ''

2023-07-03 20:29:39 - [TEST_STEP][PASSED] - navigateToUrl("https://www.studiokohler.com/en-us/faqs"): Navigate to 'https://www.studiokohler.com/en-us/faqs' successfully

2023-07-03 20:29:44 - [MESSAGE][PASSED] - Navigate to 'https://www.studiokohler.com/en-us/faqs' successfully

2023-07-03 20:29:44 - [TEST_STEP][PASSED] - maximizeWindow(): Current window maximized

2023-07-03 21:44:04 - [MESSAGE][PASSED] - Current window maximized

2023-07-03 21:44:04 - [TEST_STEP][PASSED] - click(findTestObject("Object Repository/KSD/Page_Product FAQs/i_OK_fal fa-user")): Object: 'Object Repository/KSD/Page_Product FAQs/i_OK_fal fa-user' is clicked on

2023-07-03 21:44:11 - [MESSAGE][PASSED] - Object: 'Object Repository/KSD/Page_Product FAQs/i_OK_fal fa-user' is clicked on

2023-07-03 21:44:11 - [TEST_STEP][PASSED] - setText(findTestObject("Object Repository/KSD/Page_Product FAQs/input_E-mail Address_nav-user-email"), "Bhushan.borse@kohler.com"): Text 'Bhushan.borse@kohler.com' is set on object 'Object Repository/KSD/Page_Product FAQs/input_E-mail Address_nav-user-email'

2023-07-03 21:44:12 - [MESSAGE][PASSED] - Text 'Bhushan.borse@kohler.com' is set on object 'Object Repository/KSD/Page_Product FAQs/input_E-mail Address_nav-user-email'

2023-07-03 21:44:12 - [TEST_STEP][PASSED] - setEncryptedText(findTestObject("Object Repository/KSD/Page_Product FAQs/input_Password_nav-user-password"), "UkTT/T5uWxEyt5z+WbCT2w=="): Text ****** has been set on object 'Object Repository/KSD/Page_Product FAQs/input_Password_nav-user-password'

2023-07-03 21:44:12 - [MESSAGE][PASSED] - Text ****** has been set on object 'Object Repository/KSD/Page_Product FAQs/input_Password_nav-user-password'

2023-07-03 21:44:12 - [TEST_STEP][PASSED] - click(findTestObject("Object Repository/KSD/Page_Product FAQs/button_Sign In")): Object: 'Object Repository/KSD/Page_Product FAQs/button_Sign In' is clicked on

2023-07-03 21:44:13 - [MESSAGE][PASSED] - Object: 'Object Repository/KSD/Page_Product FAQs/button_Sign In' is clicked on

2023-07-03 21:44:13 - [TEST_STEP][PASSED] - verifyElementVisible(findTestObject("Object Repository/KSD/Page_Product FAQs/a_Bhushan")): Object 'Object Repository/KSD/Page_Product FAQs/a_Bhushan' is visible

2023-07-03 21:44:21 - [MESSAGE][PASSED] - Object 'Object Repository/KSD/Page_Product FAQs/a_Bhushan' is visible]]></system-out>
         <system-err><![CDATA[]]></system-err>
      </testcase>
      <testcase name="Test Cases/KDS/TC_02_Header_Menu_Check" time="15.96" classname="Test Cases/KDS/TC_02_Header_Menu_Check" status="PASSED">
         <system-out><![CDATA[2023-07-03 21:44:21 - [TEST_CASE][PASSED] - Test Cases/KDS/TC_02_Header_Menu_Check: Test Cases/KDS/TC_02_Header_Menu_Check

2023-07-03 21:44:21 - [TEST_STEP][PASSED] - openBrowser(""): Browser is opened with url: ''

2023-07-03 21:44:21 - [MESSAGE][WARNING] - A browser is already opened. Closing browser and opening a new one

2023-07-03 21:44:21 - [MESSAGE][INFO] - Starting 'Firefox' driver

2023-07-03 21:44:22 - [MESSAGE][INFO] - Action delay is set to 0 milliseconds

2023-07-03 21:44:24 - [MESSAGE][PASSED] - Browser is opened with url: ''

2023-07-03 21:44:24 - [TEST_STEP][PASSED] - navigateToUrl("https://www.studiokohler.com/en-us/faqs"): Navigate to 'https://www.studiokohler.com/en-us/faqs' successfully

2023-07-03 21:44:31 - [MESSAGE][PASSED] - Navigate to 'https://www.studiokohler.com/en-us/faqs' successfully

2023-07-03 21:44:31 - [TEST_STEP][PASSED] - maximizeWindow(): Current window maximized

2023-07-03 21:44:31 - [MESSAGE][PASSED] - Current window maximized

2023-07-03 21:44:31 - [TEST_STEP][PASSED] - verifyElementVisible(findTestObject("Object Repository/KSD/Page_Product FAQs/a_Products")): Object 'Object Repository/KSD/Page_Product FAQs/a_Products' is visible

2023-07-03 21:44:32 - [MESSAGE][PASSED] - Object 'Object Repository/KSD/Page_Product FAQs/a_Products' is visible

2023-07-03 21:44:32 - [TEST_STEP][PASSED] - verifyElementVisible(findTestObject("Object Repository/KSD/Page_Product FAQs/a_Resources")): Object 'Object Repository/KSD/Page_Product FAQs/a_Resources' is visible

2023-07-03 21:44:33 - [MESSAGE][PASSED] - Object 'Object Repository/KSD/Page_Product FAQs/a_Resources' is visible

2023-07-03 21:44:33 - [TEST_STEP][PASSED] - verifyElementVisible(findTestObject("Object Repository/KSD/Page_Product FAQs/a_Services")): Object 'Object Repository/KSD/Page_Product FAQs/a_Services' is visible

2023-07-03 21:44:33 - [MESSAGE][PASSED] - Object 'Object Repository/KSD/Page_Product FAQs/a_Services' is visible

2023-07-03 21:44:33 - [TEST_STEP][PASSED] - verifyElementVisible(findTestObject("Object Repository/KSD/Page_Product FAQs/a_Inspiration")): Object 'Object Repository/KSD/Page_Product FAQs/a_Inspiration' is visible

2023-07-03 21:44:33 - [MESSAGE][PASSED] - Object 'Object Repository/KSD/Page_Product FAQs/a_Inspiration' is visible

2023-07-03 21:44:33 - [TEST_STEP][PASSED] - click(findTestObject("Object Repository/KSD/Page_Product FAQs/button_OK")): Object: 'Object Repository/KSD/Page_Product FAQs/button_OK' is clicked on

2023-07-03 21:44:34 - [MESSAGE][PASSED] - Object: 'Object Repository/KSD/Page_Product FAQs/button_OK' is clicked on

2023-07-03 21:44:34 - [TEST_STEP][PASSED] - verifyElementVisible(findTestObject("Object Repository/KSD/Page_Product FAQs/a_Events")): Object 'Object Repository/KSD/Page_Product FAQs/a_Events' is visible

2023-07-03 21:44:34 - [MESSAGE][PASSED] - Object 'Object Repository/KSD/Page_Product FAQs/a_Events' is visible

2023-07-03 21:44:34 - [TEST_STEP][PASSED] - verifyElementVisible(findTestObject("Object Repository/KSD/Page_Product FAQs/a_About")): Object 'Object Repository/KSD/Page_Product FAQs/a_About' is visible

2023-07-03 21:44:34 - [MESSAGE][PASSED] - Object 'Object Repository/KSD/Page_Product FAQs/a_About' is visible

2023-07-03 21:44:34 - [TEST_STEP][PASSED] - verifyElementVisible(findTestObject("Object Repository/KSD/Page_Product FAQs/a_India")): Object 'Object Repository/KSD/Page_Product FAQs/a_India' is visible

2023-07-03 21:44:35 - [MESSAGE][PASSED] - Object 'Object Repository/KSD/Page_Product FAQs/a_India' is visible

2023-07-03 21:44:35 - [TEST_STEP][PASSED] - verifyElementVisible(findTestObject("Object Repository/KSD/Page_Product FAQs/i_OK_fal fa-folder")): Object 'Object Repository/KSD/Page_Product FAQs/i_OK_fal fa-folder' is visible

2023-07-03 21:44:35 - [MESSAGE][PASSED] - Object 'Object Repository/KSD/Page_Product FAQs/i_OK_fal fa-folder' is visible

2023-07-03 21:44:35 - [TEST_STEP][PASSED] - verifyElementVisible(findTestObject("Object Repository/KSD/Page_Product FAQs/i_OK_fal fa-map-marker-alt")): Object 'Object Repository/KSD/Page_Product FAQs/i_OK_fal fa-map-marker-alt' is visible

2023-07-03 21:44:35 - [MESSAGE][PASSED] - Object 'Object Repository/KSD/Page_Product FAQs/i_OK_fal fa-map-marker-alt' is visible

2023-07-03 21:44:35 - [TEST_STEP][PASSED] - verifyElementVisible(findTestObject("Object Repository/KSD/Page_Product FAQs/i_OK_fal fa-user")): Object 'Object Repository/KSD/Page_Product FAQs/i_OK_fal fa-user' is visible

2023-07-03 21:44:36 - [MESSAGE][PASSED] - Object 'Object Repository/KSD/Page_Product FAQs/i_OK_fal fa-user' is visible

2023-07-03 21:44:36 - [TEST_STEP][PASSED] - verifyElementVisible(findTestObject("Object Repository/KSD/Page_Product FAQs/i_Project Folder_fal fa-search")): Object 'Object Repository/KSD/Page_Product FAQs/i_Project Folder_fal fa-search' is visible

2023-07-03 21:44:36 - [MESSAGE][PASSED] - Object 'Object Repository/KSD/Page_Product FAQs/i_Project Folder_fal fa-search' is visible

2023-07-03 21:44:36 - [TEST_STEP][PASSED] - verifyElementVisible(findTestObject("Object Repository/KSD/Page_Product FAQs/img_OK_black-version logo_js")): Object 'Object Repository/KSD/Page_Product FAQs/img_OK_black-version logo_js' is visible

2023-07-03 21:44:36 - [MESSAGE][PASSED] - Object 'Object Repository/KSD/Page_Product FAQs/img_OK_black-version logo_js' is visible

2023-07-03 21:44:36 - [TEST_STEP][PASSED] - closeBrowser(): Browser is closed

2023-07-03 21:44:37 - [MESSAGE][PASSED] - Browser is closed]]></system-out>
         <system-err><![CDATA[]]></system-err>
      </testcase>
      <testcase name="Test Cases/KDS/TC_03_Search_Functionality" time="18.996" classname="Test Cases/KDS/TC_03_Search_Functionality" status="PASSED">
         <system-out><![CDATA[2023-07-03 21:44:37 - [TEST_CASE][PASSED] - Test Cases/KDS/TC_03_Search_Functionality: Test Cases/KDS/TC_03_Search_Functionality

2023-07-03 21:44:37 - [TEST_STEP][PASSED] - openBrowser(""): Browser is opened with url: ''

2023-07-03 21:44:37 - [MESSAGE][INFO] - Starting 'Firefox' driver

2023-07-03 21:44:37 - [MESSAGE][INFO] - Action delay is set to 0 milliseconds

2023-07-03 21:44:39 - [MESSAGE][PASSED] - Browser is opened with url: ''

2023-07-03 21:44:39 - [TEST_STEP][PASSED] - navigateToUrl("https://www.studiokohler.com/en-us/faqs"): Navigate to 'https://www.studiokohler.com/en-us/faqs' successfully

2023-07-03 21:44:46 - [MESSAGE][PASSED] - Navigate to 'https://www.studiokohler.com/en-us/faqs' successfully

2023-07-03 21:44:46 - [TEST_STEP][PASSED] - maximizeWindow(): Current window maximized

2023-07-03 21:44:46 - [MESSAGE][PASSED] - Current window maximized

2023-07-03 21:44:46 - [TEST_STEP][PASSED] - click(findTestObject("Object Repository/KSD/Page_Product FAQs/i_Project Folder_fal fa-search")): Object: 'Object Repository/KSD/Page_Product FAQs/i_Project Folder_fal fa-search' is clicked on

2023-07-03 21:44:47 - [MESSAGE][PASSED] - Object: 'Object Repository/KSD/Page_Product FAQs/i_Project Folder_fal fa-search' is clicked on

2023-07-03 21:44:47 - [TEST_STEP][PASSED] - setText(findTestObject("Object Repository/KSD/Page_Product FAQs/input_Project Folder_search"), "toi"): Text 'toi' is set on object 'Object Repository/KSD/Page_Product FAQs/input_Project Folder_search'

2023-07-03 21:44:48 - [MESSAGE][PASSED] - Text 'toi' is set on object 'Object Repository/KSD/Page_Product FAQs/input_Project Folder_search'

2023-07-03 21:44:48 - [TEST_STEP][PASSED] - click(findTestObject("Object Repository/KSD/Page_Product FAQs/a_Toilets")): Object: 'Object Repository/KSD/Page_Product FAQs/a_Toilets' is clicked on

2023-07-03 21:44:53 - [MESSAGE][PASSED] - Object: 'Object Repository/KSD/Page_Product FAQs/a_Toilets' is clicked on

2023-07-03 21:44:53 - [TEST_STEP][PASSED] - click(findTestObject("Object Repository/KSD/Page_Search Results/span_Search Results for Toilets")): Object: 'Object Repository/KSD/Page_Search Results/span_Search Results for Toilets' is clicked on

2023-07-03 21:44:55 - [MESSAGE][PASSED] - Object: 'Object Repository/KSD/Page_Search Results/span_Search Results for Toilets' is clicked on

2023-07-03 21:44:55 - [TEST_STEP][PASSED] - verifyElementVisible(findTestObject("Object Repository/KSD/Page_Search Results/span_Search Results for Toilets")): Object 'Object Repository/KSD/Page_Search Results/span_Search Results for Toilets' is visible

2023-07-03 21:44:56 - [MESSAGE][PASSED] - Object 'Object Repository/KSD/Page_Search Results/span_Search Results for Toilets' is visible]]></system-out>
         <system-err><![CDATA[]]></system-err>
      </testcase>
      <testcase name="Test Cases/KDS/TC_04_Check_Search_Result_page" time="20.476" classname="Test Cases/KDS/TC_04_Check_Search_Result_page" status="PASSED">
         <system-out><![CDATA[2023-07-03 21:44:56 - [TEST_CASE][PASSED] - Test Cases/KDS/TC_04_Check_Search_Result_page: Test Cases/KDS/TC_04_Check_Search_Result_page

2023-07-03 21:44:56 - [TEST_STEP][PASSED] - callTestCase(findTestCase("KDS/TC_03_Search_Functionality"), [:], STOP_ON_FAILURE): Call Test Case 'Test Cases/KDS/TC_03_Search_Functionality' successfully

2023-07-03 21:44:56 - [TEST_CASE][PASSED] - Test Cases/KDS/TC_03_Search_Functionality: Test Cases/KDS/TC_03_Search_Functionality

2023-07-03 21:44:56 - [TEST_STEP][PASSED] - openBrowser(""): Browser is opened with url: ''

2023-07-03 21:44:56 - [MESSAGE][WARNING] - A browser is already opened. Closing browser and opening a new one

2023-07-03 21:44:56 - [MESSAGE][INFO] - Starting 'Firefox' driver

2023-07-03 21:44:56 - [MESSAGE][INFO] - Action delay is set to 0 milliseconds

2023-07-03 21:44:59 - [MESSAGE][PASSED] - Browser is opened with url: ''

2023-07-03 21:44:59 - [TEST_STEP][PASSED] - navigateToUrl("https://www.studiokohler.com/en-us/faqs"): Navigate to 'https://www.studiokohler.com/en-us/faqs' successfully

2023-07-03 21:45:06 - [MESSAGE][PASSED] - Navigate to 'https://www.studiokohler.com/en-us/faqs' successfully

2023-07-03 21:45:06 - [TEST_STEP][PASSED] - maximizeWindow(): Current window maximized

2023-07-03 21:45:06 - [MESSAGE][PASSED] - Current window maximized

2023-07-03 21:45:06 - [TEST_STEP][PASSED] - click(findTestObject("Object Repository/KSD/Page_Product FAQs/i_Project Folder_fal fa-search")): Object: 'Object Repository/KSD/Page_Product FAQs/i_Project Folder_fal fa-search' is clicked on

2023-07-03 21:45:07 - [MESSAGE][PASSED] - Object: 'Object Repository/KSD/Page_Product FAQs/i_Project Folder_fal fa-search' is clicked on

2023-07-03 21:45:07 - [TEST_STEP][PASSED] - setText(findTestObject("Object Repository/KSD/Page_Product FAQs/input_Project Folder_search"), "toi"): Text 'toi' is set on object 'Object Repository/KSD/Page_Product FAQs/input_Project Folder_search'

2023-07-03 21:45:08 - [MESSAGE][PASSED] - Text 'toi' is set on object 'Object Repository/KSD/Page_Product FAQs/input_Project Folder_search'

2023-07-03 21:45:08 - [TEST_STEP][PASSED] - click(findTestObject("Object Repository/KSD/Page_Product FAQs/a_Toilets")): Object: 'Object Repository/KSD/Page_Product FAQs/a_Toilets' is clicked on

2023-07-03 21:45:11 - [MESSAGE][PASSED] - Object: 'Object Repository/KSD/Page_Product FAQs/a_Toilets' is clicked on

2023-07-03 21:45:11 - [TEST_STEP][PASSED] - click(findTestObject("Object Repository/KSD/Page_Search Results/span_Search Results for Toilets")): Object: 'Object Repository/KSD/Page_Search Results/span_Search Results for Toilets' is clicked on

2023-07-03 21:45:13 - [MESSAGE][PASSED] - Object: 'Object Repository/KSD/Page_Search Results/span_Search Results for Toilets' is clicked on

2023-07-03 21:45:13 - [TEST_STEP][PASSED] - verifyElementVisible(findTestObject("Object Repository/KSD/Page_Search Results/span_Search Results for Toilets")): Object 'Object Repository/KSD/Page_Search Results/span_Search Results for Toilets' is visible

2023-07-03 21:45:14 - [MESSAGE][PASSED] - Object 'Object Repository/KSD/Page_Search Results/span_Search Results for Toilets' is visible

2023-07-03 21:45:14 - [MESSAGE][PASSED] - Call Test Case 'Test Cases/KDS/TC_03_Search_Functionality' successfully

2023-07-03 21:45:14 - [TEST_STEP][PASSED] - verifyElementVisible(findTestObject("Object Repository/KSD/Page_Search Results/span_Search Results for Toilets")): Object 'Object Repository/KSD/Page_Search Results/span_Search Results for Toilets' is visible

2023-07-03 21:45:14 - [MESSAGE][PASSED] - Object 'Object Repository/KSD/Page_Search Results/span_Search Results for Toilets' is visible

2023-07-03 21:45:14 - [TEST_STEP][PASSED] - verifyElementVisible(findTestObject("Object Repository/KSD/Page_Search Results/span_Products")): Object 'Object Repository/KSD/Page_Search Results/span_Products' is visible

2023-07-03 21:45:15 - [MESSAGE][PASSED] - Object 'Object Repository/KSD/Page_Search Results/span_Products' is visible

2023-07-03 21:45:15 - [TEST_STEP][PASSED] - verifyElementVisible(findTestObject("Object Repository/KSD/Page_Search Results/span_Technical Specifications")): Object 'Object Repository/KSD/Page_Search Results/span_Technical Specifications' is visible

2023-07-03 21:45:15 - [MESSAGE][PASSED] - Object 'Object Repository/KSD/Page_Search Results/span_Technical Specifications' is visible

2023-07-03 21:45:15 - [TEST_STEP][PASSED] - verifyElementVisible(findTestObject("Object Repository/KSD/Page_Search Results/span_Articles")): Object 'Object Repository/KSD/Page_Search Results/span_Articles' is visible

2023-07-03 21:45:15 - [MESSAGE][PASSED] - Object 'Object Repository/KSD/Page_Search Results/span_Articles' is visible

2023-07-03 21:45:15 - [TEST_STEP][PASSED] - verifyElementVisible(findTestObject("Object Repository/KSD/Page_Search Results/div_Choose Category")): Object 'Object Repository/KSD/Page_Search Results/div_Choose Category' is visible

2023-07-03 21:45:16 - [MESSAGE][PASSED] - Object 'Object Repository/KSD/Page_Search Results/div_Choose Category' is visible

2023-07-03 21:45:16 - [TEST_STEP][PASSED] - verifyElementVisible(findTestObject("Object Repository/KSD/Page_Search Results/a_All Categories (129)")): Object 'Object Repository/KSD/Page_Search Results/a_All Categories (129)' is visible

2023-07-03 21:45:16 - [MESSAGE][PASSED] - Object 'Object Repository/KSD/Page_Search Results/a_All Categories (129)' is visible

2023-07-03 21:45:16 - [TEST_STEP][PASSED] - verifyElementVisible(findTestObject("Object Repository/KSD/Page_Search Results/a_Relevancy")): Object 'Object Repository/KSD/Page_Search Results/a_Relevancy' is visible

2023-07-03 21:45:16 - [MESSAGE][PASSED] - Object 'Object Repository/KSD/Page_Search Results/a_Relevancy' is visible]]></system-out>
         <system-err><![CDATA[]]></system-err>
      </testcase>
      <testcase name="Test Cases/KDS/TC_05_Cookies_Close" time="11.355" classname="Test Cases/KDS/TC_05_Cookies_Close" status="PASSED">
         <system-out><![CDATA[2023-07-03 21:45:16 - [TEST_CASE][PASSED] - Test Cases/KDS/TC_05_Cookies_Close: Test Cases/KDS/TC_05_Cookies_Close

2023-07-03 21:45:16 - [TEST_STEP][PASSED] - openBrowser(""): Browser is opened with url: ''

2023-07-03 21:45:16 - [MESSAGE][WARNING] - A browser is already opened. Closing browser and opening a new one

2023-07-03 21:45:17 - [MESSAGE][INFO] - Starting 'Firefox' driver

2023-07-03 21:45:17 - [MESSAGE][INFO] - Action delay is set to 0 milliseconds

2023-07-03 21:45:19 - [MESSAGE][PASSED] - Browser is opened with url: ''

2023-07-03 21:45:19 - [TEST_STEP][PASSED] - navigateToUrl("https://www.studiokohler.com/en-us/faqs"): Navigate to 'https://www.studiokohler.com/en-us/faqs' successfully

2023-07-03 21:45:25 - [MESSAGE][PASSED] - Navigate to 'https://www.studiokohler.com/en-us/faqs' successfully

2023-07-03 21:45:25 - [TEST_STEP][PASSED] - maximizeWindow(): Current window maximized

2023-07-03 21:45:26 - [MESSAGE][PASSED] - Current window maximized

2023-07-03 21:45:26 - [TEST_STEP][PASSED] - click(findTestObject("Object Repository/KSD/Page_Product FAQs/div_Cookie PreferencesCookies may be used o_f66e1a")): Object: 'Object Repository/KSD/Page_Product FAQs/div_Cookie PreferencesCookies may be used o_f66e1a' is clicked on

2023-07-03 21:45:27 - [MESSAGE][PASSED] - Object: 'Object Repository/KSD/Page_Product FAQs/div_Cookie PreferencesCookies may be used o_f66e1a' is clicked on

2023-07-03 21:45:27 - [TEST_STEP][PASSED] - verifyElementVisible(findTestObject("Object Repository/KSD/Page_Product FAQs/div_Cookie PreferencesCookies may be used o_f66e1a")): Object 'Object Repository/KSD/Page_Product FAQs/div_Cookie PreferencesCookies may be used o_f66e1a' is visible

2023-07-03 21:45:27 - [MESSAGE][PASSED] - Object 'Object Repository/KSD/Page_Product FAQs/div_Cookie PreferencesCookies may be used o_f66e1a' is visible

2023-07-03 21:45:27 - [TEST_STEP][PASSED] - closeBrowser(): Browser is closed

2023-07-03 21:45:27 - [MESSAGE][PASSED] - Browser is closed]]></system-out>
         <system-err><![CDATA[]]></system-err>
      </testcase>
      <testcase name="Test Cases/KDS/TC_06_Select_Project_Location" time="12.197" classname="Test Cases/KDS/TC_06_Select_Project_Location" status="PASSED">
         <system-out><![CDATA[2023-07-03 21:45:27 - [TEST_CASE][PASSED] - Test Cases/KDS/TC_06_Select_Project_Location: Test Cases/KDS/TC_06_Select_Project_Location

2023-07-03 21:45:28 - [TEST_STEP][PASSED] - openBrowser(""): Browser is opened with url: ''

2023-07-03 21:45:28 - [MESSAGE][INFO] - Starting 'Firefox' driver

2023-07-03 21:45:28 - [MESSAGE][INFO] - Action delay is set to 0 milliseconds

2023-07-03 21:45:30 - [MESSAGE][PASSED] - Browser is opened with url: ''

2023-07-03 21:45:30 - [TEST_STEP][PASSED] - navigateToUrl("https://www.studiokohler.com/en-us/faqs"): Navigate to 'https://www.studiokohler.com/en-us/faqs' successfully

2023-07-03 21:45:35 - [MESSAGE][PASSED] - Navigate to 'https://www.studiokohler.com/en-us/faqs' successfully

2023-07-03 21:45:35 - [TEST_STEP][PASSED] - maximizeWindow(): Current window maximized

2023-07-03 21:45:36 - [MESSAGE][PASSED] - Current window maximized

2023-07-03 21:45:36 - [TEST_STEP][PASSED] - click(findTestObject("Object Repository/KSD/Page_Product FAQs/a_India")): Object: 'Object Repository/KSD/Page_Product FAQs/a_India' is clicked on

2023-07-03 21:45:37 - [MESSAGE][PASSED] - Object: 'Object Repository/KSD/Page_Product FAQs/a_India' is clicked on

2023-07-03 21:45:37 - [TEST_STEP][PASSED] - click(findTestObject("Object Repository/KSD/Page_Product FAQs/div_Select Project LocationDisplays product_9e5542")): Object: 'Object Repository/KSD/Page_Product FAQs/div_Select Project LocationDisplays product_9e5542' is clicked on

2023-07-03 21:45:38 - [MESSAGE][PASSED] - Object: 'Object Repository/KSD/Page_Product FAQs/div_Select Project LocationDisplays product_9e5542' is clicked on

2023-07-03 21:45:38 - [TEST_STEP][PASSED] - verifyElementVisible(findTestObject("Object Repository/KSD/Page_Product FAQs/h1_Select Project Location")): Object 'Object Repository/KSD/Page_Product FAQs/h1_Select Project Location' is visible

2023-07-03 21:45:38 - [MESSAGE][PASSED] - Object 'Object Repository/KSD/Page_Product FAQs/h1_Select Project Location' is visible

2023-07-03 21:45:38 - [TEST_STEP][PASSED] - verifyElementVisible(findTestObject("Object Repository/KSD/Page_Product FAQs/a_Africa")): Object 'Object Repository/KSD/Page_Product FAQs/a_Africa' is visible

2023-07-03 21:45:38 - [MESSAGE][PASSED] - Object 'Object Repository/KSD/Page_Product FAQs/a_Africa' is visible

2023-07-03 21:45:38 - [TEST_STEP][PASSED] - verifyElementVisible(findTestObject("Object Repository/KSD/Page_Product FAQs/a_Americas")): Object 'Object Repository/KSD/Page_Product FAQs/a_Americas' is visible

2023-07-03 21:45:39 - [MESSAGE][PASSED] - Object 'Object Repository/KSD/Page_Product FAQs/a_Americas' is visible

2023-07-03 21:45:39 - [TEST_STEP][PASSED] - verifyElementVisible(findTestObject("Object Repository/KSD/Page_Product FAQs/a_Asia")): Object 'Object Repository/KSD/Page_Product FAQs/a_Asia' is visible

2023-07-03 21:45:39 - [MESSAGE][PASSED] - Object 'Object Repository/KSD/Page_Product FAQs/a_Asia' is visible

2023-07-03 21:45:39 - [TEST_STEP][PASSED] - verifyElementVisible(findTestObject("Object Repository/KSD/Page_Product FAQs/a_Australasia")): Object 'Object Repository/KSD/Page_Product FAQs/a_Australasia' is visible

2023-07-03 21:45:39 - [MESSAGE][PASSED] - Object 'Object Repository/KSD/Page_Product FAQs/a_Australasia' is visible

2023-07-03 21:45:39 - [TEST_STEP][PASSED] - verifyElementVisible(findTestObject("Object Repository/KSD/Page_Product FAQs/a_Europe")): Object 'Object Repository/KSD/Page_Product FAQs/a_Europe' is visible

2023-07-03 21:45:39 - [MESSAGE][PASSED] - Object 'Object Repository/KSD/Page_Product FAQs/a_Europe' is visible

2023-07-03 21:45:39 - [TEST_STEP][PASSED] - verifyElementVisible(findTestObject("Object Repository/KSD/Page_Product FAQs/a_Middle East")): Object 'Object Repository/KSD/Page_Product FAQs/a_Middle East' is visible

2023-07-03 21:45:40 - [MESSAGE][PASSED] - Object 'Object Repository/KSD/Page_Product FAQs/a_Middle East' is visible]]></system-out>
         <system-err><![CDATA[]]></system-err>
      </testcase>
      <testcase name="Test Cases/KDS/TC_07_Check_Africa_Location_List" time="15.047" classname="Test Cases/KDS/TC_07_Check_Africa_Location_List" status="PASSED">
         <system-out><![CDATA[2023-07-03 21:45:40 - [TEST_CASE][PASSED] - Test Cases/KDS/TC_07_Check_Africa_Location_List: Test Cases/KDS/TC_07_Check_Africa_Location_List

2023-07-03 21:45:40 - [TEST_STEP][PASSED] - callTestCase(findTestCase("KDS/TC_06_Select_Project_Location"), [:], STOP_ON_FAILURE): Call Test Case 'Test Cases/KDS/TC_06_Select_Project_Location' successfully

2023-07-03 21:45:40 - [TEST_CASE][PASSED] - Test Cases/KDS/TC_06_Select_Project_Location: Test Cases/KDS/TC_06_Select_Project_Location

2023-07-03 21:45:40 - [TEST_STEP][PASSED] - openBrowser(""): Browser is opened with url: ''

2023-07-03 21:45:40 - [MESSAGE][WARNING] - A browser is already opened. Closing browser and opening a new one

2023-07-03 21:45:41 - [MESSAGE][INFO] - Starting 'Firefox' driver

2023-07-03 21:45:41 - [MESSAGE][INFO] - Action delay is set to 0 milliseconds

2023-07-03 21:45:43 - [MESSAGE][PASSED] - Browser is opened with url: ''

2023-07-03 21:45:43 - [TEST_STEP][PASSED] - navigateToUrl("https://www.studiokohler.com/en-us/faqs"): Navigate to 'https://www.studiokohler.com/en-us/faqs' successfully

2023-07-03 21:45:48 - [MESSAGE][PASSED] - Navigate to 'https://www.studiokohler.com/en-us/faqs' successfully

2023-07-03 21:45:48 - [TEST_STEP][PASSED] - maximizeWindow(): Current window maximized

2023-07-03 21:45:48 - [MESSAGE][PASSED] - Current window maximized

2023-07-03 21:45:48 - [TEST_STEP][PASSED] - click(findTestObject("Object Repository/KSD/Page_Product FAQs/a_India")): Object: 'Object Repository/KSD/Page_Product FAQs/a_India' is clicked on

2023-07-03 21:45:50 - [MESSAGE][PASSED] - Object: 'Object Repository/KSD/Page_Product FAQs/a_India' is clicked on

2023-07-03 21:45:50 - [TEST_STEP][PASSED] - click(findTestObject("Object Repository/KSD/Page_Product FAQs/div_Select Project LocationDisplays product_9e5542")): Object: 'Object Repository/KSD/Page_Product FAQs/div_Select Project LocationDisplays product_9e5542' is clicked on

2023-07-03 21:45:51 - [MESSAGE][PASSED] - Object: 'Object Repository/KSD/Page_Product FAQs/div_Select Project LocationDisplays product_9e5542' is clicked on

2023-07-03 21:45:51 - [TEST_STEP][PASSED] - verifyElementVisible(findTestObject("Object Repository/KSD/Page_Product FAQs/h1_Select Project Location")): Object 'Object Repository/KSD/Page_Product FAQs/h1_Select Project Location' is visible

2023-07-03 21:45:51 - [MESSAGE][PASSED] - Object 'Object Repository/KSD/Page_Product FAQs/h1_Select Project Location' is visible

2023-07-03 21:45:51 - [TEST_STEP][PASSED] - verifyElementVisible(findTestObject("Object Repository/KSD/Page_Product FAQs/a_Africa")): Object 'Object Repository/KSD/Page_Product FAQs/a_Africa' is visible

2023-07-03 21:45:51 - [MESSAGE][PASSED] - Object 'Object Repository/KSD/Page_Product FAQs/a_Africa' is visible

2023-07-03 21:45:51 - [TEST_STEP][PASSED] - verifyElementVisible(findTestObject("Object Repository/KSD/Page_Product FAQs/a_Americas")): Object 'Object Repository/KSD/Page_Product FAQs/a_Americas' is visible

2023-07-03 21:45:51 - [MESSAGE][PASSED] - Object 'Object Repository/KSD/Page_Product FAQs/a_Americas' is visible

2023-07-03 21:45:51 - [TEST_STEP][PASSED] - verifyElementVisible(findTestObject("Object Repository/KSD/Page_Product FAQs/a_Asia")): Object 'Object Repository/KSD/Page_Product FAQs/a_Asia' is visible

2023-07-03 21:45:52 - [MESSAGE][PASSED] - Object 'Object Repository/KSD/Page_Product FAQs/a_Asia' is visible

2023-07-03 21:45:52 - [TEST_STEP][PASSED] - verifyElementVisible(findTestObject("Object Repository/KSD/Page_Product FAQs/a_Australasia")): Object 'Object Repository/KSD/Page_Product FAQs/a_Australasia' is visible

2023-07-03 21:45:52 - [MESSAGE][PASSED] - Object 'Object Repository/KSD/Page_Product FAQs/a_Australasia' is visible

2023-07-03 21:45:52 - [TEST_STEP][PASSED] - verifyElementVisible(findTestObject("Object Repository/KSD/Page_Product FAQs/a_Europe")): Object 'Object Repository/KSD/Page_Product FAQs/a_Europe' is visible

2023-07-03 21:45:52 - [MESSAGE][PASSED] - Object 'Object Repository/KSD/Page_Product FAQs/a_Europe' is visible

2023-07-03 21:45:52 - [TEST_STEP][PASSED] - verifyElementVisible(findTestObject("Object Repository/KSD/Page_Product FAQs/a_Middle East")): Object 'Object Repository/KSD/Page_Product FAQs/a_Middle East' is visible

2023-07-03 21:45:53 - [MESSAGE][PASSED] - Object 'Object Repository/KSD/Page_Product FAQs/a_Middle East' is visible

2023-07-03 21:45:53 - [MESSAGE][PASSED] - Call Test Case 'Test Cases/KDS/TC_06_Select_Project_Location' successfully

2023-07-03 21:45:53 - [TEST_STEP][PASSED] - click(findTestObject("Object Repository/KSD/Page_Product FAQs/a_Africa")): Object: 'Object Repository/KSD/Page_Product FAQs/a_Africa' is clicked on

2023-07-03 21:45:53 - [MESSAGE][PASSED] - Object: 'Object Repository/KSD/Page_Product FAQs/a_Africa' is clicked on

2023-07-03 21:45:53 - [TEST_STEP][PASSED] - verifyElementVisible(findTestObject("Object Repository/KSD/Page_Product FAQs/li_Angola")): Object 'Object Repository/KSD/Page_Product FAQs/li_Angola' is visible

2023-07-03 21:45:53 - [MESSAGE][PASSED] - Object 'Object Repository/KSD/Page_Product FAQs/li_Angola' is visible

2023-07-03 21:45:53 - [TEST_STEP][PASSED] - verifyElementVisible(findTestObject("Object Repository/KSD/Page_Product FAQs/a_Botswana")): Object 'Object Repository/KSD/Page_Product FAQs/a_Botswana' is visible

2023-07-03 21:45:54 - [MESSAGE][PASSED] - Object 'Object Repository/KSD/Page_Product FAQs/a_Botswana' is visible

2023-07-03 21:45:54 - [TEST_STEP][PASSED] - verifyElementVisible(findTestObject("Object Repository/KSD/Page_Product FAQs/a_Cabo Verde")): Object 'Object Repository/KSD/Page_Product FAQs/a_Cabo Verde' is visible

2023-07-03 21:45:54 - [MESSAGE][PASSED] - Object 'Object Repository/KSD/Page_Product FAQs/a_Cabo Verde' is visible

2023-07-03 21:45:54 - [TEST_STEP][PASSED] - verifyElementVisible(findTestObject("Object Repository/KSD/Page_Product FAQs/a_Zambia")): Object 'Object Repository/KSD/Page_Product FAQs/a_Zambia' is visible

2023-07-03 21:45:54 - [MESSAGE][PASSED] - Object 'Object Repository/KSD/Page_Product FAQs/a_Zambia' is visible

2023-07-03 21:45:54 - [TEST_STEP][PASSED] - closeBrowser(): Browser is closed

2023-07-03 21:45:55 - [MESSAGE][PASSED] - Browser is closed]]></system-out>
         <system-err><![CDATA[]]></system-err>
      </testcase>
      <testcase name="Test Cases/KDS/TC_08_Check_AMERICAS_Location_List" time="13.528" classname="Test Cases/KDS/TC_08_Check_AMERICAS_Location_List" status="PASSED">
         <system-out><![CDATA[2023-07-03 21:45:55 - [TEST_CASE][PASSED] - Test Cases/KDS/TC_08_Check_AMERICAS_Location_List: Test Cases/KDS/TC_08_Check_AMERICAS_Location_List

2023-07-03 21:45:55 - [TEST_STEP][PASSED] - callTestCase(findTestCase("KDS/TC_06_Select_Project_Location"), [:], STOP_ON_FAILURE): Call Test Case 'Test Cases/KDS/TC_06_Select_Project_Location' successfully

2023-07-03 21:45:55 - [TEST_CASE][PASSED] - Test Cases/KDS/TC_06_Select_Project_Location: Test Cases/KDS/TC_06_Select_Project_Location

2023-07-03 21:45:55 - [TEST_STEP][PASSED] - openBrowser(""): Browser is opened with url: ''

2023-07-03 21:45:55 - [MESSAGE][INFO] - Starting 'Firefox' driver

2023-07-03 21:45:55 - [MESSAGE][INFO] - Action delay is set to 0 milliseconds

2023-07-03 21:45:57 - [MESSAGE][PASSED] - Browser is opened with url: ''

2023-07-03 21:45:57 - [TEST_STEP][PASSED] - navigateToUrl("https://www.studiokohler.com/en-us/faqs"): Navigate to 'https://www.studiokohler.com/en-us/faqs' successfully

2023-07-03 21:46:01 - [MESSAGE][PASSED] - Navigate to 'https://www.studiokohler.com/en-us/faqs' successfully

2023-07-03 21:46:01 - [TEST_STEP][PASSED] - maximizeWindow(): Current window maximized

2023-07-03 21:46:02 - [MESSAGE][PASSED] - Current window maximized

2023-07-03 21:46:02 - [TEST_STEP][PASSED] - click(findTestObject("Object Repository/KSD/Page_Product FAQs/a_India")): Object: 'Object Repository/KSD/Page_Product FAQs/a_India' is clicked on

2023-07-03 21:46:04 - [MESSAGE][PASSED] - Object: 'Object Repository/KSD/Page_Product FAQs/a_India' is clicked on

2023-07-03 21:46:04 - [TEST_STEP][PASSED] - click(findTestObject("Object Repository/KSD/Page_Product FAQs/div_Select Project LocationDisplays product_9e5542")): Object: 'Object Repository/KSD/Page_Product FAQs/div_Select Project LocationDisplays product_9e5542' is clicked on

2023-07-03 21:46:04 - [MESSAGE][PASSED] - Object: 'Object Repository/KSD/Page_Product FAQs/div_Select Project LocationDisplays product_9e5542' is clicked on

2023-07-03 21:46:04 - [TEST_STEP][PASSED] - verifyElementVisible(findTestObject("Object Repository/KSD/Page_Product FAQs/h1_Select Project Location")): Object 'Object Repository/KSD/Page_Product FAQs/h1_Select Project Location' is visible

2023-07-03 21:46:05 - [MESSAGE][PASSED] - Object 'Object Repository/KSD/Page_Product FAQs/h1_Select Project Location' is visible

2023-07-03 21:46:05 - [TEST_STEP][PASSED] - verifyElementVisible(findTestObject("Object Repository/KSD/Page_Product FAQs/a_Africa")): Object 'Object Repository/KSD/Page_Product FAQs/a_Africa' is visible

2023-07-03 21:46:05 - [MESSAGE][PASSED] - Object 'Object Repository/KSD/Page_Product FAQs/a_Africa' is visible

2023-07-03 21:46:05 - [TEST_STEP][PASSED] - verifyElementVisible(findTestObject("Object Repository/KSD/Page_Product FAQs/a_Americas")): Object 'Object Repository/KSD/Page_Product FAQs/a_Americas' is visible

2023-07-03 21:46:05 - [MESSAGE][PASSED] - Object 'Object Repository/KSD/Page_Product FAQs/a_Americas' is visible

2023-07-03 21:46:05 - [TEST_STEP][PASSED] - verifyElementVisible(findTestObject("Object Repository/KSD/Page_Product FAQs/a_Asia")): Object 'Object Repository/KSD/Page_Product FAQs/a_Asia' is visible

2023-07-03 21:46:06 - [MESSAGE][PASSED] - Object 'Object Repository/KSD/Page_Product FAQs/a_Asia' is visible

2023-07-03 21:46:06 - [TEST_STEP][PASSED] - verifyElementVisible(findTestObject("Object Repository/KSD/Page_Product FAQs/a_Australasia")): Object 'Object Repository/KSD/Page_Product FAQs/a_Australasia' is visible

2023-07-03 21:46:06 - [MESSAGE][PASSED] - Object 'Object Repository/KSD/Page_Product FAQs/a_Australasia' is visible

2023-07-03 21:46:06 - [TEST_STEP][PASSED] - verifyElementVisible(findTestObject("Object Repository/KSD/Page_Product FAQs/a_Europe")): Object 'Object Repository/KSD/Page_Product FAQs/a_Europe' is visible

2023-07-03 21:46:06 - [MESSAGE][PASSED] - Object 'Object Repository/KSD/Page_Product FAQs/a_Europe' is visible

2023-07-03 21:46:06 - [TEST_STEP][PASSED] - verifyElementVisible(findTestObject("Object Repository/KSD/Page_Product FAQs/a_Middle East")): Object 'Object Repository/KSD/Page_Product FAQs/a_Middle East' is visible

2023-07-03 21:46:06 - [MESSAGE][PASSED] - Object 'Object Repository/KSD/Page_Product FAQs/a_Middle East' is visible

2023-07-03 21:46:06 - [MESSAGE][PASSED] - Call Test Case 'Test Cases/KDS/TC_06_Select_Project_Location' successfully

2023-07-03 21:46:06 - [TEST_STEP][PASSED] - click(findTestObject("Object Repository/KSD/Page_Product FAQs/a_Americas")): Object: 'Object Repository/KSD/Page_Product FAQs/a_Americas' is clicked on

2023-07-03 21:46:07 - [MESSAGE][PASSED] - Object: 'Object Repository/KSD/Page_Product FAQs/a_Americas' is clicked on

2023-07-03 21:46:07 - [TEST_STEP][PASSED] - verifyElementVisible(findTestObject("Object Repository/KSD/Page_Product FAQs/li_Antigua and Barbuda")): Object 'Object Repository/KSD/Page_Product FAQs/li_Antigua and Barbuda' is visible

2023-07-03 21:46:07 - [MESSAGE][PASSED] - Object 'Object Repository/KSD/Page_Product FAQs/li_Antigua and Barbuda' is visible

2023-07-03 21:46:07 - [TEST_STEP][PASSED] - verifyElementVisible(findTestObject("Object Repository/KSD/Page_Product FAQs/a_Brazil")): Object 'Object Repository/KSD/Page_Product FAQs/a_Brazil' is visible

2023-07-03 21:46:07 - [MESSAGE][PASSED] - Object 'Object Repository/KSD/Page_Product FAQs/a_Brazil' is visible

2023-07-03 21:46:07 - [TEST_STEP][PASSED] - verifyElementVisible(findTestObject("Object Repository/KSD/Page_Product FAQs/a_Costa Rica")): Object 'Object Repository/KSD/Page_Product FAQs/a_Costa Rica' is visible

2023-07-03 21:46:08 - [MESSAGE][PASSED] - Object 'Object Repository/KSD/Page_Product FAQs/a_Costa Rica' is visible

2023-07-03 21:46:08 - [TEST_STEP][PASSED] - closeBrowser(): Browser is closed

2023-07-03 21:46:08 - [MESSAGE][PASSED] - Browser is closed]]></system-out>
         <system-err><![CDATA[]]></system-err>
      </testcase>
      <testcase name="Test Cases/KDS/TC_09_Check_ASIA_Location_List" time="13.039" classname="Test Cases/KDS/TC_09_Check_ASIA_Location_List" status="PASSED">
         <system-out><![CDATA[2023-07-03 21:46:08 - [TEST_CASE][PASSED] - Test Cases/KDS/TC_09_Check_ASIA_Location_List: Test Cases/KDS/TC_09_Check_ASIA_Location_List

2023-07-03 21:46:09 - [TEST_STEP][PASSED] - callTestCase(findTestCase("KDS/TC_06_Select_Project_Location"), [:], STOP_ON_FAILURE): Call Test Case 'Test Cases/KDS/TC_06_Select_Project_Location' successfully

2023-07-03 21:46:09 - [TEST_CASE][PASSED] - Test Cases/KDS/TC_06_Select_Project_Location: Test Cases/KDS/TC_06_Select_Project_Location

2023-07-03 21:46:09 - [TEST_STEP][PASSED] - openBrowser(""): Browser is opened with url: ''

2023-07-03 21:46:09 - [MESSAGE][INFO] - Starting 'Firefox' driver

2023-07-03 21:46:09 - [MESSAGE][INFO] - Action delay is set to 0 milliseconds

2023-07-03 21:46:11 - [MESSAGE][PASSED] - Browser is opened with url: ''

2023-07-03 21:46:11 - [TEST_STEP][PASSED] - navigateToUrl("https://www.studiokohler.com/en-us/faqs"): Navigate to 'https://www.studiokohler.com/en-us/faqs' successfully

2023-07-03 21:46:14 - [MESSAGE][PASSED] - Navigate to 'https://www.studiokohler.com/en-us/faqs' successfully

2023-07-03 21:46:14 - [TEST_STEP][PASSED] - maximizeWindow(): Current window maximized

2023-07-03 21:46:15 - [MESSAGE][PASSED] - Current window maximized

2023-07-03 21:46:15 - [TEST_STEP][PASSED] - click(findTestObject("Object Repository/KSD/Page_Product FAQs/a_India")): Object: 'Object Repository/KSD/Page_Product FAQs/a_India' is clicked on

2023-07-03 21:46:17 - [MESSAGE][PASSED] - Object: 'Object Repository/KSD/Page_Product FAQs/a_India' is clicked on

2023-07-03 21:46:17 - [TEST_STEP][PASSED] - click(findTestObject("Object Repository/KSD/Page_Product FAQs/div_Select Project LocationDisplays product_9e5542")): Object: 'Object Repository/KSD/Page_Product FAQs/div_Select Project LocationDisplays product_9e5542' is clicked on

2023-07-03 21:46:18 - [MESSAGE][PASSED] - Object: 'Object Repository/KSD/Page_Product FAQs/div_Select Project LocationDisplays product_9e5542' is clicked on

2023-07-03 21:46:18 - [TEST_STEP][PASSED] - verifyElementVisible(findTestObject("Object Repository/KSD/Page_Product FAQs/h1_Select Project Location")): Object 'Object Repository/KSD/Page_Product FAQs/h1_Select Project Location' is visible

2023-07-03 21:46:18 - [MESSAGE][PASSED] - Object 'Object Repository/KSD/Page_Product FAQs/h1_Select Project Location' is visible

2023-07-03 21:46:18 - [TEST_STEP][PASSED] - verifyElementVisible(findTestObject("Object Repository/KSD/Page_Product FAQs/a_Africa")): Object 'Object Repository/KSD/Page_Product FAQs/a_Africa' is visible

2023-07-03 21:46:18 - [MESSAGE][PASSED] - Object 'Object Repository/KSD/Page_Product FAQs/a_Africa' is visible

2023-07-03 21:46:18 - [TEST_STEP][PASSED] - verifyElementVisible(findTestObject("Object Repository/KSD/Page_Product FAQs/a_Americas")): Object 'Object Repository/KSD/Page_Product FAQs/a_Americas' is visible

2023-07-03 21:46:19 - [MESSAGE][PASSED] - Object 'Object Repository/KSD/Page_Product FAQs/a_Americas' is visible

2023-07-03 21:46:19 - [TEST_STEP][PASSED] - verifyElementVisible(findTestObject("Object Repository/KSD/Page_Product FAQs/a_Asia")): Object 'Object Repository/KSD/Page_Product FAQs/a_Asia' is visible

2023-07-03 21:46:19 - [MESSAGE][PASSED] - Object 'Object Repository/KSD/Page_Product FAQs/a_Asia' is visible

2023-07-03 21:46:19 - [TEST_STEP][PASSED] - verifyElementVisible(findTestObject("Object Repository/KSD/Page_Product FAQs/a_Australasia")): Object 'Object Repository/KSD/Page_Product FAQs/a_Australasia' is visible

2023-07-03 21:46:19 - [MESSAGE][PASSED] - Object 'Object Repository/KSD/Page_Product FAQs/a_Australasia' is visible

2023-07-03 21:46:19 - [TEST_STEP][PASSED] - verifyElementVisible(findTestObject("Object Repository/KSD/Page_Product FAQs/a_Europe")): Object 'Object Repository/KSD/Page_Product FAQs/a_Europe' is visible

2023-07-03 21:46:19 - [MESSAGE][PASSED] - Object 'Object Repository/KSD/Page_Product FAQs/a_Europe' is visible

2023-07-03 21:46:19 - [TEST_STEP][PASSED] - verifyElementVisible(findTestObject("Object Repository/KSD/Page_Product FAQs/a_Middle East")): Object 'Object Repository/KSD/Page_Product FAQs/a_Middle East' is visible

2023-07-03 21:46:20 - [MESSAGE][PASSED] - Object 'Object Repository/KSD/Page_Product FAQs/a_Middle East' is visible

2023-07-03 21:46:20 - [MESSAGE][PASSED] - Call Test Case 'Test Cases/KDS/TC_06_Select_Project_Location' successfully

2023-07-03 21:46:20 - [TEST_STEP][PASSED] - click(findTestObject("Object Repository/KSD/Page_Product FAQs/a_Asia")): Object: 'Object Repository/KSD/Page_Product FAQs/a_Asia' is clicked on

2023-07-03 21:46:20 - [MESSAGE][PASSED] - Object: 'Object Repository/KSD/Page_Product FAQs/a_Asia' is clicked on

2023-07-03 21:46:20 - [TEST_STEP][PASSED] - verifyElementVisible(findTestObject("Object Repository/KSD/Page_Product FAQs/a_Bangladesh")): Object 'Object Repository/KSD/Page_Product FAQs/a_Bangladesh' is visible

2023-07-03 21:46:21 - [MESSAGE][PASSED] - Object 'Object Repository/KSD/Page_Product FAQs/a_Bangladesh' is visible

2023-07-03 21:46:21 - [TEST_STEP][PASSED] - verifyElementVisible(findTestObject("Object Repository/KSD/Page_Product FAQs/a_Hong Kong, China")): Object 'Object Repository/KSD/Page_Product FAQs/a_Hong Kong, China' is visible

2023-07-03 21:46:21 - [MESSAGE][PASSED] - Object 'Object Repository/KSD/Page_Product FAQs/a_Hong Kong, China' is visible

2023-07-03 21:46:21 - [TEST_STEP][PASSED] - closeBrowser(): Browser is closed

2023-07-03 21:46:21 - [MESSAGE][PASSED] - Browser is closed]]></system-out>
         <system-err><![CDATA[]]></system-err>
      </testcase>
      <testcase name="Test Cases/KDS/TC_10_Check_AUSTRALASIA_Location_List" time="40.738" classname="Test Cases/KDS/TC_10_Check_AUSTRALASIA_Location_List" status="PASSED">
         <system-out><![CDATA[2023-07-03 21:46:21 - [TEST_CASE][PASSED] - Test Cases/KDS/TC_10_Check_AUSTRALASIA_Location_List: Test Cases/KDS/TC_10_Check_AUSTRALASIA_Location_List

2023-07-03 21:46:22 - [TEST_STEP][PASSED] - callTestCase(findTestCase("KDS/TC_06_Select_Project_Location"), [:], STOP_ON_FAILURE): Call Test Case 'Test Cases/KDS/TC_06_Select_Project_Location' successfully

2023-07-03 21:46:22 - [TEST_CASE][PASSED] - Test Cases/KDS/TC_06_Select_Project_Location: Test Cases/KDS/TC_06_Select_Project_Location

2023-07-03 21:46:22 - [TEST_STEP][PASSED] - openBrowser(""): Browser is opened with url: ''

2023-07-03 21:46:22 - [MESSAGE][INFO] - Starting 'Firefox' driver

2023-07-03 21:46:22 - [MESSAGE][INFO] - Action delay is set to 0 milliseconds

2023-07-03 21:46:24 - [MESSAGE][PASSED] - Browser is opened with url: ''

2023-07-03 21:46:24 - [TEST_STEP][PASSED] - navigateToUrl("https://www.studiokohler.com/en-us/faqs"): Navigate to 'https://www.studiokohler.com/en-us/faqs' successfully

2023-07-03 21:46:56 - [MESSAGE][PASSED] - Navigate to 'https://www.studiokohler.com/en-us/faqs' successfully

2023-07-03 21:46:56 - [TEST_STEP][PASSED] - maximizeWindow(): Current window maximized

2023-07-03 21:46:57 - [MESSAGE][PASSED] - Current window maximized

2023-07-03 21:46:57 - [TEST_STEP][PASSED] - click(findTestObject("Object Repository/KSD/Page_Product FAQs/a_India")): Object: 'Object Repository/KSD/Page_Product FAQs/a_India' is clicked on

2023-07-03 21:46:58 - [MESSAGE][PASSED] - Object: 'Object Repository/KSD/Page_Product FAQs/a_India' is clicked on

2023-07-03 21:46:58 - [TEST_STEP][PASSED] - click(findTestObject("Object Repository/KSD/Page_Product FAQs/div_Select Project LocationDisplays product_9e5542")): Object: 'Object Repository/KSD/Page_Product FAQs/div_Select Project LocationDisplays product_9e5542' is clicked on

2023-07-03 21:46:58 - [MESSAGE][PASSED] - Object: 'Object Repository/KSD/Page_Product FAQs/div_Select Project LocationDisplays product_9e5542' is clicked on

2023-07-03 21:46:58 - [TEST_STEP][PASSED] - verifyElementVisible(findTestObject("Object Repository/KSD/Page_Product FAQs/h1_Select Project Location")): Object 'Object Repository/KSD/Page_Product FAQs/h1_Select Project Location' is visible

2023-07-03 21:46:59 - [MESSAGE][PASSED] - Object 'Object Repository/KSD/Page_Product FAQs/h1_Select Project Location' is visible

2023-07-03 21:46:59 - [TEST_STEP][PASSED] - verifyElementVisible(findTestObject("Object Repository/KSD/Page_Product FAQs/a_Africa")): Object 'Object Repository/KSD/Page_Product FAQs/a_Africa' is visible

2023-07-03 21:46:59 - [MESSAGE][PASSED] - Object 'Object Repository/KSD/Page_Product FAQs/a_Africa' is visible

2023-07-03 21:46:59 - [TEST_STEP][PASSED] - verifyElementVisible(findTestObject("Object Repository/KSD/Page_Product FAQs/a_Americas")): Object 'Object Repository/KSD/Page_Product FAQs/a_Americas' is visible

2023-07-03 21:46:59 - [MESSAGE][PASSED] - Object 'Object Repository/KSD/Page_Product FAQs/a_Americas' is visible

2023-07-03 21:46:59 - [TEST_STEP][PASSED] - verifyElementVisible(findTestObject("Object Repository/KSD/Page_Product FAQs/a_Asia")): Object 'Object Repository/KSD/Page_Product FAQs/a_Asia' is visible

2023-07-03 21:47:00 - [MESSAGE][PASSED] - Object 'Object Repository/KSD/Page_Product FAQs/a_Asia' is visible

2023-07-03 21:47:00 - [TEST_STEP][PASSED] - verifyElementVisible(findTestObject("Object Repository/KSD/Page_Product FAQs/a_Australasia")): Object 'Object Repository/KSD/Page_Product FAQs/a_Australasia' is visible

2023-07-03 21:47:00 - [MESSAGE][PASSED] - Object 'Object Repository/KSD/Page_Product FAQs/a_Australasia' is visible

2023-07-03 21:47:00 - [TEST_STEP][PASSED] - verifyElementVisible(findTestObject("Object Repository/KSD/Page_Product FAQs/a_Europe")): Object 'Object Repository/KSD/Page_Product FAQs/a_Europe' is visible

2023-07-03 21:47:00 - [MESSAGE][PASSED] - Object 'Object Repository/KSD/Page_Product FAQs/a_Europe' is visible

2023-07-03 21:47:00 - [TEST_STEP][PASSED] - verifyElementVisible(findTestObject("Object Repository/KSD/Page_Product FAQs/a_Middle East")): Object 'Object Repository/KSD/Page_Product FAQs/a_Middle East' is visible

2023-07-03 21:47:00 - [MESSAGE][PASSED] - Object 'Object Repository/KSD/Page_Product FAQs/a_Middle East' is visible

2023-07-03 21:47:00 - [MESSAGE][PASSED] - Call Test Case 'Test Cases/KDS/TC_06_Select_Project_Location' successfully

2023-07-03 21:47:00 - [TEST_STEP][PASSED] - click(findTestObject("Object Repository/KSD/Page_Product FAQs/a_Australasia")): Object: 'Object Repository/KSD/Page_Product FAQs/a_Australasia' is clicked on

2023-07-03 21:47:01 - [MESSAGE][PASSED] - Object: 'Object Repository/KSD/Page_Product FAQs/a_Australasia' is clicked on

2023-07-03 21:47:01 - [TEST_STEP][PASSED] - verifyElementVisible(findTestObject("Object Repository/KSD/Page_Product FAQs/a_Australia")): Object 'Object Repository/KSD/Page_Product FAQs/a_Australia' is visible

2023-07-03 21:47:01 - [MESSAGE][PASSED] - Object 'Object Repository/KSD/Page_Product FAQs/a_Australia' is visible

2023-07-03 21:47:01 - [TEST_STEP][PASSED] - verifyElementVisible(findTestObject("Object Repository/KSD/Page_Product FAQs/a_Fiji")): Object 'Object Repository/KSD/Page_Product FAQs/a_Fiji' is visible

2023-07-03 21:47:01 - [MESSAGE][PASSED] - Object 'Object Repository/KSD/Page_Product FAQs/a_Fiji' is visible

2023-07-03 21:47:01 - [TEST_STEP][PASSED] - verifyElementVisible(findTestObject("Object Repository/KSD/Page_Product FAQs/a_New Zealand")): Object 'Object Repository/KSD/Page_Product FAQs/a_New Zealand' is visible

2023-07-03 21:47:02 - [MESSAGE][PASSED] - Object 'Object Repository/KSD/Page_Product FAQs/a_New Zealand' is visible

2023-07-03 21:47:02 - [TEST_STEP][PASSED] - closeBrowser(): Browser is closed

2023-07-03 21:47:02 - [MESSAGE][PASSED] - Browser is closed]]></system-out>
         <system-err><![CDATA[]]></system-err>
      </testcase>
      <testcase name="Test Cases/KDS/TC_11_Check_EUROPE_Location_List" time="15.416" classname="Test Cases/KDS/TC_11_Check_EUROPE_Location_List" status="PASSED">
         <system-out><![CDATA[2023-07-03 21:47:02 - [TEST_CASE][PASSED] - Test Cases/KDS/TC_11_Check_EUROPE_Location_List: Test Cases/KDS/TC_11_Check_EUROPE_Location_List

2023-07-03 21:47:02 - [TEST_STEP][PASSED] - callTestCase(findTestCase("KDS/TC_06_Select_Project_Location"), [:], STOP_ON_FAILURE): Call Test Case 'Test Cases/KDS/TC_06_Select_Project_Location' successfully

2023-07-03 21:47:02 - [TEST_CASE][PASSED] - Test Cases/KDS/TC_06_Select_Project_Location: Test Cases/KDS/TC_06_Select_Project_Location

2023-07-03 21:47:02 - [TEST_STEP][PASSED] - openBrowser(""): Browser is opened with url: ''

2023-07-03 21:47:02 - [MESSAGE][INFO] - Starting 'Firefox' driver

2023-07-03 21:47:02 - [MESSAGE][INFO] - Action delay is set to 0 milliseconds

2023-07-03 21:47:05 - [MESSAGE][PASSED] - Browser is opened with url: ''

2023-07-03 21:47:05 - [TEST_STEP][PASSED] - navigateToUrl("https://www.studiokohler.com/en-us/faqs"): Navigate to 'https://www.studiokohler.com/en-us/faqs' successfully

2023-07-03 21:47:12 - [MESSAGE][PASSED] - Navigate to 'https://www.studiokohler.com/en-us/faqs' successfully

2023-07-03 21:47:12 - [TEST_STEP][PASSED] - maximizeWindow(): Current window maximized

2023-07-03 21:47:12 - [MESSAGE][PASSED] - Current window maximized

2023-07-03 21:47:12 - [TEST_STEP][PASSED] - click(findTestObject("Object Repository/KSD/Page_Product FAQs/a_India")): Object: 'Object Repository/KSD/Page_Product FAQs/a_India' is clicked on

2023-07-03 21:47:14 - [MESSAGE][PASSED] - Object: 'Object Repository/KSD/Page_Product FAQs/a_India' is clicked on

2023-07-03 21:47:14 - [TEST_STEP][PASSED] - click(findTestObject("Object Repository/KSD/Page_Product FAQs/div_Select Project LocationDisplays product_9e5542")): Object: 'Object Repository/KSD/Page_Product FAQs/div_Select Project LocationDisplays product_9e5542' is clicked on

2023-07-03 21:47:14 - [MESSAGE][PASSED] - Object: 'Object Repository/KSD/Page_Product FAQs/div_Select Project LocationDisplays product_9e5542' is clicked on

2023-07-03 21:47:14 - [TEST_STEP][PASSED] - verifyElementVisible(findTestObject("Object Repository/KSD/Page_Product FAQs/h1_Select Project Location")): Object 'Object Repository/KSD/Page_Product FAQs/h1_Select Project Location' is visible

2023-07-03 21:47:15 - [MESSAGE][PASSED] - Object 'Object Repository/KSD/Page_Product FAQs/h1_Select Project Location' is visible

2023-07-03 21:47:15 - [TEST_STEP][PASSED] - verifyElementVisible(findTestObject("Object Repository/KSD/Page_Product FAQs/a_Africa")): Object 'Object Repository/KSD/Page_Product FAQs/a_Africa' is visible

2023-07-03 21:47:15 - [MESSAGE][PASSED] - Object 'Object Repository/KSD/Page_Product FAQs/a_Africa' is visible

2023-07-03 21:47:15 - [TEST_STEP][PASSED] - verifyElementVisible(findTestObject("Object Repository/KSD/Page_Product FAQs/a_Americas")): Object 'Object Repository/KSD/Page_Product FAQs/a_Americas' is visible

2023-07-03 21:47:15 - [MESSAGE][PASSED] - Object 'Object Repository/KSD/Page_Product FAQs/a_Americas' is visible

2023-07-03 21:47:15 - [TEST_STEP][PASSED] - verifyElementVisible(findTestObject("Object Repository/KSD/Page_Product FAQs/a_Asia")): Object 'Object Repository/KSD/Page_Product FAQs/a_Asia' is visible

2023-07-03 21:47:15 - [MESSAGE][PASSED] - Object 'Object Repository/KSD/Page_Product FAQs/a_Asia' is visible

2023-07-03 21:47:15 - [TEST_STEP][PASSED] - verifyElementVisible(findTestObject("Object Repository/KSD/Page_Product FAQs/a_Australasia")): Object 'Object Repository/KSD/Page_Product FAQs/a_Australasia' is visible

2023-07-03 21:47:16 - [MESSAGE][PASSED] - Object 'Object Repository/KSD/Page_Product FAQs/a_Australasia' is visible

2023-07-03 21:47:16 - [TEST_STEP][PASSED] - verifyElementVisible(findTestObject("Object Repository/KSD/Page_Product FAQs/a_Europe")): Object 'Object Repository/KSD/Page_Product FAQs/a_Europe' is visible

2023-07-03 21:47:16 - [MESSAGE][PASSED] - Object 'Object Repository/KSD/Page_Product FAQs/a_Europe' is visible

2023-07-03 21:47:16 - [TEST_STEP][PASSED] - verifyElementVisible(findTestObject("Object Repository/KSD/Page_Product FAQs/a_Middle East")): Object 'Object Repository/KSD/Page_Product FAQs/a_Middle East' is visible

2023-07-03 21:47:16 - [MESSAGE][PASSED] - Object 'Object Repository/KSD/Page_Product FAQs/a_Middle East' is visible

2023-07-03 21:47:16 - [MESSAGE][PASSED] - Call Test Case 'Test Cases/KDS/TC_06_Select_Project_Location' successfully

2023-07-03 21:47:16 - [TEST_STEP][PASSED] - click(findTestObject("Object Repository/KSD/Page_Product FAQs/a_Europe")): Object: 'Object Repository/KSD/Page_Product FAQs/a_Europe' is clicked on

2023-07-03 21:47:17 - [MESSAGE][PASSED] - Object: 'Object Repository/KSD/Page_Product FAQs/a_Europe' is clicked on

2023-07-03 21:47:17 - [TEST_STEP][PASSED] - verifyElementVisible(findTestObject("Object Repository/KSD/Page_Product FAQs/a_United Kingdom")): Object 'Object Repository/KSD/Page_Product FAQs/a_United Kingdom' is visible

2023-07-03 21:47:17 - [MESSAGE][PASSED] - Object 'Object Repository/KSD/Page_Product FAQs/a_United Kingdom' is visible

2023-07-03 21:47:17 - [TEST_STEP][PASSED] - closeBrowser(): Browser is closed

2023-07-03 21:47:18 - [MESSAGE][PASSED] - Browser is closed]]></system-out>
         <system-err><![CDATA[]]></system-err>
      </testcase>
      <testcase name="Test Cases/KDS/TC_12_Check_MIDDLE EAST_Location_List" time="15.08" classname="Test Cases/KDS/TC_12_Check_MIDDLE EAST_Location_List" status="PASSED">
         <system-out><![CDATA[2023-07-03 21:47:18 - [TEST_CASE][PASSED] - Test Cases/KDS/TC_12_Check_MIDDLE EAST_Location_List: Test Cases/KDS/TC_12_Check_MIDDLE EAST_Location_List

2023-07-03 21:47:18 - [TEST_STEP][PASSED] - callTestCase(findTestCase("KDS/TC_06_Select_Project_Location"), [:], STOP_ON_FAILURE): Call Test Case 'Test Cases/KDS/TC_06_Select_Project_Location' successfully

2023-07-03 21:47:18 - [TEST_CASE][PASSED] - Test Cases/KDS/TC_06_Select_Project_Location: Test Cases/KDS/TC_06_Select_Project_Location

2023-07-03 21:47:18 - [TEST_STEP][PASSED] - openBrowser(""): Browser is opened with url: ''

2023-07-03 21:47:18 - [MESSAGE][INFO] - Starting 'Firefox' driver

2023-07-03 21:47:18 - [MESSAGE][INFO] - Action delay is set to 0 milliseconds

2023-07-03 21:47:20 - [MESSAGE][PASSED] - Browser is opened with url: ''

2023-07-03 21:47:20 - [TEST_STEP][PASSED] - navigateToUrl("https://www.studiokohler.com/en-us/faqs"): Navigate to 'https://www.studiokohler.com/en-us/faqs' successfully

2023-07-03 21:47:26 - [MESSAGE][PASSED] - Navigate to 'https://www.studiokohler.com/en-us/faqs' successfully

2023-07-03 21:47:26 - [TEST_STEP][PASSED] - maximizeWindow(): Current window maximized

2023-07-03 21:47:26 - [MESSAGE][PASSED] - Current window maximized

2023-07-03 21:47:26 - [TEST_STEP][PASSED] - click(findTestObject("Object Repository/KSD/Page_Product FAQs/a_India")): Object: 'Object Repository/KSD/Page_Product FAQs/a_India' is clicked on

2023-07-03 21:47:28 - [MESSAGE][PASSED] - Object: 'Object Repository/KSD/Page_Product FAQs/a_India' is clicked on

2023-07-03 21:47:28 - [TEST_STEP][PASSED] - click(findTestObject("Object Repository/KSD/Page_Product FAQs/div_Select Project LocationDisplays product_9e5542")): Object: 'Object Repository/KSD/Page_Product FAQs/div_Select Project LocationDisplays product_9e5542' is clicked on

2023-07-03 21:47:28 - [MESSAGE][PASSED] - Object: 'Object Repository/KSD/Page_Product FAQs/div_Select Project LocationDisplays product_9e5542' is clicked on

2023-07-03 21:47:28 - [TEST_STEP][PASSED] - verifyElementVisible(findTestObject("Object Repository/KSD/Page_Product FAQs/h1_Select Project Location")): Object 'Object Repository/KSD/Page_Product FAQs/h1_Select Project Location' is visible

2023-07-03 21:47:29 - [MESSAGE][PASSED] - Object 'Object Repository/KSD/Page_Product FAQs/h1_Select Project Location' is visible

2023-07-03 21:47:29 - [TEST_STEP][PASSED] - verifyElementVisible(findTestObject("Object Repository/KSD/Page_Product FAQs/a_Africa")): Object 'Object Repository/KSD/Page_Product FAQs/a_Africa' is visible

2023-07-03 21:47:29 - [MESSAGE][PASSED] - Object 'Object Repository/KSD/Page_Product FAQs/a_Africa' is visible

2023-07-03 21:47:29 - [TEST_STEP][PASSED] - verifyElementVisible(findTestObject("Object Repository/KSD/Page_Product FAQs/a_Americas")): Object 'Object Repository/KSD/Page_Product FAQs/a_Americas' is visible

2023-07-03 21:47:29 - [MESSAGE][PASSED] - Object 'Object Repository/KSD/Page_Product FAQs/a_Americas' is visible

2023-07-03 21:47:29 - [TEST_STEP][PASSED] - verifyElementVisible(findTestObject("Object Repository/KSD/Page_Product FAQs/a_Asia")): Object 'Object Repository/KSD/Page_Product FAQs/a_Asia' is visible

2023-07-03 21:47:29 - [MESSAGE][PASSED] - Object 'Object Repository/KSD/Page_Product FAQs/a_Asia' is visible

2023-07-03 21:47:29 - [TEST_STEP][PASSED] - verifyElementVisible(findTestObject("Object Repository/KSD/Page_Product FAQs/a_Australasia")): Object 'Object Repository/KSD/Page_Product FAQs/a_Australasia' is visible

2023-07-03 21:47:30 - [MESSAGE][PASSED] - Object 'Object Repository/KSD/Page_Product FAQs/a_Australasia' is visible

2023-07-03 21:47:30 - [TEST_STEP][PASSED] - verifyElementVisible(findTestObject("Object Repository/KSD/Page_Product FAQs/a_Europe")): Object 'Object Repository/KSD/Page_Product FAQs/a_Europe' is visible

2023-07-03 21:47:30 - [MESSAGE][PASSED] - Object 'Object Repository/KSD/Page_Product FAQs/a_Europe' is visible

2023-07-03 21:47:30 - [TEST_STEP][PASSED] - verifyElementVisible(findTestObject("Object Repository/KSD/Page_Product FAQs/a_Middle East")): Object 'Object Repository/KSD/Page_Product FAQs/a_Middle East' is visible

2023-07-03 21:47:30 - [MESSAGE][PASSED] - Object 'Object Repository/KSD/Page_Product FAQs/a_Middle East' is visible

2023-07-03 21:47:30 - [MESSAGE][PASSED] - Call Test Case 'Test Cases/KDS/TC_06_Select_Project_Location' successfully

2023-07-03 21:47:30 - [TEST_STEP][PASSED] - click(findTestObject("Object Repository/KSD/Page_Product FAQs/a_Middle East")): Object: 'Object Repository/KSD/Page_Product FAQs/a_Middle East' is clicked on

2023-07-03 21:47:31 - [MESSAGE][PASSED] - Object: 'Object Repository/KSD/Page_Product FAQs/a_Middle East' is clicked on

2023-07-03 21:47:31 - [TEST_STEP][PASSED] - rightClick(findTestObject("Object Repository/KSD/Page_Product FAQs/a_Bahrain")): Object: 'Object Repository/KSD/Page_Product FAQs/a_Bahrain' is right clicked on

2023-07-03 21:47:31 - [MESSAGE][PASSED] - Object: 'Object Repository/KSD/Page_Product FAQs/a_Bahrain' is right clicked on

2023-07-03 21:47:31 - [TEST_STEP][PASSED] - verifyElementVisible(findTestObject("Object Repository/KSD/Page_Product FAQs/a_Bahrain")): Object 'Object Repository/KSD/Page_Product FAQs/a_Bahrain' is visible

2023-07-03 21:47:32 - [MESSAGE][PASSED] - Object 'Object Repository/KSD/Page_Product FAQs/a_Bahrain' is visible

2023-07-03 21:47:32 - [TEST_STEP][PASSED] - verifyElementVisible(findTestObject("Object Repository/KSD/Page_Product FAQs/a_Kuwait")): Object 'Object Repository/KSD/Page_Product FAQs/a_Kuwait' is visible

2023-07-03 21:47:32 - [MESSAGE][PASSED] - Object 'Object Repository/KSD/Page_Product FAQs/a_Kuwait' is visible

2023-07-03 21:47:32 - [TEST_STEP][PASSED] - verifyElementVisible(findTestObject("Object Repository/KSD/Page_Product FAQs/a_United Arab Emirates")): Object 'Object Repository/KSD/Page_Product FAQs/a_United Arab Emirates' is visible

2023-07-03 21:47:32 - [MESSAGE][PASSED] - Object 'Object Repository/KSD/Page_Product FAQs/a_United Arab Emirates' is visible

2023-07-03 21:47:32 - [TEST_STEP][PASSED] - closeBrowser(): Browser is closed

2023-07-03 21:47:33 - [MESSAGE][PASSED] - Browser is closed]]></system-out>
         <system-err><![CDATA[]]></system-err>
      </testcase>
      <testcase name="Test Cases/KDS/TC_13_Check_Create_New_Folder" time="34.846" classname="Test Cases/KDS/TC_13_Check_Create_New_Folder" status="PASSED">
         <system-out><![CDATA[2023-07-03 21:47:51 - [TEST_CASE][PASSED] - Test Cases/KDS/TC_13_Check_Create_New_Folder: Test Cases/KDS/TC_13_Check_Create_New_Folder

2023-07-03 21:47:52 - [TEST_STEP][PASSED] - callTestCase(findTestCase("KDS/TC_01_Login"), [:], STOP_ON_FAILURE): Call Test Case 'Test Cases/KDS/TC_01_Login' successfully

2023-07-03 21:47:52 - [TEST_CASE][PASSED] - Test Cases/KDS/TC_01_Login: Test Cases/KDS/TC_01_Login

2023-07-03 21:47:52 - [TEST_STEP][PASSED] - openBrowser(""): Browser is opened with url: ''

2023-07-03 21:47:52 - [MESSAGE][WARNING] - A browser is already opened. Closing browser and opening a new one

2023-07-03 21:47:52 - [MESSAGE][INFO] - Starting 'Firefox' driver

2023-07-03 21:47:52 - [MESSAGE][INFO] - Action delay is set to 0 milliseconds

2023-07-03 21:47:54 - [MESSAGE][PASSED] - Browser is opened with url: ''

2023-07-03 21:47:54 - [TEST_STEP][PASSED] - navigateToUrl("https://www.studiokohler.com/en-us/faqs"): Navigate to 'https://www.studiokohler.com/en-us/faqs' successfully

2023-07-03 21:48:01 - [MESSAGE][PASSED] - Navigate to 'https://www.studiokohler.com/en-us/faqs' successfully

2023-07-03 21:48:01 - [TEST_STEP][PASSED] - maximizeWindow(): Current window maximized

2023-07-03 21:48:01 - [MESSAGE][PASSED] - Current window maximized

2023-07-03 21:48:01 - [TEST_STEP][PASSED] - click(findTestObject("Object Repository/KSD/Page_Product FAQs/i_OK_fal fa-user")): Object: 'Object Repository/KSD/Page_Product FAQs/i_OK_fal fa-user' is clicked on

2023-07-03 21:48:02 - [MESSAGE][PASSED] - Object: 'Object Repository/KSD/Page_Product FAQs/i_OK_fal fa-user' is clicked on

2023-07-03 21:48:02 - [TEST_STEP][PASSED] - setText(findTestObject("Object Repository/KSD/Page_Product FAQs/input_E-mail Address_nav-user-email"), "Bhushan.borse@kohler.com"): Text 'Bhushan.borse@kohler.com' is set on object 'Object Repository/KSD/Page_Product FAQs/input_E-mail Address_nav-user-email'

2023-07-03 21:48:03 - [MESSAGE][PASSED] - Text 'Bhushan.borse@kohler.com' is set on object 'Object Repository/KSD/Page_Product FAQs/input_E-mail Address_nav-user-email'

2023-07-03 21:48:03 - [TEST_STEP][PASSED] - setEncryptedText(findTestObject("Object Repository/KSD/Page_Product FAQs/input_Password_nav-user-password"), "UkTT/T5uWxEyt5z+WbCT2w=="): Text ****** has been set on object 'Object Repository/KSD/Page_Product FAQs/input_Password_nav-user-password'

2023-07-03 21:48:03 - [MESSAGE][PASSED] - Text ****** has been set on object 'Object Repository/KSD/Page_Product FAQs/input_Password_nav-user-password'

2023-07-03 21:48:03 - [TEST_STEP][PASSED] - click(findTestObject("Object Repository/KSD/Page_Product FAQs/button_Sign In")): Object: 'Object Repository/KSD/Page_Product FAQs/button_Sign In' is clicked on

2023-07-03 21:48:04 - [MESSAGE][PASSED] - Object: 'Object Repository/KSD/Page_Product FAQs/button_Sign In' is clicked on

2023-07-03 21:48:04 - [TEST_STEP][PASSED] - verifyElementVisible(findTestObject("Object Repository/KSD/Page_Product FAQs/a_Bhushan")): Object 'Object Repository/KSD/Page_Product FAQs/a_Bhushan' is visible

2023-07-03 21:48:11 - [MESSAGE][PASSED] - Object 'Object Repository/KSD/Page_Product FAQs/a_Bhushan' is visible

2023-07-03 21:48:11 - [MESSAGE][PASSED] - Call Test Case 'Test Cases/KDS/TC_01_Login' successfully

2023-07-03 21:48:11 - [TEST_STEP][PASSED] - click(findTestObject("KSD/Page_Product FAQs/button_Accept All Cookies")): Object: 'Object Repository/KSD/Page_Product FAQs/button_Accept All Cookies' is clicked on

2023-07-03 21:48:12 - [MESSAGE][PASSED] - Object: 'Object Repository/KSD/Page_Product FAQs/button_Accept All Cookies' is clicked on

2023-07-03 21:48:12 - [TEST_STEP][PASSED] - click(findTestObject("Object Repository/KSD/Page_Project Folder Landing Page/Page_Product FAQs/i_OK_fal fa-folder")): Object: 'Object Repository/KSD/Page_Project Folder Landing Page/Page_Product FAQs/i_OK_fal fa-folder' is clicked on

2023-07-03 21:48:17 - [MESSAGE][PASSED] - Object: 'Object Repository/KSD/Page_Project Folder Landing Page/Page_Product FAQs/i_OK_fal fa-folder' is clicked on

2023-07-03 21:48:17 - [TEST_STEP][PASSED] - scrollToElement(findTestObject("Object Repository/KSD/Page_Project Folder Landing Page/Page_Project Folder Landing Page/h2_Create new folder"), 0): Scroll to object 'Object Repository/KSD/Page_Project Folder Landing Page/Page_Project Folder Landing Page/h2_Create new folder' successfully

2023-07-03 21:48:17 - [MESSAGE][WARNING] - Timeout '0' is invalid. Using default page load timeout: '30'

2023-07-03 21:48:18 - [MESSAGE][PASSED] - Scroll to object 'Object Repository/KSD/Page_Project Folder Landing Page/Page_Project Folder Landing Page/h2_Create new folder' successfully

2023-07-03 21:48:18 - [TEST_STEP][PASSED] - click(findTestObject("Object Repository/KSD/Page_Project Folder Landing Page/Page_Project Folder Landing Page/h2_Create new folder")): Object: 'Object Repository/KSD/Page_Project Folder Landing Page/Page_Project Folder Landing Page/h2_Create new folder' is clicked on

2023-07-03 21:48:19 - [MESSAGE][PASSED] - Object: 'Object Repository/KSD/Page_Project Folder Landing Page/Page_Project Folder Landing Page/h2_Create new folder' is clicked on

2023-07-03 21:48:19 - [TEST_STEP][PASSED] - setText(findTestObject("Object Repository/KSD/Page_Project Folder Landing Page/Page_Project Folder Landing Page/input_Folder Name_create-folder-name"), "test folder"): Text 'test folder' is set on object 'Object Repository/KSD/Page_Project Folder Landing Page/Page_Project Folder Landing Page/input_Folder Name_create-folder-name'

2023-07-03 21:48:20 - [MESSAGE][PASSED] - Text 'test folder' is set on object 'Object Repository/KSD/Page_Project Folder Landing Page/Page_Project Folder Landing Page/input_Folder Name_create-folder-name'

2023-07-03 21:48:20 - [TEST_STEP][PASSED] - setText(findTestObject("Object Repository/KSD/Page_Project Folder Landing Page/Page_Project Folder Landing Page/textarea_Project Folder Details_create-note"), "test folder Description"): Text 'test folder Description' is set on object 'Object Repository/KSD/Page_Project Folder Landing Page/Page_Project Folder Landing Page/textarea_Project Folder Details_create-note'

2023-07-03 21:48:20 - [MESSAGE][PASSED] - Text 'test folder Description' is set on object 'Object Repository/KSD/Page_Project Folder Landing Page/Page_Project Folder Landing Page/textarea_Project Folder Details_create-note'

2023-07-03 21:48:20 - [TEST_STEP][PASSED] - click(findTestObject("Object Repository/KSD/Page_Project Folder Landing Page/Page_Project Folder Landing Page/button_Create Folder")): Object: 'Object Repository/KSD/Page_Project Folder Landing Page/Page_Project Folder Landing Page/button_Create Folder' is clicked on

2023-07-03 21:48:21 - [MESSAGE][PASSED] - Object: 'Object Repository/KSD/Page_Project Folder Landing Page/Page_Project Folder Landing Page/button_Create Folder' is clicked on

2023-07-03 21:48:21 - [TEST_STEP][PASSED] - verifyElementVisible(findTestObject("Object Repository/KSD/Page_Project Folder Landing Page/Page_Project Folder Landing Page/h2_test folder")): Object 'Object Repository/KSD/Page_Project Folder Landing Page/Page_Project Folder Landing Page/h2_test folder' is visible

2023-07-03 21:48:23 - [MESSAGE][PASSED] - Object 'Object Repository/KSD/Page_Project Folder Landing Page/Page_Project Folder Landing Page/h2_test folder' is visible

2023-07-03 21:48:23 - [TEST_STEP][PASSED] - click(findTestObject("Object Repository/KSD/Page_Project Folder Landing Page/Page_Project Folder Landing Page/i_test folder_fal fa-trash-alt")): Object: 'Object Repository/KSD/Page_Project Folder Landing Page/Page_Project Folder Landing Page/i_test folder_fal fa-trash-alt' is clicked on

2023-07-03 21:48:24 - [MESSAGE][PASSED] - Object: 'Object Repository/KSD/Page_Project Folder Landing Page/Page_Project Folder Landing Page/i_test folder_fal fa-trash-alt' is clicked on

2023-07-03 21:48:24 - [TEST_STEP][PASSED] - click(findTestObject("Object Repository/KSD/Page_Project Folder Landing Page/Page_Project Folder Landing Page/button_Delete Folder")): Object: 'Object Repository/KSD/Page_Project Folder Landing Page/Page_Project Folder Landing Page/button_Delete Folder' is clicked on

2023-07-03 21:48:24 - [MESSAGE][PASSED] - Object: 'Object Repository/KSD/Page_Project Folder Landing Page/Page_Project Folder Landing Page/button_Delete Folder' is clicked on

2023-07-03 21:48:24 - [TEST_STEP][PASSED] - verifyElementNotPresent(findTestObject("Object Repository/KSD/Page_Project Folder Landing Page/Page_Project Folder Landing Page/h2_test folder"), 0): Web element with id: 'Object Repository/KSD/Page_Project Folder Landing Page/Page_Project Folder Landing Page/h2_test folder' located by 'By.xpath: //div[@id='dynamic-folders']/div[2]/div/a/h2' is not present after '30' second(s)

2023-07-03 21:48:24 - [MESSAGE][WARNING] - Timeout '0' is invalid. Using default page load timeout: '30'

2023-07-03 21:48:26 - [MESSAGE][PASSED] - Web element with id: 'Object Repository/KSD/Page_Project Folder Landing Page/Page_Project Folder Landing Page/h2_test folder' located by 'By.xpath: //div[@id='dynamic-folders']/div[2]/div/a/h2' is not present after '30' second(s)

2023-07-03 21:48:26 - [TEST_STEP][PASSED] - closeBrowser(): Browser is closed

2023-07-03 21:48:26 - [MESSAGE][PASSED] - Browser is closed]]></system-out>
         <system-err><![CDATA[]]></system-err>
      </testcase>
      <testcase name="Test Cases/KDS/TC_14_Check_Find_Store_Link_In_Header" time="15.471" classname="Test Cases/KDS/TC_14_Check_Find_Store_Link_In_Header" status="PASSED">
         <system-out><![CDATA[2023-07-03 21:48:26 - [TEST_CASE][PASSED] - Test Cases/KDS/TC_14_Check_Find_Store_Link_In_Header: Test Cases/KDS/TC_14_Check_Find_Store_Link_In_Header

2023-07-03 21:48:27 - [TEST_STEP][PASSED] - openBrowser(""): Browser is opened with url: ''

2023-07-03 21:48:27 - [MESSAGE][INFO] - Starting 'Firefox' driver

2023-07-03 21:48:27 - [MESSAGE][INFO] - Action delay is set to 0 milliseconds

2023-07-03 21:48:29 - [MESSAGE][PASSED] - Browser is opened with url: ''

2023-07-03 21:48:29 - [TEST_STEP][PASSED] - navigateToUrl("https://www.studiokohler.com/en-us/faqs"): Navigate to 'https://www.studiokohler.com/en-us/faqs' successfully

2023-07-03 21:48:34 - [MESSAGE][PASSED] - Navigate to 'https://www.studiokohler.com/en-us/faqs' successfully

2023-07-03 21:48:34 - [TEST_STEP][PASSED] - maximizeWindow(): Current window maximized

2023-07-03 21:48:34 - [MESSAGE][PASSED] - Current window maximized

2023-07-03 21:48:34 - [TEST_STEP][PASSED] - click(findTestObject("Object Repository/KSD/Page_Product FAQs/Page_Product FAQs/button_Accept All Cookies")): Object: 'Object Repository/KSD/Page_Product FAQs/Page_Product FAQs/button_Accept All Cookies' is clicked on

2023-07-03 21:48:36 - [MESSAGE][PASSED] - Object: 'Object Repository/KSD/Page_Product FAQs/Page_Product FAQs/button_Accept All Cookies' is clicked on

2023-07-03 21:48:36 - [TEST_STEP][PASSED] - click(findTestObject("Object Repository/KSD/Page_Product FAQs/Page_Product FAQs/i_OK_fal fa-map-marker-alt")): Object: 'Object Repository/KSD/Page_Product FAQs/Page_Product FAQs/i_OK_fal fa-map-marker-alt' is clicked on

2023-07-03 21:48:40 - [MESSAGE][PASSED] - Object: 'Object Repository/KSD/Page_Product FAQs/Page_Product FAQs/i_OK_fal fa-map-marker-alt' is clicked on

2023-07-03 21:48:40 - [TEST_STEP][PASSED] - verifyElementVisible(findTestObject("Object Repository/KSD/Page_Product FAQs/Page_Find a KOHLER Store  Studio KOHLER/p_Find a Kohler Experience Center or Kohler_9474eb")): Object 'Object Repository/KSD/Page_Product FAQs/Page_Find a KOHLER Store  Studio KOHLER/p_Find a Kohler Experience Center or Kohler_9474eb' is visible

2023-07-03 21:48:42 - [MESSAGE][PASSED] - Object 'Object Repository/KSD/Page_Product FAQs/Page_Find a KOHLER Store  Studio KOHLER/p_Find a Kohler Experience Center or Kohler_9474eb' is visible]]></system-out>
         <system-err><![CDATA[]]></system-err>
      </testcase>
      <testcase name="Test Cases/KDS/TC_15_Find_Store_Brazil_Location" time="17.797" classname="Test Cases/KDS/TC_15_Find_Store_Brazil_Location" status="PASSED">
         <system-out><![CDATA[2023-07-03 21:48:42 - [TEST_CASE][PASSED] - Test Cases/KDS/TC_15_Find_Store_Brazil_Location: Test Cases/KDS/TC_15_Find_Store_Brazil_Location

2023-07-03 21:48:42 - [TEST_STEP][PASSED] - callTestCase(findTestCase("KDS/TC_14_Check_Find_Store_Link_In_Header"), [:], STOP_ON_FAILURE): Call Test Case 'Test Cases/KDS/TC_14_Check_Find_Store_Link_In_Header' successfully

2023-07-03 21:48:42 - [TEST_CASE][PASSED] - Test Cases/KDS/TC_14_Check_Find_Store_Link_In_Header: Test Cases/KDS/TC_14_Check_Find_Store_Link_In_Header

2023-07-03 21:48:42 - [TEST_STEP][PASSED] - openBrowser(""): Browser is opened with url: ''

2023-07-03 21:48:42 - [MESSAGE][WARNING] - A browser is already opened. Closing browser and opening a new one

2023-07-03 21:48:43 - [MESSAGE][INFO] - Starting 'Firefox' driver

2023-07-03 21:48:43 - [MESSAGE][INFO] - Action delay is set to 0 milliseconds

2023-07-03 21:48:45 - [MESSAGE][PASSED] - Browser is opened with url: ''

2023-07-03 21:48:45 - [TEST_STEP][PASSED] - navigateToUrl("https://www.studiokohler.com/en-us/faqs"): Navigate to 'https://www.studiokohler.com/en-us/faqs' successfully

2023-07-03 21:48:49 - [MESSAGE][PASSED] - Navigate to 'https://www.studiokohler.com/en-us/faqs' successfully

2023-07-03 21:48:49 - [TEST_STEP][PASSED] - maximizeWindow(): Current window maximized

2023-07-03 21:48:49 - [MESSAGE][PASSED] - Current window maximized

2023-07-03 21:48:49 - [TEST_STEP][PASSED] - click(findTestObject("Object Repository/KSD/Page_Product FAQs/Page_Product FAQs/button_Accept All Cookies")): Object: 'Object Repository/KSD/Page_Product FAQs/Page_Product FAQs/button_Accept All Cookies' is clicked on

2023-07-03 21:48:52 - [MESSAGE][PASSED] - Object: 'Object Repository/KSD/Page_Product FAQs/Page_Product FAQs/button_Accept All Cookies' is clicked on

2023-07-03 21:48:52 - [TEST_STEP][PASSED] - click(findTestObject("Object Repository/KSD/Page_Product FAQs/Page_Product FAQs/i_OK_fal fa-map-marker-alt")): Object: 'Object Repository/KSD/Page_Product FAQs/Page_Product FAQs/i_OK_fal fa-map-marker-alt' is clicked on

2023-07-03 21:48:56 - [MESSAGE][PASSED] - Object: 'Object Repository/KSD/Page_Product FAQs/Page_Product FAQs/i_OK_fal fa-map-marker-alt' is clicked on

2023-07-03 21:48:56 - [TEST_STEP][PASSED] - verifyElementVisible(findTestObject("Object Repository/KSD/Page_Product FAQs/Page_Find a KOHLER Store  Studio KOHLER/p_Find a Kohler Experience Center or Kohler_9474eb")): Object 'Object Repository/KSD/Page_Product FAQs/Page_Find a KOHLER Store  Studio KOHLER/p_Find a Kohler Experience Center or Kohler_9474eb' is visible

2023-07-03 21:48:57 - [MESSAGE][PASSED] - Object 'Object Repository/KSD/Page_Product FAQs/Page_Find a KOHLER Store  Studio KOHLER/p_Find a Kohler Experience Center or Kohler_9474eb' is visible

2023-07-03 21:48:57 - [MESSAGE][PASSED] - Call Test Case 'Test Cases/KDS/TC_14_Check_Find_Store_Link_In_Header' successfully

2023-07-03 21:48:57 - [TEST_STEP][PASSED] - click(findTestObject("Object Repository/KSD/Page_Find a KOHLER Store  Studio KOHLER/a_BRAZIL")): Object: 'Object Repository/KSD/Page_Find a KOHLER Store  Studio KOHLER/a_BRAZIL' is clicked on

2023-07-03 21:48:58 - [MESSAGE][PASSED] - Object: 'Object Repository/KSD/Page_Find a KOHLER Store  Studio KOHLER/a_BRAZIL' is clicked on

2023-07-03 21:48:58 - [TEST_STEP][PASSED] - verifyElementVisible(findTestObject("Object Repository/KSD/Page_Find a KOHLER Store  Studio KOHLER/h1_All Stores")): Object 'Object Repository/KSD/Page_Find a KOHLER Store  Studio KOHLER/h1_All Stores' is visible

2023-07-03 21:48:59 - [MESSAGE][PASSED] - Object 'Object Repository/KSD/Page_Find a KOHLER Store  Studio KOHLER/h1_All Stores' is visible

2023-07-03 21:48:59 - [TEST_STEP][PASSED] - verifyElementVisible(findTestObject("Object Repository/KSD/Page_Find a KOHLER Store  Studio KOHLER/span_BRAZIL")): Object 'Object Repository/KSD/Page_Find a KOHLER Store  Studio KOHLER/span_BRAZIL' is visible

2023-07-03 21:48:59 - [MESSAGE][PASSED] - Object 'Object Repository/KSD/Page_Find a KOHLER Store  Studio KOHLER/span_BRAZIL' is visible

2023-07-03 21:48:59 - [TEST_STEP][PASSED] - closeBrowser(): Browser is closed

2023-07-03 21:49:00 - [MESSAGE][PASSED] - Browser is closed]]></system-out>
         <system-err><![CDATA[]]></system-err>
      </testcase>
      <testcase name="Test Cases/KDS/TC_16_Find_Store_CANADA_Location" time="18.46" classname="Test Cases/KDS/TC_16_Find_Store_CANADA_Location" status="PASSED">
         <system-out><![CDATA[2023-07-03 21:49:00 - [TEST_CASE][PASSED] - Test Cases/KDS/TC_16_Find_Store_CANADA_Location: Test Cases/KDS/TC_16_Find_Store_CANADA_Location

2023-07-03 21:49:00 - [TEST_STEP][PASSED] - openBrowser(""): Browser is opened with url: ''

2023-07-03 21:49:00 - [MESSAGE][INFO] - Starting 'Firefox' driver

2023-07-03 21:49:00 - [MESSAGE][INFO] - Action delay is set to 0 milliseconds

2023-07-03 21:49:02 - [MESSAGE][PASSED] - Browser is opened with url: ''

2023-07-03 21:49:02 - [TEST_STEP][PASSED] - navigateToUrl("https://www.studiokohler.com/en-us/faqs"): Navigate to 'https://www.studiokohler.com/en-us/faqs' successfully

2023-07-03 21:49:08 - [MESSAGE][PASSED] - Navigate to 'https://www.studiokohler.com/en-us/faqs' successfully

2023-07-03 21:49:08 - [TEST_STEP][PASSED] - maximizeWindow(): Current window maximized

2023-07-03 21:49:08 - [MESSAGE][PASSED] - Current window maximized

2023-07-03 21:49:08 - [TEST_STEP][PASSED] - click(findTestObject("Object Repository/KSD/Page_Find a KOHLER Store  Studio KOHLER/Page_Product FAQs/button_Accept All Cookies")): Object: 'Object Repository/KSD/Page_Find a KOHLER Store  Studio KOHLER/Page_Product FAQs/button_Accept All Cookies' is clicked on

2023-07-03 21:49:10 - [MESSAGE][PASSED] - Object: 'Object Repository/KSD/Page_Find a KOHLER Store  Studio KOHLER/Page_Product FAQs/button_Accept All Cookies' is clicked on

2023-07-03 21:49:10 - [TEST_STEP][PASSED] - click(findTestObject("Object Repository/KSD/Page_Find a KOHLER Store  Studio KOHLER/Page_Product FAQs/i_OK_fal fa-map-marker-alt")): Object: 'Object Repository/KSD/Page_Find a KOHLER Store  Studio KOHLER/Page_Product FAQs/i_OK_fal fa-map-marker-alt' is clicked on

2023-07-03 21:49:15 - [MESSAGE][PASSED] - Object: 'Object Repository/KSD/Page_Find a KOHLER Store  Studio KOHLER/Page_Product FAQs/i_OK_fal fa-map-marker-alt' is clicked on

2023-07-03 21:49:15 - [TEST_STEP][PASSED] - verifyElementVisible(findTestObject("Object Repository/KSD/Page_Find a KOHLER Store  Studio KOHLER/Page_Find a KOHLER Store  Studio KOHLER/h2_Select Store Location")): Object 'Object Repository/KSD/Page_Find a KOHLER Store  Studio KOHLER/Page_Find a KOHLER Store  Studio KOHLER/h2_Select Store Location' is visible

2023-07-03 21:49:16 - [MESSAGE][PASSED] - Object 'Object Repository/KSD/Page_Find a KOHLER Store  Studio KOHLER/Page_Find a KOHLER Store  Studio KOHLER/h2_Select Store Location' is visible

2023-07-03 21:49:16 - [TEST_STEP][PASSED] - click(findTestObject("Object Repository/KSD/Page_Find a KOHLER Store  Studio KOHLER/Page_Find a KOHLER Store  Studio KOHLER/a_CANADA")): Object: 'Object Repository/KSD/Page_Find a KOHLER Store  Studio KOHLER/Page_Find a KOHLER Store  Studio KOHLER/a_CANADA' is clicked on

2023-07-03 21:49:16 - [MESSAGE][PASSED] - Object: 'Object Repository/KSD/Page_Find a KOHLER Store  Studio KOHLER/Page_Find a KOHLER Store  Studio KOHLER/a_CANADA' is clicked on

2023-07-03 21:49:16 - [TEST_STEP][PASSED] - verifyElementVisible(findTestObject("Object Repository/KSD/Page_Find a KOHLER Store  Studio KOHLER/Page_Find a KOHLER Store  Studio KOHLER/h1_All Stores")): Object 'Object Repository/KSD/Page_Find a KOHLER Store  Studio KOHLER/Page_Find a KOHLER Store  Studio KOHLER/h1_All Stores' is visible

2023-07-03 21:49:17 - [MESSAGE][PASSED] - Object 'Object Repository/KSD/Page_Find a KOHLER Store  Studio KOHLER/Page_Find a KOHLER Store  Studio KOHLER/h1_All Stores' is visible

2023-07-03 21:49:17 - [TEST_STEP][PASSED] - verifyElementVisible(findTestObject("Object Repository/KSD/Page_Find a KOHLER Store  Studio KOHLER/Page_Find a KOHLER Store  Studio KOHLER/span_CANADA")): Object 'Object Repository/KSD/Page_Find a KOHLER Store  Studio KOHLER/Page_Find a KOHLER Store  Studio KOHLER/span_CANADA' is visible

2023-07-03 21:49:18 - [MESSAGE][PASSED] - Object 'Object Repository/KSD/Page_Find a KOHLER Store  Studio KOHLER/Page_Find a KOHLER Store  Studio KOHLER/span_CANADA' is visible

2023-07-03 21:49:18 - [TEST_STEP][PASSED] - closeBrowser(): Browser is closed

2023-07-03 21:49:18 - [MESSAGE][PASSED] - Browser is closed]]></system-out>
         <system-err><![CDATA[]]></system-err>
      </testcase>
      <testcase name="Test Cases/KDS/TC_17_Find_Store_SINGAPORE_Location" time="17.247" classname="Test Cases/KDS/TC_17_Find_Store_SINGAPORE_Location" status="PASSED">
         <system-out><![CDATA[2023-07-03 21:49:18 - [TEST_CASE][PASSED] - Test Cases/KDS/TC_17_Find_Store_SINGAPORE_Location: Test Cases/KDS/TC_17_Find_Store_SINGAPORE_Location

2023-07-03 21:49:18 - [TEST_STEP][PASSED] - openBrowser(""): Browser is opened with url: ''

2023-07-03 21:49:18 - [MESSAGE][INFO] - Starting 'Firefox' driver

2023-07-03 21:49:18 - [MESSAGE][INFO] - Action delay is set to 0 milliseconds

2023-07-03 21:49:20 - [MESSAGE][PASSED] - Browser is opened with url: ''

2023-07-03 21:49:20 - [TEST_STEP][PASSED] - navigateToUrl("https://www.studiokohler.com/en-us/faqs"): Navigate to 'https://www.studiokohler.com/en-us/faqs' successfully

2023-07-03 21:49:25 - [MESSAGE][PASSED] - Navigate to 'https://www.studiokohler.com/en-us/faqs' successfully

2023-07-03 21:49:25 - [TEST_STEP][PASSED] - maximizeWindow(): Current window maximized

2023-07-03 21:49:25 - [MESSAGE][PASSED] - Current window maximized

2023-07-03 21:49:25 - [TEST_STEP][PASSED] - click(findTestObject("Object Repository/KSD/Page_Product FAQs/button_Accept All Cookies")): Object: 'Object Repository/KSD/Page_Product FAQs/button_Accept All Cookies' is clicked on

2023-07-03 21:49:28 - [MESSAGE][PASSED] - Object: 'Object Repository/KSD/Page_Product FAQs/button_Accept All Cookies' is clicked on

2023-07-03 21:49:28 - [TEST_STEP][PASSED] - click(findTestObject("Object Repository/KSD/Page_Product FAQs/i_OK_fal fa-map-marker-alt")): Object: 'Object Repository/KSD/Page_Product FAQs/i_OK_fal fa-map-marker-alt' is clicked on

2023-07-03 21:49:33 - [MESSAGE][PASSED] - Object: 'Object Repository/KSD/Page_Product FAQs/i_OK_fal fa-map-marker-alt' is clicked on

2023-07-03 21:49:33 - [TEST_STEP][PASSED] - click(findTestObject("Object Repository/KSD/Page_Find a KOHLER Store  Studio KOHLER/a_SINGAPORE")): Object: 'Object Repository/KSD/Page_Find a KOHLER Store  Studio KOHLER/a_SINGAPORE' is clicked on

2023-07-03 21:49:34 - [MESSAGE][PASSED] - Object: 'Object Repository/KSD/Page_Find a KOHLER Store  Studio KOHLER/a_SINGAPORE' is clicked on

2023-07-03 21:49:34 - [TEST_STEP][PASSED] - verifyElementVisible(findTestObject("Object Repository/KSD/Page_Find a KOHLER Store  Studio KOHLER/span_SINGAPORE")): Object 'Object Repository/KSD/Page_Find a KOHLER Store  Studio KOHLER/span_SINGAPORE' is visible

2023-07-03 21:49:35 - [MESSAGE][PASSED] - Object 'Object Repository/KSD/Page_Find a KOHLER Store  Studio KOHLER/span_SINGAPORE' is visible

2023-07-03 21:49:35 - [TEST_STEP][PASSED] - closeBrowser(): Browser is closed

2023-07-03 21:49:35 - [MESSAGE][PASSED] - Browser is closed]]></system-out>
         <system-err><![CDATA[]]></system-err>
      </testcase>
      <testcase name="Test Cases/KDS/TC_18_Find_Store_CHINA_Location" time="16.476" classname="Test Cases/KDS/TC_18_Find_Store_CHINA_Location" status="PASSED">
         <system-out><![CDATA[2023-07-03 21:49:35 - [TEST_CASE][PASSED] - Test Cases/KDS/TC_18_Find_Store_CHINA_Location: Test Cases/KDS/TC_18_Find_Store_CHINA_Location

2023-07-03 21:49:36 - [TEST_STEP][PASSED] - openBrowser(""): Browser is opened with url: ''

2023-07-03 21:49:36 - [MESSAGE][INFO] - Starting 'Firefox' driver

2023-07-03 21:49:36 - [MESSAGE][INFO] - Action delay is set to 0 milliseconds

2023-07-03 21:49:38 - [MESSAGE][PASSED] - Browser is opened with url: ''

2023-07-03 21:49:38 - [TEST_STEP][PASSED] - navigateToUrl("https://www.studiokohler.com/en-us/faqs"): Navigate to 'https://www.studiokohler.com/en-us/faqs' successfully

2023-07-03 21:49:43 - [MESSAGE][PASSED] - Navigate to 'https://www.studiokohler.com/en-us/faqs' successfully

2023-07-03 21:49:43 - [TEST_STEP][PASSED] - maximizeWindow(): Current window maximized

2023-07-03 21:49:44 - [MESSAGE][PASSED] - Current window maximized

2023-07-03 21:49:44 - [TEST_STEP][PASSED] - click(findTestObject("Object Repository/KSD/Page_Product FAQs/button_Accept All Cookies")): Object: 'Object Repository/KSD/Page_Product FAQs/button_Accept All Cookies' is clicked on

2023-07-03 21:49:45 - [MESSAGE][PASSED] - Object: 'Object Repository/KSD/Page_Product FAQs/button_Accept All Cookies' is clicked on

2023-07-03 21:49:45 - [TEST_STEP][PASSED] - click(findTestObject("Object Repository/KSD/Page_Product FAQs/i_OK_fal fa-map-marker-alt")): Object: 'Object Repository/KSD/Page_Product FAQs/i_OK_fal fa-map-marker-alt' is clicked on

2023-07-03 21:49:49 - [MESSAGE][PASSED] - Object: 'Object Repository/KSD/Page_Product FAQs/i_OK_fal fa-map-marker-alt' is clicked on

2023-07-03 21:49:49 - [TEST_STEP][PASSED] - click(findTestObject("Object Repository/KSD/Page_Find a KOHLER Store  Studio KOHLER/a_CHINA")): Object: 'Object Repository/KSD/Page_Find a KOHLER Store  Studio KOHLER/a_CHINA' is clicked on

2023-07-03 21:49:51 - [MESSAGE][PASSED] - Object: 'Object Repository/KSD/Page_Find a KOHLER Store  Studio KOHLER/a_CHINA' is clicked on

2023-07-03 21:49:51 - [TEST_STEP][PASSED] - verifyElementVisible(findTestObject("Object Repository/KSD/Page_Find a KOHLER Store  Studio KOHLER/span_CHINA")): Object 'Object Repository/KSD/Page_Find a KOHLER Store  Studio KOHLER/span_CHINA' is visible

2023-07-03 21:49:51 - [MESSAGE][PASSED] - Object 'Object Repository/KSD/Page_Find a KOHLER Store  Studio KOHLER/span_CHINA' is visible

2023-07-03 21:49:51 - [TEST_STEP][PASSED] - closeBrowser(): Browser is closed

2023-07-03 21:49:52 - [MESSAGE][PASSED] - Browser is closed]]></system-out>
         <system-err><![CDATA[]]></system-err>
      </testcase>
      <testcase name="Test Cases/KDS/TC_19_Find_Store_INDIA_Location" time="17.016" classname="Test Cases/KDS/TC_19_Find_Store_INDIA_Location" status="PASSED">
         <system-out><![CDATA[2023-07-03 21:49:52 - [TEST_CASE][PASSED] - Test Cases/KDS/TC_19_Find_Store_INDIA_Location: Test Cases/KDS/TC_19_Find_Store_INDIA_Location

2023-07-03 21:49:52 - [TEST_STEP][PASSED] - openBrowser(""): Browser is opened with url: ''

2023-07-03 21:49:52 - [MESSAGE][INFO] - Starting 'Firefox' driver

2023-07-03 21:49:52 - [MESSAGE][INFO] - Action delay is set to 0 milliseconds

2023-07-03 21:49:54 - [MESSAGE][PASSED] - Browser is opened with url: ''

2023-07-03 21:49:54 - [TEST_STEP][PASSED] - navigateToUrl("https://www.studiokohler.com/en-us/faqs"): Navigate to 'https://www.studiokohler.com/en-us/faqs' successfully

2023-07-03 21:50:00 - [MESSAGE][PASSED] - Navigate to 'https://www.studiokohler.com/en-us/faqs' successfully

2023-07-03 21:50:00 - [TEST_STEP][PASSED] - maximizeWindow(): Current window maximized

2023-07-03 21:50:01 - [MESSAGE][PASSED] - Current window maximized

2023-07-03 21:50:01 - [TEST_STEP][PASSED] - click(findTestObject("Object Repository/KSD/Page_Product FAQs/button_Accept All Cookies")): Object: 'Object Repository/KSD/Page_Product FAQs/button_Accept All Cookies' is clicked on

2023-07-03 21:50:02 - [MESSAGE][PASSED] - Object: 'Object Repository/KSD/Page_Product FAQs/button_Accept All Cookies' is clicked on

2023-07-03 21:50:02 - [TEST_STEP][PASSED] - click(findTestObject("Object Repository/KSD/Page_Product FAQs/i_OK_fal fa-map-marker-alt")): Object: 'Object Repository/KSD/Page_Product FAQs/i_OK_fal fa-map-marker-alt' is clicked on

2023-07-03 21:50:06 - [MESSAGE][PASSED] - Object: 'Object Repository/KSD/Page_Product FAQs/i_OK_fal fa-map-marker-alt' is clicked on

2023-07-03 21:50:06 - [TEST_STEP][PASSED] - click(findTestObject("Object Repository/KSD/Page_Find a KOHLER Store  Studio KOHLER/a_INDIA")): Object: 'Object Repository/KSD/Page_Find a KOHLER Store  Studio KOHLER/a_INDIA' is clicked on

2023-07-03 21:50:08 - [MESSAGE][PASSED] - Object: 'Object Repository/KSD/Page_Find a KOHLER Store  Studio KOHLER/a_INDIA' is clicked on

2023-07-03 21:50:08 - [TEST_STEP][PASSED] - verifyElementVisible(findTestObject("Object Repository/KSD/Page_Find a KOHLER Store  Studio KOHLER/span_INDIA")): Object 'Object Repository/KSD/Page_Find a KOHLER Store  Studio KOHLER/span_INDIA' is visible

2023-07-03 21:50:09 - [MESSAGE][PASSED] - Object 'Object Repository/KSD/Page_Find a KOHLER Store  Studio KOHLER/span_INDIA' is visible]]></system-out>
         <system-err><![CDATA[]]></system-err>
      </testcase>
      <testcase name="Test Cases/KDS/TC_20_Find_Store_PANAMA_Location" time="16.436" classname="Test Cases/KDS/TC_20_Find_Store_PANAMA_Location" status="PASSED">
         <system-out><![CDATA[2023-07-03 21:50:09 - [TEST_CASE][PASSED] - Test Cases/KDS/TC_20_Find_Store_PANAMA_Location: Test Cases/KDS/TC_20_Find_Store_PANAMA_Location

2023-07-03 21:50:09 - [TEST_STEP][PASSED] - openBrowser(""): Browser is opened with url: ''

2023-07-03 21:50:09 - [MESSAGE][WARNING] - A browser is already opened. Closing browser and opening a new one

2023-07-03 21:50:10 - [MESSAGE][INFO] - Starting 'Firefox' driver

2023-07-03 21:50:10 - [MESSAGE][INFO] - Action delay is set to 0 milliseconds

2023-07-03 21:50:12 - [MESSAGE][PASSED] - Browser is opened with url: ''

2023-07-03 21:50:12 - [TEST_STEP][PASSED] - navigateToUrl("https://www.studiokohler.com/en-us/faqs"): Navigate to 'https://www.studiokohler.com/en-us/faqs' successfully

2023-07-03 21:50:17 - [MESSAGE][PASSED] - Navigate to 'https://www.studiokohler.com/en-us/faqs' successfully

2023-07-03 21:50:17 - [TEST_STEP][PASSED] - maximizeWindow(): Current window maximized

2023-07-03 21:50:17 - [MESSAGE][PASSED] - Current window maximized

2023-07-03 21:50:17 - [TEST_STEP][PASSED] - click(findTestObject("Object Repository/KSD/Page_Product FAQs/button_Accept All Cookies")): Object: 'Object Repository/KSD/Page_Product FAQs/button_Accept All Cookies' is clicked on

2023-07-03 21:50:19 - [MESSAGE][PASSED] - Object: 'Object Repository/KSD/Page_Product FAQs/button_Accept All Cookies' is clicked on

2023-07-03 21:50:19 - [TEST_STEP][PASSED] - click(findTestObject("Object Repository/KSD/Page_Product FAQs/i_OK_fal fa-map-marker-alt")): Object: 'Object Repository/KSD/Page_Product FAQs/i_OK_fal fa-map-marker-alt' is clicked on

2023-07-03 21:50:23 - [MESSAGE][PASSED] - Object: 'Object Repository/KSD/Page_Product FAQs/i_OK_fal fa-map-marker-alt' is clicked on

2023-07-03 21:50:23 - [TEST_STEP][PASSED] - click(findTestObject("Object Repository/KSD/Page_Find a KOHLER Store  Studio KOHLER/a_PANAMA")): Object: 'Object Repository/KSD/Page_Find a KOHLER Store  Studio KOHLER/a_PANAMA' is clicked on

2023-07-03 21:50:24 - [MESSAGE][PASSED] - Object: 'Object Repository/KSD/Page_Find a KOHLER Store  Studio KOHLER/a_PANAMA' is clicked on

2023-07-03 21:50:24 - [TEST_STEP][PASSED] - verifyElementVisible(findTestObject("Object Repository/KSD/Page_Find a KOHLER Store  Studio KOHLER/span_PANAMA")): Object 'Object Repository/KSD/Page_Find a KOHLER Store  Studio KOHLER/span_PANAMA' is visible

2023-07-03 21:50:25 - [MESSAGE][PASSED] - Object 'Object Repository/KSD/Page_Find a KOHLER Store  Studio KOHLER/span_PANAMA' is visible]]></system-out>
         <system-err><![CDATA[]]></system-err>
      </testcase>
      <testcase name="Test Cases/KDS/TC_21_Find_Store_TAIWAN_Location" time="16.329" classname="Test Cases/KDS/TC_21_Find_Store_TAIWAN_Location" status="PASSED">
         <system-out><![CDATA[2023-07-03 21:50:25 - [TEST_CASE][PASSED] - Test Cases/KDS/TC_21_Find_Store_TAIWAN_Location: Test Cases/KDS/TC_21_Find_Store_TAIWAN_Location

2023-07-03 21:50:26 - [TEST_STEP][PASSED] - openBrowser(""): Browser is opened with url: ''

2023-07-03 21:50:26 - [MESSAGE][WARNING] - A browser is already opened. Closing browser and opening a new one

2023-07-03 21:50:26 - [MESSAGE][INFO] - Starting 'Firefox' driver

2023-07-03 21:50:26 - [MESSAGE][INFO] - Action delay is set to 0 milliseconds

2023-07-03 21:50:28 - [MESSAGE][PASSED] - Browser is opened with url: ''

2023-07-03 21:50:28 - [TEST_STEP][PASSED] - navigateToUrl("https://www.studiokohler.com/en-us/faqs"): Navigate to 'https://www.studiokohler.com/en-us/faqs' successfully

2023-07-03 21:50:32 - [MESSAGE][PASSED] - Navigate to 'https://www.studiokohler.com/en-us/faqs' successfully

2023-07-03 21:50:32 - [TEST_STEP][PASSED] - maximizeWindow(): Current window maximized

2023-07-03 21:50:32 - [MESSAGE][PASSED] - Current window maximized

2023-07-03 21:50:32 - [TEST_STEP][PASSED] - click(findTestObject("Object Repository/KSD/Page_Product FAQs/button_Accept All Cookies")): Object: 'Object Repository/KSD/Page_Product FAQs/button_Accept All Cookies' is clicked on

2023-07-03 21:50:35 - [MESSAGE][PASSED] - Object: 'Object Repository/KSD/Page_Product FAQs/button_Accept All Cookies' is clicked on

2023-07-03 21:50:35 - [TEST_STEP][PASSED] - click(findTestObject("Object Repository/KSD/Page_Product FAQs/i_OK_fal fa-map-marker-alt")): Object: 'Object Repository/KSD/Page_Product FAQs/i_OK_fal fa-map-marker-alt' is clicked on

2023-07-03 21:50:39 - [MESSAGE][PASSED] - Object: 'Object Repository/KSD/Page_Product FAQs/i_OK_fal fa-map-marker-alt' is clicked on

2023-07-03 21:50:39 - [TEST_STEP][PASSED] - click(findTestObject("Object Repository/KSD/Page_Find a KOHLER Store  Studio KOHLER/a_TAIWAN")): Object: 'Object Repository/KSD/Page_Find a KOHLER Store  Studio KOHLER/a_TAIWAN' is clicked on

2023-07-03 21:50:41 - [MESSAGE][PASSED] - Object: 'Object Repository/KSD/Page_Find a KOHLER Store  Studio KOHLER/a_TAIWAN' is clicked on

2023-07-03 21:50:41 - [TEST_STEP][PASSED] - verifyElementVisible(findTestObject("Object Repository/KSD/Page_Find a KOHLER Store  Studio KOHLER/span_TAIWAN")): Object 'Object Repository/KSD/Page_Find a KOHLER Store  Studio KOHLER/span_TAIWAN' is visible

2023-07-03 21:50:42 - [MESSAGE][PASSED] - Object 'Object Repository/KSD/Page_Find a KOHLER Store  Studio KOHLER/span_TAIWAN' is visible]]></system-out>
         <system-err><![CDATA[]]></system-err>
      </testcase>
      <testcase name="Test Cases/KDS/TC_22_Find_Store_THAILAND_Location" time="18.233" classname="Test Cases/KDS/TC_22_Find_Store_THAILAND_Location" status="FAILED">
         <failure type="FAILED" message="Test Cases/KDS/TC_22_Find_Store_THAILAND_Location FAILED.
Reason:
com.kms.katalon.core.exception.StepFailedException: Unable to verify object 'Object Repository/KSD/Page_Find a KOHLER Store  Studio KOHLER/span_THAILAND' is visible
	at com.kms.katalon.core.webui.keyword.internal.WebUIKeywordMain.stepFailed(WebUIKeywordMain.groovy:64)
	at com.kms.katalon.core.webui.keyword.internal.WebUIKeywordMain.runKeyword(WebUIKeywordMain.groovy:26)
	at com.kms.katalon.core.webui.keyword.builtin.VerifyElementVisibleKeyword.verifyElementVisible(VerifyElementVisibleKeyword.groovy:97)
	at com.kms.katalon.core.webui.keyword.builtin.VerifyElementVisibleKeyword.execute(VerifyElementVisibleKeyword.groovy:67)
	at com.kms.katalon.core.keyword.internal.KeywordExecutor.executeKeywordForPlatform(KeywordExecutor.groovy:74)
	at com.kms.katalon.core.webui.keyword.WebUiBuiltInKeywords.verifyElementVisible(WebUiBuiltInKeywords.groovy:376)
	at com.kms.katalon.core.webui.keyword.WebUiBuiltInKeywords$verifyElementVisible$5.call(Unknown Source)
	at TC_22_Find_Store_THAILAND_Location.run(TC_22_Find_Store_THAILAND_Location:32)
	at com.kms.katalon.core.main.ScriptEngine.run(ScriptEngine.java:194)
	at com.kms.katalon.core.main.ScriptEngine.runScriptAsRawText(ScriptEngine.java:119)
	at com.kms.katalon.core.main.TestCaseExecutor.runScript(TestCaseExecutor.java:448)
	at com.kms.katalon.core.main.TestCaseExecutor.doExecute(TestCaseExecutor.java:439)
	at com.kms.katalon.core.main.TestCaseExecutor.processExecutionPhase(TestCaseExecutor.java:418)
	at com.kms.katalon.core.main.TestCaseExecutor.accessMainPhase(TestCaseExecutor.java:410)
	at com.kms.katalon.core.main.TestCaseExecutor.execute(TestCaseExecutor.java:285)
	at com.kms.katalon.core.main.TestCaseExecutor.execute(TestCaseExecutor.java:369)
	at com.kms.katalon.core.main.TestCaseExecutor.execute(TestCaseExecutor.java:369)
	at com.kms.katalon.core.main.TestCaseExecutor.execute(TestCaseExecutor.java:369)
	at com.kms.katalon.core.common.CommonExecutor.accessTestCaseMainPhase(CommonExecutor.java:65)
	at com.kms.katalon.core.main.TestSuiteExecutor.accessTestSuiteMainPhase(TestSuiteExecutor.java:144)
	at com.kms.katalon.core.main.TestSuiteExecutor.execute(TestSuiteExecutor.java:106)
	at com.kms.katalon.core.main.TestCaseMain.startTestSuite(TestCaseMain.java:185)
	at com.kms.katalon.core.main.TestCaseMain$startTestSuite$0.call(Unknown Source)
	at TempTestSuite1688396251474.run(TempTestSuite1688396251474.groovy:36)
Caused by: com.kms.katalon.core.exception.StepFailedException: Object 'Object Repository/KSD/Page_Find a KOHLER Store  Studio KOHLER/span_THAILAND' is NOT visible
	at com.kms.katalon.core.webui.keyword.internal.WebUIKeywordMain.stepFailed(WebUIKeywordMain.groovy:64)
	at com.kms.katalon.core.webui.keyword.builtin.VerifyElementVisibleKeyword$_verifyElementVisible_closure1.doCall(VerifyElementVisibleKeyword.groovy:83)
	at com.kms.katalon.core.webui.keyword.builtin.VerifyElementVisibleKeyword$_verifyElementVisible_closure1.call(VerifyElementVisibleKeyword.groovy)
	at com.kms.katalon.core.webui.keyword.internal.WebUIKeywordMain.runKeyword(WebUIKeywordMain.groovy:20)
	... 22 more
"/>
         <system-out><![CDATA[2023-07-03 21:52:12 - [TEST_CASE][FAILED] - Test Cases/KDS/TC_22_Find_Store_THAILAND_Location: Test Cases/KDS/TC_22_Find_Store_THAILAND_Location FAILED.
Reason:
com.kms.katalon.core.exception.StepFailedException: Unable to verify object 'Object Repository/KSD/Page_Find a KOHLER Store  Studio KOHLER/span_THAILAND' is visible
	at com.kms.katalon.core.webui.keyword.internal.WebUIKeywordMain.stepFailed(WebUIKeywordMain.groovy:64)
	at com.kms.katalon.core.webui.keyword.internal.WebUIKeywordMain.runKeyword(WebUIKeywordMain.groovy:26)
	at com.kms.katalon.core.webui.keyword.builtin.VerifyElementVisibleKeyword.verifyElementVisible(VerifyElementVisibleKeyword.groovy:97)
	at com.kms.katalon.core.webui.keyword.builtin.VerifyElementVisibleKeyword.execute(VerifyElementVisibleKeyword.groovy:67)
	at com.kms.katalon.core.keyword.internal.KeywordExecutor.executeKeywordForPlatform(KeywordExecutor.groovy:74)
	at com.kms.katalon.core.webui.keyword.WebUiBuiltInKeywords.verifyElementVisible(WebUiBuiltInKeywords.groovy:376)
	at com.kms.katalon.core.webui.keyword.WebUiBuiltInKeywords$verifyElementVisible$5.call(Unknown Source)
	at TC_22_Find_Store_THAILAND_Location.run(TC_22_Find_Store_THAILAND_Location:32)
	at com.kms.katalon.core.main.ScriptEngine.run(ScriptEngine.java:194)
	at com.kms.katalon.core.main.ScriptEngine.runScriptAsRawText(ScriptEngine.java:119)
	at com.kms.katalon.core.main.TestCaseExecutor.runScript(TestCaseExecutor.java:448)
	at com.kms.katalon.core.main.TestCaseExecutor.doExecute(TestCaseExecutor.java:439)
	at com.kms.katalon.core.main.TestCaseExecutor.processExecutionPhase(TestCaseExecutor.java:418)
	at com.kms.katalon.core.main.TestCaseExecutor.accessMainPhase(TestCaseExecutor.java:410)
	at com.kms.katalon.core.main.TestCaseExecutor.execute(TestCaseExecutor.java:285)
	at com.kms.katalon.core.main.TestCaseExecutor.execute(TestCaseExecutor.java:369)
	at com.kms.katalon.core.main.TestCaseExecutor.execute(TestCaseExecutor.java:369)
	at com.kms.katalon.core.main.TestCaseExecutor.execute(TestCaseExecutor.java:369)
	at com.kms.katalon.core.common.CommonExecutor.accessTestCaseMainPhase(CommonExecutor.java:65)
	at com.kms.katalon.core.main.TestSuiteExecutor.accessTestSuiteMainPhase(TestSuiteExecutor.java:144)
	at com.kms.katalon.core.main.TestSuiteExecutor.execute(TestSuiteExecutor.java:106)
	at com.kms.katalon.core.main.TestCaseMain.startTestSuite(TestCaseMain.java:185)
	at com.kms.katalon.core.main.TestCaseMain$startTestSuite$0.call(Unknown Source)
	at TempTestSuite1688396251474.run(TempTestSuite1688396251474.groovy:36)
Caused by: com.kms.katalon.core.exception.StepFailedException: Object 'Object Repository/KSD/Page_Find a KOHLER Store  Studio KOHLER/span_THAILAND' is NOT visible
	at com.kms.katalon.core.webui.keyword.internal.WebUIKeywordMain.stepFailed(WebUIKeywordMain.groovy:64)
	at com.kms.katalon.core.webui.keyword.builtin.VerifyElementVisibleKeyword$_verifyElementVisible_closure1.doCall(VerifyElementVisibleKeyword.groovy:83)
	at com.kms.katalon.core.webui.keyword.builtin.VerifyElementVisibleKeyword$_verifyElementVisible_closure1.call(VerifyElementVisibleKeyword.groovy)
	at com.kms.katalon.core.webui.keyword.internal.WebUIKeywordMain.runKeyword(WebUIKeywordMain.groovy:20)
	... 22 more


2023-07-03 21:52:12 - [TEST_STEP][PASSED] - openBrowser(""): Browser is opened with url: ''

2023-07-03 21:52:12 - [MESSAGE][WARNING] - A browser is already opened. Closing browser and opening a new one

2023-07-03 21:52:12 - [MESSAGE][INFO] - Starting 'Firefox' driver

2023-07-03 21:52:12 - [MESSAGE][INFO] - Action delay is set to 0 milliseconds

2023-07-03 21:52:15 - [MESSAGE][PASSED] - Browser is opened with url: ''

2023-07-03 21:52:15 - [TEST_STEP][PASSED] - navigateToUrl("https://www.studiokohler.com/en-us/faqs"): Navigate to 'https://www.studiokohler.com/en-us/faqs' successfully

2023-07-03 21:52:20 - [MESSAGE][PASSED] - Navigate to 'https://www.studiokohler.com/en-us/faqs' successfully

2023-07-03 21:52:20 - [TEST_STEP][PASSED] - maximizeWindow(): Current window maximized

2023-07-03 21:52:21 - [MESSAGE][PASSED] - Current window maximized

2023-07-03 21:52:21 - [TEST_STEP][PASSED] - click(findTestObject("Object Repository/KSD/Page_Product FAQs/button_Accept All Cookies")): Object: 'Object Repository/KSD/Page_Product FAQs/button_Accept All Cookies' is clicked on

2023-07-03 21:52:23 - [MESSAGE][PASSED] - Object: 'Object Repository/KSD/Page_Product FAQs/button_Accept All Cookies' is clicked on

2023-07-03 21:52:23 - [TEST_STEP][PASSED] - click(findTestObject("Object Repository/KSD/Page_Product FAQs/i_OK_fal fa-map-marker-alt")): Object: 'Object Repository/KSD/Page_Product FAQs/i_OK_fal fa-map-marker-alt' is clicked on

2023-07-03 21:52:28 - [MESSAGE][PASSED] - Object: 'Object Repository/KSD/Page_Product FAQs/i_OK_fal fa-map-marker-alt' is clicked on

2023-07-03 21:52:28 - [TEST_STEP][PASSED] - click(findTestObject("Object Repository/KSD/Page_Find a KOHLER Store  Studio KOHLER/li_THAILAND")): Object: 'Object Repository/KSD/Page_Find a KOHLER Store  Studio KOHLER/li_THAILAND' is clicked on

2023-07-03 21:52:29 - [MESSAGE][PASSED] - Object: 'Object Repository/KSD/Page_Find a KOHLER Store  Studio KOHLER/li_THAILAND' is clicked on

2023-07-03 21:52:29 - [TEST_STEP][FAILED] - verifyElementVisible(findTestObject("Object Repository/KSD/Page_Find a KOHLER Store  Studio KOHLER/span_THAILAND")): Unable to verify object 'Object Repository/KSD/Page_Find a KOHLER Store  Studio KOHLER/span_THAILAND' is visible (Root cause: com.kms.katalon.core.exception.StepFailedException: Unable to verify object 'Object Repository/KSD/Page_Find a KOHLER Store  Studio KOHLER/span_THAILAND' is visible
	at com.kms.katalon.core.webui.keyword.internal.WebUIKeywordMain.stepFailed(WebUIKeywordMain.groovy:64)
	at com.kms.katalon.core.webui.keyword.internal.WebUIKeywordMain.runKeyword(WebUIKeywordMain.groovy:26)
	at com.kms.katalon.core.webui.keyword.builtin.VerifyElementVisibleKeyword.verifyElementVisible(VerifyElementVisibleKeyword.groovy:97)
	at com.kms.katalon.core.webui.keyword.builtin.VerifyElementVisibleKeyword.execute(VerifyElementVisibleKeyword.groovy:67)
	at com.kms.katalon.core.keyword.internal.KeywordExecutor.executeKeywordForPlatform(KeywordExecutor.groovy:74)
	at com.kms.katalon.core.webui.keyword.WebUiBuiltInKeywords.verifyElementVisible(WebUiBuiltInKeywords.groovy:376)
	at com.kms.katalon.core.webui.keyword.WebUiBuiltInKeywords$verifyElementVisible$5.call(Unknown Source)
	at TC_22_Find_Store_THAILAND_Location.run(TC_22_Find_Store_THAILAND_Location:32)
	at com.kms.katalon.core.main.ScriptEngine.run(ScriptEngine.java:194)
	at com.kms.katalon.core.main.ScriptEngine.runScriptAsRawText(ScriptEngine.java:119)
	at com.kms.katalon.core.main.TestCaseExecutor.runScript(TestCaseExecutor.java:448)
	at com.kms.katalon.core.main.TestCaseExecutor.doExecute(TestCaseExecutor.java:439)
	at com.kms.katalon.core.main.TestCaseExecutor.processExecutionPhase(TestCaseExecutor.java:418)
	at com.kms.katalon.core.main.TestCaseExecutor.accessMainPhase(TestCaseExecutor.java:410)
	at com.kms.katalon.core.main.TestCaseExecutor.execute(TestCaseExecutor.java:285)
	at com.kms.katalon.core.main.TestCaseExecutor.execute(TestCaseExecutor.java:369)
	at com.kms.katalon.core.main.TestCaseExecutor.execute(TestCaseExecutor.java:369)
	at com.kms.katalon.core.main.TestCaseExecutor.execute(TestCaseExecutor.java:369)
	at com.kms.katalon.core.common.CommonExecutor.accessTestCaseMainPhase(CommonExecutor.java:65)
	at com.kms.katalon.core.main.TestSuiteExecutor.accessTestSuiteMainPhase(TestSuiteExecutor.java:144)
	at com.kms.katalon.core.main.TestSuiteExecutor.execute(TestSuiteExecutor.java:106)
	at com.kms.katalon.core.main.TestCaseMain.startTestSuite(TestCaseMain.java:185)
	at com.kms.katalon.core.main.TestCaseMain$startTestSuite$0.call(Unknown Source)
	at TempTestSuite1688396251474.run(TempTestSuite1688396251474.groovy:36)
Caused by: com.kms.katalon.core.exception.StepFailedException: Object 'Object Repository/KSD/Page_Find a KOHLER Store  Studio KOHLER/span_THAILAND' is NOT visible
	at com.kms.katalon.core.webui.keyword.internal.WebUIKeywordMain.stepFailed(WebUIKeywordMain.groovy:64)
	at com.kms.katalon.core.webui.keyword.builtin.VerifyElementVisibleKeyword$_verifyElementVisible_closure1.doCall(VerifyElementVisibleKeyword.groovy:83)
	at com.kms.katalon.core.webui.keyword.builtin.VerifyElementVisibleKeyword$_verifyElementVisible_closure1.call(VerifyElementVisibleKeyword.groovy)
	at com.kms.katalon.core.webui.keyword.internal.WebUIKeywordMain.runKeyword(WebUIKeywordMain.groovy:20)
	... 22 more
)

2023-07-03 21:52:30 - [MESSAGE][FAILED] - Object 'Object Repository/KSD/Page_Find a KOHLER Store  Studio KOHLER/span_THAILAND' is NOT visible (Root cause: com.kms.katalon.core.exception.StepFailedException: Object 'Object Repository/KSD/Page_Find a KOHLER Store  Studio KOHLER/span_THAILAND' is NOT visible
	at com.kms.katalon.core.webui.keyword.internal.WebUIKeywordMain.stepFailed(WebUIKeywordMain.groovy:64)
	at com.kms.katalon.core.webui.keyword.builtin.VerifyElementVisibleKeyword$_verifyElementVisible_closure1.doCall(VerifyElementVisibleKeyword.groovy:83)
	at com.kms.katalon.core.webui.keyword.builtin.VerifyElementVisibleKeyword$_verifyElementVisible_closure1.call(VerifyElementVisibleKeyword.groovy)
	at com.kms.katalon.core.webui.keyword.internal.WebUIKeywordMain.runKeyword(WebUIKeywordMain.groovy:20)
	at com.kms.katalon.core.webui.keyword.builtin.VerifyElementVisibleKeyword.verifyElementVisible(VerifyElementVisibleKeyword.groovy:97)
	at com.kms.katalon.core.webui.keyword.builtin.VerifyElementVisibleKeyword.execute(VerifyElementVisibleKeyword.groovy:67)
	at com.kms.katalon.core.keyword.internal.KeywordExecutor.executeKeywordForPlatform(KeywordExecutor.groovy:74)
	at com.kms.katalon.core.webui.keyword.WebUiBuiltInKeywords.verifyElementVisible(WebUiBuiltInKeywords.groovy:376)
	at com.kms.katalon.core.webui.keyword.WebUiBuiltInKeywords$verifyElementVisible$5.call(Unknown Source)
	at TC_22_Find_Store_THAILAND_Location.run(TC_22_Find_Store_THAILAND_Location:32)
	at com.kms.katalon.core.main.ScriptEngine.run(ScriptEngine.java:194)
	at com.kms.katalon.core.main.ScriptEngine.runScriptAsRawText(ScriptEngine.java:119)
	at com.kms.katalon.core.main.TestCaseExecutor.runScript(TestCaseExecutor.java:448)
	at com.kms.katalon.core.main.TestCaseExecutor.doExecute(TestCaseExecutor.java:439)
	at com.kms.katalon.core.main.TestCaseExecutor.processExecutionPhase(TestCaseExecutor.java:418)
	at com.kms.katalon.core.main.TestCaseExecutor.accessMainPhase(TestCaseExecutor.java:410)
	at com.kms.katalon.core.main.TestCaseExecutor.execute(TestCaseExecutor.java:285)
	at com.kms.katalon.core.main.TestCaseExecutor.execute(TestCaseExecutor.java:369)
	at com.kms.katalon.core.main.TestCaseExecutor.execute(TestCaseExecutor.java:369)
	at com.kms.katalon.core.main.TestCaseExecutor.execute(TestCaseExecutor.java:369)
	at com.kms.katalon.core.common.CommonExecutor.accessTestCaseMainPhase(CommonExecutor.java:65)
	at com.kms.katalon.core.main.TestSuiteExecutor.accessTestSuiteMainPhase(TestSuiteExecutor.java:144)
	at com.kms.katalon.core.main.TestSuiteExecutor.execute(TestSuiteExecutor.java:106)
	at com.kms.katalon.core.main.TestCaseMain.startTestSuite(TestCaseMain.java:185)
	at com.kms.katalon.core.main.TestCaseMain$startTestSuite$0.call(Unknown Source)
	at TempTestSuite1688396251474.run(TempTestSuite1688396251474.groovy:36)
)
[[ATTACHMENT|/Users/bhushan/git/katalon/Reports/20230703_202728/KDS_Test_Suite/20230703_202731/1688401350275.png]]

2023-07-03 21:52:30 - [MESSAGE][FAILED] - Unable to verify object 'Object Repository/KSD/Page_Find a KOHLER Store  Studio KOHLER/span_THAILAND' is visible (Root cause: com.kms.katalon.core.exception.StepFailedException: Unable to verify object 'Object Repository/KSD/Page_Find a KOHLER Store  Studio KOHLER/span_THAILAND' is visible
	at com.kms.katalon.core.webui.keyword.internal.WebUIKeywordMain.stepFailed(WebUIKeywordMain.groovy:64)
	at com.kms.katalon.core.webui.keyword.internal.WebUIKeywordMain.runKeyword(WebUIKeywordMain.groovy:26)
	at com.kms.katalon.core.webui.keyword.builtin.VerifyElementVisibleKeyword.verifyElementVisible(VerifyElementVisibleKeyword.groovy:97)
	at com.kms.katalon.core.webui.keyword.builtin.VerifyElementVisibleKeyword.execute(VerifyElementVisibleKeyword.groovy:67)
	at com.kms.katalon.core.keyword.internal.KeywordExecutor.executeKeywordForPlatform(KeywordExecutor.groovy:74)
	at com.kms.katalon.core.webui.keyword.WebUiBuiltInKeywords.verifyElementVisible(WebUiBuiltInKeywords.groovy:376)
	at com.kms.katalon.core.webui.keyword.WebUiBuiltInKeywords$verifyElementVisible$5.call(Unknown Source)
	at TC_22_Find_Store_THAILAND_Location.run(TC_22_Find_Store_THAILAND_Location:32)
	at com.kms.katalon.core.main.ScriptEngine.run(ScriptEngine.java:194)
	at com.kms.katalon.core.main.ScriptEngine.runScriptAsRawText(ScriptEngine.java:119)
	at com.kms.katalon.core.main.TestCaseExecutor.runScript(TestCaseExecutor.java:448)
	at com.kms.katalon.core.main.TestCaseExecutor.doExecute(TestCaseExecutor.java:439)
	at com.kms.katalon.core.main.TestCaseExecutor.processExecutionPhase(TestCaseExecutor.java:418)
	at com.kms.katalon.core.main.TestCaseExecutor.accessMainPhase(TestCaseExecutor.java:410)
	at com.kms.katalon.core.main.TestCaseExecutor.execute(TestCaseExecutor.java:285)
	at com.kms.katalon.core.main.TestCaseExecutor.execute(TestCaseExecutor.java:369)
	at com.kms.katalon.core.main.TestCaseExecutor.execute(TestCaseExecutor.java:369)
	at com.kms.katalon.core.main.TestCaseExecutor.execute(TestCaseExecutor.java:369)
	at com.kms.katalon.core.common.CommonExecutor.accessTestCaseMainPhase(CommonExecutor.java:65)
	at com.kms.katalon.core.main.TestSuiteExecutor.accessTestSuiteMainPhase(TestSuiteExecutor.java:144)
	at com.kms.katalon.core.main.TestSuiteExecutor.execute(TestSuiteExecutor.java:106)
	at com.kms.katalon.core.main.TestCaseMain.startTestSuite(TestCaseMain.java:185)
	at com.kms.katalon.core.main.TestCaseMain$startTestSuite$0.call(Unknown Source)
	at TempTestSuite1688396251474.run(TempTestSuite1688396251474.groovy:36)
Caused by: com.kms.katalon.core.exception.StepFailedException: Object 'Object Repository/KSD/Page_Find a KOHLER Store  Studio KOHLER/span_THAILAND' is NOT visible
	at com.kms.katalon.core.webui.keyword.internal.WebUIKeywordMain.stepFailed(WebUIKeywordMain.groovy:64)
	at com.kms.katalon.core.webui.keyword.builtin.VerifyElementVisibleKeyword$_verifyElementVisible_closure1.doCall(VerifyElementVisibleKeyword.groovy:83)
	at com.kms.katalon.core.webui.keyword.builtin.VerifyElementVisibleKeyword$_verifyElementVisible_closure1.call(VerifyElementVisibleKeyword.groovy)
	at com.kms.katalon.core.webui.keyword.internal.WebUIKeywordMain.runKeyword(WebUIKeywordMain.groovy:20)
	... 22 more
)
[[ATTACHMENT|/Users/bhushan/git/katalon/Reports/20230703_202728/KDS_Test_Suite/20230703_202731/1688401350458.png]]]]></system-out>
         <system-err><![CDATA[2023-07-03 21:52:12 - [TEST_CASE][FAILED] - Test Cases/KDS/TC_22_Find_Store_THAILAND_Location: Test Cases/KDS/TC_22_Find_Store_THAILAND_Location FAILED.
Reason:
com.kms.katalon.core.exception.StepFailedException: Unable to verify object 'Object Repository/KSD/Page_Find a KOHLER Store  Studio KOHLER/span_THAILAND' is visible
	at com.kms.katalon.core.webui.keyword.internal.WebUIKeywordMain.stepFailed(WebUIKeywordMain.groovy:64)
	at com.kms.katalon.core.webui.keyword.internal.WebUIKeywordMain.runKeyword(WebUIKeywordMain.groovy:26)
	at com.kms.katalon.core.webui.keyword.builtin.VerifyElementVisibleKeyword.verifyElementVisible(VerifyElementVisibleKeyword.groovy:97)
	at com.kms.katalon.core.webui.keyword.builtin.VerifyElementVisibleKeyword.execute(VerifyElementVisibleKeyword.groovy:67)
	at com.kms.katalon.core.keyword.internal.KeywordExecutor.executeKeywordForPlatform(KeywordExecutor.groovy:74)
	at com.kms.katalon.core.webui.keyword.WebUiBuiltInKeywords.verifyElementVisible(WebUiBuiltInKeywords.groovy:376)
	at com.kms.katalon.core.webui.keyword.WebUiBuiltInKeywords$verifyElementVisible$5.call(Unknown Source)
	at TC_22_Find_Store_THAILAND_Location.run(TC_22_Find_Store_THAILAND_Location:32)
	at com.kms.katalon.core.main.ScriptEngine.run(ScriptEngine.java:194)
	at com.kms.katalon.core.main.ScriptEngine.runScriptAsRawText(ScriptEngine.java:119)
	at com.kms.katalon.core.main.TestCaseExecutor.runScript(TestCaseExecutor.java:448)
	at com.kms.katalon.core.main.TestCaseExecutor.doExecute(TestCaseExecutor.java:439)
	at com.kms.katalon.core.main.TestCaseExecutor.processExecutionPhase(TestCaseExecutor.java:418)
	at com.kms.katalon.core.main.TestCaseExecutor.accessMainPhase(TestCaseExecutor.java:410)
	at com.kms.katalon.core.main.TestCaseExecutor.execute(TestCaseExecutor.java:285)
	at com.kms.katalon.core.main.TestCaseExecutor.execute(TestCaseExecutor.java:369)
	at com.kms.katalon.core.main.TestCaseExecutor.execute(TestCaseExecutor.java:369)
	at com.kms.katalon.core.main.TestCaseExecutor.execute(TestCaseExecutor.java:369)
	at com.kms.katalon.core.common.CommonExecutor.accessTestCaseMainPhase(CommonExecutor.java:65)
	at com.kms.katalon.core.main.TestSuiteExecutor.accessTestSuiteMainPhase(TestSuiteExecutor.java:144)
	at com.kms.katalon.core.main.TestSuiteExecutor.execute(TestSuiteExecutor.java:106)
	at com.kms.katalon.core.main.TestCaseMain.startTestSuite(TestCaseMain.java:185)
	at com.kms.katalon.core.main.TestCaseMain$startTestSuite$0.call(Unknown Source)
	at TempTestSuite1688396251474.run(TempTestSuite1688396251474.groovy:36)
Caused by: com.kms.katalon.core.exception.StepFailedException: Object 'Object Repository/KSD/Page_Find a KOHLER Store  Studio KOHLER/span_THAILAND' is NOT visible
	at com.kms.katalon.core.webui.keyword.internal.WebUIKeywordMain.stepFailed(WebUIKeywordMain.groovy:64)
	at com.kms.katalon.core.webui.keyword.builtin.VerifyElementVisibleKeyword$_verifyElementVisible_closure1.doCall(VerifyElementVisibleKeyword.groovy:83)
	at com.kms.katalon.core.webui.keyword.builtin.VerifyElementVisibleKeyword$_verifyElementVisible_closure1.call(VerifyElementVisibleKeyword.groovy)
	at com.kms.katalon.core.webui.keyword.internal.WebUIKeywordMain.runKeyword(WebUIKeywordMain.groovy:20)
	... 22 more]]></system-err>
      </testcase>
      <testcase name="Test Cases/KDS/TC_23_Find_Store_UNITED_KINGDOM_Location" time="18.183" classname="Test Cases/KDS/TC_23_Find_Store_UNITED_KINGDOM_Location" status="PASSED">
         <system-out><![CDATA[2023-07-03 21:52:30 - [TEST_CASE][PASSED] - Test Cases/KDS/TC_23_Find_Store_UNITED_KINGDOM_Location: Test Cases/KDS/TC_23_Find_Store_UNITED_KINGDOM_Location

2023-07-03 21:52:30 - [TEST_STEP][PASSED] - openBrowser(""): Browser is opened with url: ''

2023-07-03 21:52:30 - [MESSAGE][WARNING] - A browser is already opened. Closing browser and opening a new one

2023-07-03 21:52:31 - [MESSAGE][INFO] - Starting 'Firefox' driver

2023-07-03 21:52:31 - [MESSAGE][INFO] - Action delay is set to 0 milliseconds

2023-07-03 21:52:33 - [MESSAGE][PASSED] - Browser is opened with url: ''

2023-07-03 21:52:33 - [TEST_STEP][PASSED] - navigateToUrl("https://www.studiokohler.com/en-us/faqs"): Navigate to 'https://www.studiokohler.com/en-us/faqs' successfully

2023-07-03 21:52:39 - [MESSAGE][PASSED] - Navigate to 'https://www.studiokohler.com/en-us/faqs' successfully

2023-07-03 21:52:39 - [TEST_STEP][PASSED] - maximizeWindow(): Current window maximized

2023-07-03 21:52:40 - [MESSAGE][PASSED] - Current window maximized

2023-07-03 21:52:40 - [TEST_STEP][PASSED] - click(findTestObject("Object Repository/KSD/Page_Product FAQs/button_Accept All Cookies")): Object: 'Object Repository/KSD/Page_Product FAQs/button_Accept All Cookies' is clicked on

2023-07-03 21:52:41 - [MESSAGE][PASSED] - Object: 'Object Repository/KSD/Page_Product FAQs/button_Accept All Cookies' is clicked on

2023-07-03 21:52:41 - [TEST_STEP][PASSED] - click(findTestObject("Object Repository/KSD/Page_Product FAQs/i_OK_fal fa-map-marker-alt")): Object: 'Object Repository/KSD/Page_Product FAQs/i_OK_fal fa-map-marker-alt' is clicked on

2023-07-03 21:52:46 - [MESSAGE][PASSED] - Object: 'Object Repository/KSD/Page_Product FAQs/i_OK_fal fa-map-marker-alt' is clicked on

2023-07-03 21:52:46 - [TEST_STEP][PASSED] - click(findTestObject("Object Repository/KSD/Page_Find a KOHLER Store  Studio KOHLER/a_UNITED KINGDOM")): Object: 'Object Repository/KSD/Page_Find a KOHLER Store  Studio KOHLER/a_UNITED KINGDOM' is clicked on

2023-07-03 21:52:47 - [MESSAGE][PASSED] - Object: 'Object Repository/KSD/Page_Find a KOHLER Store  Studio KOHLER/a_UNITED KINGDOM' is clicked on

2023-07-03 21:52:47 - [TEST_STEP][PASSED] - verifyElementVisible(findTestObject("Object Repository/KSD/Page_Find a KOHLER Store  Studio KOHLER/span_UNITED KINGDOM")): Object 'Object Repository/KSD/Page_Find a KOHLER Store  Studio KOHLER/span_UNITED KINGDOM' is visible

2023-07-03 21:52:48 - [MESSAGE][PASSED] - Object 'Object Repository/KSD/Page_Find a KOHLER Store  Studio KOHLER/span_UNITED KINGDOM' is visible]]></system-out>
         <system-err><![CDATA[]]></system-err>
      </testcase>
      <testcase name="Test Cases/KDS/TC_24_Find_Store_UNITED_STATES_Location" time="16.588" classname="Test Cases/KDS/TC_24_Find_Store_UNITED_STATES_Location" status="PASSED">
         <system-out><![CDATA[2023-07-03 21:52:48 - [TEST_CASE][PASSED] - Test Cases/KDS/TC_24_Find_Store_UNITED_STATES_Location: Test Cases/KDS/TC_24_Find_Store_UNITED_STATES_Location

2023-07-03 21:52:49 - [TEST_STEP][PASSED] - openBrowser(""): Browser is opened with url: ''

2023-07-03 21:52:49 - [MESSAGE][WARNING] - A browser is already opened. Closing browser and opening a new one

2023-07-03 21:52:49 - [MESSAGE][INFO] - Starting 'Firefox' driver

2023-07-03 21:52:49 - [MESSAGE][INFO] - Action delay is set to 0 milliseconds

2023-07-03 21:52:51 - [MESSAGE][PASSED] - Browser is opened with url: ''

2023-07-03 21:52:51 - [TEST_STEP][PASSED] - navigateToUrl("https://www.studiokohler.com/en-us/faqs"): Navigate to 'https://www.studiokohler.com/en-us/faqs' successfully

2023-07-03 21:52:56 - [MESSAGE][PASSED] - Navigate to 'https://www.studiokohler.com/en-us/faqs' successfully

2023-07-03 21:52:56 - [TEST_STEP][PASSED] - maximizeWindow(): Current window maximized

2023-07-03 21:52:56 - [MESSAGE][PASSED] - Current window maximized

2023-07-03 21:52:56 - [TEST_STEP][PASSED] - click(findTestObject("Object Repository/KSD/Page_Product FAQs/button_Accept All Cookies")): Object: 'Object Repository/KSD/Page_Product FAQs/button_Accept All Cookies' is clicked on

2023-07-03 21:52:58 - [MESSAGE][PASSED] - Object: 'Object Repository/KSD/Page_Product FAQs/button_Accept All Cookies' is clicked on

2023-07-03 21:52:58 - [TEST_STEP][PASSED] - click(findTestObject("Object Repository/KSD/Page_Product FAQs/i_OK_fal fa-map-marker-alt")): Object: 'Object Repository/KSD/Page_Product FAQs/i_OK_fal fa-map-marker-alt' is clicked on

2023-07-03 21:53:02 - [MESSAGE][PASSED] - Object: 'Object Repository/KSD/Page_Product FAQs/i_OK_fal fa-map-marker-alt' is clicked on

2023-07-03 21:53:02 - [TEST_STEP][PASSED] - click(findTestObject("Object Repository/KSD/Page_Find a KOHLER Store  Studio KOHLER/a_UNITED STATES")): Object: 'Object Repository/KSD/Page_Find a KOHLER Store  Studio KOHLER/a_UNITED STATES' is clicked on

2023-07-03 21:53:04 - [MESSAGE][PASSED] - Object: 'Object Repository/KSD/Page_Find a KOHLER Store  Studio KOHLER/a_UNITED STATES' is clicked on

2023-07-03 21:53:04 - [TEST_STEP][PASSED] - click(findTestObject("Object Repository/KSD/Page_Find a KOHLER Store  Studio KOHLER/span_UNITED STATES")): Object: 'Object Repository/KSD/Page_Find a KOHLER Store  Studio KOHLER/span_UNITED STATES' is clicked on

2023-07-03 21:53:05 - [MESSAGE][PASSED] - Object: 'Object Repository/KSD/Page_Find a KOHLER Store  Studio KOHLER/span_UNITED STATES' is clicked on

2023-07-03 21:53:05 - [TEST_STEP][PASSED] - verifyElementVisible(findTestObject("Object Repository/KSD/Page_Find a KOHLER Store  Studio KOHLER/span_UNITED STATES")): Object 'Object Repository/KSD/Page_Find a KOHLER Store  Studio KOHLER/span_UNITED STATES' is visible

2023-07-03 21:53:05 - [MESSAGE][PASSED] - Object 'Object Repository/KSD/Page_Find a KOHLER Store  Studio KOHLER/span_UNITED STATES' is visible]]></system-out>
         <system-err><![CDATA[]]></system-err>
      </testcase>
      <testcase name="Test Cases/KDS/TC_27_Footer_ContactUs_Link" time="18.546" classname="Test Cases/KDS/TC_27_Footer_ContactUs_Link" status="PASSED">
         <system-out><![CDATA[2023-07-03 21:53:05 - [TEST_CASE][PASSED] - Test Cases/KDS/TC_27_Footer_ContactUs_Link: Test Cases/KDS/TC_27_Footer_ContactUs_Link

2023-07-03 21:53:05 - [TEST_STEP][PASSED] - openBrowser(""): Browser is opened with url: ''

2023-07-03 21:53:05 - [MESSAGE][WARNING] - A browser is already opened. Closing browser and opening a new one

2023-07-03 21:53:06 - [MESSAGE][INFO] - Starting 'Firefox' driver

2023-07-03 21:53:06 - [MESSAGE][INFO] - Action delay is set to 0 milliseconds

2023-07-03 21:53:08 - [MESSAGE][PASSED] - Browser is opened with url: ''

2023-07-03 21:53:08 - [TEST_STEP][PASSED] - navigateToUrl("https://www.studiokohler.com/en-us/faqs"): Navigate to 'https://www.studiokohler.com/en-us/faqs' successfully

2023-07-03 21:53:14 - [MESSAGE][PASSED] - Navigate to 'https://www.studiokohler.com/en-us/faqs' successfully

2023-07-03 21:53:14 - [TEST_STEP][PASSED] - maximizeWindow(): Current window maximized

2023-07-03 21:53:14 - [MESSAGE][PASSED] - Current window maximized

2023-07-03 21:53:14 - [TEST_STEP][PASSED] - click(findTestObject("Object Repository/KSD/Page_Product FAQs/button_Accept All Cookies")): Object: 'Object Repository/KSD/Page_Product FAQs/button_Accept All Cookies' is clicked on

2023-07-03 21:53:16 - [MESSAGE][PASSED] - Object: 'Object Repository/KSD/Page_Product FAQs/button_Accept All Cookies' is clicked on

2023-07-03 21:53:16 - [TEST_STEP][PASSED] - verifyElementVisible(findTestObject("Object Repository/KSD/Page_Product FAQs/a_Contact Us")): Object 'Object Repository/KSD/Page_Product FAQs/a_Contact Us' is visible

2023-07-03 21:53:17 - [MESSAGE][PASSED] - Object 'Object Repository/KSD/Page_Product FAQs/a_Contact Us' is visible

2023-07-03 21:53:17 - [TEST_STEP][PASSED] - click(findTestObject("Object Repository/KSD/Page_Product FAQs/a_Contact Us")): Object: 'Object Repository/KSD/Page_Product FAQs/a_Contact Us' is clicked on

2023-07-03 21:53:23 - [MESSAGE][PASSED] - Object: 'Object Repository/KSD/Page_Product FAQs/a_Contact Us' is clicked on

2023-07-03 21:53:23 - [TEST_STEP][PASSED] - verifyElementVisible(findTestObject("Object Repository/KSD/Page_Contact KOHLER  Studio KOHLER/h1_Contact Us")): Object 'Object Repository/KSD/Page_Contact KOHLER  Studio KOHLER/h1_Contact Us' is visible

2023-07-03 21:53:24 - [MESSAGE][PASSED] - Object 'Object Repository/KSD/Page_Contact KOHLER  Studio KOHLER/h1_Contact Us' is visible]]></system-out>
         <system-err><![CDATA[]]></system-err>
      </testcase>
      <testcase name="Test Cases/KDS/TC_28_Foter_Sitemap_Link" time="16.353" classname="Test Cases/KDS/TC_28_Foter_Sitemap_Link" status="PASSED">
         <system-out><![CDATA[2023-07-03 21:53:24 - [TEST_CASE][PASSED] - Test Cases/KDS/TC_28_Foter_Sitemap_Link: Test Cases/KDS/TC_28_Foter_Sitemap_Link

2023-07-03 21:53:24 - [TEST_STEP][PASSED] - openBrowser(""): Browser is opened with url: ''

2023-07-03 21:53:24 - [MESSAGE][WARNING] - A browser is already opened. Closing browser and opening a new one

2023-07-03 21:53:24 - [MESSAGE][INFO] - Starting 'Firefox' driver

2023-07-03 21:53:24 - [MESSAGE][INFO] - Action delay is set to 0 milliseconds

2023-07-03 21:53:26 - [MESSAGE][PASSED] - Browser is opened with url: ''

2023-07-03 21:53:26 - [TEST_STEP][PASSED] - navigateToUrl("https://www.studiokohler.com/en-us/faqs"): Navigate to 'https://www.studiokohler.com/en-us/faqs' successfully

2023-07-03 21:53:32 - [MESSAGE][PASSED] - Navigate to 'https://www.studiokohler.com/en-us/faqs' successfully

2023-07-03 21:53:32 - [TEST_STEP][PASSED] - maximizeWindow(): Current window maximized

2023-07-03 21:53:32 - [MESSAGE][PASSED] - Current window maximized

2023-07-03 21:53:32 - [TEST_STEP][PASSED] - click(findTestObject("Object Repository/KSD/Page_Product FAQs/button_Accept All Cookies")): Object: 'Object Repository/KSD/Page_Product FAQs/button_Accept All Cookies' is clicked on

2023-07-03 21:53:34 - [MESSAGE][PASSED] - Object: 'Object Repository/KSD/Page_Product FAQs/button_Accept All Cookies' is clicked on

2023-07-03 21:53:34 - [TEST_STEP][PASSED] - verifyElementVisible(findTestObject("Object Repository/KSD/Page_Product FAQs/a_Sitemap")): Object 'Object Repository/KSD/Page_Product FAQs/a_Sitemap' is visible

2023-07-03 21:53:34 - [MESSAGE][PASSED] - Object 'Object Repository/KSD/Page_Product FAQs/a_Sitemap' is visible

2023-07-03 21:53:34 - [TEST_STEP][PASSED] - click(findTestObject("Object Repository/KSD/Page_Product FAQs/a_Sitemap")): Object: 'Object Repository/KSD/Page_Product FAQs/a_Sitemap' is clicked on

2023-07-03 21:53:39 - [MESSAGE][PASSED] - Object: 'Object Repository/KSD/Page_Product FAQs/a_Sitemap' is clicked on

2023-07-03 21:53:39 - [TEST_STEP][PASSED] - verifyElementVisible(findTestObject("Object Repository/KSD/Page_Site Map/h1_Site Map")): Object 'Object Repository/KSD/Page_Site Map/h1_Site Map' is visible

2023-07-03 21:53:40 - [MESSAGE][PASSED] - Object 'Object Repository/KSD/Page_Site Map/h1_Site Map' is visible]]></system-out>
         <system-err><![CDATA[]]></system-err>
      </testcase>
      <testcase name="Test Cases/KDS/TC_26_Footer_FAQs_Link" time="14.786" classname="Test Cases/KDS/TC_26_Footer_FAQs_Link" status="PASSED">
         <system-out><![CDATA[2023-07-03 21:53:40 - [TEST_CASE][PASSED] - Test Cases/KDS/TC_26_Footer_FAQs_Link: Test Cases/KDS/TC_26_Footer_FAQs_Link

2023-07-03 21:53:40 - [TEST_STEP][PASSED] - openBrowser(""): Browser is opened with url: ''

2023-07-03 21:53:40 - [MESSAGE][WARNING] - A browser is already opened. Closing browser and opening a new one

2023-07-03 21:53:41 - [MESSAGE][INFO] - Starting 'Firefox' driver

2023-07-03 21:53:41 - [MESSAGE][INFO] - Action delay is set to 0 milliseconds

2023-07-03 21:53:43 - [MESSAGE][PASSED] - Browser is opened with url: ''

2023-07-03 21:53:43 - [TEST_STEP][PASSED] - navigateToUrl("https://www.studiokohler.com/en-us/faqs"): Navigate to 'https://www.studiokohler.com/en-us/faqs' successfully

2023-07-03 21:53:48 - [MESSAGE][PASSED] - Navigate to 'https://www.studiokohler.com/en-us/faqs' successfully

2023-07-03 21:53:48 - [TEST_STEP][PASSED] - maximizeWindow(): Current window maximized

2023-07-03 21:53:48 - [MESSAGE][PASSED] - Current window maximized

2023-07-03 21:53:48 - [TEST_STEP][PASSED] - click(findTestObject("Object Repository/KSD/Page_Product FAQs/button_Accept All Cookies")): Object: 'Object Repository/KSD/Page_Product FAQs/button_Accept All Cookies' is clicked on

2023-07-03 21:53:50 - [MESSAGE][PASSED] - Object: 'Object Repository/KSD/Page_Product FAQs/button_Accept All Cookies' is clicked on

2023-07-03 21:53:50 - [TEST_STEP][PASSED] - verifyElementVisible(findTestObject("Object Repository/KSD/Page_Product FAQs/a_FAQs")): Object 'Object Repository/KSD/Page_Product FAQs/a_FAQs' is visible

2023-07-03 21:53:51 - [MESSAGE][PASSED] - Object 'Object Repository/KSD/Page_Product FAQs/a_FAQs' is visible

2023-07-03 21:53:51 - [TEST_STEP][PASSED] - click(findTestObject("Object Repository/KSD/Page_Product FAQs/a_FAQs")): Object: 'Object Repository/KSD/Page_Product FAQs/a_FAQs' is clicked on

2023-07-03 21:53:53 - [MESSAGE][PASSED] - Object: 'Object Repository/KSD/Page_Product FAQs/a_FAQs' is clicked on

2023-07-03 21:53:53 - [TEST_STEP][PASSED] - verifyElementVisible(findTestObject("Object Repository/KSD/Page_Product FAQs/h1_Product FAQs")): Object 'Object Repository/KSD/Page_Product FAQs/h1_Product FAQs' is visible

2023-07-03 21:53:55 - [MESSAGE][PASSED] - Object 'Object Repository/KSD/Page_Product FAQs/h1_Product FAQs' is visible]]></system-out>
         <system-err><![CDATA[]]></system-err>
      </testcase>
      <testcase name="Test Cases/KDS/TC_25_ Footer_Press_Room_Link" time="16.249" classname="Test Cases/KDS/TC_25_ Footer_Press_Room_Link" status="PASSED">
         <system-out><![CDATA[2023-07-03 21:53:55 - [TEST_CASE][PASSED] - Test Cases/KDS/TC_25_ Footer_Press_Room_Link: Test Cases/KDS/TC_25_ Footer_Press_Room_Link

2023-07-03 21:53:55 - [TEST_STEP][PASSED] - openBrowser(""): Browser is opened with url: ''

2023-07-03 21:53:55 - [MESSAGE][WARNING] - A browser is already opened. Closing browser and opening a new one

2023-07-03 21:53:55 - [MESSAGE][INFO] - Starting 'Firefox' driver

2023-07-03 21:53:55 - [MESSAGE][INFO] - Action delay is set to 0 milliseconds

2023-07-03 21:53:57 - [MESSAGE][PASSED] - Browser is opened with url: ''

2023-07-03 21:53:57 - [TEST_STEP][PASSED] - navigateToUrl("https://www.studiokohler.com/en-us/faqs"): Navigate to 'https://www.studiokohler.com/en-us/faqs' successfully

2023-07-03 21:54:03 - [MESSAGE][PASSED] - Navigate to 'https://www.studiokohler.com/en-us/faqs' successfully

2023-07-03 21:54:03 - [TEST_STEP][PASSED] - maximizeWindow(): Current window maximized

2023-07-03 21:54:03 - [MESSAGE][PASSED] - Current window maximized

2023-07-03 21:54:03 - [TEST_STEP][PASSED] - click(findTestObject("Object Repository/KSD/Page_Product FAQs/button_Accept All Cookies")): Object: 'Object Repository/KSD/Page_Product FAQs/button_Accept All Cookies' is clicked on

2023-07-03 21:54:05 - [MESSAGE][PASSED] - Object: 'Object Repository/KSD/Page_Product FAQs/button_Accept All Cookies' is clicked on

2023-07-03 21:54:05 - [TEST_STEP][PASSED] - verifyElementVisible(findTestObject("Object Repository/KSD/Page_Product FAQs/a_Press Room")): Object 'Object Repository/KSD/Page_Product FAQs/a_Press Room' is visible

2023-07-03 21:54:06 - [MESSAGE][PASSED] - Object 'Object Repository/KSD/Page_Product FAQs/a_Press Room' is visible

2023-07-03 21:54:06 - [TEST_STEP][PASSED] - click(findTestObject("Object Repository/KSD/Page_Product FAQs/a_Press Room")): Object: 'Object Repository/KSD/Page_Product FAQs/a_Press Room' is clicked on

2023-07-03 21:54:09 - [MESSAGE][PASSED] - Object: 'Object Repository/KSD/Page_Product FAQs/a_Press Room' is clicked on

2023-07-03 21:54:09 - [TEST_STEP][PASSED] - verifyElementVisible(findTestObject("Object Repository/KSD/Page_Press Room/h1_Press Room")): Object 'Object Repository/KSD/Page_Press Room/h1_Press Room' is visible

2023-07-03 21:54:11 - [MESSAGE][PASSED] - Object 'Object Repository/KSD/Page_Press Room/h1_Press Room' is visible

2023-07-03 21:54:11 - [TEST_STEP][PASSED] - getUrl(): Current window's url is: 'https://www.studiokohler.com/en-us/pressroom'

2023-07-03 21:54:11 - [MESSAGE][PASSED] - Current window's url is: 'https://www.studiokohler.com/en-us/pressroom']]></system-out>
         <system-err><![CDATA[]]></system-err>
      </testcase>
      <system-out><![CDATA[2023-07-03 20:29:35 - [TEST_SUITE][FAILED] - KDS_Test_Suite: Test Cases/KDS/TC_13_Check_Create_New_Folder FAILED.
Reason:
com.kms.katalon.core.exception.StepFailedException: Unable to click on object 'Object Repository/KSD/Page_Product FAQs/button_Accept All Cookies'
	at com.kms.katalon.core.webui.keyword.internal.WebUIKeywordMain.stepFailed(WebUIKeywordMain.groovy:64)
	at com.kms.katalon.core.webui.keyword.internal.WebUIKeywordMain.runKeyword(WebUIKeywordMain.groovy:26)
	at com.kms.katalon.core.webui.keyword.builtin.ClickKeyword.click(ClickKeyword.groovy:74)
	at com.kms.katalon.core.webui.keyword.builtin.ClickKeyword.execute(ClickKeyword.groovy:40)
	at com.kms.katalon.core.keyword.internal.KeywordExecutor.executeKeywordForPlatform(KeywordExecutor.groovy:74)
	at com.kms.katalon.core.webui.keyword.WebUiBuiltInKeywords.click(WebUiBuiltInKeywords.groovy:620)
	at com.kms.katalon.core.webui.keyword.WebUiBuiltInKeywords$click$2.call(Unknown Source)
	at TC_13_Check_Create_New_Folder.run(TC_13_Check_Create_New_Folder:22)
	at com.kms.katalon.core.main.ScriptEngine.run(ScriptEngine.java:194)
	at com.kms.katalon.core.main.ScriptEngine.runScriptAsRawText(ScriptEngine.java:119)
	at com.kms.katalon.core.main.TestCaseExecutor.runScript(TestCaseExecutor.java:448)
	at com.kms.katalon.core.main.TestCaseExecutor.doExecute(TestCaseExecutor.java:439)
	at com.kms.katalon.core.main.TestCaseExecutor.processExecutionPhase(TestCaseExecutor.java:418)
	at com.kms.katalon.core.main.TestCaseExecutor.accessMainPhase(TestCaseExecutor.java:410)
	at com.kms.katalon.core.main.TestCaseExecutor.execute(TestCaseExecutor.java:285)
	at com.kms.katalon.core.common.CommonExecutor.accessTestCaseMainPhase(CommonExecutor.java:65)
	at com.kms.katalon.core.main.TestSuiteExecutor.accessTestSuiteMainPhase(TestSuiteExecutor.java:144)
	at com.kms.katalon.core.main.TestSuiteExecutor.execute(TestSuiteExecutor.java:106)
	at com.kms.katalon.core.main.TestCaseMain.startTestSuite(TestCaseMain.java:185)
	at com.kms.katalon.core.main.TestCaseMain$startTestSuite$0.call(Unknown Source)
	at TempTestSuite1688396251474.run(TempTestSuite1688396251474.groovy:36)
Caused by: org.openqa.selenium.StaleElementReferenceException: The element reference of <button id="onetrust-accept-btn-handler"> is stale; either the element is no longer attached to the DOM, it is not in the current frame context, or the document has been refreshed
For documentation on this error, please visit: https://www.seleniumhq.org/exceptions/stale_element_reference.html
Build info: version: '3.141.59', revision: 'e82be7d358', time: '2018-11-14T08:25:53'
System info: host: 'LFVFDP7QZQ05F', ip: '2402:e280:3e1f:83a:a58f:5b8:ea22:121d%en0', os.name: 'Mac OS X', os.arch: 'x86_64', os.version: '10.16', java.version: '1.8.0_275'
Driver info: com.kms.katalon.core.webui.driver.firefox.CGeckoDriver
Capabilities {acceptInsecureCerts: true, browserName: firefox, browserVersion: 109.0, javascriptEnabled: true, moz:accessibilityChecks: false, moz:buildID: 20230112150232, moz:geckodriverVersion: 0.31.0, moz:headless: false, moz:platformVersion: 22.3.0, moz:processID: 4105, moz:profile: /var/folders/q6/07nb12x55bq..., moz:shutdownTimeout: 60000, moz:useNonSpecCompliantPointerOrigin: false, moz:webdriverClick: true, moz:windowless: false, pageLoadStrategy: normal, platform: MAC, platformName: MAC, proxy: Proxy(direct), setWindowRect: true, strictFileInteractability: false, timeouts: {implicit: 0, pageLoad: 300000, script: 30000}, unhandledPromptBehavior: dismiss and notify}
Session ID: db5c2ac6-8aa7-4997-8bb8-102015e063ee
	at org.openqa.selenium.remote.http.W3CHttpResponseCodec.createException(W3CHttpResponseCodec.java:187)
	at org.openqa.selenium.remote.http.W3CHttpResponseCodec.decode(W3CHttpResponseCodec.java:122)
	at org.openqa.selenium.remote.http.W3CHttpResponseCodec.decode(W3CHttpResponseCodec.java:49)
	at org.openqa.selenium.remote.HttpCommandExecutor.execute(HttpCommandExecutor.java:158)
	at org.openqa.selenium.remote.service.DriverCommandExecutor.execute(DriverCommandExecutor.java:83)
	at org.openqa.selenium.remote.RemoteWebDriver.execute(RemoteWebDriver.java:552)
	at com.kms.katalon.selenium.driver.CFirefoxDriver.execute(CFirefoxDriver.java:27)
	at org.openqa.selenium.remote.RemoteWebElement.execute(RemoteWebElement.java:285)
	at org.openqa.selenium.remote.RemoteWebElement.click(RemoteWebElement.java:84)
	at org.openqa.selenium.support.events.EventFiringWebDriver$EventFiringWebElement.lambda$new$0(EventFiringWebDriver.java:404)
	at com.sun.proxy.$Proxy11.click(Unknown Source)
	at org.openqa.selenium.support.events.EventFiringWebDriver$EventFiringWebElement.click(EventFiringWebDriver.java:417)
	at org.openqa.selenium.WebElement$click.call(Unknown Source)
	at com.kms.katalon.core.webui.keyword.builtin.ClickKeyword.clickUntilSuccessWithTimeout(ClickKeyword.groovy:81)
	at com.kms.katalon.core.webui.keyword.builtin.ClickKeyword.clickUntilSuccessWithTimeout(ClickKeyword.groovy)
	at com.kms.katalon.core.webui.keyword.builtin.ClickKeyword$_click_closure1.doCall(ClickKeyword.groovy:67)
	at com.kms.katalon.core.webui.keyword.builtin.ClickKeyword$_click_closure1.call(ClickKeyword.groovy)
	at com.kms.katalon.core.webui.keyword.internal.WebUIKeywordMain.runKeyword(WebUIKeywordMain.groovy:20)
	... 19 more]]></system-out>
      <system-err><![CDATA[2023-07-03 20:29:35 - [TEST_SUITE][FAILED] - KDS_Test_Suite: Test Cases/KDS/TC_13_Check_Create_New_Folder FAILED.
Reason:
com.kms.katalon.core.exception.StepFailedException: Unable to click on object 'Object Repository/KSD/Page_Product FAQs/button_Accept All Cookies'
	at com.kms.katalon.core.webui.keyword.internal.WebUIKeywordMain.stepFailed(WebUIKeywordMain.groovy:64)
	at com.kms.katalon.core.webui.keyword.internal.WebUIKeywordMain.runKeyword(WebUIKeywordMain.groovy:26)
	at com.kms.katalon.core.webui.keyword.builtin.ClickKeyword.click(ClickKeyword.groovy:74)
	at com.kms.katalon.core.webui.keyword.builtin.ClickKeyword.execute(ClickKeyword.groovy:40)
	at com.kms.katalon.core.keyword.internal.KeywordExecutor.executeKeywordForPlatform(KeywordExecutor.groovy:74)
	at com.kms.katalon.core.webui.keyword.WebUiBuiltInKeywords.click(WebUiBuiltInKeywords.groovy:620)
	at com.kms.katalon.core.webui.keyword.WebUiBuiltInKeywords$click$2.call(Unknown Source)
	at TC_13_Check_Create_New_Folder.run(TC_13_Check_Create_New_Folder:22)
	at com.kms.katalon.core.main.ScriptEngine.run(ScriptEngine.java:194)
	at com.kms.katalon.core.main.ScriptEngine.runScriptAsRawText(ScriptEngine.java:119)
	at com.kms.katalon.core.main.TestCaseExecutor.runScript(TestCaseExecutor.java:448)
	at com.kms.katalon.core.main.TestCaseExecutor.doExecute(TestCaseExecutor.java:439)
	at com.kms.katalon.core.main.TestCaseExecutor.processExecutionPhase(TestCaseExecutor.java:418)
	at com.kms.katalon.core.main.TestCaseExecutor.accessMainPhase(TestCaseExecutor.java:410)
	at com.kms.katalon.core.main.TestCaseExecutor.execute(TestCaseExecutor.java:285)
	at com.kms.katalon.core.common.CommonExecutor.accessTestCaseMainPhase(CommonExecutor.java:65)
	at com.kms.katalon.core.main.TestSuiteExecutor.accessTestSuiteMainPhase(TestSuiteExecutor.java:144)
	at com.kms.katalon.core.main.TestSuiteExecutor.execute(TestSuiteExecutor.java:106)
	at com.kms.katalon.core.main.TestCaseMain.startTestSuite(TestCaseMain.java:185)
	at com.kms.katalon.core.main.TestCaseMain$startTestSuite$0.call(Unknown Source)
	at TempTestSuite1688396251474.run(TempTestSuite1688396251474.groovy:36)
Caused by: org.openqa.selenium.StaleElementReferenceException: The element reference of <button id="onetrust-accept-btn-handler"> is stale; either the element is no longer attached to the DOM, it is not in the current frame context, or the document has been refreshed
For documentation on this error, please visit: https://www.seleniumhq.org/exceptions/stale_element_reference.html
Build info: version: '3.141.59', revision: 'e82be7d358', time: '2018-11-14T08:25:53'
System info: host: 'LFVFDP7QZQ05F', ip: '2402:e280:3e1f:83a:a58f:5b8:ea22:121d%en0', os.name: 'Mac OS X', os.arch: 'x86_64', os.version: '10.16', java.version: '1.8.0_275'
Driver info: com.kms.katalon.core.webui.driver.firefox.CGeckoDriver
Capabilities {acceptInsecureCerts: true, browserName: firefox, browserVersion: 109.0, javascriptEnabled: true, moz:accessibilityChecks: false, moz:buildID: 20230112150232, moz:geckodriverVersion: 0.31.0, moz:headless: false, moz:platformVersion: 22.3.0, moz:processID: 4105, moz:profile: /var/folders/q6/07nb12x55bq..., moz:shutdownTimeout: 60000, moz:useNonSpecCompliantPointerOrigin: false, moz:webdriverClick: true, moz:windowless: false, pageLoadStrategy: normal, platform: MAC, platformName: MAC, proxy: Proxy(direct), setWindowRect: true, strictFileInteractability: false, timeouts: {implicit: 0, pageLoad: 300000, script: 30000}, unhandledPromptBehavior: dismiss and notify}
Session ID: db5c2ac6-8aa7-4997-8bb8-102015e063ee
	at org.openqa.selenium.remote.http.W3CHttpResponseCodec.createException(W3CHttpResponseCodec.java:187)
	at org.openqa.selenium.remote.http.W3CHttpResponseCodec.decode(W3CHttpResponseCodec.java:122)
	at org.openqa.selenium.remote.http.W3CHttpResponseCodec.decode(W3CHttpResponseCodec.java:49)
	at org.openqa.selenium.remote.HttpCommandExecutor.execute(HttpCommandExecutor.java:158)
	at org.openqa.selenium.remote.service.DriverCommandExecutor.execute(DriverCommandExecutor.java:83)
	at org.openqa.selenium.remote.RemoteWebDriver.execute(RemoteWebDriver.java:552)
	at com.kms.katalon.selenium.driver.CFirefoxDriver.execute(CFirefoxDriver.java:27)
	at org.openqa.selenium.remote.RemoteWebElement.execute(RemoteWebElement.java:285)
	at org.openqa.selenium.remote.RemoteWebElement.click(RemoteWebElement.java:84)
	at org.openqa.selenium.support.events.EventFiringWebDriver$EventFiringWebElement.lambda$new$0(EventFiringWebDriver.java:404)
	at com.sun.proxy.$Proxy11.click(Unknown Source)
	at org.openqa.selenium.support.events.EventFiringWebDriver$EventFiringWebElement.click(EventFiringWebDriver.java:417)
	at org.openqa.selenium.WebElement$click.call(Unknown Source)
	at com.kms.katalon.core.webui.keyword.builtin.ClickKeyword.clickUntilSuccessWithTimeout(ClickKeyword.groovy:81)
	at com.kms.katalon.core.webui.keyword.builtin.ClickKeyword.clickUntilSuccessWithTimeout(ClickKeyword.groovy)
	at com.kms.katalon.core.webui.keyword.builtin.ClickKeyword$_click_closure1.doCall(ClickKeyword.groovy:67)
	at com.kms.katalon.core.webui.keyword.builtin.ClickKeyword$_click_closure1.call(ClickKeyword.groovy)
	at com.kms.katalon.core.webui.keyword.internal.WebUIKeywordMain.runKeyword(WebUIKeywordMain.groovy:20)
	... 19 more]]></system-err>
   </testsuite>
</testsuites>
