<?xml version="1.0" encoding="UTF-8"?>
<testsuites name="KDS_Test_Suite" time="2793.669" tests="17" failures="1" errors="0">
   <testsuite name="KDS_Test_Suite" tests="17" failures="1" errors="0" time="2793.669" skipped="0" timestamp="2023-06-28 13:48:40" hostname="bhushan - 192.168.1.13" id="Test Suites/KDS_Test_Suite">
      <properties>
         <property name="deviceName" value=""/>
         <property name="devicePlatform" value=""/>
         <property name="logFolder" value="/Users/bhushan/git/katalon/Reports/20230628_134835/KDS_Test_Suite/20230628_134835"/>
         <property name="logFiles" value="/Users/bhushan/git/katalon/Reports/20230628_134835/KDS_Test_Suite/20230628_134835/execution0.log"/>
         <property name="attachments" value="/Users/bhushan/git/katalon/Reports/20230628_134835/KDS_Test_Suite/20230628_134835/1687941127309.png, /Users/bhushan/git/katalon/Reports/20230628_134835/KDS_Test_Suite/20230628_134835/1687941127820.png, /Users/bhushan/git/katalon/Reports/20230628_134835/KDS_Test_Suite/20230628_134835/1687941215785.png, /Users/bhushan/git/katalon/Reports/20230628_134835/KDS_Test_Suite/20230628_134835/1687941216352.png, /Users/bhushan/git/katalon/Reports/20230628_134835/KDS_Test_Suite/20230628_134835/1687941303376.png, /Users/bhushan/git/katalon/Reports/20230628_134835/KDS_Test_Suite/20230628_134835/1687941303678.png, /Users/bhushan/git/katalon/Reports/20230628_134835/KDS_Test_Suite/20230628_134835/1687941389729.png, /Users/bhushan/git/katalon/Reports/20230628_134835/KDS_Test_Suite/20230628_134835/1687941390538.png"/>
         <property name="hostName" value="bhushan - 192.168.1.13"/>
         <property name="os" value="Mac OS X 64bit"/>
         <property name="katalonVersion" value="8.4.1.208"/>
         <property name="browser" value="Chrome 114.0.0.0"/>
         <property name="hostAddress" value="192.168.1.13"/>
         <property name="sessionId" value="180b1bcf55fde762e0a62541dc911dbb"/>
         <property name="seleniumVersion" value="3.141.59"/>
         <property name="proxyInformation" value="ProxyInformation { proxyOption=NO_PROXY, proxyServerType=HTTP, username=, password=********, proxyServerAddress=, proxyServerPort=0, executionList=&quot;&quot;, isApplyToDesiredCapabilities=true }"/>
         <property name="platform" value="Mac OS X"/>
      </properties>
      <testcase name="Test Cases/KDS/TC_01_Login" time="158.184" classname="Test Cases/KDS/TC_01_Login" status="PASSED">
         <system-out><![CDATA[2023-06-28 13:48:40 - [TEST_CASE][PASSED] - Test Cases/KDS/TC_01_Login: Test Cases/KDS/TC_01_Login

2023-06-28 13:48:41 - [TEST_STEP][PASSED] - openBrowser(""): Browser is opened with url: ''

2023-06-28 13:48:41 - [MESSAGE][INFO] - Starting 'Chrome' driver

2023-06-28 13:48:41 - [MESSAGE][INFO] - Action delay is set to 0 milliseconds

2023-06-28 13:48:50 - [MESSAGE][PASSED] - Browser is opened with url: ''

2023-06-28 13:48:50 - [TEST_STEP][PASSED] - navigateToUrl("https://www.studiokohler.com/en-us/faqs"): Navigate to 'https://www.studiokohler.com/en-us/faqs' successfully

2023-06-28 13:50:05 - [MESSAGE][PASSED] - Navigate to 'https://www.studiokohler.com/en-us/faqs' successfully

2023-06-28 13:50:05 - [TEST_STEP][PASSED] - maximizeWindow(): Current window maximized

2023-06-28 13:50:06 - [MESSAGE][PASSED] - Current window maximized

2023-06-28 13:50:06 - [TEST_STEP][PASSED] - click(findTestObject("Object Repository/KSD/Page_Product FAQs/i_OK_fal fa-user")): Object: 'Object Repository/KSD/Page_Product FAQs/i_OK_fal fa-user' is clicked on

2023-06-28 13:50:14 - [MESSAGE][PASSED] - Object: 'Object Repository/KSD/Page_Product FAQs/i_OK_fal fa-user' is clicked on

2023-06-28 13:50:14 - [TEST_STEP][PASSED] - setText(findTestObject("Object Repository/KSD/Page_Product FAQs/input_E-mail Address_nav-user-email"), "Bhushan.borse@kohler.com"): Text 'Bhushan.borse@kohler.com' is set on object 'Object Repository/KSD/Page_Product FAQs/input_E-mail Address_nav-user-email'

2023-06-28 13:50:20 - [MESSAGE][PASSED] - Text 'Bhushan.borse@kohler.com' is set on object 'Object Repository/KSD/Page_Product FAQs/input_E-mail Address_nav-user-email'

2023-06-28 13:50:20 - [TEST_STEP][PASSED] - setEncryptedText(findTestObject("Object Repository/KSD/Page_Product FAQs/input_Password_nav-user-password"), "UkTT/T5uWxEyt5z+WbCT2w=="): Text ****** has been set on object 'Object Repository/KSD/Page_Product FAQs/input_Password_nav-user-password'

2023-06-28 13:50:22 - [MESSAGE][PASSED] - Text ****** has been set on object 'Object Repository/KSD/Page_Product FAQs/input_Password_nav-user-password'

2023-06-28 13:50:22 - [TEST_STEP][PASSED] - click(findTestObject("Object Repository/KSD/Page_Product FAQs/button_Sign In")): Object: 'Object Repository/KSD/Page_Product FAQs/button_Sign In' is clicked on

2023-06-28 13:50:26 - [MESSAGE][PASSED] - Object: 'Object Repository/KSD/Page_Product FAQs/button_Sign In' is clicked on

2023-06-28 13:50:26 - [TEST_STEP][PASSED] - verifyElementVisible(findTestObject("Object Repository/KSD/Page_Product FAQs/a_Bhushan")): Object 'Object Repository/KSD/Page_Product FAQs/a_Bhushan' is visible

2023-06-28 13:51:18 - [MESSAGE][PASSED] - Object 'Object Repository/KSD/Page_Product FAQs/a_Bhushan' is visible]]></system-out>
         <system-err><![CDATA[]]></system-err>
      </testcase>
      <testcase name="Test Cases/KDS/TC_02_Header_Menu_Check" time="94.66" classname="Test Cases/KDS/TC_02_Header_Menu_Check" status="PASSED">
         <system-out><![CDATA[2023-06-28 13:51:19 - [TEST_CASE][PASSED] - Test Cases/KDS/TC_02_Header_Menu_Check: Test Cases/KDS/TC_02_Header_Menu_Check

2023-06-28 13:51:19 - [TEST_STEP][PASSED] - openBrowser(""): Browser is opened with url: ''

2023-06-28 13:51:19 - [MESSAGE][WARNING] - A browser is already opened. Closing browser and opening a new one

2023-06-28 13:51:19 - [MESSAGE][INFO] - Starting 'Chrome' driver

2023-06-28 13:51:19 - [MESSAGE][INFO] - Action delay is set to 0 milliseconds

2023-06-28 13:51:25 - [MESSAGE][PASSED] - Browser is opened with url: ''

2023-06-28 13:51:25 - [TEST_STEP][PASSED] - navigateToUrl("https://www.studiokohler.com/en-us/faqs"): Navigate to 'https://www.studiokohler.com/en-us/faqs' successfully

2023-06-28 13:52:36 - [MESSAGE][PASSED] - Navigate to 'https://www.studiokohler.com/en-us/faqs' successfully

2023-06-28 13:52:36 - [TEST_STEP][PASSED] - maximizeWindow(): Current window maximized

2023-06-28 13:52:38 - [MESSAGE][PASSED] - Current window maximized

2023-06-28 13:52:38 - [TEST_STEP][PASSED] - verifyElementVisible(findTestObject("Object Repository/KSD/Page_Product FAQs/a_Products")): Object 'Object Repository/KSD/Page_Product FAQs/a_Products' is visible

2023-06-28 13:52:42 - [MESSAGE][PASSED] - Object 'Object Repository/KSD/Page_Product FAQs/a_Products' is visible

2023-06-28 13:52:42 - [TEST_STEP][PASSED] - verifyElementVisible(findTestObject("Object Repository/KSD/Page_Product FAQs/a_Resources")): Object 'Object Repository/KSD/Page_Product FAQs/a_Resources' is visible

2023-06-28 13:52:42 - [MESSAGE][PASSED] - Object 'Object Repository/KSD/Page_Product FAQs/a_Resources' is visible

2023-06-28 13:52:42 - [TEST_STEP][PASSED] - verifyElementVisible(findTestObject("Object Repository/KSD/Page_Product FAQs/a_Services")): Object 'Object Repository/KSD/Page_Product FAQs/a_Services' is visible

2023-06-28 13:52:44 - [MESSAGE][PASSED] - Object 'Object Repository/KSD/Page_Product FAQs/a_Services' is visible

2023-06-28 13:52:44 - [TEST_STEP][PASSED] - verifyElementVisible(findTestObject("Object Repository/KSD/Page_Product FAQs/a_Inspiration")): Object 'Object Repository/KSD/Page_Product FAQs/a_Inspiration' is visible

2023-06-28 13:52:44 - [MESSAGE][PASSED] - Object 'Object Repository/KSD/Page_Product FAQs/a_Inspiration' is visible

2023-06-28 13:52:44 - [TEST_STEP][PASSED] - click(findTestObject("Object Repository/KSD/Page_Product FAQs/button_OK")): Object: 'Object Repository/KSD/Page_Product FAQs/button_OK' is clicked on

2023-06-28 13:52:48 - [MESSAGE][PASSED] - Object: 'Object Repository/KSD/Page_Product FAQs/button_OK' is clicked on

2023-06-28 13:52:48 - [TEST_STEP][PASSED] - verifyElementVisible(findTestObject("Object Repository/KSD/Page_Product FAQs/a_Events")): Object 'Object Repository/KSD/Page_Product FAQs/a_Events' is visible

2023-06-28 13:52:50 - [MESSAGE][PASSED] - Object 'Object Repository/KSD/Page_Product FAQs/a_Events' is visible

2023-06-28 13:52:50 - [TEST_STEP][PASSED] - verifyElementVisible(findTestObject("Object Repository/KSD/Page_Product FAQs/a_About")): Object 'Object Repository/KSD/Page_Product FAQs/a_About' is visible

2023-06-28 13:52:51 - [MESSAGE][PASSED] - Object 'Object Repository/KSD/Page_Product FAQs/a_About' is visible

2023-06-28 13:52:51 - [TEST_STEP][PASSED] - verifyElementVisible(findTestObject("Object Repository/KSD/Page_Product FAQs/a_India")): Object 'Object Repository/KSD/Page_Product FAQs/a_India' is visible

2023-06-28 13:52:51 - [MESSAGE][PASSED] - Object 'Object Repository/KSD/Page_Product FAQs/a_India' is visible

2023-06-28 13:52:51 - [TEST_STEP][PASSED] - verifyElementVisible(findTestObject("Object Repository/KSD/Page_Product FAQs/i_OK_fal fa-folder")): Object 'Object Repository/KSD/Page_Product FAQs/i_OK_fal fa-folder' is visible

2023-06-28 13:52:52 - [MESSAGE][PASSED] - Object 'Object Repository/KSD/Page_Product FAQs/i_OK_fal fa-folder' is visible

2023-06-28 13:52:52 - [TEST_STEP][PASSED] - verifyElementVisible(findTestObject("Object Repository/KSD/Page_Product FAQs/i_OK_fal fa-map-marker-alt")): Object 'Object Repository/KSD/Page_Product FAQs/i_OK_fal fa-map-marker-alt' is visible

2023-06-28 13:52:52 - [MESSAGE][PASSED] - Object 'Object Repository/KSD/Page_Product FAQs/i_OK_fal fa-map-marker-alt' is visible

2023-06-28 13:52:52 - [TEST_STEP][PASSED] - verifyElementVisible(findTestObject("Object Repository/KSD/Page_Product FAQs/i_OK_fal fa-user")): Object 'Object Repository/KSD/Page_Product FAQs/i_OK_fal fa-user' is visible

2023-06-28 13:52:52 - [MESSAGE][PASSED] - Object 'Object Repository/KSD/Page_Product FAQs/i_OK_fal fa-user' is visible

2023-06-28 13:52:52 - [TEST_STEP][PASSED] - verifyElementVisible(findTestObject("Object Repository/KSD/Page_Product FAQs/i_Project Folder_fal fa-search")): Object 'Object Repository/KSD/Page_Product FAQs/i_Project Folder_fal fa-search' is visible

2023-06-28 13:52:53 - [MESSAGE][PASSED] - Object 'Object Repository/KSD/Page_Product FAQs/i_Project Folder_fal fa-search' is visible

2023-06-28 13:52:53 - [TEST_STEP][PASSED] - verifyElementVisible(findTestObject("Object Repository/KSD/Page_Product FAQs/img_OK_black-version logo_js")): Object 'Object Repository/KSD/Page_Product FAQs/img_OK_black-version logo_js' is visible

2023-06-28 13:52:53 - [MESSAGE][PASSED] - Object 'Object Repository/KSD/Page_Product FAQs/img_OK_black-version logo_js' is visible]]></system-out>
         <system-err><![CDATA[]]></system-err>
      </testcase>
      <testcase name="Test Cases/KDS/TC_03_Search_Functionality" time="131.845" classname="Test Cases/KDS/TC_03_Search_Functionality" status="PASSED">
         <system-out><![CDATA[2023-06-28 13:52:53 - [TEST_CASE][PASSED] - Test Cases/KDS/TC_03_Search_Functionality: Test Cases/KDS/TC_03_Search_Functionality

2023-06-28 13:52:53 - [TEST_STEP][PASSED] - openBrowser(""): Browser is opened with url: ''

2023-06-28 13:52:53 - [MESSAGE][WARNING] - A browser is already opened. Closing browser and opening a new one

2023-06-28 13:52:54 - [MESSAGE][INFO] - Starting 'Chrome' driver

2023-06-28 13:52:54 - [MESSAGE][INFO] - Action delay is set to 0 milliseconds

2023-06-28 13:52:59 - [MESSAGE][PASSED] - Browser is opened with url: ''

2023-06-28 13:52:59 - [TEST_STEP][PASSED] - navigateToUrl("https://www.studiokohler.com/en-us/faqs"): Navigate to 'https://www.studiokohler.com/en-us/faqs' successfully

2023-06-28 13:54:03 - [MESSAGE][PASSED] - Navigate to 'https://www.studiokohler.com/en-us/faqs' successfully

2023-06-28 13:54:03 - [TEST_STEP][PASSED] - maximizeWindow(): Current window maximized

2023-06-28 13:54:03 - [MESSAGE][PASSED] - Current window maximized

2023-06-28 13:54:03 - [TEST_STEP][PASSED] - click(findTestObject("Object Repository/KSD/Page_Product FAQs/i_Project Folder_fal fa-search")): Object: 'Object Repository/KSD/Page_Product FAQs/i_Project Folder_fal fa-search' is clicked on

2023-06-28 13:54:10 - [MESSAGE][PASSED] - Object: 'Object Repository/KSD/Page_Product FAQs/i_Project Folder_fal fa-search' is clicked on

2023-06-28 13:54:10 - [TEST_STEP][PASSED] - setText(findTestObject("Object Repository/KSD/Page_Product FAQs/input_Project Folder_search"), "toi"): Text 'toi' is set on object 'Object Repository/KSD/Page_Product FAQs/input_Project Folder_search'

2023-06-28 13:54:12 - [MESSAGE][PASSED] - Text 'toi' is set on object 'Object Repository/KSD/Page_Product FAQs/input_Project Folder_search'

2023-06-28 13:54:12 - [TEST_STEP][PASSED] - click(findTestObject("Object Repository/KSD/Page_Product FAQs/a_Toilets")): Object: 'Object Repository/KSD/Page_Product FAQs/a_Toilets' is clicked on

2023-06-28 13:55:03 - [MESSAGE][PASSED] - Object: 'Object Repository/KSD/Page_Product FAQs/a_Toilets' is clicked on

2023-06-28 13:55:03 - [TEST_STEP][PASSED] - click(findTestObject("Object Repository/KSD/Page_Search Results/span_Search Results for Toilets")): Object: 'Object Repository/KSD/Page_Search Results/span_Search Results for Toilets' is clicked on

2023-06-28 13:55:04 - [MESSAGE][PASSED] - Object: 'Object Repository/KSD/Page_Search Results/span_Search Results for Toilets' is clicked on

2023-06-28 13:55:04 - [TEST_STEP][PASSED] - verifyElementVisible(findTestObject("Object Repository/KSD/Page_Search Results/span_Search Results for Toilets")): Object 'Object Repository/KSD/Page_Search Results/span_Search Results for Toilets' is visible

2023-06-28 13:55:05 - [MESSAGE][PASSED] - Object 'Object Repository/KSD/Page_Search Results/span_Search Results for Toilets' is visible]]></system-out>
         <system-err><![CDATA[]]></system-err>
      </testcase>
      <testcase name="Test Cases/KDS/TC_04_Check_Search_Result_page" time="164.094" classname="Test Cases/KDS/TC_04_Check_Search_Result_page" status="PASSED">
         <system-out><![CDATA[2023-06-28 13:55:05 - [TEST_CASE][PASSED] - Test Cases/KDS/TC_04_Check_Search_Result_page: Test Cases/KDS/TC_04_Check_Search_Result_page

2023-06-28 13:55:06 - [TEST_STEP][PASSED] - callTestCase(findTestCase("KDS/TC_03_Search_Functionality"), [:], STOP_ON_FAILURE): Call Test Case 'Test Cases/KDS/TC_03_Search_Functionality' successfully

2023-06-28 13:55:06 - [TEST_CASE][PASSED] - Test Cases/KDS/TC_03_Search_Functionality: Test Cases/KDS/TC_03_Search_Functionality

2023-06-28 13:55:06 - [TEST_STEP][PASSED] - openBrowser(""): Browser is opened with url: ''

2023-06-28 13:55:06 - [MESSAGE][WARNING] - A browser is already opened. Closing browser and opening a new one

2023-06-28 13:55:06 - [MESSAGE][INFO] - Starting 'Chrome' driver

2023-06-28 13:55:06 - [MESSAGE][INFO] - Action delay is set to 0 milliseconds

2023-06-28 13:55:12 - [MESSAGE][PASSED] - Browser is opened with url: ''

2023-06-28 13:55:12 - [TEST_STEP][PASSED] - navigateToUrl("https://www.studiokohler.com/en-us/faqs"): Navigate to 'https://www.studiokohler.com/en-us/faqs' successfully

2023-06-28 13:56:28 - [MESSAGE][PASSED] - Navigate to 'https://www.studiokohler.com/en-us/faqs' successfully

2023-06-28 13:56:28 - [TEST_STEP][PASSED] - maximizeWindow(): Current window maximized

2023-06-28 13:56:29 - [MESSAGE][PASSED] - Current window maximized

2023-06-28 13:56:29 - [TEST_STEP][PASSED] - click(findTestObject("Object Repository/KSD/Page_Product FAQs/i_Project Folder_fal fa-search")): Object: 'Object Repository/KSD/Page_Product FAQs/i_Project Folder_fal fa-search' is clicked on

2023-06-28 13:56:40 - [MESSAGE][PASSED] - Object: 'Object Repository/KSD/Page_Product FAQs/i_Project Folder_fal fa-search' is clicked on

2023-06-28 13:56:40 - [TEST_STEP][PASSED] - setText(findTestObject("Object Repository/KSD/Page_Product FAQs/input_Project Folder_search"), "toi"): Text 'toi' is set on object 'Object Repository/KSD/Page_Product FAQs/input_Project Folder_search'

2023-06-28 13:56:47 - [MESSAGE][PASSED] - Text 'toi' is set on object 'Object Repository/KSD/Page_Product FAQs/input_Project Folder_search'

2023-06-28 13:56:47 - [TEST_STEP][PASSED] - click(findTestObject("Object Repository/KSD/Page_Product FAQs/a_Toilets")): Object: 'Object Repository/KSD/Page_Product FAQs/a_Toilets' is clicked on

2023-06-28 13:57:42 - [MESSAGE][PASSED] - Object: 'Object Repository/KSD/Page_Product FAQs/a_Toilets' is clicked on

2023-06-28 13:57:42 - [TEST_STEP][PASSED] - click(findTestObject("Object Repository/KSD/Page_Search Results/span_Search Results for Toilets")): Object: 'Object Repository/KSD/Page_Search Results/span_Search Results for Toilets' is clicked on

2023-06-28 13:57:45 - [MESSAGE][PASSED] - Object: 'Object Repository/KSD/Page_Search Results/span_Search Results for Toilets' is clicked on

2023-06-28 13:57:45 - [TEST_STEP][PASSED] - verifyElementVisible(findTestObject("Object Repository/KSD/Page_Search Results/span_Search Results for Toilets")): Object 'Object Repository/KSD/Page_Search Results/span_Search Results for Toilets' is visible

2023-06-28 13:57:46 - [MESSAGE][PASSED] - Object 'Object Repository/KSD/Page_Search Results/span_Search Results for Toilets' is visible

2023-06-28 13:57:46 - [MESSAGE][PASSED] - Call Test Case 'Test Cases/KDS/TC_03_Search_Functionality' successfully

2023-06-28 13:57:46 - [TEST_STEP][PASSED] - verifyElementVisible(findTestObject("Object Repository/KSD/Page_Search Results/span_Search Results for Toilets")): Object 'Object Repository/KSD/Page_Search Results/span_Search Results for Toilets' is visible

2023-06-28 13:57:47 - [MESSAGE][PASSED] - Object 'Object Repository/KSD/Page_Search Results/span_Search Results for Toilets' is visible

2023-06-28 13:57:47 - [TEST_STEP][PASSED] - verifyElementVisible(findTestObject("Object Repository/KSD/Page_Search Results/span_Products")): Object 'Object Repository/KSD/Page_Search Results/span_Products' is visible

2023-06-28 13:57:47 - [MESSAGE][PASSED] - Object 'Object Repository/KSD/Page_Search Results/span_Products' is visible

2023-06-28 13:57:47 - [TEST_STEP][PASSED] - verifyElementVisible(findTestObject("Object Repository/KSD/Page_Search Results/span_Technical Specifications")): Object 'Object Repository/KSD/Page_Search Results/span_Technical Specifications' is visible

2023-06-28 13:57:48 - [MESSAGE][PASSED] - Object 'Object Repository/KSD/Page_Search Results/span_Technical Specifications' is visible

2023-06-28 13:57:48 - [TEST_STEP][PASSED] - verifyElementVisible(findTestObject("Object Repository/KSD/Page_Search Results/span_Articles")): Object 'Object Repository/KSD/Page_Search Results/span_Articles' is visible

2023-06-28 13:57:48 - [MESSAGE][PASSED] - Object 'Object Repository/KSD/Page_Search Results/span_Articles' is visible

2023-06-28 13:57:48 - [TEST_STEP][PASSED] - verifyElementVisible(findTestObject("Object Repository/KSD/Page_Search Results/div_Choose Category")): Object 'Object Repository/KSD/Page_Search Results/div_Choose Category' is visible

2023-06-28 13:57:48 - [MESSAGE][PASSED] - Object 'Object Repository/KSD/Page_Search Results/div_Choose Category' is visible

2023-06-28 13:57:48 - [TEST_STEP][PASSED] - verifyElementVisible(findTestObject("Object Repository/KSD/Page_Search Results/a_All Categories (129)")): Object 'Object Repository/KSD/Page_Search Results/a_All Categories (129)' is visible

2023-06-28 13:57:49 - [MESSAGE][PASSED] - Object 'Object Repository/KSD/Page_Search Results/a_All Categories (129)' is visible

2023-06-28 13:57:49 - [TEST_STEP][PASSED] - verifyElementVisible(findTestObject("Object Repository/KSD/Page_Search Results/a_Relevancy")): Object 'Object Repository/KSD/Page_Search Results/a_Relevancy' is visible

2023-06-28 13:57:49 - [MESSAGE][PASSED] - Object 'Object Repository/KSD/Page_Search Results/a_Relevancy' is visible]]></system-out>
         <system-err><![CDATA[]]></system-err>
      </testcase>
      <testcase name="Test Cases/KDS/TC_05_Cookies_Close" time="73.482" classname="Test Cases/KDS/TC_05_Cookies_Close" status="PASSED">
         <system-out><![CDATA[2023-06-28 13:57:49 - [TEST_CASE][PASSED] - Test Cases/KDS/TC_05_Cookies_Close: Test Cases/KDS/TC_05_Cookies_Close

2023-06-28 13:57:49 - [TEST_STEP][PASSED] - openBrowser(""): Browser is opened with url: ''

2023-06-28 13:57:49 - [MESSAGE][WARNING] - A browser is already opened. Closing browser and opening a new one

2023-06-28 13:57:50 - [MESSAGE][INFO] - Starting 'Chrome' driver

2023-06-28 13:57:50 - [MESSAGE][INFO] - Action delay is set to 0 milliseconds

2023-06-28 13:57:55 - [MESSAGE][PASSED] - Browser is opened with url: ''

2023-06-28 13:57:55 - [TEST_STEP][PASSED] - navigateToUrl("https://www.studiokohler.com/en-us/faqs"): Navigate to 'https://www.studiokohler.com/en-us/faqs' successfully

2023-06-28 13:58:58 - [MESSAGE][PASSED] - Navigate to 'https://www.studiokohler.com/en-us/faqs' successfully

2023-06-28 13:58:58 - [TEST_STEP][PASSED] - maximizeWindow(): Current window maximized

2023-06-28 13:58:59 - [MESSAGE][PASSED] - Current window maximized

2023-06-28 13:58:59 - [TEST_STEP][PASSED] - click(findTestObject("Object Repository/KSD/Page_Product FAQs/div_Cookie PreferencesCookies may be used o_f66e1a")): Object: 'Object Repository/KSD/Page_Product FAQs/div_Cookie PreferencesCookies may be used o_f66e1a' is clicked on

2023-06-28 13:59:02 - [MESSAGE][PASSED] - Object: 'Object Repository/KSD/Page_Product FAQs/div_Cookie PreferencesCookies may be used o_f66e1a' is clicked on

2023-06-28 13:59:02 - [TEST_STEP][PASSED] - verifyElementVisible(findTestObject("Object Repository/KSD/Page_Product FAQs/div_Cookie PreferencesCookies may be used o_f66e1a")): Object 'Object Repository/KSD/Page_Product FAQs/div_Cookie PreferencesCookies may be used o_f66e1a' is visible

2023-06-28 13:59:03 - [MESSAGE][PASSED] - Object 'Object Repository/KSD/Page_Product FAQs/div_Cookie PreferencesCookies may be used o_f66e1a' is visible]]></system-out>
         <system-err><![CDATA[]]></system-err>
      </testcase>
      <testcase name="Test Cases/KDS/TC_06_Select_Project_Location" time="99.808" classname="Test Cases/KDS/TC_06_Select_Project_Location" status="PASSED">
         <system-out><![CDATA[2023-06-28 13:59:03 - [TEST_CASE][PASSED] - Test Cases/KDS/TC_06_Select_Project_Location: Test Cases/KDS/TC_06_Select_Project_Location

2023-06-28 13:59:03 - [TEST_STEP][PASSED] - openBrowser(""): Browser is opened with url: ''

2023-06-28 13:59:03 - [MESSAGE][WARNING] - A browser is already opened. Closing browser and opening a new one

2023-06-28 13:59:03 - [MESSAGE][INFO] - Starting 'Chrome' driver

2023-06-28 13:59:03 - [MESSAGE][INFO] - Action delay is set to 0 milliseconds

2023-06-28 13:59:08 - [MESSAGE][PASSED] - Browser is opened with url: ''

2023-06-28 13:59:08 - [TEST_STEP][PASSED] - navigateToUrl("https://www.studiokohler.com/en-us/faqs"): Navigate to 'https://www.studiokohler.com/en-us/faqs' successfully

2023-06-28 14:00:07 - [MESSAGE][PASSED] - Navigate to 'https://www.studiokohler.com/en-us/faqs' successfully

2023-06-28 14:00:07 - [TEST_STEP][PASSED] - maximizeWindow(): Current window maximized

2023-06-28 14:00:24 - [MESSAGE][PASSED] - Current window maximized

2023-06-28 14:00:24 - [TEST_STEP][PASSED] - click(findTestObject("Object Repository/KSD/Page_Product FAQs/a_India")): Object: 'Object Repository/KSD/Page_Product FAQs/a_India' is clicked on

2023-06-28 14:00:36 - [MESSAGE][PASSED] - Object: 'Object Repository/KSD/Page_Product FAQs/a_India' is clicked on

2023-06-28 14:00:36 - [TEST_STEP][PASSED] - click(findTestObject("Object Repository/KSD/Page_Product FAQs/div_Select Project LocationDisplays product_9e5542")): Object: 'Object Repository/KSD/Page_Product FAQs/div_Select Project LocationDisplays product_9e5542' is clicked on

2023-06-28 14:00:38 - [MESSAGE][PASSED] - Object: 'Object Repository/KSD/Page_Product FAQs/div_Select Project LocationDisplays product_9e5542' is clicked on

2023-06-28 14:00:38 - [TEST_STEP][PASSED] - verifyElementVisible(findTestObject("Object Repository/KSD/Page_Product FAQs/h1_Select Project Location")): Object 'Object Repository/KSD/Page_Product FAQs/h1_Select Project Location' is visible

2023-06-28 14:00:38 - [MESSAGE][PASSED] - Object 'Object Repository/KSD/Page_Product FAQs/h1_Select Project Location' is visible

2023-06-28 14:00:38 - [TEST_STEP][PASSED] - verifyElementVisible(findTestObject("Object Repository/KSD/Page_Product FAQs/a_Africa")): Object 'Object Repository/KSD/Page_Product FAQs/a_Africa' is visible

2023-06-28 14:00:39 - [MESSAGE][PASSED] - Object 'Object Repository/KSD/Page_Product FAQs/a_Africa' is visible

2023-06-28 14:00:39 - [TEST_STEP][PASSED] - verifyElementVisible(findTestObject("Object Repository/KSD/Page_Product FAQs/a_Americas")): Object 'Object Repository/KSD/Page_Product FAQs/a_Americas' is visible

2023-06-28 14:00:39 - [MESSAGE][PASSED] - Object 'Object Repository/KSD/Page_Product FAQs/a_Americas' is visible

2023-06-28 14:00:39 - [TEST_STEP][PASSED] - verifyElementVisible(findTestObject("Object Repository/KSD/Page_Product FAQs/a_Asia")): Object 'Object Repository/KSD/Page_Product FAQs/a_Asia' is visible

2023-06-28 14:00:40 - [MESSAGE][PASSED] - Object 'Object Repository/KSD/Page_Product FAQs/a_Asia' is visible

2023-06-28 14:00:40 - [TEST_STEP][PASSED] - verifyElementVisible(findTestObject("Object Repository/KSD/Page_Product FAQs/a_Australasia")): Object 'Object Repository/KSD/Page_Product FAQs/a_Australasia' is visible

2023-06-28 14:00:40 - [MESSAGE][PASSED] - Object 'Object Repository/KSD/Page_Product FAQs/a_Australasia' is visible

2023-06-28 14:00:40 - [TEST_STEP][PASSED] - verifyElementVisible(findTestObject("Object Repository/KSD/Page_Product FAQs/a_Europe")): Object 'Object Repository/KSD/Page_Product FAQs/a_Europe' is visible

2023-06-28 14:00:41 - [MESSAGE][PASSED] - Object 'Object Repository/KSD/Page_Product FAQs/a_Europe' is visible

2023-06-28 14:00:41 - [TEST_STEP][PASSED] - verifyElementVisible(findTestObject("Object Repository/KSD/Page_Product FAQs/a_Middle East")): Object 'Object Repository/KSD/Page_Product FAQs/a_Middle East' is visible

2023-06-28 14:00:42 - [MESSAGE][PASSED] - Object 'Object Repository/KSD/Page_Product FAQs/a_Middle East' is visible]]></system-out>
         <system-err><![CDATA[]]></system-err>
      </testcase>
      <testcase name="Test Cases/KDS/TC_07_Check_Africa_Location_List" time="86.86" classname="Test Cases/KDS/TC_07_Check_Africa_Location_List" status="FAILED">
         <failure type="FAILED" message="Test Cases/KDS/TC_07_Check_Africa_Location_List FAILED.
Reason:
com.kms.katalon.core.exception.StepFailedException: Unable to accept alert
	at com.kms.katalon.core.webui.keyword.internal.WebUIKeywordMain.stepFailed(WebUIKeywordMain.groovy:64)
	at com.kms.katalon.core.webui.keyword.internal.WebUIKeywordMain.runKeyword(WebUIKeywordMain.groovy:26)
	at com.kms.katalon.core.webui.keyword.builtin.AcceptAlertKeyword.acceptAlert(AcceptAlertKeyword.groovy:71)
	at com.kms.katalon.core.webui.keyword.builtin.AcceptAlertKeyword.execute(AcceptAlertKeyword.groovy:66)
	at com.kms.katalon.core.keyword.internal.KeywordExecutor.executeKeywordForPlatform(KeywordExecutor.groovy:74)
	at com.kms.katalon.core.webui.keyword.WebUiBuiltInKeywords.acceptAlert(WebUiBuiltInKeywords.groovy:1522)
	at com.kms.katalon.core.webui.keyword.WebUiBuiltInKeywords$acceptAlert$6.call(Unknown Source)
	at TC_07_Check_Africa_Location_List.run(TC_07_Check_Africa_Location_List:32)
	at com.kms.katalon.core.main.ScriptEngine.run(ScriptEngine.java:194)
	at com.kms.katalon.core.main.ScriptEngine.runScriptAsRawText(ScriptEngine.java:119)
	at com.kms.katalon.core.main.TestCaseExecutor.runScript(TestCaseExecutor.java:448)
	at com.kms.katalon.core.main.TestCaseExecutor.doExecute(TestCaseExecutor.java:439)
	at com.kms.katalon.core.main.TestCaseExecutor.processExecutionPhase(TestCaseExecutor.java:418)
	at com.kms.katalon.core.main.TestCaseExecutor.accessMainPhase(TestCaseExecutor.java:410)
	at com.kms.katalon.core.main.TestCaseExecutor.execute(TestCaseExecutor.java:285)
	at com.kms.katalon.core.main.TestCaseExecutor.execute(TestCaseExecutor.java:369)
	at com.kms.katalon.core.main.TestCaseExecutor.execute(TestCaseExecutor.java:369)
	at com.kms.katalon.core.main.TestCaseExecutor.execute(TestCaseExecutor.java:369)
	at com.kms.katalon.core.common.CommonExecutor.accessTestCaseMainPhase(CommonExecutor.java:65)
	at com.kms.katalon.core.main.TestSuiteExecutor.accessTestSuiteMainPhase(TestSuiteExecutor.java:144)
	at com.kms.katalon.core.main.TestSuiteExecutor.execute(TestSuiteExecutor.java:106)
	at com.kms.katalon.core.main.TestCaseMain.startTestSuite(TestCaseMain.java:185)
	at com.kms.katalon.core.main.TestCaseMain$startTestSuite$0.call(Unknown Source)
	at TempTestSuite1687940315909.run(TempTestSuite1687940315909.groovy:36)
Caused by: com.kms.katalon.core.exception.StepFailedException: No alert found
	at com.kms.katalon.core.webui.keyword.internal.WebUIKeywordMain.stepFailed(WebUIKeywordMain.groovy:64)
	at com.kms.katalon.core.webui.keyword.builtin.AcceptAlertKeyword$_acceptAlert_closure1.doCall(AcceptAlertKeyword.groovy:78)
	at com.kms.katalon.core.webui.keyword.builtin.AcceptAlertKeyword$_acceptAlert_closure1.call(AcceptAlertKeyword.groovy)
	at com.kms.katalon.core.webui.keyword.internal.WebUIKeywordMain.runKeyword(WebUIKeywordMain.groovy:20)
	... 22 more
"/>
         <system-out><![CDATA[2023-06-28 14:05:03 - [TEST_CASE][FAILED] - Test Cases/KDS/TC_07_Check_Africa_Location_List: Test Cases/KDS/TC_07_Check_Africa_Location_List FAILED.
Reason:
com.kms.katalon.core.exception.StepFailedException: Unable to accept alert
	at com.kms.katalon.core.webui.keyword.internal.WebUIKeywordMain.stepFailed(WebUIKeywordMain.groovy:64)
	at com.kms.katalon.core.webui.keyword.internal.WebUIKeywordMain.runKeyword(WebUIKeywordMain.groovy:26)
	at com.kms.katalon.core.webui.keyword.builtin.AcceptAlertKeyword.acceptAlert(AcceptAlertKeyword.groovy:71)
	at com.kms.katalon.core.webui.keyword.builtin.AcceptAlertKeyword.execute(AcceptAlertKeyword.groovy:66)
	at com.kms.katalon.core.keyword.internal.KeywordExecutor.executeKeywordForPlatform(KeywordExecutor.groovy:74)
	at com.kms.katalon.core.webui.keyword.WebUiBuiltInKeywords.acceptAlert(WebUiBuiltInKeywords.groovy:1522)
	at com.kms.katalon.core.webui.keyword.WebUiBuiltInKeywords$acceptAlert$6.call(Unknown Source)
	at TC_07_Check_Africa_Location_List.run(TC_07_Check_Africa_Location_List:32)
	at com.kms.katalon.core.main.ScriptEngine.run(ScriptEngine.java:194)
	at com.kms.katalon.core.main.ScriptEngine.runScriptAsRawText(ScriptEngine.java:119)
	at com.kms.katalon.core.main.TestCaseExecutor.runScript(TestCaseExecutor.java:448)
	at com.kms.katalon.core.main.TestCaseExecutor.doExecute(TestCaseExecutor.java:439)
	at com.kms.katalon.core.main.TestCaseExecutor.processExecutionPhase(TestCaseExecutor.java:418)
	at com.kms.katalon.core.main.TestCaseExecutor.accessMainPhase(TestCaseExecutor.java:410)
	at com.kms.katalon.core.main.TestCaseExecutor.execute(TestCaseExecutor.java:285)
	at com.kms.katalon.core.main.TestCaseExecutor.execute(TestCaseExecutor.java:369)
	at com.kms.katalon.core.main.TestCaseExecutor.execute(TestCaseExecutor.java:369)
	at com.kms.katalon.core.main.TestCaseExecutor.execute(TestCaseExecutor.java:369)
	at com.kms.katalon.core.common.CommonExecutor.accessTestCaseMainPhase(CommonExecutor.java:65)
	at com.kms.katalon.core.main.TestSuiteExecutor.accessTestSuiteMainPhase(TestSuiteExecutor.java:144)
	at com.kms.katalon.core.main.TestSuiteExecutor.execute(TestSuiteExecutor.java:106)
	at com.kms.katalon.core.main.TestCaseMain.startTestSuite(TestCaseMain.java:185)
	at com.kms.katalon.core.main.TestCaseMain$startTestSuite$0.call(Unknown Source)
	at TempTestSuite1687940315909.run(TempTestSuite1687940315909.groovy:36)
Caused by: com.kms.katalon.core.exception.StepFailedException: No alert found
	at com.kms.katalon.core.webui.keyword.internal.WebUIKeywordMain.stepFailed(WebUIKeywordMain.groovy:64)
	at com.kms.katalon.core.webui.keyword.builtin.AcceptAlertKeyword$_acceptAlert_closure1.doCall(AcceptAlertKeyword.groovy:78)
	at com.kms.katalon.core.webui.keyword.builtin.AcceptAlertKeyword$_acceptAlert_closure1.call(AcceptAlertKeyword.groovy)
	at com.kms.katalon.core.webui.keyword.internal.WebUIKeywordMain.runKeyword(WebUIKeywordMain.groovy:20)
	... 22 more


2023-06-28 14:05:03 - [TEST_STEP][PASSED] - callTestCase(findTestCase("KDS/TC_06_Select_Project_Location"), [:], STOP_ON_FAILURE): Call Test Case 'Test Cases/KDS/TC_06_Select_Project_Location' successfully

2023-06-28 14:05:04 - [TEST_CASE][PASSED] - Test Cases/KDS/TC_06_Select_Project_Location: Test Cases/KDS/TC_06_Select_Project_Location

2023-06-28 14:05:04 - [TEST_STEP][PASSED] - openBrowser(""): Browser is opened with url: ''

2023-06-28 14:05:04 - [MESSAGE][WARNING] - A browser is already opened. Closing browser and opening a new one

2023-06-28 14:05:04 - [MESSAGE][INFO] - Starting 'Chrome' driver

2023-06-28 14:05:04 - [MESSAGE][INFO] - Action delay is set to 0 milliseconds

2023-06-28 14:05:09 - [MESSAGE][PASSED] - Browser is opened with url: ''

2023-06-28 14:05:09 - [TEST_STEP][PASSED] - navigateToUrl("https://www.studiokohler.com/en-us/faqs"): Navigate to 'https://www.studiokohler.com/en-us/faqs' successfully

2023-06-28 14:06:12 - [MESSAGE][PASSED] - Navigate to 'https://www.studiokohler.com/en-us/faqs' successfully

2023-06-28 14:06:12 - [TEST_STEP][PASSED] - maximizeWindow(): Current window maximized

2023-06-28 14:06:13 - [MESSAGE][PASSED] - Current window maximized

2023-06-28 14:06:13 - [TEST_STEP][PASSED] - click(findTestObject("Object Repository/KSD/Page_Product FAQs/a_India")): Object: 'Object Repository/KSD/Page_Product FAQs/a_India' is clicked on

2023-06-28 14:06:19 - [MESSAGE][PASSED] - Object: 'Object Repository/KSD/Page_Product FAQs/a_India' is clicked on

2023-06-28 14:06:19 - [TEST_STEP][PASSED] - click(findTestObject("Object Repository/KSD/Page_Product FAQs/div_Select Project LocationDisplays product_9e5542")): Object: 'Object Repository/KSD/Page_Product FAQs/div_Select Project LocationDisplays product_9e5542' is clicked on

2023-06-28 14:06:21 - [MESSAGE][PASSED] - Object: 'Object Repository/KSD/Page_Product FAQs/div_Select Project LocationDisplays product_9e5542' is clicked on

2023-06-28 14:06:21 - [TEST_STEP][PASSED] - verifyElementVisible(findTestObject("Object Repository/KSD/Page_Product FAQs/h1_Select Project Location")): Object 'Object Repository/KSD/Page_Product FAQs/h1_Select Project Location' is visible

2023-06-28 14:06:21 - [MESSAGE][PASSED] - Object 'Object Repository/KSD/Page_Product FAQs/h1_Select Project Location' is visible

2023-06-28 14:06:21 - [TEST_STEP][PASSED] - verifyElementVisible(findTestObject("Object Repository/KSD/Page_Product FAQs/a_Africa")): Object 'Object Repository/KSD/Page_Product FAQs/a_Africa' is visible

2023-06-28 14:06:21 - [MESSAGE][PASSED] - Object 'Object Repository/KSD/Page_Product FAQs/a_Africa' is visible

2023-06-28 14:06:21 - [TEST_STEP][PASSED] - verifyElementVisible(findTestObject("Object Repository/KSD/Page_Product FAQs/a_Americas")): Object 'Object Repository/KSD/Page_Product FAQs/a_Americas' is visible

2023-06-28 14:06:22 - [MESSAGE][PASSED] - Object 'Object Repository/KSD/Page_Product FAQs/a_Americas' is visible

2023-06-28 14:06:22 - [TEST_STEP][PASSED] - verifyElementVisible(findTestObject("Object Repository/KSD/Page_Product FAQs/a_Asia")): Object 'Object Repository/KSD/Page_Product FAQs/a_Asia' is visible

2023-06-28 14:06:23 - [MESSAGE][PASSED] - Object 'Object Repository/KSD/Page_Product FAQs/a_Asia' is visible

2023-06-28 14:06:23 - [TEST_STEP][PASSED] - verifyElementVisible(findTestObject("Object Repository/KSD/Page_Product FAQs/a_Australasia")): Object 'Object Repository/KSD/Page_Product FAQs/a_Australasia' is visible

2023-06-28 14:06:23 - [MESSAGE][PASSED] - Object 'Object Repository/KSD/Page_Product FAQs/a_Australasia' is visible

2023-06-28 14:06:23 - [TEST_STEP][PASSED] - verifyElementVisible(findTestObject("Object Repository/KSD/Page_Product FAQs/a_Europe")): Object 'Object Repository/KSD/Page_Product FAQs/a_Europe' is visible

2023-06-28 14:06:23 - [MESSAGE][PASSED] - Object 'Object Repository/KSD/Page_Product FAQs/a_Europe' is visible

2023-06-28 14:06:23 - [TEST_STEP][PASSED] - verifyElementVisible(findTestObject("Object Repository/KSD/Page_Product FAQs/a_Middle East")): Object 'Object Repository/KSD/Page_Product FAQs/a_Middle East' is visible

2023-06-28 14:06:24 - [MESSAGE][PASSED] - Object 'Object Repository/KSD/Page_Product FAQs/a_Middle East' is visible

2023-06-28 14:06:24 - [MESSAGE][PASSED] - Call Test Case 'Test Cases/KDS/TC_06_Select_Project_Location' successfully

2023-06-28 14:06:24 - [TEST_STEP][PASSED] - click(findTestObject("Object Repository/KSD/Page_Product FAQs/a_Africa")): Object: 'Object Repository/KSD/Page_Product FAQs/a_Africa' is clicked on

2023-06-28 14:06:26 - [MESSAGE][PASSED] - Object: 'Object Repository/KSD/Page_Product FAQs/a_Africa' is clicked on

2023-06-28 14:06:26 - [TEST_STEP][PASSED] - verifyElementVisible(findTestObject("Object Repository/KSD/Page_Product FAQs/li_Angola")): Object 'Object Repository/KSD/Page_Product FAQs/li_Angola' is visible

2023-06-28 14:06:26 - [MESSAGE][PASSED] - Object 'Object Repository/KSD/Page_Product FAQs/li_Angola' is visible

2023-06-28 14:06:26 - [TEST_STEP][PASSED] - verifyElementVisible(findTestObject("Object Repository/KSD/Page_Product FAQs/a_Botswana")): Object 'Object Repository/KSD/Page_Product FAQs/a_Botswana' is visible

2023-06-28 14:06:26 - [MESSAGE][PASSED] - Object 'Object Repository/KSD/Page_Product FAQs/a_Botswana' is visible

2023-06-28 14:06:26 - [TEST_STEP][PASSED] - verifyElementVisible(findTestObject("Object Repository/KSD/Page_Product FAQs/a_Cabo Verde")): Object 'Object Repository/KSD/Page_Product FAQs/a_Cabo Verde' is visible

2023-06-28 14:06:28 - [MESSAGE][PASSED] - Object 'Object Repository/KSD/Page_Product FAQs/a_Cabo Verde' is visible

2023-06-28 14:06:28 - [TEST_STEP][PASSED] - verifyElementVisible(findTestObject("Object Repository/KSD/Page_Product FAQs/a_Zambia")): Object 'Object Repository/KSD/Page_Product FAQs/a_Zambia' is visible

2023-06-28 14:06:29 - [MESSAGE][PASSED] - Object 'Object Repository/KSD/Page_Product FAQs/a_Zambia' is visible

2023-06-28 14:06:29 - [TEST_STEP][FAILED] - acceptAlert(): Unable to accept alert (Root cause: com.kms.katalon.core.exception.StepFailedException: Unable to accept alert
	at com.kms.katalon.core.webui.keyword.internal.WebUIKeywordMain.stepFailed(WebUIKeywordMain.groovy:64)
	at com.kms.katalon.core.webui.keyword.internal.WebUIKeywordMain.runKeyword(WebUIKeywordMain.groovy:26)
	at com.kms.katalon.core.webui.keyword.builtin.AcceptAlertKeyword.acceptAlert(AcceptAlertKeyword.groovy:71)
	at com.kms.katalon.core.webui.keyword.builtin.AcceptAlertKeyword.execute(AcceptAlertKeyword.groovy:66)
	at com.kms.katalon.core.keyword.internal.KeywordExecutor.executeKeywordForPlatform(KeywordExecutor.groovy:74)
	at com.kms.katalon.core.webui.keyword.WebUiBuiltInKeywords.acceptAlert(WebUiBuiltInKeywords.groovy:1522)
	at com.kms.katalon.core.webui.keyword.WebUiBuiltInKeywords$acceptAlert$6.call(Unknown Source)
	at TC_07_Check_Africa_Location_List.run(TC_07_Check_Africa_Location_List:32)
	at com.kms.katalon.core.main.ScriptEngine.run(ScriptEngine.java:194)
	at com.kms.katalon.core.main.ScriptEngine.runScriptAsRawText(ScriptEngine.java:119)
	at com.kms.katalon.core.main.TestCaseExecutor.runScript(TestCaseExecutor.java:448)
	at com.kms.katalon.core.main.TestCaseExecutor.doExecute(TestCaseExecutor.java:439)
	at com.kms.katalon.core.main.TestCaseExecutor.processExecutionPhase(TestCaseExecutor.java:418)
	at com.kms.katalon.core.main.TestCaseExecutor.accessMainPhase(TestCaseExecutor.java:410)
	at com.kms.katalon.core.main.TestCaseExecutor.execute(TestCaseExecutor.java:285)
	at com.kms.katalon.core.main.TestCaseExecutor.execute(TestCaseExecutor.java:369)
	at com.kms.katalon.core.main.TestCaseExecutor.execute(TestCaseExecutor.java:369)
	at com.kms.katalon.core.main.TestCaseExecutor.execute(TestCaseExecutor.java:369)
	at com.kms.katalon.core.common.CommonExecutor.accessTestCaseMainPhase(CommonExecutor.java:65)
	at com.kms.katalon.core.main.TestSuiteExecutor.accessTestSuiteMainPhase(TestSuiteExecutor.java:144)
	at com.kms.katalon.core.main.TestSuiteExecutor.execute(TestSuiteExecutor.java:106)
	at com.kms.katalon.core.main.TestCaseMain.startTestSuite(TestCaseMain.java:185)
	at com.kms.katalon.core.main.TestCaseMain$startTestSuite$0.call(Unknown Source)
	at TempTestSuite1687940315909.run(TempTestSuite1687940315909.groovy:36)
Caused by: com.kms.katalon.core.exception.StepFailedException: No alert found
	at com.kms.katalon.core.webui.keyword.internal.WebUIKeywordMain.stepFailed(WebUIKeywordMain.groovy:64)
	at com.kms.katalon.core.webui.keyword.builtin.AcceptAlertKeyword$_acceptAlert_closure1.doCall(AcceptAlertKeyword.groovy:78)
	at com.kms.katalon.core.webui.keyword.builtin.AcceptAlertKeyword$_acceptAlert_closure1.call(AcceptAlertKeyword.groovy)
	at com.kms.katalon.core.webui.keyword.internal.WebUIKeywordMain.runKeyword(WebUIKeywordMain.groovy:20)
	... 22 more
)

2023-06-28 14:06:30 - [MESSAGE][FAILED] - No alert found (Root cause: com.kms.katalon.core.exception.StepFailedException: No alert found
	at com.kms.katalon.core.webui.keyword.internal.WebUIKeywordMain.stepFailed(WebUIKeywordMain.groovy:64)
	at com.kms.katalon.core.webui.keyword.builtin.AcceptAlertKeyword$_acceptAlert_closure1.doCall(AcceptAlertKeyword.groovy:78)
	at com.kms.katalon.core.webui.keyword.builtin.AcceptAlertKeyword$_acceptAlert_closure1.call(AcceptAlertKeyword.groovy)
	at com.kms.katalon.core.webui.keyword.internal.WebUIKeywordMain.runKeyword(WebUIKeywordMain.groovy:20)
	at com.kms.katalon.core.webui.keyword.builtin.AcceptAlertKeyword.acceptAlert(AcceptAlertKeyword.groovy:71)
	at com.kms.katalon.core.webui.keyword.builtin.AcceptAlertKeyword.execute(AcceptAlertKeyword.groovy:66)
	at com.kms.katalon.core.keyword.internal.KeywordExecutor.executeKeywordForPlatform(KeywordExecutor.groovy:74)
	at com.kms.katalon.core.webui.keyword.WebUiBuiltInKeywords.acceptAlert(WebUiBuiltInKeywords.groovy:1522)
	at com.kms.katalon.core.webui.keyword.WebUiBuiltInKeywords$acceptAlert$6.call(Unknown Source)
	at TC_07_Check_Africa_Location_List.run(TC_07_Check_Africa_Location_List:32)
	at com.kms.katalon.core.main.ScriptEngine.run(ScriptEngine.java:194)
	at com.kms.katalon.core.main.ScriptEngine.runScriptAsRawText(ScriptEngine.java:119)
	at com.kms.katalon.core.main.TestCaseExecutor.runScript(TestCaseExecutor.java:448)
	at com.kms.katalon.core.main.TestCaseExecutor.doExecute(TestCaseExecutor.java:439)
	at com.kms.katalon.core.main.TestCaseExecutor.processExecutionPhase(TestCaseExecutor.java:418)
	at com.kms.katalon.core.main.TestCaseExecutor.accessMainPhase(TestCaseExecutor.java:410)
	at com.kms.katalon.core.main.TestCaseExecutor.execute(TestCaseExecutor.java:285)
	at com.kms.katalon.core.main.TestCaseExecutor.execute(TestCaseExecutor.java:369)
	at com.kms.katalon.core.main.TestCaseExecutor.execute(TestCaseExecutor.java:369)
	at com.kms.katalon.core.main.TestCaseExecutor.execute(TestCaseExecutor.java:369)
	at com.kms.katalon.core.common.CommonExecutor.accessTestCaseMainPhase(CommonExecutor.java:65)
	at com.kms.katalon.core.main.TestSuiteExecutor.accessTestSuiteMainPhase(TestSuiteExecutor.java:144)
	at com.kms.katalon.core.main.TestSuiteExecutor.execute(TestSuiteExecutor.java:106)
	at com.kms.katalon.core.main.TestCaseMain.startTestSuite(TestCaseMain.java:185)
	at com.kms.katalon.core.main.TestCaseMain$startTestSuite$0.call(Unknown Source)
	at TempTestSuite1687940315909.run(TempTestSuite1687940315909.groovy:36)
)
[[ATTACHMENT|/Users/bhushan/git/katalon/Reports/20230628_134835/KDS_Test_Suite/20230628_134835/1687941389729.png]]

2023-06-28 14:06:30 - [MESSAGE][FAILED] - Unable to accept alert (Root cause: com.kms.katalon.core.exception.StepFailedException: Unable to accept alert
	at com.kms.katalon.core.webui.keyword.internal.WebUIKeywordMain.stepFailed(WebUIKeywordMain.groovy:64)
	at com.kms.katalon.core.webui.keyword.internal.WebUIKeywordMain.runKeyword(WebUIKeywordMain.groovy:26)
	at com.kms.katalon.core.webui.keyword.builtin.AcceptAlertKeyword.acceptAlert(AcceptAlertKeyword.groovy:71)
	at com.kms.katalon.core.webui.keyword.builtin.AcceptAlertKeyword.execute(AcceptAlertKeyword.groovy:66)
	at com.kms.katalon.core.keyword.internal.KeywordExecutor.executeKeywordForPlatform(KeywordExecutor.groovy:74)
	at com.kms.katalon.core.webui.keyword.WebUiBuiltInKeywords.acceptAlert(WebUiBuiltInKeywords.groovy:1522)
	at com.kms.katalon.core.webui.keyword.WebUiBuiltInKeywords$acceptAlert$6.call(Unknown Source)
	at TC_07_Check_Africa_Location_List.run(TC_07_Check_Africa_Location_List:32)
	at com.kms.katalon.core.main.ScriptEngine.run(ScriptEngine.java:194)
	at com.kms.katalon.core.main.ScriptEngine.runScriptAsRawText(ScriptEngine.java:119)
	at com.kms.katalon.core.main.TestCaseExecutor.runScript(TestCaseExecutor.java:448)
	at com.kms.katalon.core.main.TestCaseExecutor.doExecute(TestCaseExecutor.java:439)
	at com.kms.katalon.core.main.TestCaseExecutor.processExecutionPhase(TestCaseExecutor.java:418)
	at com.kms.katalon.core.main.TestCaseExecutor.accessMainPhase(TestCaseExecutor.java:410)
	at com.kms.katalon.core.main.TestCaseExecutor.execute(TestCaseExecutor.java:285)
	at com.kms.katalon.core.main.TestCaseExecutor.execute(TestCaseExecutor.java:369)
	at com.kms.katalon.core.main.TestCaseExecutor.execute(TestCaseExecutor.java:369)
	at com.kms.katalon.core.main.TestCaseExecutor.execute(TestCaseExecutor.java:369)
	at com.kms.katalon.core.common.CommonExecutor.accessTestCaseMainPhase(CommonExecutor.java:65)
	at com.kms.katalon.core.main.TestSuiteExecutor.accessTestSuiteMainPhase(TestSuiteExecutor.java:144)
	at com.kms.katalon.core.main.TestSuiteExecutor.execute(TestSuiteExecutor.java:106)
	at com.kms.katalon.core.main.TestCaseMain.startTestSuite(TestCaseMain.java:185)
	at com.kms.katalon.core.main.TestCaseMain$startTestSuite$0.call(Unknown Source)
	at TempTestSuite1687940315909.run(TempTestSuite1687940315909.groovy:36)
Caused by: com.kms.katalon.core.exception.StepFailedException: No alert found
	at com.kms.katalon.core.webui.keyword.internal.WebUIKeywordMain.stepFailed(WebUIKeywordMain.groovy:64)
	at com.kms.katalon.core.webui.keyword.builtin.AcceptAlertKeyword$_acceptAlert_closure1.doCall(AcceptAlertKeyword.groovy:78)
	at com.kms.katalon.core.webui.keyword.builtin.AcceptAlertKeyword$_acceptAlert_closure1.call(AcceptAlertKeyword.groovy)
	at com.kms.katalon.core.webui.keyword.internal.WebUIKeywordMain.runKeyword(WebUIKeywordMain.groovy:20)
	... 22 more
)
[[ATTACHMENT|/Users/bhushan/git/katalon/Reports/20230628_134835/KDS_Test_Suite/20230628_134835/1687941390538.png]]]]></system-out>
         <system-err><![CDATA[2023-06-28 14:05:03 - [TEST_CASE][FAILED] - Test Cases/KDS/TC_07_Check_Africa_Location_List: Test Cases/KDS/TC_07_Check_Africa_Location_List FAILED.
Reason:
com.kms.katalon.core.exception.StepFailedException: Unable to accept alert
	at com.kms.katalon.core.webui.keyword.internal.WebUIKeywordMain.stepFailed(WebUIKeywordMain.groovy:64)
	at com.kms.katalon.core.webui.keyword.internal.WebUIKeywordMain.runKeyword(WebUIKeywordMain.groovy:26)
	at com.kms.katalon.core.webui.keyword.builtin.AcceptAlertKeyword.acceptAlert(AcceptAlertKeyword.groovy:71)
	at com.kms.katalon.core.webui.keyword.builtin.AcceptAlertKeyword.execute(AcceptAlertKeyword.groovy:66)
	at com.kms.katalon.core.keyword.internal.KeywordExecutor.executeKeywordForPlatform(KeywordExecutor.groovy:74)
	at com.kms.katalon.core.webui.keyword.WebUiBuiltInKeywords.acceptAlert(WebUiBuiltInKeywords.groovy:1522)
	at com.kms.katalon.core.webui.keyword.WebUiBuiltInKeywords$acceptAlert$6.call(Unknown Source)
	at TC_07_Check_Africa_Location_List.run(TC_07_Check_Africa_Location_List:32)
	at com.kms.katalon.core.main.ScriptEngine.run(ScriptEngine.java:194)
	at com.kms.katalon.core.main.ScriptEngine.runScriptAsRawText(ScriptEngine.java:119)
	at com.kms.katalon.core.main.TestCaseExecutor.runScript(TestCaseExecutor.java:448)
	at com.kms.katalon.core.main.TestCaseExecutor.doExecute(TestCaseExecutor.java:439)
	at com.kms.katalon.core.main.TestCaseExecutor.processExecutionPhase(TestCaseExecutor.java:418)
	at com.kms.katalon.core.main.TestCaseExecutor.accessMainPhase(TestCaseExecutor.java:410)
	at com.kms.katalon.core.main.TestCaseExecutor.execute(TestCaseExecutor.java:285)
	at com.kms.katalon.core.main.TestCaseExecutor.execute(TestCaseExecutor.java:369)
	at com.kms.katalon.core.main.TestCaseExecutor.execute(TestCaseExecutor.java:369)
	at com.kms.katalon.core.main.TestCaseExecutor.execute(TestCaseExecutor.java:369)
	at com.kms.katalon.core.common.CommonExecutor.accessTestCaseMainPhase(CommonExecutor.java:65)
	at com.kms.katalon.core.main.TestSuiteExecutor.accessTestSuiteMainPhase(TestSuiteExecutor.java:144)
	at com.kms.katalon.core.main.TestSuiteExecutor.execute(TestSuiteExecutor.java:106)
	at com.kms.katalon.core.main.TestCaseMain.startTestSuite(TestCaseMain.java:185)
	at com.kms.katalon.core.main.TestCaseMain$startTestSuite$0.call(Unknown Source)
	at TempTestSuite1687940315909.run(TempTestSuite1687940315909.groovy:36)
Caused by: com.kms.katalon.core.exception.StepFailedException: No alert found
	at com.kms.katalon.core.webui.keyword.internal.WebUIKeywordMain.stepFailed(WebUIKeywordMain.groovy:64)
	at com.kms.katalon.core.webui.keyword.builtin.AcceptAlertKeyword$_acceptAlert_closure1.doCall(AcceptAlertKeyword.groovy:78)
	at com.kms.katalon.core.webui.keyword.builtin.AcceptAlertKeyword$_acceptAlert_closure1.call(AcceptAlertKeyword.groovy)
	at com.kms.katalon.core.webui.keyword.internal.WebUIKeywordMain.runKeyword(WebUIKeywordMain.groovy:20)
	... 22 more]]></system-err>
      </testcase>
      <testcase name="Test Cases/KDS/TC_08_Check_AMERICAS_Location_List" time="85.827" classname="Test Cases/KDS/TC_08_Check_AMERICAS_Location_List" status="PASSED">
         <system-out><![CDATA[2023-06-28 14:06:30 - [TEST_CASE][PASSED] - Test Cases/KDS/TC_08_Check_AMERICAS_Location_List: Test Cases/KDS/TC_08_Check_AMERICAS_Location_List

2023-06-28 14:06:31 - [TEST_STEP][PASSED] - callTestCase(findTestCase("KDS/TC_06_Select_Project_Location"), [:], STOP_ON_FAILURE): Call Test Case 'Test Cases/KDS/TC_06_Select_Project_Location' successfully

2023-06-28 14:06:31 - [TEST_CASE][PASSED] - Test Cases/KDS/TC_06_Select_Project_Location: Test Cases/KDS/TC_06_Select_Project_Location

2023-06-28 14:06:31 - [TEST_STEP][PASSED] - openBrowser(""): Browser is opened with url: ''

2023-06-28 14:06:31 - [MESSAGE][WARNING] - A browser is already opened. Closing browser and opening a new one

2023-06-28 14:06:31 - [MESSAGE][INFO] - Starting 'Chrome' driver

2023-06-28 14:06:31 - [MESSAGE][INFO] - Action delay is set to 0 milliseconds

2023-06-28 14:06:36 - [MESSAGE][PASSED] - Browser is opened with url: ''

2023-06-28 14:06:36 - [TEST_STEP][PASSED] - navigateToUrl("https://www.studiokohler.com/en-us/faqs"): Navigate to 'https://www.studiokohler.com/en-us/faqs' successfully

2023-06-28 14:07:43 - [MESSAGE][PASSED] - Navigate to 'https://www.studiokohler.com/en-us/faqs' successfully

2023-06-28 14:07:43 - [TEST_STEP][PASSED] - maximizeWindow(): Current window maximized

2023-06-28 14:07:44 - [MESSAGE][PASSED] - Current window maximized

2023-06-28 14:07:44 - [TEST_STEP][PASSED] - click(findTestObject("Object Repository/KSD/Page_Product FAQs/a_India")): Object: 'Object Repository/KSD/Page_Product FAQs/a_India' is clicked on

2023-06-28 14:07:47 - [MESSAGE][PASSED] - Object: 'Object Repository/KSD/Page_Product FAQs/a_India' is clicked on

2023-06-28 14:07:47 - [TEST_STEP][PASSED] - click(findTestObject("Object Repository/KSD/Page_Product FAQs/div_Select Project LocationDisplays product_9e5542")): Object: 'Object Repository/KSD/Page_Product FAQs/div_Select Project LocationDisplays product_9e5542' is clicked on

2023-06-28 14:07:50 - [MESSAGE][PASSED] - Object: 'Object Repository/KSD/Page_Product FAQs/div_Select Project LocationDisplays product_9e5542' is clicked on

2023-06-28 14:07:50 - [TEST_STEP][PASSED] - verifyElementVisible(findTestObject("Object Repository/KSD/Page_Product FAQs/h1_Select Project Location")): Object 'Object Repository/KSD/Page_Product FAQs/h1_Select Project Location' is visible

2023-06-28 14:07:50 - [MESSAGE][PASSED] - Object 'Object Repository/KSD/Page_Product FAQs/h1_Select Project Location' is visible

2023-06-28 14:07:50 - [TEST_STEP][PASSED] - verifyElementVisible(findTestObject("Object Repository/KSD/Page_Product FAQs/a_Africa")): Object 'Object Repository/KSD/Page_Product FAQs/a_Africa' is visible

2023-06-28 14:07:51 - [MESSAGE][PASSED] - Object 'Object Repository/KSD/Page_Product FAQs/a_Africa' is visible

2023-06-28 14:07:51 - [TEST_STEP][PASSED] - verifyElementVisible(findTestObject("Object Repository/KSD/Page_Product FAQs/a_Americas")): Object 'Object Repository/KSD/Page_Product FAQs/a_Americas' is visible

2023-06-28 14:07:51 - [MESSAGE][PASSED] - Object 'Object Repository/KSD/Page_Product FAQs/a_Americas' is visible

2023-06-28 14:07:51 - [TEST_STEP][PASSED] - verifyElementVisible(findTestObject("Object Repository/KSD/Page_Product FAQs/a_Asia")): Object 'Object Repository/KSD/Page_Product FAQs/a_Asia' is visible

2023-06-28 14:07:52 - [MESSAGE][PASSED] - Object 'Object Repository/KSD/Page_Product FAQs/a_Asia' is visible

2023-06-28 14:07:52 - [TEST_STEP][PASSED] - verifyElementVisible(findTestObject("Object Repository/KSD/Page_Product FAQs/a_Australasia")): Object 'Object Repository/KSD/Page_Product FAQs/a_Australasia' is visible

2023-06-28 14:07:52 - [MESSAGE][PASSED] - Object 'Object Repository/KSD/Page_Product FAQs/a_Australasia' is visible

2023-06-28 14:07:52 - [TEST_STEP][PASSED] - verifyElementVisible(findTestObject("Object Repository/KSD/Page_Product FAQs/a_Europe")): Object 'Object Repository/KSD/Page_Product FAQs/a_Europe' is visible

2023-06-28 14:07:53 - [MESSAGE][PASSED] - Object 'Object Repository/KSD/Page_Product FAQs/a_Europe' is visible

2023-06-28 14:07:53 - [TEST_STEP][PASSED] - verifyElementVisible(findTestObject("Object Repository/KSD/Page_Product FAQs/a_Middle East")): Object 'Object Repository/KSD/Page_Product FAQs/a_Middle East' is visible

2023-06-28 14:07:53 - [MESSAGE][PASSED] - Object 'Object Repository/KSD/Page_Product FAQs/a_Middle East' is visible

2023-06-28 14:07:53 - [MESSAGE][PASSED] - Call Test Case 'Test Cases/KDS/TC_06_Select_Project_Location' successfully

2023-06-28 14:07:53 - [TEST_STEP][PASSED] - click(findTestObject("Object Repository/KSD/Page_Product FAQs/a_Americas")): Object: 'Object Repository/KSD/Page_Product FAQs/a_Americas' is clicked on

2023-06-28 14:07:55 - [MESSAGE][PASSED] - Object: 'Object Repository/KSD/Page_Product FAQs/a_Americas' is clicked on

2023-06-28 14:07:55 - [TEST_STEP][PASSED] - verifyElementVisible(findTestObject("Object Repository/KSD/Page_Product FAQs/li_Antigua and Barbuda")): Object 'Object Repository/KSD/Page_Product FAQs/li_Antigua and Barbuda' is visible

2023-06-28 14:07:55 - [MESSAGE][PASSED] - Object 'Object Repository/KSD/Page_Product FAQs/li_Antigua and Barbuda' is visible

2023-06-28 14:07:55 - [TEST_STEP][PASSED] - verifyElementVisible(findTestObject("Object Repository/KSD/Page_Product FAQs/a_Brazil")): Object 'Object Repository/KSD/Page_Product FAQs/a_Brazil' is visible

2023-06-28 14:07:56 - [MESSAGE][PASSED] - Object 'Object Repository/KSD/Page_Product FAQs/a_Brazil' is visible

2023-06-28 14:07:56 - [TEST_STEP][PASSED] - verifyElementVisible(findTestObject("Object Repository/KSD/Page_Product FAQs/a_Costa Rica")): Object 'Object Repository/KSD/Page_Product FAQs/a_Costa Rica' is visible

2023-06-28 14:07:56 - [MESSAGE][PASSED] - Object 'Object Repository/KSD/Page_Product FAQs/a_Costa Rica' is visible]]></system-out>
         <system-err><![CDATA[]]></system-err>
      </testcase>
      <testcase name="Test Cases/KDS/TC_09_Check_ASIA_Location_List" time="80.648" classname="Test Cases/KDS/TC_09_Check_ASIA_Location_List" status="PASSED">
         <system-out><![CDATA[2023-06-28 14:07:56 - [TEST_CASE][PASSED] - Test Cases/KDS/TC_09_Check_ASIA_Location_List: Test Cases/KDS/TC_09_Check_ASIA_Location_List

2023-06-28 14:07:56 - [TEST_STEP][PASSED] - callTestCase(findTestCase("KDS/TC_06_Select_Project_Location"), [:], STOP_ON_FAILURE): Call Test Case 'Test Cases/KDS/TC_06_Select_Project_Location' successfully

2023-06-28 14:07:56 - [TEST_CASE][PASSED] - Test Cases/KDS/TC_06_Select_Project_Location: Test Cases/KDS/TC_06_Select_Project_Location

2023-06-28 14:07:56 - [TEST_STEP][PASSED] - openBrowser(""): Browser is opened with url: ''

2023-06-28 14:07:57 - [MESSAGE][WARNING] - A browser is already opened. Closing browser and opening a new one

2023-06-28 14:07:57 - [MESSAGE][INFO] - Starting 'Chrome' driver

2023-06-28 14:07:57 - [MESSAGE][INFO] - Action delay is set to 0 milliseconds

2023-06-28 14:08:02 - [MESSAGE][PASSED] - Browser is opened with url: ''

2023-06-28 14:08:02 - [TEST_STEP][PASSED] - navigateToUrl("https://www.studiokohler.com/en-us/faqs"): Navigate to 'https://www.studiokohler.com/en-us/faqs' successfully

2023-06-28 14:09:04 - [MESSAGE][PASSED] - Navigate to 'https://www.studiokohler.com/en-us/faqs' successfully

2023-06-28 14:09:04 - [TEST_STEP][PASSED] - maximizeWindow(): Current window maximized

2023-06-28 14:09:05 - [MESSAGE][PASSED] - Current window maximized

2023-06-28 14:09:05 - [TEST_STEP][PASSED] - click(findTestObject("Object Repository/KSD/Page_Product FAQs/a_India")): Object: 'Object Repository/KSD/Page_Product FAQs/a_India' is clicked on

2023-06-28 14:09:09 - [MESSAGE][PASSED] - Object: 'Object Repository/KSD/Page_Product FAQs/a_India' is clicked on

2023-06-28 14:09:09 - [TEST_STEP][PASSED] - click(findTestObject("Object Repository/KSD/Page_Product FAQs/div_Select Project LocationDisplays product_9e5542")): Object: 'Object Repository/KSD/Page_Product FAQs/div_Select Project LocationDisplays product_9e5542' is clicked on

2023-06-28 14:09:11 - [MESSAGE][PASSED] - Object: 'Object Repository/KSD/Page_Product FAQs/div_Select Project LocationDisplays product_9e5542' is clicked on

2023-06-28 14:09:11 - [TEST_STEP][PASSED] - verifyElementVisible(findTestObject("Object Repository/KSD/Page_Product FAQs/h1_Select Project Location")): Object 'Object Repository/KSD/Page_Product FAQs/h1_Select Project Location' is visible

2023-06-28 14:09:12 - [MESSAGE][PASSED] - Object 'Object Repository/KSD/Page_Product FAQs/h1_Select Project Location' is visible

2023-06-28 14:09:12 - [TEST_STEP][PASSED] - verifyElementVisible(findTestObject("Object Repository/KSD/Page_Product FAQs/a_Africa")): Object 'Object Repository/KSD/Page_Product FAQs/a_Africa' is visible

2023-06-28 14:09:13 - [MESSAGE][PASSED] - Object 'Object Repository/KSD/Page_Product FAQs/a_Africa' is visible

2023-06-28 14:09:13 - [TEST_STEP][PASSED] - verifyElementVisible(findTestObject("Object Repository/KSD/Page_Product FAQs/a_Americas")): Object 'Object Repository/KSD/Page_Product FAQs/a_Americas' is visible

2023-06-28 14:09:13 - [MESSAGE][PASSED] - Object 'Object Repository/KSD/Page_Product FAQs/a_Americas' is visible

2023-06-28 14:09:13 - [TEST_STEP][PASSED] - verifyElementVisible(findTestObject("Object Repository/KSD/Page_Product FAQs/a_Asia")): Object 'Object Repository/KSD/Page_Product FAQs/a_Asia' is visible

2023-06-28 14:09:14 - [MESSAGE][PASSED] - Object 'Object Repository/KSD/Page_Product FAQs/a_Asia' is visible

2023-06-28 14:09:14 - [TEST_STEP][PASSED] - verifyElementVisible(findTestObject("Object Repository/KSD/Page_Product FAQs/a_Australasia")): Object 'Object Repository/KSD/Page_Product FAQs/a_Australasia' is visible

2023-06-28 14:09:14 - [MESSAGE][PASSED] - Object 'Object Repository/KSD/Page_Product FAQs/a_Australasia' is visible

2023-06-28 14:09:14 - [TEST_STEP][PASSED] - verifyElementVisible(findTestObject("Object Repository/KSD/Page_Product FAQs/a_Europe")): Object 'Object Repository/KSD/Page_Product FAQs/a_Europe' is visible

2023-06-28 14:09:14 - [MESSAGE][PASSED] - Object 'Object Repository/KSD/Page_Product FAQs/a_Europe' is visible

2023-06-28 14:09:14 - [TEST_STEP][PASSED] - verifyElementVisible(findTestObject("Object Repository/KSD/Page_Product FAQs/a_Middle East")): Object 'Object Repository/KSD/Page_Product FAQs/a_Middle East' is visible

2023-06-28 14:09:15 - [MESSAGE][PASSED] - Object 'Object Repository/KSD/Page_Product FAQs/a_Middle East' is visible

2023-06-28 14:09:15 - [MESSAGE][PASSED] - Call Test Case 'Test Cases/KDS/TC_06_Select_Project_Location' successfully

2023-06-28 14:09:15 - [TEST_STEP][PASSED] - click(findTestObject("Object Repository/KSD/Page_Product FAQs/a_Asia")): Object: 'Object Repository/KSD/Page_Product FAQs/a_Asia' is clicked on

2023-06-28 14:09:16 - [MESSAGE][PASSED] - Object: 'Object Repository/KSD/Page_Product FAQs/a_Asia' is clicked on

2023-06-28 14:09:16 - [TEST_STEP][PASSED] - verifyElementVisible(findTestObject("Object Repository/KSD/Page_Product FAQs/a_Bangladesh")): Object 'Object Repository/KSD/Page_Product FAQs/a_Bangladesh' is visible

2023-06-28 14:09:16 - [MESSAGE][PASSED] - Object 'Object Repository/KSD/Page_Product FAQs/a_Bangladesh' is visible

2023-06-28 14:09:16 - [TEST_STEP][PASSED] - verifyElementVisible(findTestObject("Object Repository/KSD/Page_Product FAQs/a_Hong Kong, China")): Object 'Object Repository/KSD/Page_Product FAQs/a_Hong Kong, China' is visible

2023-06-28 14:09:17 - [MESSAGE][PASSED] - Object 'Object Repository/KSD/Page_Product FAQs/a_Hong Kong, China' is visible]]></system-out>
         <system-err><![CDATA[]]></system-err>
      </testcase>
      <testcase name="Test Cases/KDS/TC_10_Check_AUSTRALASIA_Location_List" time="84.78" classname="Test Cases/KDS/TC_10_Check_AUSTRALASIA_Location_List" status="PASSED">
         <system-out><![CDATA[2023-06-28 14:09:17 - [TEST_CASE][PASSED] - Test Cases/KDS/TC_10_Check_AUSTRALASIA_Location_List: Test Cases/KDS/TC_10_Check_AUSTRALASIA_Location_List

2023-06-28 14:09:17 - [TEST_STEP][PASSED] - callTestCase(findTestCase("KDS/TC_06_Select_Project_Location"), [:], STOP_ON_FAILURE): Call Test Case 'Test Cases/KDS/TC_06_Select_Project_Location' successfully

2023-06-28 14:09:17 - [TEST_CASE][PASSED] - Test Cases/KDS/TC_06_Select_Project_Location: Test Cases/KDS/TC_06_Select_Project_Location

2023-06-28 14:09:17 - [TEST_STEP][PASSED] - openBrowser(""): Browser is opened with url: ''

2023-06-28 14:09:17 - [MESSAGE][WARNING] - A browser is already opened. Closing browser and opening a new one

2023-06-28 14:09:17 - [MESSAGE][INFO] - Starting 'Chrome' driver

2023-06-28 14:09:17 - [MESSAGE][INFO] - Action delay is set to 0 milliseconds

2023-06-28 14:09:23 - [MESSAGE][PASSED] - Browser is opened with url: ''

2023-06-28 14:09:23 - [TEST_STEP][PASSED] - navigateToUrl("https://www.studiokohler.com/en-us/faqs"): Navigate to 'https://www.studiokohler.com/en-us/faqs' successfully

2023-06-28 14:10:26 - [MESSAGE][PASSED] - Navigate to 'https://www.studiokohler.com/en-us/faqs' successfully

2023-06-28 14:10:26 - [TEST_STEP][PASSED] - maximizeWindow(): Current window maximized

2023-06-28 14:10:28 - [MESSAGE][PASSED] - Current window maximized

2023-06-28 14:10:28 - [TEST_STEP][PASSED] - click(findTestObject("Object Repository/KSD/Page_Product FAQs/a_India")): Object: 'Object Repository/KSD/Page_Product FAQs/a_India' is clicked on

2023-06-28 14:10:33 - [MESSAGE][PASSED] - Object: 'Object Repository/KSD/Page_Product FAQs/a_India' is clicked on

2023-06-28 14:10:33 - [TEST_STEP][PASSED] - click(findTestObject("Object Repository/KSD/Page_Product FAQs/div_Select Project LocationDisplays product_9e5542")): Object: 'Object Repository/KSD/Page_Product FAQs/div_Select Project LocationDisplays product_9e5542' is clicked on

2023-06-28 14:10:35 - [MESSAGE][PASSED] - Object: 'Object Repository/KSD/Page_Product FAQs/div_Select Project LocationDisplays product_9e5542' is clicked on

2023-06-28 14:10:35 - [TEST_STEP][PASSED] - verifyElementVisible(findTestObject("Object Repository/KSD/Page_Product FAQs/h1_Select Project Location")): Object 'Object Repository/KSD/Page_Product FAQs/h1_Select Project Location' is visible

2023-06-28 14:10:35 - [MESSAGE][PASSED] - Object 'Object Repository/KSD/Page_Product FAQs/h1_Select Project Location' is visible

2023-06-28 14:10:35 - [TEST_STEP][PASSED] - verifyElementVisible(findTestObject("Object Repository/KSD/Page_Product FAQs/a_Africa")): Object 'Object Repository/KSD/Page_Product FAQs/a_Africa' is visible

2023-06-28 14:10:35 - [MESSAGE][PASSED] - Object 'Object Repository/KSD/Page_Product FAQs/a_Africa' is visible

2023-06-28 14:10:35 - [TEST_STEP][PASSED] - verifyElementVisible(findTestObject("Object Repository/KSD/Page_Product FAQs/a_Americas")): Object 'Object Repository/KSD/Page_Product FAQs/a_Americas' is visible

2023-06-28 14:10:36 - [MESSAGE][PASSED] - Object 'Object Repository/KSD/Page_Product FAQs/a_Americas' is visible

2023-06-28 14:10:36 - [TEST_STEP][PASSED] - verifyElementVisible(findTestObject("Object Repository/KSD/Page_Product FAQs/a_Asia")): Object 'Object Repository/KSD/Page_Product FAQs/a_Asia' is visible

2023-06-28 14:10:37 - [MESSAGE][PASSED] - Object 'Object Repository/KSD/Page_Product FAQs/a_Asia' is visible

2023-06-28 14:10:37 - [TEST_STEP][PASSED] - verifyElementVisible(findTestObject("Object Repository/KSD/Page_Product FAQs/a_Australasia")): Object 'Object Repository/KSD/Page_Product FAQs/a_Australasia' is visible

2023-06-28 14:10:38 - [MESSAGE][PASSED] - Object 'Object Repository/KSD/Page_Product FAQs/a_Australasia' is visible

2023-06-28 14:10:38 - [TEST_STEP][PASSED] - verifyElementVisible(findTestObject("Object Repository/KSD/Page_Product FAQs/a_Europe")): Object 'Object Repository/KSD/Page_Product FAQs/a_Europe' is visible

2023-06-28 14:10:38 - [MESSAGE][PASSED] - Object 'Object Repository/KSD/Page_Product FAQs/a_Europe' is visible

2023-06-28 14:10:38 - [TEST_STEP][PASSED] - verifyElementVisible(findTestObject("Object Repository/KSD/Page_Product FAQs/a_Middle East")): Object 'Object Repository/KSD/Page_Product FAQs/a_Middle East' is visible

2023-06-28 14:10:38 - [MESSAGE][PASSED] - Object 'Object Repository/KSD/Page_Product FAQs/a_Middle East' is visible

2023-06-28 14:10:38 - [MESSAGE][PASSED] - Call Test Case 'Test Cases/KDS/TC_06_Select_Project_Location' successfully

2023-06-28 14:10:38 - [TEST_STEP][PASSED] - click(findTestObject("Object Repository/KSD/Page_Product FAQs/a_Australasia")): Object: 'Object Repository/KSD/Page_Product FAQs/a_Australasia' is clicked on

2023-06-28 14:10:40 - [MESSAGE][PASSED] - Object: 'Object Repository/KSD/Page_Product FAQs/a_Australasia' is clicked on

2023-06-28 14:10:40 - [TEST_STEP][PASSED] - verifyElementVisible(findTestObject("Object Repository/KSD/Page_Product FAQs/a_Australia")): Object 'Object Repository/KSD/Page_Product FAQs/a_Australia' is visible

2023-06-28 14:10:41 - [MESSAGE][PASSED] - Object 'Object Repository/KSD/Page_Product FAQs/a_Australia' is visible

2023-06-28 14:10:41 - [TEST_STEP][PASSED] - verifyElementVisible(findTestObject("Object Repository/KSD/Page_Product FAQs/a_Fiji")): Object 'Object Repository/KSD/Page_Product FAQs/a_Fiji' is visible

2023-06-28 14:10:41 - [MESSAGE][PASSED] - Object 'Object Repository/KSD/Page_Product FAQs/a_Fiji' is visible

2023-06-28 14:10:41 - [TEST_STEP][PASSED] - verifyElementVisible(findTestObject("Object Repository/KSD/Page_Product FAQs/a_New Zealand")): Object 'Object Repository/KSD/Page_Product FAQs/a_New Zealand' is visible

2023-06-28 14:10:42 - [MESSAGE][PASSED] - Object 'Object Repository/KSD/Page_Product FAQs/a_New Zealand' is visible]]></system-out>
         <system-err><![CDATA[]]></system-err>
      </testcase>
      <testcase name="Test Cases/KDS/TC_11_Check_EUROPE_Location_List" time="97.468" classname="Test Cases/KDS/TC_11_Check_EUROPE_Location_List" status="PASSED">
         <system-out><![CDATA[2023-06-28 14:10:42 - [TEST_CASE][PASSED] - Test Cases/KDS/TC_11_Check_EUROPE_Location_List: Test Cases/KDS/TC_11_Check_EUROPE_Location_List

2023-06-28 14:10:42 - [TEST_STEP][PASSED] - callTestCase(findTestCase("KDS/TC_06_Select_Project_Location"), [:], STOP_ON_FAILURE): Call Test Case 'Test Cases/KDS/TC_06_Select_Project_Location' successfully

2023-06-28 14:10:42 - [TEST_CASE][PASSED] - Test Cases/KDS/TC_06_Select_Project_Location: Test Cases/KDS/TC_06_Select_Project_Location

2023-06-28 14:10:42 - [TEST_STEP][PASSED] - openBrowser(""): Browser is opened with url: ''

2023-06-28 14:10:42 - [MESSAGE][WARNING] - A browser is already opened. Closing browser and opening a new one

2023-06-28 14:10:42 - [MESSAGE][INFO] - Starting 'Chrome' driver

2023-06-28 14:10:42 - [MESSAGE][INFO] - Action delay is set to 0 milliseconds

2023-06-28 14:10:47 - [MESSAGE][PASSED] - Browser is opened with url: ''

2023-06-28 14:10:47 - [TEST_STEP][PASSED] - navigateToUrl("https://www.studiokohler.com/en-us/faqs"): Navigate to 'https://www.studiokohler.com/en-us/faqs' successfully

2023-06-28 14:12:00 - [MESSAGE][PASSED] - Navigate to 'https://www.studiokohler.com/en-us/faqs' successfully

2023-06-28 14:12:00 - [TEST_STEP][PASSED] - maximizeWindow(): Current window maximized

2023-06-28 14:12:03 - [MESSAGE][PASSED] - Current window maximized

2023-06-28 14:12:03 - [TEST_STEP][PASSED] - click(findTestObject("Object Repository/KSD/Page_Product FAQs/a_India")): Object: 'Object Repository/KSD/Page_Product FAQs/a_India' is clicked on

2023-06-28 14:12:10 - [MESSAGE][PASSED] - Object: 'Object Repository/KSD/Page_Product FAQs/a_India' is clicked on

2023-06-28 14:12:10 - [TEST_STEP][PASSED] - click(findTestObject("Object Repository/KSD/Page_Product FAQs/div_Select Project LocationDisplays product_9e5542")): Object: 'Object Repository/KSD/Page_Product FAQs/div_Select Project LocationDisplays product_9e5542' is clicked on

2023-06-28 14:12:12 - [MESSAGE][PASSED] - Object: 'Object Repository/KSD/Page_Product FAQs/div_Select Project LocationDisplays product_9e5542' is clicked on

2023-06-28 14:12:12 - [TEST_STEP][PASSED] - verifyElementVisible(findTestObject("Object Repository/KSD/Page_Product FAQs/h1_Select Project Location")): Object 'Object Repository/KSD/Page_Product FAQs/h1_Select Project Location' is visible

2023-06-28 14:12:13 - [MESSAGE][PASSED] - Object 'Object Repository/KSD/Page_Product FAQs/h1_Select Project Location' is visible

2023-06-28 14:12:13 - [TEST_STEP][PASSED] - verifyElementVisible(findTestObject("Object Repository/KSD/Page_Product FAQs/a_Africa")): Object 'Object Repository/KSD/Page_Product FAQs/a_Africa' is visible

2023-06-28 14:12:14 - [MESSAGE][PASSED] - Object 'Object Repository/KSD/Page_Product FAQs/a_Africa' is visible

2023-06-28 14:12:14 - [TEST_STEP][PASSED] - verifyElementVisible(findTestObject("Object Repository/KSD/Page_Product FAQs/a_Americas")): Object 'Object Repository/KSD/Page_Product FAQs/a_Americas' is visible

2023-06-28 14:12:14 - [MESSAGE][PASSED] - Object 'Object Repository/KSD/Page_Product FAQs/a_Americas' is visible

2023-06-28 14:12:14 - [TEST_STEP][PASSED] - verifyElementVisible(findTestObject("Object Repository/KSD/Page_Product FAQs/a_Asia")): Object 'Object Repository/KSD/Page_Product FAQs/a_Asia' is visible

2023-06-28 14:12:15 - [MESSAGE][PASSED] - Object 'Object Repository/KSD/Page_Product FAQs/a_Asia' is visible

2023-06-28 14:12:15 - [TEST_STEP][PASSED] - verifyElementVisible(findTestObject("Object Repository/KSD/Page_Product FAQs/a_Australasia")): Object 'Object Repository/KSD/Page_Product FAQs/a_Australasia' is visible

2023-06-28 14:12:15 - [MESSAGE][PASSED] - Object 'Object Repository/KSD/Page_Product FAQs/a_Australasia' is visible

2023-06-28 14:12:15 - [TEST_STEP][PASSED] - verifyElementVisible(findTestObject("Object Repository/KSD/Page_Product FAQs/a_Europe")): Object 'Object Repository/KSD/Page_Product FAQs/a_Europe' is visible

2023-06-28 14:12:16 - [MESSAGE][PASSED] - Object 'Object Repository/KSD/Page_Product FAQs/a_Europe' is visible

2023-06-28 14:12:16 - [TEST_STEP][PASSED] - verifyElementVisible(findTestObject("Object Repository/KSD/Page_Product FAQs/a_Middle East")): Object 'Object Repository/KSD/Page_Product FAQs/a_Middle East' is visible

2023-06-28 14:12:16 - [MESSAGE][PASSED] - Object 'Object Repository/KSD/Page_Product FAQs/a_Middle East' is visible

2023-06-28 14:12:16 - [MESSAGE][PASSED] - Call Test Case 'Test Cases/KDS/TC_06_Select_Project_Location' successfully

2023-06-28 14:12:16 - [TEST_STEP][PASSED] - click(findTestObject("Object Repository/KSD/Page_Product FAQs/a_Europe")): Object: 'Object Repository/KSD/Page_Product FAQs/a_Europe' is clicked on

2023-06-28 14:12:19 - [MESSAGE][PASSED] - Object: 'Object Repository/KSD/Page_Product FAQs/a_Europe' is clicked on

2023-06-28 14:12:19 - [TEST_STEP][PASSED] - verifyElementVisible(findTestObject("Object Repository/KSD/Page_Product FAQs/a_United Kingdom")): Object 'Object Repository/KSD/Page_Product FAQs/a_United Kingdom' is visible

2023-06-28 14:12:19 - [MESSAGE][PASSED] - Object 'Object Repository/KSD/Page_Product FAQs/a_United Kingdom' is visible]]></system-out>
         <system-err><![CDATA[]]></system-err>
      </testcase>
      <testcase name="Test Cases/KDS/TC_12_Check_MIDDLE EAST_Location_List" time="83.372" classname="Test Cases/KDS/TC_12_Check_MIDDLE EAST_Location_List" status="PASSED">
         <system-out><![CDATA[2023-06-28 14:12:19 - [TEST_CASE][PASSED] - Test Cases/KDS/TC_12_Check_MIDDLE EAST_Location_List: Test Cases/KDS/TC_12_Check_MIDDLE EAST_Location_List

2023-06-28 14:12:19 - [TEST_STEP][PASSED] - callTestCase(findTestCase("KDS/TC_06_Select_Project_Location"), [:], STOP_ON_FAILURE): Call Test Case 'Test Cases/KDS/TC_06_Select_Project_Location' successfully

2023-06-28 14:12:20 - [TEST_CASE][PASSED] - Test Cases/KDS/TC_06_Select_Project_Location: Test Cases/KDS/TC_06_Select_Project_Location

2023-06-28 14:12:20 - [TEST_STEP][PASSED] - openBrowser(""): Browser is opened with url: ''

2023-06-28 14:12:20 - [MESSAGE][WARNING] - A browser is already opened. Closing browser and opening a new one

2023-06-28 14:12:20 - [MESSAGE][INFO] - Starting 'Chrome' driver

2023-06-28 14:12:20 - [MESSAGE][INFO] - Action delay is set to 0 milliseconds

2023-06-28 14:12:25 - [MESSAGE][PASSED] - Browser is opened with url: ''

2023-06-28 14:12:25 - [TEST_STEP][PASSED] - navigateToUrl("https://www.studiokohler.com/en-us/faqs"): Navigate to 'https://www.studiokohler.com/en-us/faqs' successfully

2023-06-28 14:13:29 - [MESSAGE][PASSED] - Navigate to 'https://www.studiokohler.com/en-us/faqs' successfully

2023-06-28 14:13:29 - [TEST_STEP][PASSED] - maximizeWindow(): Current window maximized

2023-06-28 14:13:29 - [MESSAGE][PASSED] - Current window maximized

2023-06-28 14:13:29 - [TEST_STEP][PASSED] - click(findTestObject("Object Repository/KSD/Page_Product FAQs/a_India")): Object: 'Object Repository/KSD/Page_Product FAQs/a_India' is clicked on

2023-06-28 14:13:33 - [MESSAGE][PASSED] - Object: 'Object Repository/KSD/Page_Product FAQs/a_India' is clicked on

2023-06-28 14:13:33 - [TEST_STEP][PASSED] - click(findTestObject("Object Repository/KSD/Page_Product FAQs/div_Select Project LocationDisplays product_9e5542")): Object: 'Object Repository/KSD/Page_Product FAQs/div_Select Project LocationDisplays product_9e5542' is clicked on

2023-06-28 14:13:35 - [MESSAGE][PASSED] - Object: 'Object Repository/KSD/Page_Product FAQs/div_Select Project LocationDisplays product_9e5542' is clicked on

2023-06-28 14:13:35 - [TEST_STEP][PASSED] - verifyElementVisible(findTestObject("Object Repository/KSD/Page_Product FAQs/h1_Select Project Location")): Object 'Object Repository/KSD/Page_Product FAQs/h1_Select Project Location' is visible

2023-06-28 14:13:35 - [MESSAGE][PASSED] - Object 'Object Repository/KSD/Page_Product FAQs/h1_Select Project Location' is visible

2023-06-28 14:13:35 - [TEST_STEP][PASSED] - verifyElementVisible(findTestObject("Object Repository/KSD/Page_Product FAQs/a_Africa")): Object 'Object Repository/KSD/Page_Product FAQs/a_Africa' is visible

2023-06-28 14:13:36 - [MESSAGE][PASSED] - Object 'Object Repository/KSD/Page_Product FAQs/a_Africa' is visible

2023-06-28 14:13:36 - [TEST_STEP][PASSED] - verifyElementVisible(findTestObject("Object Repository/KSD/Page_Product FAQs/a_Americas")): Object 'Object Repository/KSD/Page_Product FAQs/a_Americas' is visible

2023-06-28 14:13:36 - [MESSAGE][PASSED] - Object 'Object Repository/KSD/Page_Product FAQs/a_Americas' is visible

2023-06-28 14:13:36 - [TEST_STEP][PASSED] - verifyElementVisible(findTestObject("Object Repository/KSD/Page_Product FAQs/a_Asia")): Object 'Object Repository/KSD/Page_Product FAQs/a_Asia' is visible

2023-06-28 14:13:37 - [MESSAGE][PASSED] - Object 'Object Repository/KSD/Page_Product FAQs/a_Asia' is visible

2023-06-28 14:13:37 - [TEST_STEP][PASSED] - verifyElementVisible(findTestObject("Object Repository/KSD/Page_Product FAQs/a_Australasia")): Object 'Object Repository/KSD/Page_Product FAQs/a_Australasia' is visible

2023-06-28 14:13:37 - [MESSAGE][PASSED] - Object 'Object Repository/KSD/Page_Product FAQs/a_Australasia' is visible

2023-06-28 14:13:37 - [TEST_STEP][PASSED] - verifyElementVisible(findTestObject("Object Repository/KSD/Page_Product FAQs/a_Europe")): Object 'Object Repository/KSD/Page_Product FAQs/a_Europe' is visible

2023-06-28 14:13:38 - [MESSAGE][PASSED] - Object 'Object Repository/KSD/Page_Product FAQs/a_Europe' is visible

2023-06-28 14:13:38 - [TEST_STEP][PASSED] - verifyElementVisible(findTestObject("Object Repository/KSD/Page_Product FAQs/a_Middle East")): Object 'Object Repository/KSD/Page_Product FAQs/a_Middle East' is visible

2023-06-28 14:13:38 - [MESSAGE][PASSED] - Object 'Object Repository/KSD/Page_Product FAQs/a_Middle East' is visible

2023-06-28 14:13:38 - [MESSAGE][PASSED] - Call Test Case 'Test Cases/KDS/TC_06_Select_Project_Location' successfully

2023-06-28 14:13:38 - [TEST_STEP][PASSED] - click(findTestObject("Object Repository/KSD/Page_Product FAQs/a_Middle East")): Object: 'Object Repository/KSD/Page_Product FAQs/a_Middle East' is clicked on

2023-06-28 14:13:40 - [MESSAGE][PASSED] - Object: 'Object Repository/KSD/Page_Product FAQs/a_Middle East' is clicked on

2023-06-28 14:13:40 - [TEST_STEP][PASSED] - rightClick(findTestObject("Object Repository/KSD/Page_Product FAQs/a_Bahrain")): Object: 'Object Repository/KSD/Page_Product FAQs/a_Bahrain' is right clicked on

2023-06-28 14:13:41 - [MESSAGE][PASSED] - Object: 'Object Repository/KSD/Page_Product FAQs/a_Bahrain' is right clicked on

2023-06-28 14:13:41 - [TEST_STEP][PASSED] - verifyElementVisible(findTestObject("Object Repository/KSD/Page_Product FAQs/a_Bahrain")): Object 'Object Repository/KSD/Page_Product FAQs/a_Bahrain' is visible

2023-06-28 14:13:42 - [MESSAGE][PASSED] - Object 'Object Repository/KSD/Page_Product FAQs/a_Bahrain' is visible

2023-06-28 14:13:42 - [TEST_STEP][PASSED] - verifyElementVisible(findTestObject("Object Repository/KSD/Page_Product FAQs/a_Kuwait")): Object 'Object Repository/KSD/Page_Product FAQs/a_Kuwait' is visible

2023-06-28 14:13:42 - [MESSAGE][PASSED] - Object 'Object Repository/KSD/Page_Product FAQs/a_Kuwait' is visible

2023-06-28 14:13:42 - [TEST_STEP][PASSED] - verifyElementVisible(findTestObject("Object Repository/KSD/Page_Product FAQs/a_United Arab Emirates")): Object 'Object Repository/KSD/Page_Product FAQs/a_United Arab Emirates' is visible

2023-06-28 14:13:42 - [MESSAGE][PASSED] - Object 'Object Repository/KSD/Page_Product FAQs/a_United Arab Emirates' is visible]]></system-out>
         <system-err><![CDATA[]]></system-err>
      </testcase>
      <testcase name="Test Cases/KDS/TC_13_Check_Create_New_Folder" time="197.307" classname="Test Cases/KDS/TC_13_Check_Create_New_Folder" status="PASSED">
         <system-out><![CDATA[2023-06-28 14:13:42 - [TEST_CASE][PASSED] - Test Cases/KDS/TC_13_Check_Create_New_Folder: Test Cases/KDS/TC_13_Check_Create_New_Folder

2023-06-28 14:13:43 - [TEST_STEP][PASSED] - callTestCase(findTestCase("KDS/TC_01_Login"), [:], STOP_ON_FAILURE): Call Test Case 'Test Cases/KDS/TC_01_Login' successfully

2023-06-28 14:13:43 - [TEST_CASE][PASSED] - Test Cases/KDS/TC_01_Login: Test Cases/KDS/TC_01_Login

2023-06-28 14:13:43 - [TEST_STEP][PASSED] - openBrowser(""): Browser is opened with url: ''

2023-06-28 14:13:43 - [MESSAGE][WARNING] - A browser is already opened. Closing browser and opening a new one

2023-06-28 14:13:43 - [MESSAGE][INFO] - Starting 'Chrome' driver

2023-06-28 14:13:43 - [MESSAGE][INFO] - Action delay is set to 0 milliseconds

2023-06-28 14:13:49 - [MESSAGE][PASSED] - Browser is opened with url: ''

2023-06-28 14:13:49 - [TEST_STEP][PASSED] - navigateToUrl("https://www.studiokohler.com/en-us/faqs"): Navigate to 'https://www.studiokohler.com/en-us/faqs' successfully

2023-06-28 14:14:55 - [MESSAGE][PASSED] - Navigate to 'https://www.studiokohler.com/en-us/faqs' successfully

2023-06-28 14:14:55 - [TEST_STEP][PASSED] - maximizeWindow(): Current window maximized

2023-06-28 14:14:56 - [MESSAGE][PASSED] - Current window maximized

2023-06-28 14:14:56 - [TEST_STEP][PASSED] - click(findTestObject("Object Repository/KSD/Page_Product FAQs/i_OK_fal fa-user")): Object: 'Object Repository/KSD/Page_Product FAQs/i_OK_fal fa-user' is clicked on

2023-06-28 14:15:00 - [MESSAGE][PASSED] - Object: 'Object Repository/KSD/Page_Product FAQs/i_OK_fal fa-user' is clicked on

2023-06-28 14:15:00 - [TEST_STEP][PASSED] - setText(findTestObject("Object Repository/KSD/Page_Product FAQs/input_E-mail Address_nav-user-email"), "Bhushan.borse@kohler.com"): Text 'Bhushan.borse@kohler.com' is set on object 'Object Repository/KSD/Page_Product FAQs/input_E-mail Address_nav-user-email'

2023-06-28 14:15:03 - [MESSAGE][PASSED] - Text 'Bhushan.borse@kohler.com' is set on object 'Object Repository/KSD/Page_Product FAQs/input_E-mail Address_nav-user-email'

2023-06-28 14:15:03 - [TEST_STEP][PASSED] - setEncryptedText(findTestObject("Object Repository/KSD/Page_Product FAQs/input_Password_nav-user-password"), "UkTT/T5uWxEyt5z+WbCT2w=="): Text ****** has been set on object 'Object Repository/KSD/Page_Product FAQs/input_Password_nav-user-password'

2023-06-28 14:15:04 - [MESSAGE][PASSED] - Text ****** has been set on object 'Object Repository/KSD/Page_Product FAQs/input_Password_nav-user-password'

2023-06-28 14:15:04 - [TEST_STEP][PASSED] - click(findTestObject("Object Repository/KSD/Page_Product FAQs/button_Sign In")): Object: 'Object Repository/KSD/Page_Product FAQs/button_Sign In' is clicked on

2023-06-28 14:15:07 - [MESSAGE][PASSED] - Object: 'Object Repository/KSD/Page_Product FAQs/button_Sign In' is clicked on

2023-06-28 14:15:07 - [TEST_STEP][PASSED] - verifyElementVisible(findTestObject("Object Repository/KSD/Page_Product FAQs/a_Bhushan")): Object 'Object Repository/KSD/Page_Product FAQs/a_Bhushan' is visible

2023-06-28 14:15:51 - [MESSAGE][PASSED] - Object 'Object Repository/KSD/Page_Product FAQs/a_Bhushan' is visible

2023-06-28 14:15:51 - [MESSAGE][PASSED] - Call Test Case 'Test Cases/KDS/TC_01_Login' successfully

2023-06-28 14:15:51 - [TEST_STEP][PASSED] - click(findTestObject("KSD/Page_Product FAQs/button_Accept All Cookies")): Object: 'Object Repository/KSD/Page_Product FAQs/button_Accept All Cookies' is clicked on

2023-06-28 14:15:54 - [MESSAGE][PASSED] - Object: 'Object Repository/KSD/Page_Product FAQs/button_Accept All Cookies' is clicked on

2023-06-28 14:15:54 - [TEST_STEP][PASSED] - click(findTestObject("Object Repository/KSD/Page_Project Folder Landing Page/Page_Product FAQs/i_OK_fal fa-folder")): Object: 'Object Repository/KSD/Page_Project Folder Landing Page/Page_Product FAQs/i_OK_fal fa-folder' is clicked on

2023-06-28 14:16:38 - [MESSAGE][PASSED] - Object: 'Object Repository/KSD/Page_Project Folder Landing Page/Page_Product FAQs/i_OK_fal fa-folder' is clicked on

2023-06-28 14:16:38 - [TEST_STEP][PASSED] - scrollToElement(findTestObject("Object Repository/KSD/Page_Project Folder Landing Page/Page_Project Folder Landing Page/h2_Create new folder"), 0): Scroll to object 'Object Repository/KSD/Page_Project Folder Landing Page/Page_Project Folder Landing Page/h2_Create new folder' successfully

2023-06-28 14:16:39 - [MESSAGE][WARNING] - Timeout '0' is invalid. Using default page load timeout: '30'

2023-06-28 14:16:39 - [MESSAGE][PASSED] - Scroll to object 'Object Repository/KSD/Page_Project Folder Landing Page/Page_Project Folder Landing Page/h2_Create new folder' successfully

2023-06-28 14:16:39 - [TEST_STEP][PASSED] - click(findTestObject("Object Repository/KSD/Page_Project Folder Landing Page/Page_Project Folder Landing Page/h2_Create new folder")): Object: 'Object Repository/KSD/Page_Project Folder Landing Page/Page_Project Folder Landing Page/h2_Create new folder' is clicked on

2023-06-28 14:16:43 - [MESSAGE][PASSED] - Object: 'Object Repository/KSD/Page_Project Folder Landing Page/Page_Project Folder Landing Page/h2_Create new folder' is clicked on

2023-06-28 14:16:43 - [TEST_STEP][PASSED] - setText(findTestObject("Object Repository/KSD/Page_Project Folder Landing Page/Page_Project Folder Landing Page/input_Folder Name_create-folder-name"), "test folder"): Text 'test folder' is set on object 'Object Repository/KSD/Page_Project Folder Landing Page/Page_Project Folder Landing Page/input_Folder Name_create-folder-name'

2023-06-28 14:16:45 - [MESSAGE][PASSED] - Text 'test folder' is set on object 'Object Repository/KSD/Page_Project Folder Landing Page/Page_Project Folder Landing Page/input_Folder Name_create-folder-name'

2023-06-28 14:16:45 - [TEST_STEP][PASSED] - setText(findTestObject("Object Repository/KSD/Page_Project Folder Landing Page/Page_Project Folder Landing Page/textarea_Project Folder Details_create-note"), "test folder Description"): Text 'test folder Description' is set on object 'Object Repository/KSD/Page_Project Folder Landing Page/Page_Project Folder Landing Page/textarea_Project Folder Details_create-note'

2023-06-28 14:16:48 - [MESSAGE][PASSED] - Text 'test folder Description' is set on object 'Object Repository/KSD/Page_Project Folder Landing Page/Page_Project Folder Landing Page/textarea_Project Folder Details_create-note'

2023-06-28 14:16:48 - [TEST_STEP][PASSED] - click(findTestObject("Object Repository/KSD/Page_Project Folder Landing Page/Page_Project Folder Landing Page/button_Create Folder")): Object: 'Object Repository/KSD/Page_Project Folder Landing Page/Page_Project Folder Landing Page/button_Create Folder' is clicked on

2023-06-28 14:16:51 - [MESSAGE][PASSED] - Object: 'Object Repository/KSD/Page_Project Folder Landing Page/Page_Project Folder Landing Page/button_Create Folder' is clicked on

2023-06-28 14:16:51 - [TEST_STEP][PASSED] - verifyElementVisible(findTestObject("Object Repository/KSD/Page_Project Folder Landing Page/Page_Project Folder Landing Page/h2_test folder")): Object 'Object Repository/KSD/Page_Project Folder Landing Page/Page_Project Folder Landing Page/h2_test folder' is visible

2023-06-28 14:16:54 - [MESSAGE][PASSED] - Object 'Object Repository/KSD/Page_Project Folder Landing Page/Page_Project Folder Landing Page/h2_test folder' is visible

2023-06-28 14:16:54 - [TEST_STEP][PASSED] - click(findTestObject("Object Repository/KSD/Page_Project Folder Landing Page/Page_Project Folder Landing Page/i_test folder_fal fa-trash-alt")): Object: 'Object Repository/KSD/Page_Project Folder Landing Page/Page_Project Folder Landing Page/i_test folder_fal fa-trash-alt' is clicked on

2023-06-28 14:16:56 - [MESSAGE][PASSED] - Object: 'Object Repository/KSD/Page_Project Folder Landing Page/Page_Project Folder Landing Page/i_test folder_fal fa-trash-alt' is clicked on

2023-06-28 14:16:56 - [TEST_STEP][PASSED] - click(findTestObject("Object Repository/KSD/Page_Project Folder Landing Page/Page_Project Folder Landing Page/button_Delete Folder")): Object: 'Object Repository/KSD/Page_Project Folder Landing Page/Page_Project Folder Landing Page/button_Delete Folder' is clicked on

2023-06-28 14:16:57 - [MESSAGE][PASSED] - Object: 'Object Repository/KSD/Page_Project Folder Landing Page/Page_Project Folder Landing Page/button_Delete Folder' is clicked on

2023-06-28 14:16:57 - [TEST_STEP][PASSED] - verifyElementNotPresent(findTestObject("Object Repository/KSD/Page_Project Folder Landing Page/Page_Project Folder Landing Page/h2_test folder"), 0): Web element with id: 'Object Repository/KSD/Page_Project Folder Landing Page/Page_Project Folder Landing Page/h2_test folder' located by 'By.xpath: //div[@id='dynamic-folders']/div[2]/div/a/h2' is not present after '30' second(s)

2023-06-28 14:16:58 - [MESSAGE][WARNING] - Timeout '0' is invalid. Using default page load timeout: '30'

2023-06-28 14:17:00 - [MESSAGE][PASSED] - Web element with id: 'Object Repository/KSD/Page_Project Folder Landing Page/Page_Project Folder Landing Page/h2_test folder' located by 'By.xpath: //div[@id='dynamic-folders']/div[2]/div/a/h2' is not present after '30' second(s)]]></system-out>
         <system-err><![CDATA[]]></system-err>
      </testcase>
      <testcase name="Test Cases/KDS/TC_14_Check_Find_Store_Link_In_Header" time="127.65" classname="Test Cases/KDS/TC_14_Check_Find_Store_Link_In_Header" status="PASSED">
         <system-out><![CDATA[2023-06-28 14:17:00 - [TEST_CASE][PASSED] - Test Cases/KDS/TC_14_Check_Find_Store_Link_In_Header: Test Cases/KDS/TC_14_Check_Find_Store_Link_In_Header

2023-06-28 14:17:00 - [TEST_STEP][PASSED] - openBrowser(""): Browser is opened with url: ''

2023-06-28 14:17:00 - [MESSAGE][WARNING] - A browser is already opened. Closing browser and opening a new one

2023-06-28 14:17:00 - [MESSAGE][INFO] - Starting 'Chrome' driver

2023-06-28 14:17:00 - [MESSAGE][INFO] - Action delay is set to 0 milliseconds

2023-06-28 14:17:07 - [MESSAGE][PASSED] - Browser is opened with url: ''

2023-06-28 14:17:07 - [TEST_STEP][PASSED] - navigateToUrl("https://www.studiokohler.com/en-us/faqs"): Navigate to 'https://www.studiokohler.com/en-us/faqs' successfully

2023-06-28 14:18:10 - [MESSAGE][PASSED] - Navigate to 'https://www.studiokohler.com/en-us/faqs' successfully

2023-06-28 14:18:10 - [TEST_STEP][PASSED] - maximizeWindow(): Current window maximized

2023-06-28 14:18:10 - [MESSAGE][PASSED] - Current window maximized

2023-06-28 14:18:10 - [TEST_STEP][PASSED] - click(findTestObject("Object Repository/KSD/Page_Product FAQs/Page_Product FAQs/button_Accept All Cookies")): Object: 'Object Repository/KSD/Page_Product FAQs/Page_Product FAQs/button_Accept All Cookies' is clicked on

2023-06-28 14:18:14 - [MESSAGE][PASSED] - Object: 'Object Repository/KSD/Page_Product FAQs/Page_Product FAQs/button_Accept All Cookies' is clicked on

2023-06-28 14:18:14 - [TEST_STEP][PASSED] - click(findTestObject("Object Repository/KSD/Page_Product FAQs/Page_Product FAQs/i_OK_fal fa-map-marker-alt")): Object: 'Object Repository/KSD/Page_Product FAQs/Page_Product FAQs/i_OK_fal fa-map-marker-alt' is clicked on

2023-06-28 14:19:07 - [MESSAGE][PASSED] - Object: 'Object Repository/KSD/Page_Product FAQs/Page_Product FAQs/i_OK_fal fa-map-marker-alt' is clicked on

2023-06-28 14:19:07 - [TEST_STEP][PASSED] - verifyElementVisible(findTestObject("Object Repository/KSD/Page_Product FAQs/Page_Find a KOHLER Store  Studio KOHLER/p_Find a Kohler Experience Center or Kohler_9474eb")): Object 'Object Repository/KSD/Page_Product FAQs/Page_Find a KOHLER Store  Studio KOHLER/p_Find a Kohler Experience Center or Kohler_9474eb' is visible

2023-06-28 14:19:07 - [MESSAGE][PASSED] - Object 'Object Repository/KSD/Page_Product FAQs/Page_Find a KOHLER Store  Studio KOHLER/p_Find a Kohler Experience Center or Kohler_9474eb' is visible]]></system-out>
         <system-err><![CDATA[]]></system-err>
      </testcase>
      <testcase name="Test Cases/KDS/TC_15_Find_Store_Brazil_Location" time="135.155" classname="Test Cases/KDS/TC_15_Find_Store_Brazil_Location" status="PASSED">
         <system-out><![CDATA[2023-06-28 14:19:07 - [TEST_CASE][PASSED] - Test Cases/KDS/TC_15_Find_Store_Brazil_Location: Test Cases/KDS/TC_15_Find_Store_Brazil_Location

2023-06-28 14:19:08 - [TEST_STEP][PASSED] - callTestCase(findTestCase("KDS/TC_14_Check_Find_Store_Link_In_Header"), [:], STOP_ON_FAILURE): Call Test Case 'Test Cases/KDS/TC_14_Check_Find_Store_Link_In_Header' successfully

2023-06-28 14:19:08 - [TEST_CASE][PASSED] - Test Cases/KDS/TC_14_Check_Find_Store_Link_In_Header: Test Cases/KDS/TC_14_Check_Find_Store_Link_In_Header

2023-06-28 14:19:08 - [TEST_STEP][PASSED] - openBrowser(""): Browser is opened with url: ''

2023-06-28 14:19:08 - [MESSAGE][WARNING] - A browser is already opened. Closing browser and opening a new one

2023-06-28 14:19:08 - [MESSAGE][INFO] - Starting 'Chrome' driver

2023-06-28 14:19:08 - [MESSAGE][INFO] - Action delay is set to 0 milliseconds

2023-06-28 14:19:13 - [MESSAGE][PASSED] - Browser is opened with url: ''

2023-06-28 14:19:13 - [TEST_STEP][PASSED] - navigateToUrl("https://www.studiokohler.com/en-us/faqs"): Navigate to 'https://www.studiokohler.com/en-us/faqs' successfully

2023-06-28 14:20:16 - [MESSAGE][PASSED] - Navigate to 'https://www.studiokohler.com/en-us/faqs' successfully

2023-06-28 14:20:16 - [TEST_STEP][PASSED] - maximizeWindow(): Current window maximized

2023-06-28 14:20:17 - [MESSAGE][PASSED] - Current window maximized

2023-06-28 14:20:17 - [TEST_STEP][PASSED] - click(findTestObject("Object Repository/KSD/Page_Product FAQs/Page_Product FAQs/button_Accept All Cookies")): Object: 'Object Repository/KSD/Page_Product FAQs/Page_Product FAQs/button_Accept All Cookies' is clicked on

2023-06-28 14:20:20 - [MESSAGE][PASSED] - Object: 'Object Repository/KSD/Page_Product FAQs/Page_Product FAQs/button_Accept All Cookies' is clicked on

2023-06-28 14:20:20 - [TEST_STEP][PASSED] - click(findTestObject("Object Repository/KSD/Page_Product FAQs/Page_Product FAQs/i_OK_fal fa-map-marker-alt")): Object: 'Object Repository/KSD/Page_Product FAQs/Page_Product FAQs/i_OK_fal fa-map-marker-alt' is clicked on

2023-06-28 14:21:09 - [MESSAGE][PASSED] - Object: 'Object Repository/KSD/Page_Product FAQs/Page_Product FAQs/i_OK_fal fa-map-marker-alt' is clicked on

2023-06-28 14:21:09 - [TEST_STEP][PASSED] - verifyElementVisible(findTestObject("Object Repository/KSD/Page_Product FAQs/Page_Find a KOHLER Store  Studio KOHLER/p_Find a Kohler Experience Center or Kohler_9474eb")): Object 'Object Repository/KSD/Page_Product FAQs/Page_Find a KOHLER Store  Studio KOHLER/p_Find a Kohler Experience Center or Kohler_9474eb' is visible

2023-06-28 14:21:14 - [MESSAGE][PASSED] - Object 'Object Repository/KSD/Page_Product FAQs/Page_Find a KOHLER Store  Studio KOHLER/p_Find a Kohler Experience Center or Kohler_9474eb' is visible

2023-06-28 14:21:14 - [MESSAGE][PASSED] - Call Test Case 'Test Cases/KDS/TC_14_Check_Find_Store_Link_In_Header' successfully

2023-06-28 14:21:14 - [TEST_STEP][PASSED] - click(findTestObject("Object Repository/KSD/Page_Find a KOHLER Store  Studio KOHLER/a_BRAZIL")): Object: 'Object Repository/KSD/Page_Find a KOHLER Store  Studio KOHLER/a_BRAZIL' is clicked on

2023-06-28 14:21:20 - [MESSAGE][PASSED] - Object: 'Object Repository/KSD/Page_Find a KOHLER Store  Studio KOHLER/a_BRAZIL' is clicked on

2023-06-28 14:21:20 - [TEST_STEP][PASSED] - verifyElementVisible(findTestObject("Object Repository/KSD/Page_Find a KOHLER Store  Studio KOHLER/h1_All Stores")): Object 'Object Repository/KSD/Page_Find a KOHLER Store  Studio KOHLER/h1_All Stores' is visible

2023-06-28 14:21:22 - [MESSAGE][PASSED] - Object 'Object Repository/KSD/Page_Find a KOHLER Store  Studio KOHLER/h1_All Stores' is visible

2023-06-28 14:21:22 - [TEST_STEP][PASSED] - verifyElementVisible(findTestObject("Object Repository/KSD/Page_Find a KOHLER Store  Studio KOHLER/span_BRAZIL")): Object 'Object Repository/KSD/Page_Find a KOHLER Store  Studio KOHLER/span_BRAZIL' is visible

2023-06-28 14:21:22 - [MESSAGE][PASSED] - Object 'Object Repository/KSD/Page_Find a KOHLER Store  Studio KOHLER/span_BRAZIL' is visible

2023-06-28 14:21:22 - [TEST_STEP][PASSED] - closeBrowser(): Browser is closed

2023-06-28 14:21:23 - [MESSAGE][PASSED] - Browser is closed]]></system-out>
         <system-err><![CDATA[]]></system-err>
      </testcase>
      <testcase name="Test Cases/KDS/TC_16_Find_Store_CANADA_Location" time="134.503" classname="Test Cases/KDS/TC_16_Find_Store_CANADA_Location" status="PASSED">
         <system-out><![CDATA[2023-06-28 14:21:23 - [TEST_CASE][PASSED] - Test Cases/KDS/TC_16_Find_Store_CANADA_Location: Test Cases/KDS/TC_16_Find_Store_CANADA_Location

2023-06-28 14:21:23 - [TEST_STEP][PASSED] - openBrowser(""): Browser is opened with url: ''

2023-06-28 14:21:23 - [MESSAGE][INFO] - Starting 'Chrome' driver

2023-06-28 14:21:23 - [MESSAGE][INFO] - Action delay is set to 0 milliseconds

2023-06-28 14:21:28 - [MESSAGE][PASSED] - Browser is opened with url: ''

2023-06-28 14:21:28 - [TEST_STEP][PASSED] - navigateToUrl("https://www.studiokohler.com/en-us/faqs"): Navigate to 'https://www.studiokohler.com/en-us/faqs' successfully

2023-06-28 14:22:21 - [MESSAGE][PASSED] - Navigate to 'https://www.studiokohler.com/en-us/faqs' successfully

2023-06-28 14:22:21 - [TEST_STEP][PASSED] - maximizeWindow(): Current window maximized

2023-06-28 14:22:30 - [MESSAGE][PASSED] - Current window maximized

2023-06-28 14:22:30 - [TEST_STEP][PASSED] - click(findTestObject("Object Repository/KSD/Page_Find a KOHLER Store  Studio KOHLER/Page_Product FAQs/button_Accept All Cookies")): Object: 'Object Repository/KSD/Page_Find a KOHLER Store  Studio KOHLER/Page_Product FAQs/button_Accept All Cookies' is clicked on

2023-06-28 14:22:37 - [MESSAGE][PASSED] - Object: 'Object Repository/KSD/Page_Find a KOHLER Store  Studio KOHLER/Page_Product FAQs/button_Accept All Cookies' is clicked on

2023-06-28 14:22:37 - [TEST_STEP][PASSED] - click(findTestObject("Object Repository/KSD/Page_Find a KOHLER Store  Studio KOHLER/Page_Product FAQs/i_OK_fal fa-map-marker-alt")): Object: 'Object Repository/KSD/Page_Find a KOHLER Store  Studio KOHLER/Page_Product FAQs/i_OK_fal fa-map-marker-alt' is clicked on

2023-06-28 14:23:29 - [MESSAGE][PASSED] - Object: 'Object Repository/KSD/Page_Find a KOHLER Store  Studio KOHLER/Page_Product FAQs/i_OK_fal fa-map-marker-alt' is clicked on

2023-06-28 14:23:29 - [TEST_STEP][PASSED] - verifyElementVisible(findTestObject("Object Repository/KSD/Page_Find a KOHLER Store  Studio KOHLER/Page_Find a KOHLER Store  Studio KOHLER/h2_Select Store Location")): Object 'Object Repository/KSD/Page_Find a KOHLER Store  Studio KOHLER/Page_Find a KOHLER Store  Studio KOHLER/h2_Select Store Location' is visible

2023-06-28 14:23:30 - [MESSAGE][PASSED] - Object 'Object Repository/KSD/Page_Find a KOHLER Store  Studio KOHLER/Page_Find a KOHLER Store  Studio KOHLER/h2_Select Store Location' is visible

2023-06-28 14:23:30 - [TEST_STEP][PASSED] - click(findTestObject("Object Repository/KSD/Page_Find a KOHLER Store  Studio KOHLER/Page_Find a KOHLER Store  Studio KOHLER/a_CANADA")): Object: 'Object Repository/KSD/Page_Find a KOHLER Store  Studio KOHLER/Page_Find a KOHLER Store  Studio KOHLER/a_CANADA' is clicked on

2023-06-28 14:23:34 - [MESSAGE][PASSED] - Object: 'Object Repository/KSD/Page_Find a KOHLER Store  Studio KOHLER/Page_Find a KOHLER Store  Studio KOHLER/a_CANADA' is clicked on

2023-06-28 14:23:34 - [TEST_STEP][PASSED] - verifyElementVisible(findTestObject("Object Repository/KSD/Page_Find a KOHLER Store  Studio KOHLER/Page_Find a KOHLER Store  Studio KOHLER/h1_All Stores")): Object 'Object Repository/KSD/Page_Find a KOHLER Store  Studio KOHLER/Page_Find a KOHLER Store  Studio KOHLER/h1_All Stores' is visible

2023-06-28 14:23:37 - [MESSAGE][PASSED] - Object 'Object Repository/KSD/Page_Find a KOHLER Store  Studio KOHLER/Page_Find a KOHLER Store  Studio KOHLER/h1_All Stores' is visible

2023-06-28 14:23:37 - [TEST_STEP][PASSED] - verifyElementVisible(findTestObject("Object Repository/KSD/Page_Find a KOHLER Store  Studio KOHLER/Page_Find a KOHLER Store  Studio KOHLER/span_CANADA")): Object 'Object Repository/KSD/Page_Find a KOHLER Store  Studio KOHLER/Page_Find a KOHLER Store  Studio KOHLER/span_CANADA' is visible

2023-06-28 14:23:37 - [MESSAGE][PASSED] - Object 'Object Repository/KSD/Page_Find a KOHLER Store  Studio KOHLER/Page_Find a KOHLER Store  Studio KOHLER/span_CANADA' is visible]]></system-out>
         <system-err><![CDATA[]]></system-err>
      </testcase>
      <testcase name="Test Cases/KDS/TC_17_Find_Store_SINGAPORE_Location" time="626.927" classname="Test Cases/KDS/TC_17_Find_Store_SINGAPORE_Location" status="PASSED">
         <system-out><![CDATA[2023-06-28 14:24:47 - [TEST_CASE][PASSED] - Test Cases/KDS/TC_17_Find_Store_SINGAPORE_Location: Test Cases/KDS/TC_17_Find_Store_SINGAPORE_Location

2023-06-28 14:24:47 - [TEST_STEP][PASSED] - openBrowser(""): Browser is opened with url: ''

2023-06-28 14:24:47 - [MESSAGE][WARNING] - A browser is already opened. Closing browser and opening a new one

2023-06-28 14:24:47 - [MESSAGE][INFO] - Starting 'Chrome' driver

2023-06-28 14:24:47 - [MESSAGE][INFO] - Action delay is set to 0 milliseconds

2023-06-28 14:32:33 - [MESSAGE][PASSED] - Browser is opened with url: ''

2023-06-28 14:32:33 - [TEST_STEP][PASSED] - navigateToUrl("https://www.studiokohler.com/en-us/faqs"): Navigate to 'https://www.studiokohler.com/en-us/faqs' successfully

2023-06-28 14:33:49 - [MESSAGE][PASSED] - Navigate to 'https://www.studiokohler.com/en-us/faqs' successfully

2023-06-28 14:33:49 - [TEST_STEP][PASSED] - maximizeWindow(): Current window maximized

2023-06-28 14:33:55 - [MESSAGE][PASSED] - Current window maximized

2023-06-28 14:33:55 - [TEST_STEP][PASSED] - click(findTestObject("Object Repository/KSD/Page_Product FAQs/button_Accept All Cookies")): Object: 'Object Repository/KSD/Page_Product FAQs/button_Accept All Cookies' is clicked on

2023-06-28 14:34:07 - [MESSAGE][PASSED] - Object: 'Object Repository/KSD/Page_Product FAQs/button_Accept All Cookies' is clicked on

2023-06-28 14:34:07 - [TEST_STEP][PASSED] - click(findTestObject("Object Repository/KSD/Page_Product FAQs/i_OK_fal fa-map-marker-alt")): Object: 'Object Repository/KSD/Page_Product FAQs/i_OK_fal fa-map-marker-alt' is clicked on

2023-06-28 14:35:05 - [MESSAGE][PASSED] - Object: 'Object Repository/KSD/Page_Product FAQs/i_OK_fal fa-map-marker-alt' is clicked on

2023-06-28 14:35:05 - [TEST_STEP][PASSED] - click(findTestObject("Object Repository/KSD/Page_Find a KOHLER Store  Studio KOHLER/a_SINGAPORE")): Object: 'Object Repository/KSD/Page_Find a KOHLER Store  Studio KOHLER/a_SINGAPORE' is clicked on

2023-06-28 14:35:12 - [MESSAGE][PASSED] - Object: 'Object Repository/KSD/Page_Find a KOHLER Store  Studio KOHLER/a_SINGAPORE' is clicked on

2023-06-28 14:35:12 - [TEST_STEP][PASSED] - verifyElementVisible(findTestObject("Object Repository/KSD/Page_Find a KOHLER Store  Studio KOHLER/span_SINGAPORE")): Object 'Object Repository/KSD/Page_Find a KOHLER Store  Studio KOHLER/span_SINGAPORE' is visible

2023-06-28 14:35:13 - [MESSAGE][PASSED] - Object 'Object Repository/KSD/Page_Find a KOHLER Store  Studio KOHLER/span_SINGAPORE' is visible]]></system-out>
         <system-err><![CDATA[]]></system-err>
      </testcase>
      <system-out><![CDATA[2023-06-28 13:48:40 - [TEST_SUITE][FAILED] - KDS_Test_Suite: Test Cases/KDS/TC_07_Check_Africa_Location_List FAILED.
Reason:
com.kms.katalon.core.exception.StepFailedException: Unable to accept alert
	at com.kms.katalon.core.webui.keyword.internal.WebUIKeywordMain.stepFailed(WebUIKeywordMain.groovy:64)
	at com.kms.katalon.core.webui.keyword.internal.WebUIKeywordMain.runKeyword(WebUIKeywordMain.groovy:26)
	at com.kms.katalon.core.webui.keyword.builtin.AcceptAlertKeyword.acceptAlert(AcceptAlertKeyword.groovy:71)
	at com.kms.katalon.core.webui.keyword.builtin.AcceptAlertKeyword.execute(AcceptAlertKeyword.groovy:66)
	at com.kms.katalon.core.keyword.internal.KeywordExecutor.executeKeywordForPlatform(KeywordExecutor.groovy:74)
	at com.kms.katalon.core.webui.keyword.WebUiBuiltInKeywords.acceptAlert(WebUiBuiltInKeywords.groovy:1522)
	at com.kms.katalon.core.webui.keyword.WebUiBuiltInKeywords$acceptAlert$6.call(Unknown Source)
	at TC_07_Check_Africa_Location_List.run(TC_07_Check_Africa_Location_List:32)
	at com.kms.katalon.core.main.ScriptEngine.run(ScriptEngine.java:194)
	at com.kms.katalon.core.main.ScriptEngine.runScriptAsRawText(ScriptEngine.java:119)
	at com.kms.katalon.core.main.TestCaseExecutor.runScript(TestCaseExecutor.java:448)
	at com.kms.katalon.core.main.TestCaseExecutor.doExecute(TestCaseExecutor.java:439)
	at com.kms.katalon.core.main.TestCaseExecutor.processExecutionPhase(TestCaseExecutor.java:418)
	at com.kms.katalon.core.main.TestCaseExecutor.accessMainPhase(TestCaseExecutor.java:410)
	at com.kms.katalon.core.main.TestCaseExecutor.execute(TestCaseExecutor.java:285)
	at com.kms.katalon.core.common.CommonExecutor.accessTestCaseMainPhase(CommonExecutor.java:65)
	at com.kms.katalon.core.main.TestSuiteExecutor.accessTestSuiteMainPhase(TestSuiteExecutor.java:144)
	at com.kms.katalon.core.main.TestSuiteExecutor.execute(TestSuiteExecutor.java:106)
	at com.kms.katalon.core.main.TestCaseMain.startTestSuite(TestCaseMain.java:185)
	at com.kms.katalon.core.main.TestCaseMain$startTestSuite$0.call(Unknown Source)
	at TempTestSuite1687940315909.run(TempTestSuite1687940315909.groovy:36)
Caused by: com.kms.katalon.core.exception.StepFailedException: No alert found
	at com.kms.katalon.core.webui.keyword.internal.WebUIKeywordMain.stepFailed(WebUIKeywordMain.groovy:64)
	at com.kms.katalon.core.webui.keyword.builtin.AcceptAlertKeyword$_acceptAlert_closure1.doCall(AcceptAlertKeyword.groovy:78)
	at com.kms.katalon.core.webui.keyword.builtin.AcceptAlertKeyword$_acceptAlert_closure1.call(AcceptAlertKeyword.groovy)
	at com.kms.katalon.core.webui.keyword.internal.WebUIKeywordMain.runKeyword(WebUIKeywordMain.groovy:20)
	... 19 more]]></system-out>
      <system-err><![CDATA[2023-06-28 13:48:40 - [TEST_SUITE][FAILED] - KDS_Test_Suite: Test Cases/KDS/TC_07_Check_Africa_Location_List FAILED.
Reason:
com.kms.katalon.core.exception.StepFailedException: Unable to accept alert
	at com.kms.katalon.core.webui.keyword.internal.WebUIKeywordMain.stepFailed(WebUIKeywordMain.groovy:64)
	at com.kms.katalon.core.webui.keyword.internal.WebUIKeywordMain.runKeyword(WebUIKeywordMain.groovy:26)
	at com.kms.katalon.core.webui.keyword.builtin.AcceptAlertKeyword.acceptAlert(AcceptAlertKeyword.groovy:71)
	at com.kms.katalon.core.webui.keyword.builtin.AcceptAlertKeyword.execute(AcceptAlertKeyword.groovy:66)
	at com.kms.katalon.core.keyword.internal.KeywordExecutor.executeKeywordForPlatform(KeywordExecutor.groovy:74)
	at com.kms.katalon.core.webui.keyword.WebUiBuiltInKeywords.acceptAlert(WebUiBuiltInKeywords.groovy:1522)
	at com.kms.katalon.core.webui.keyword.WebUiBuiltInKeywords$acceptAlert$6.call(Unknown Source)
	at TC_07_Check_Africa_Location_List.run(TC_07_Check_Africa_Location_List:32)
	at com.kms.katalon.core.main.ScriptEngine.run(ScriptEngine.java:194)
	at com.kms.katalon.core.main.ScriptEngine.runScriptAsRawText(ScriptEngine.java:119)
	at com.kms.katalon.core.main.TestCaseExecutor.runScript(TestCaseExecutor.java:448)
	at com.kms.katalon.core.main.TestCaseExecutor.doExecute(TestCaseExecutor.java:439)
	at com.kms.katalon.core.main.TestCaseExecutor.processExecutionPhase(TestCaseExecutor.java:418)
	at com.kms.katalon.core.main.TestCaseExecutor.accessMainPhase(TestCaseExecutor.java:410)
	at com.kms.katalon.core.main.TestCaseExecutor.execute(TestCaseExecutor.java:285)
	at com.kms.katalon.core.common.CommonExecutor.accessTestCaseMainPhase(CommonExecutor.java:65)
	at com.kms.katalon.core.main.TestSuiteExecutor.accessTestSuiteMainPhase(TestSuiteExecutor.java:144)
	at com.kms.katalon.core.main.TestSuiteExecutor.execute(TestSuiteExecutor.java:106)
	at com.kms.katalon.core.main.TestCaseMain.startTestSuite(TestCaseMain.java:185)
	at com.kms.katalon.core.main.TestCaseMain$startTestSuite$0.call(Unknown Source)
	at TempTestSuite1687940315909.run(TempTestSuite1687940315909.groovy:36)
Caused by: com.kms.katalon.core.exception.StepFailedException: No alert found
	at com.kms.katalon.core.webui.keyword.internal.WebUIKeywordMain.stepFailed(WebUIKeywordMain.groovy:64)
	at com.kms.katalon.core.webui.keyword.builtin.AcceptAlertKeyword$_acceptAlert_closure1.doCall(AcceptAlertKeyword.groovy:78)
	at com.kms.katalon.core.webui.keyword.builtin.AcceptAlertKeyword$_acceptAlert_closure1.call(AcceptAlertKeyword.groovy)
	at com.kms.katalon.core.webui.keyword.internal.WebUIKeywordMain.runKeyword(WebUIKeywordMain.groovy:20)
	... 19 more]]></system-err>
   </testsuite>
</testsuites>
