<?xml version="1.0" encoding="UTF-8"?>
<testsuites name="KDS_Test_Suite" time="716.898" tests="28" failures="3" errors="0">
   <testsuite name="KDS_Test_Suite" tests="28" failures="3" errors="0" time="716.898" skipped="0" timestamp="2023-08-22 13:26:00" hostname="bhushan - 192.168.1.13" id="Test Suites/KDS_Test_Suite">
      <properties>
         <property name="deviceName" value=""/>
         <property name="devicePlatform" value=""/>
         <property name="logFolder" value="/Users/bhushan/git/katalon/Reports/20230822_132557/KDS_Test_Suite/20230822_132557"/>
         <property name="logFiles" value="/Users/bhushan/git/katalon/Reports/20230822_132557/KDS_Test_Suite/20230822_132557/execution0.log"/>
         <property name="attachments" value="keyes/keyes-Lgin.png, keyes/keyes-Header Menu.png, /Users/bhushan/git/katalon/Reports/20230822_132557/KDS_Test_Suite/20230822_132557/1692691033351.png, /Users/bhushan/git/katalon/Reports/20230822_132557/KDS_Test_Suite/20230822_132557/1692691033551.png, /Users/bhushan/git/katalon/Reports/20230822_132557/KDS_Test_Suite/20230822_132557/1692691051302.png, /Users/bhushan/git/katalon/Reports/20230822_132557/KDS_Test_Suite/20230822_132557/1692691051473.png, /Users/bhushan/git/katalon/Reports/20230822_132557/KDS_Test_Suite/20230822_132557/1692691071190.png, /Users/bhushan/git/katalon/Reports/20230822_132557/KDS_Test_Suite/20230822_132557/1692691071366.png, /Users/bhushan/git/katalon/Reports/20230822_132557/KDS_Test_Suite/20230822_132557/1692691090009.png, /Users/bhushan/git/katalon/Reports/20230822_132557/KDS_Test_Suite/20230822_132557/1692691090166.png, keyes/keyes-Cookies Section.png, keyes/keyes-Aftica Loaction.png, keyes/keyes-America Lication.png, keyes/keyes-Asia Location.png, keyes/keyes-Australasia Location.png, keyes/keyes-Europe Location.png, keyes/keyes-Middle East Location.png, keyes/keyes-Lgin.png, keyes/keyes-Lgin.png, keyes/keyes-Lgin.png, keyes/keyes-Lgin.png, keyes/keyes-Find a Store Brazil Location.png, keyes/keyes-Find a Store Canada Location.png, keyes/keyes-Find a Store Singapore Location.png, keyes/keyes-Find a Store China Location.png, keyes/keyes-Find a Store india Location.png, keyes/keyes-Find a store Panama Location.png, /Users/bhushan/git/katalon/Reports/20230822_132557/KDS_Test_Suite/20230822_132557/1692691516475.png, /Users/bhushan/git/katalon/Reports/20230822_132557/KDS_Test_Suite/20230822_132557/1692691516699.png, /Users/bhushan/git/katalon/Reports/20230822_132557/KDS_Test_Suite/20230822_132557/1692691533911.png, /Users/bhushan/git/katalon/Reports/20230822_132557/KDS_Test_Suite/20230822_132557/1692691534120.png, /Users/bhushan/git/katalon/Reports/20230822_132557/KDS_Test_Suite/20230822_132557/1692691550024.png, /Users/bhushan/git/katalon/Reports/20230822_132557/KDS_Test_Suite/20230822_132557/1692691550226.png, /Users/bhushan/git/katalon/Reports/20230822_132557/KDS_Test_Suite/20230822_132557/1692691576708.png, /Users/bhushan/git/katalon/Reports/20230822_132557/KDS_Test_Suite/20230822_132557/1692691576921.png"/>
         <property name="hostName" value="bhushan - 192.168.1.13"/>
         <property name="os" value="Mac OS X 64bit"/>
         <property name="katalonVersion" value="8.4.1.208"/>
         <property name="browser" value="Firefox 109.0"/>
         <property name="hostAddress" value="192.168.1.13"/>
         <property name="sessionId" value="7ea3cbab-5d9b-4874-9b72-f4dc316ee092"/>
         <property name="seleniumVersion" value="3.141.59"/>
         <property name="proxyInformation" value="ProxyInformation { proxyOption=NO_PROXY, proxyServerType=HTTP, username=, password=********, proxyServerAddress=, proxyServerPort=0, executionList=&quot;&quot;, isApplyToDesiredCapabilities=true }"/>
         <property name="platform" value="Mac OS X"/>
      </properties>
      <testcase name="Test Cases/KDS/TC_01_Login" time="22.96" classname="Test Cases/KDS/TC_01_Login" status="PASSED">
         <system-out><![CDATA[2023-08-22 13:26:00 - [TEST_CASE][PASSED] - Test Cases/KDS/TC_01_Login: Test Cases/KDS/TC_01_Login

2023-08-22 13:26:01 - [TEST_STEP][PASSED] - openBrowser(""): Browser is opened with url: ''

2023-08-22 13:26:01 - [MESSAGE][INFO] - Starting 'Firefox' driver

2023-08-22 13:26:01 - [MESSAGE][INFO] - Action delay is set to 0 milliseconds

2023-08-22 13:26:04 - [MESSAGE][PASSED] - Browser is opened with url: ''

2023-08-22 13:26:04 - [TEST_STEP][PASSED] - navigateToUrl("https://www.studiokohler.com/en-us/faqs"): Navigate to 'https://www.studiokohler.com/en-us/faqs' successfully

2023-08-22 13:26:10 - [MESSAGE][PASSED] - Navigate to 'https://www.studiokohler.com/en-us/faqs' successfully

2023-08-22 13:26:10 - [TEST_STEP][PASSED] - maximizeWindow(): Current window maximized

2023-08-22 13:26:11 - [MESSAGE][PASSED] - Current window maximized

2023-08-22 13:26:11 - [TEST_STEP][PASSED] - click(findTestObject("Object Repository/KSD/Page_Product FAQs/i_OK_fal fa-user")): Object: 'Object Repository/KSD/Page_Product FAQs/i_OK_fal fa-user' is clicked on

2023-08-22 13:26:13 - [MESSAGE][PASSED] - Object: 'Object Repository/KSD/Page_Product FAQs/i_OK_fal fa-user' is clicked on

2023-08-22 13:26:13 - [TEST_STEP][PASSED] - setText(findTestObject("Object Repository/KSD/Page_Product FAQs/input_E-mail Address_nav-user-email"), "Bhushan.borse@kohler.com"): Text 'Bhushan.borse@kohler.com' is set on object 'Object Repository/KSD/Page_Product FAQs/input_E-mail Address_nav-user-email'

2023-08-22 13:26:13 - [MESSAGE][PASSED] - Text 'Bhushan.borse@kohler.com' is set on object 'Object Repository/KSD/Page_Product FAQs/input_E-mail Address_nav-user-email'

2023-08-22 13:26:13 - [TEST_STEP][PASSED] - setEncryptedText(findTestObject("Object Repository/KSD/Page_Product FAQs/input_Password_nav-user-password"), "UkTT/T5uWxEyt5z+WbCT2w=="): Text ****** has been set on object 'Object Repository/KSD/Page_Product FAQs/input_Password_nav-user-password'

2023-08-22 13:26:14 - [MESSAGE][PASSED] - Text ****** has been set on object 'Object Repository/KSD/Page_Product FAQs/input_Password_nav-user-password'

2023-08-22 13:26:14 - [TEST_STEP][PASSED] - click(findTestObject("Object Repository/KSD/Page_Product FAQs/button_Sign In")): Object: 'Object Repository/KSD/Page_Product FAQs/button_Sign In' is clicked on

2023-08-22 13:26:15 - [MESSAGE][PASSED] - Object: 'Object Repository/KSD/Page_Product FAQs/button_Sign In' is clicked on

2023-08-22 13:26:15 - [TEST_STEP][PASSED] - verifyElementVisible(findTestObject("Object Repository/KSD/Page_Product FAQs/a_Bhushan")): Object 'Object Repository/KSD/Page_Product FAQs/a_Bhushan' is visible

2023-08-22 13:26:21 - [MESSAGE][PASSED] - Object 'Object Repository/KSD/Page_Product FAQs/a_Bhushan' is visible

2023-08-22 13:26:21 - [TEST_STEP][PASSED] - takeScreenshotAsCheckpoint("Lgin"): Taking screenshot successfully

2023-08-22 13:26:22 - [MESSAGE][INFO] - 0 hidden object(s)

2023-08-22 13:26:23 - [MESSAGE][PASSED] - Taking screenshot successfully
[[ATTACHMENT|keyes/keyes-Lgin.png]]]]></system-out>
         <system-err><![CDATA[]]></system-err>
      </testcase>
      <testcase name="Test Cases/KDS/TC_02_Header_Menu_Check" time="15.804" classname="Test Cases/KDS/TC_02_Header_Menu_Check" status="PASSED">
         <system-out><![CDATA[2023-08-22 13:26:23 - [TEST_CASE][PASSED] - Test Cases/KDS/TC_02_Header_Menu_Check: Test Cases/KDS/TC_02_Header_Menu_Check

2023-08-22 13:26:24 - [TEST_STEP][PASSED] - openBrowser(""): Browser is opened with url: ''

2023-08-22 13:26:24 - [MESSAGE][WARNING] - A browser is already opened. Closing browser and opening a new one

2023-08-22 13:26:24 - [MESSAGE][INFO] - Starting 'Firefox' driver

2023-08-22 13:26:24 - [MESSAGE][INFO] - Action delay is set to 0 milliseconds

2023-08-22 13:26:26 - [MESSAGE][PASSED] - Browser is opened with url: ''

2023-08-22 13:26:26 - [TEST_STEP][PASSED] - navigateToUrl("https://www.studiokohler.com/en-us/faqs"): Navigate to 'https://www.studiokohler.com/en-us/faqs' successfully

2023-08-22 13:26:32 - [MESSAGE][PASSED] - Navigate to 'https://www.studiokohler.com/en-us/faqs' successfully

2023-08-22 13:26:32 - [TEST_STEP][PASSED] - maximizeWindow(): Current window maximized

2023-08-22 13:26:32 - [MESSAGE][PASSED] - Current window maximized

2023-08-22 13:26:32 - [TEST_STEP][PASSED] - verifyElementVisible(findTestObject("Object Repository/KSD/Page_Product FAQs/a_Products")): Object 'Object Repository/KSD/Page_Product FAQs/a_Products' is visible

2023-08-22 13:26:33 - [MESSAGE][PASSED] - Object 'Object Repository/KSD/Page_Product FAQs/a_Products' is visible

2023-08-22 13:26:33 - [TEST_STEP][PASSED] - verifyElementVisible(findTestObject("Object Repository/KSD/Page_Product FAQs/a_Resources")): Object 'Object Repository/KSD/Page_Product FAQs/a_Resources' is visible

2023-08-22 13:26:33 - [MESSAGE][PASSED] - Object 'Object Repository/KSD/Page_Product FAQs/a_Resources' is visible

2023-08-22 13:26:33 - [TEST_STEP][PASSED] - verifyElementVisible(findTestObject("Object Repository/KSD/Page_Product FAQs/a_Services")): Object 'Object Repository/KSD/Page_Product FAQs/a_Services' is visible

2023-08-22 13:26:34 - [MESSAGE][PASSED] - Object 'Object Repository/KSD/Page_Product FAQs/a_Services' is visible

2023-08-22 13:26:34 - [TEST_STEP][PASSED] - verifyElementVisible(findTestObject("Object Repository/KSD/Page_Product FAQs/a_Inspiration")): Object 'Object Repository/KSD/Page_Product FAQs/a_Inspiration' is visible

2023-08-22 13:26:34 - [MESSAGE][PASSED] - Object 'Object Repository/KSD/Page_Product FAQs/a_Inspiration' is visible

2023-08-22 13:26:34 - [TEST_STEP][PASSED] - click(findTestObject("Object Repository/KSD/Page_Product FAQs/button_OK")): Object: 'Object Repository/KSD/Page_Product FAQs/button_OK' is clicked on

2023-08-22 13:26:35 - [MESSAGE][PASSED] - Object: 'Object Repository/KSD/Page_Product FAQs/button_OK' is clicked on

2023-08-22 13:26:35 - [TEST_STEP][PASSED] - verifyElementVisible(findTestObject("Object Repository/KSD/Page_Product FAQs/a_Events")): Object 'Object Repository/KSD/Page_Product FAQs/a_Events' is visible

2023-08-22 13:26:35 - [MESSAGE][PASSED] - Object 'Object Repository/KSD/Page_Product FAQs/a_Events' is visible

2023-08-22 13:26:35 - [TEST_STEP][PASSED] - verifyElementVisible(findTestObject("Object Repository/KSD/Page_Product FAQs/a_About")): Object 'Object Repository/KSD/Page_Product FAQs/a_About' is visible

2023-08-22 13:26:35 - [MESSAGE][PASSED] - Object 'Object Repository/KSD/Page_Product FAQs/a_About' is visible

2023-08-22 13:26:35 - [TEST_STEP][PASSED] - verifyElementVisible(findTestObject("Object Repository/KSD/Page_Product FAQs/a_India")): Object 'Object Repository/KSD/Page_Product FAQs/a_India' is visible

2023-08-22 13:26:36 - [MESSAGE][PASSED] - Object 'Object Repository/KSD/Page_Product FAQs/a_India' is visible

2023-08-22 13:26:36 - [TEST_STEP][PASSED] - verifyElementVisible(findTestObject("Object Repository/KSD/Page_Product FAQs/i_OK_fal fa-folder")): Object 'Object Repository/KSD/Page_Product FAQs/i_OK_fal fa-folder' is visible

2023-08-22 13:26:36 - [MESSAGE][PASSED] - Object 'Object Repository/KSD/Page_Product FAQs/i_OK_fal fa-folder' is visible

2023-08-22 13:26:36 - [TEST_STEP][PASSED] - verifyElementVisible(findTestObject("Object Repository/KSD/Page_Product FAQs/i_OK_fal fa-map-marker-alt")): Object 'Object Repository/KSD/Page_Product FAQs/i_OK_fal fa-map-marker-alt' is visible

2023-08-22 13:26:36 - [MESSAGE][PASSED] - Object 'Object Repository/KSD/Page_Product FAQs/i_OK_fal fa-map-marker-alt' is visible

2023-08-22 13:26:36 - [TEST_STEP][PASSED] - verifyElementVisible(findTestObject("Object Repository/KSD/Page_Product FAQs/i_OK_fal fa-user")): Object 'Object Repository/KSD/Page_Product FAQs/i_OK_fal fa-user' is visible

2023-08-22 13:26:37 - [MESSAGE][PASSED] - Object 'Object Repository/KSD/Page_Product FAQs/i_OK_fal fa-user' is visible

2023-08-22 13:26:37 - [TEST_STEP][PASSED] - verifyElementVisible(findTestObject("Object Repository/KSD/Page_Product FAQs/i_Project Folder_fal fa-search")): Object 'Object Repository/KSD/Page_Product FAQs/i_Project Folder_fal fa-search' is visible

2023-08-22 13:26:37 - [MESSAGE][PASSED] - Object 'Object Repository/KSD/Page_Product FAQs/i_Project Folder_fal fa-search' is visible

2023-08-22 13:26:37 - [TEST_STEP][PASSED] - verifyElementVisible(findTestObject("Object Repository/KSD/Page_Product FAQs/img_OK_black-version logo_js")): Object 'Object Repository/KSD/Page_Product FAQs/img_OK_black-version logo_js' is visible

2023-08-22 13:26:37 - [MESSAGE][PASSED] - Object 'Object Repository/KSD/Page_Product FAQs/img_OK_black-version logo_js' is visible

2023-08-22 13:26:37 - [TEST_STEP][PASSED] - takeScreenshotAsCheckpoint("Header Menu"): Taking screenshot successfully

2023-08-22 13:26:38 - [MESSAGE][INFO] - 0 hidden object(s)

2023-08-22 13:26:38 - [MESSAGE][PASSED] - Taking screenshot successfully
[[ATTACHMENT|keyes/keyes-Header Menu.png]]

2023-08-22 13:26:38 - [TEST_STEP][PASSED] - closeBrowser(): Browser is closed

2023-08-22 13:26:39 - [MESSAGE][PASSED] - Browser is closed]]></system-out>
         <system-err><![CDATA[]]></system-err>
      </testcase>
      <testcase name="Test Cases/KDS/TC_03_Search_Functionality" time="16.587" classname="Test Cases/KDS/TC_03_Search_Functionality" status="PASSED">
         <system-out><![CDATA[2023-08-22 13:26:39 - [TEST_CASE][PASSED] - Test Cases/KDS/TC_03_Search_Functionality: Test Cases/KDS/TC_03_Search_Functionality

2023-08-22 13:26:39 - [TEST_STEP][PASSED] - openBrowser(""): Browser is opened with url: ''

2023-08-22 13:26:39 - [MESSAGE][INFO] - Starting 'Firefox' driver

2023-08-22 13:26:39 - [MESSAGE][INFO] - Action delay is set to 0 milliseconds

2023-08-22 13:26:41 - [MESSAGE][PASSED] - Browser is opened with url: ''

2023-08-22 13:26:41 - [TEST_STEP][PASSED] - navigateToUrl("https://www.studiokohler.com/en-us/faqs"): Navigate to 'https://www.studiokohler.com/en-us/faqs' successfully

2023-08-22 13:26:47 - [MESSAGE][PASSED] - Navigate to 'https://www.studiokohler.com/en-us/faqs' successfully

2023-08-22 13:26:47 - [TEST_STEP][PASSED] - maximizeWindow(): Current window maximized

2023-08-22 13:26:48 - [MESSAGE][PASSED] - Current window maximized

2023-08-22 13:26:48 - [TEST_STEP][PASSED] - click(findTestObject("Object Repository/KSD/Page_Product FAQs/i_Project Folder_fal fa-search")): Object: 'Object Repository/KSD/Page_Product FAQs/i_Project Folder_fal fa-search' is clicked on

2023-08-22 13:26:49 - [MESSAGE][PASSED] - Object: 'Object Repository/KSD/Page_Product FAQs/i_Project Folder_fal fa-search' is clicked on

2023-08-22 13:26:49 - [TEST_STEP][PASSED] - setText(findTestObject("Object Repository/KSD/Page_Product FAQs/input_Project Folder_search"), "toi"): Text 'toi' is set on object 'Object Repository/KSD/Page_Product FAQs/input_Project Folder_search'

2023-08-22 13:26:50 - [MESSAGE][PASSED] - Text 'toi' is set on object 'Object Repository/KSD/Page_Product FAQs/input_Project Folder_search'

2023-08-22 13:26:50 - [TEST_STEP][PASSED] - click(findTestObject("Object Repository/KSD/Page_Product FAQs/a_Toilets")): Object: 'Object Repository/KSD/Page_Product FAQs/a_Toilets' is clicked on

2023-08-22 13:26:53 - [MESSAGE][PASSED] - Object: 'Object Repository/KSD/Page_Product FAQs/a_Toilets' is clicked on

2023-08-22 13:26:53 - [TEST_STEP][PASSED] - click(findTestObject("Object Repository/KSD/Page_Search Results/span_Search Results for Toilets")): Object: 'Object Repository/KSD/Page_Search Results/span_Search Results for Toilets' is clicked on

2023-08-22 13:26:55 - [MESSAGE][PASSED] - Object: 'Object Repository/KSD/Page_Search Results/span_Search Results for Toilets' is clicked on

2023-08-22 13:26:55 - [TEST_STEP][PASSED] - verifyElementVisible(findTestObject("Object Repository/KSD/Page_Search Results/span_Search Results for Toilets")): Object 'Object Repository/KSD/Page_Search Results/span_Search Results for Toilets' is visible

2023-08-22 13:26:56 - [MESSAGE][PASSED] - Object 'Object Repository/KSD/Page_Search Results/span_Search Results for Toilets' is visible]]></system-out>
         <system-err><![CDATA[]]></system-err>
      </testcase>
      <testcase name="Test Cases/KDS/TC_04_Check_Search_Result_page" time="18.77" classname="Test Cases/KDS/TC_04_Check_Search_Result_page" status="FAILED">
         <failure type="FAILED" message="Test Cases/KDS/TC_04_Check_Search_Result_page FAILED.
Reason:
com.kms.katalon.core.exception.StepFailedException: Unable to verify object 'Object Repository/KSD/Page_Search Results/span_Products' is visible
	at com.kms.katalon.core.webui.keyword.internal.WebUIKeywordMain.stepFailed(WebUIKeywordMain.groovy:64)
	at com.kms.katalon.core.webui.keyword.internal.WebUIKeywordMain.runKeyword(WebUIKeywordMain.groovy:26)
	at com.kms.katalon.core.webui.keyword.builtin.VerifyElementVisibleKeyword.verifyElementVisible(VerifyElementVisibleKeyword.groovy:97)
	at com.kms.katalon.core.webui.keyword.builtin.VerifyElementVisibleKeyword.execute(VerifyElementVisibleKeyword.groovy:67)
	at com.kms.katalon.core.keyword.internal.KeywordExecutor.executeKeywordForPlatform(KeywordExecutor.groovy:74)
	at com.kms.katalon.core.webui.keyword.WebUiBuiltInKeywords.verifyElementVisible(WebUiBuiltInKeywords.groovy:376)
	at com.kms.katalon.core.webui.keyword.WebUiBuiltInKeywords$verifyElementVisible$5.call(Unknown Source)
	at TC_04_Check_Search_Result_page.run(TC_04_Check_Search_Result_page:24)
	at com.kms.katalon.core.main.ScriptEngine.run(ScriptEngine.java:194)
	at com.kms.katalon.core.main.ScriptEngine.runScriptAsRawText(ScriptEngine.java:119)
	at com.kms.katalon.core.main.TestCaseExecutor.runScript(TestCaseExecutor.java:448)
	at com.kms.katalon.core.main.TestCaseExecutor.doExecute(TestCaseExecutor.java:439)
	at com.kms.katalon.core.main.TestCaseExecutor.processExecutionPhase(TestCaseExecutor.java:418)
	at com.kms.katalon.core.main.TestCaseExecutor.accessMainPhase(TestCaseExecutor.java:410)
	at com.kms.katalon.core.main.TestCaseExecutor.execute(TestCaseExecutor.java:285)
	at com.kms.katalon.core.main.TestCaseExecutor.execute(TestCaseExecutor.java:369)
	at com.kms.katalon.core.main.TestCaseExecutor.execute(TestCaseExecutor.java:369)
	at com.kms.katalon.core.main.TestCaseExecutor.execute(TestCaseExecutor.java:369)
	at com.kms.katalon.core.common.CommonExecutor.accessTestCaseMainPhase(CommonExecutor.java:65)
	at com.kms.katalon.core.main.TestSuiteExecutor.accessTestSuiteMainPhase(TestSuiteExecutor.java:144)
	at com.kms.katalon.core.main.TestSuiteExecutor.execute(TestSuiteExecutor.java:106)
	at com.kms.katalon.core.main.TestCaseMain.startTestSuite(TestCaseMain.java:185)
	at com.kms.katalon.core.main.TestCaseMain$startTestSuite$0.call(Unknown Source)
	at TempTestSuite1692690957287.run(TempTestSuite1692690957287.groovy:36)
Caused by: com.kms.katalon.core.exception.StepFailedException: Object 'Object Repository/KSD/Page_Search Results/span_Products' is NOT visible
	at com.kms.katalon.core.webui.keyword.internal.WebUIKeywordMain.stepFailed(WebUIKeywordMain.groovy:64)
	at com.kms.katalon.core.webui.keyword.builtin.VerifyElementVisibleKeyword$_verifyElementVisible_closure1.doCall(VerifyElementVisibleKeyword.groovy:83)
	at com.kms.katalon.core.webui.keyword.builtin.VerifyElementVisibleKeyword$_verifyElementVisible_closure1.call(VerifyElementVisibleKeyword.groovy)
	at com.kms.katalon.core.webui.keyword.internal.WebUIKeywordMain.runKeyword(WebUIKeywordMain.groovy:20)
	... 22 more
"/>
         <system-out><![CDATA[2023-08-22 13:27:51 - [TEST_CASE][FAILED] - Test Cases/KDS/TC_04_Check_Search_Result_page: Test Cases/KDS/TC_04_Check_Search_Result_page FAILED.
Reason:
com.kms.katalon.core.exception.StepFailedException: Unable to verify object 'Object Repository/KSD/Page_Search Results/span_Products' is visible
	at com.kms.katalon.core.webui.keyword.internal.WebUIKeywordMain.stepFailed(WebUIKeywordMain.groovy:64)
	at com.kms.katalon.core.webui.keyword.internal.WebUIKeywordMain.runKeyword(WebUIKeywordMain.groovy:26)
	at com.kms.katalon.core.webui.keyword.builtin.VerifyElementVisibleKeyword.verifyElementVisible(VerifyElementVisibleKeyword.groovy:97)
	at com.kms.katalon.core.webui.keyword.builtin.VerifyElementVisibleKeyword.execute(VerifyElementVisibleKeyword.groovy:67)
	at com.kms.katalon.core.keyword.internal.KeywordExecutor.executeKeywordForPlatform(KeywordExecutor.groovy:74)
	at com.kms.katalon.core.webui.keyword.WebUiBuiltInKeywords.verifyElementVisible(WebUiBuiltInKeywords.groovy:376)
	at com.kms.katalon.core.webui.keyword.WebUiBuiltInKeywords$verifyElementVisible$5.call(Unknown Source)
	at TC_04_Check_Search_Result_page.run(TC_04_Check_Search_Result_page:24)
	at com.kms.katalon.core.main.ScriptEngine.run(ScriptEngine.java:194)
	at com.kms.katalon.core.main.ScriptEngine.runScriptAsRawText(ScriptEngine.java:119)
	at com.kms.katalon.core.main.TestCaseExecutor.runScript(TestCaseExecutor.java:448)
	at com.kms.katalon.core.main.TestCaseExecutor.doExecute(TestCaseExecutor.java:439)
	at com.kms.katalon.core.main.TestCaseExecutor.processExecutionPhase(TestCaseExecutor.java:418)
	at com.kms.katalon.core.main.TestCaseExecutor.accessMainPhase(TestCaseExecutor.java:410)
	at com.kms.katalon.core.main.TestCaseExecutor.execute(TestCaseExecutor.java:285)
	at com.kms.katalon.core.main.TestCaseExecutor.execute(TestCaseExecutor.java:369)
	at com.kms.katalon.core.main.TestCaseExecutor.execute(TestCaseExecutor.java:369)
	at com.kms.katalon.core.main.TestCaseExecutor.execute(TestCaseExecutor.java:369)
	at com.kms.katalon.core.common.CommonExecutor.accessTestCaseMainPhase(CommonExecutor.java:65)
	at com.kms.katalon.core.main.TestSuiteExecutor.accessTestSuiteMainPhase(TestSuiteExecutor.java:144)
	at com.kms.katalon.core.main.TestSuiteExecutor.execute(TestSuiteExecutor.java:106)
	at com.kms.katalon.core.main.TestCaseMain.startTestSuite(TestCaseMain.java:185)
	at com.kms.katalon.core.main.TestCaseMain$startTestSuite$0.call(Unknown Source)
	at TempTestSuite1692690957287.run(TempTestSuite1692690957287.groovy:36)
Caused by: com.kms.katalon.core.exception.StepFailedException: Object 'Object Repository/KSD/Page_Search Results/span_Products' is NOT visible
	at com.kms.katalon.core.webui.keyword.internal.WebUIKeywordMain.stepFailed(WebUIKeywordMain.groovy:64)
	at com.kms.katalon.core.webui.keyword.builtin.VerifyElementVisibleKeyword$_verifyElementVisible_closure1.doCall(VerifyElementVisibleKeyword.groovy:83)
	at com.kms.katalon.core.webui.keyword.builtin.VerifyElementVisibleKeyword$_verifyElementVisible_closure1.call(VerifyElementVisibleKeyword.groovy)
	at com.kms.katalon.core.webui.keyword.internal.WebUIKeywordMain.runKeyword(WebUIKeywordMain.groovy:20)
	... 22 more


2023-08-22 13:27:51 - [TEST_STEP][PASSED] - callTestCase(findTestCase("KDS/TC_03_Search_Functionality"), [:], STOP_ON_FAILURE): Call Test Case 'Test Cases/KDS/TC_03_Search_Functionality' successfully

2023-08-22 13:27:51 - [TEST_CASE][PASSED] - Test Cases/KDS/TC_03_Search_Functionality: Test Cases/KDS/TC_03_Search_Functionality

2023-08-22 13:27:51 - [TEST_STEP][PASSED] - openBrowser(""): Browser is opened with url: ''

2023-08-22 13:27:51 - [MESSAGE][WARNING] - A browser is already opened. Closing browser and opening a new one

2023-08-22 13:27:52 - [MESSAGE][INFO] - Starting 'Firefox' driver

2023-08-22 13:27:52 - [MESSAGE][INFO] - Action delay is set to 0 milliseconds

2023-08-22 13:27:54 - [MESSAGE][PASSED] - Browser is opened with url: ''

2023-08-22 13:27:54 - [TEST_STEP][PASSED] - navigateToUrl("https://www.studiokohler.com/en-us/faqs"): Navigate to 'https://www.studiokohler.com/en-us/faqs' successfully

2023-08-22 13:28:00 - [MESSAGE][PASSED] - Navigate to 'https://www.studiokohler.com/en-us/faqs' successfully

2023-08-22 13:28:00 - [TEST_STEP][PASSED] - maximizeWindow(): Current window maximized

2023-08-22 13:28:01 - [MESSAGE][PASSED] - Current window maximized

2023-08-22 13:28:01 - [TEST_STEP][PASSED] - click(findTestObject("Object Repository/KSD/Page_Product FAQs/i_Project Folder_fal fa-search")): Object: 'Object Repository/KSD/Page_Product FAQs/i_Project Folder_fal fa-search' is clicked on

2023-08-22 13:28:02 - [MESSAGE][PASSED] - Object: 'Object Repository/KSD/Page_Product FAQs/i_Project Folder_fal fa-search' is clicked on

2023-08-22 13:28:02 - [TEST_STEP][PASSED] - setText(findTestObject("Object Repository/KSD/Page_Product FAQs/input_Project Folder_search"), "toi"): Text 'toi' is set on object 'Object Repository/KSD/Page_Product FAQs/input_Project Folder_search'

2023-08-22 13:28:03 - [MESSAGE][PASSED] - Text 'toi' is set on object 'Object Repository/KSD/Page_Product FAQs/input_Project Folder_search'

2023-08-22 13:28:03 - [TEST_STEP][PASSED] - click(findTestObject("Object Repository/KSD/Page_Product FAQs/a_Toilets")): Object: 'Object Repository/KSD/Page_Product FAQs/a_Toilets' is clicked on

2023-08-22 13:28:06 - [MESSAGE][PASSED] - Object: 'Object Repository/KSD/Page_Product FAQs/a_Toilets' is clicked on

2023-08-22 13:28:06 - [TEST_STEP][PASSED] - click(findTestObject("Object Repository/KSD/Page_Search Results/span_Search Results for Toilets")): Object: 'Object Repository/KSD/Page_Search Results/span_Search Results for Toilets' is clicked on

2023-08-22 13:28:08 - [MESSAGE][PASSED] - Object: 'Object Repository/KSD/Page_Search Results/span_Search Results for Toilets' is clicked on

2023-08-22 13:28:08 - [TEST_STEP][PASSED] - verifyElementVisible(findTestObject("Object Repository/KSD/Page_Search Results/span_Search Results for Toilets")): Object 'Object Repository/KSD/Page_Search Results/span_Search Results for Toilets' is visible

2023-08-22 13:28:08 - [MESSAGE][PASSED] - Object 'Object Repository/KSD/Page_Search Results/span_Search Results for Toilets' is visible

2023-08-22 13:28:08 - [MESSAGE][PASSED] - Call Test Case 'Test Cases/KDS/TC_03_Search_Functionality' successfully

2023-08-22 13:28:08 - [TEST_STEP][PASSED] - verifyElementVisible(findTestObject("Object Repository/KSD/Page_Search Results/span_Search Results for Toilets")): Object 'Object Repository/KSD/Page_Search Results/span_Search Results for Toilets' is visible

2023-08-22 13:28:09 - [MESSAGE][PASSED] - Object 'Object Repository/KSD/Page_Search Results/span_Search Results for Toilets' is visible

2023-08-22 13:28:09 - [TEST_STEP][FAILED] - verifyElementVisible(findTestObject("Object Repository/KSD/Page_Search Results/span_Products")): Unable to verify object 'Object Repository/KSD/Page_Search Results/span_Products' is visible (Root cause: com.kms.katalon.core.exception.StepFailedException: Unable to verify object 'Object Repository/KSD/Page_Search Results/span_Products' is visible
	at com.kms.katalon.core.webui.keyword.internal.WebUIKeywordMain.stepFailed(WebUIKeywordMain.groovy:64)
	at com.kms.katalon.core.webui.keyword.internal.WebUIKeywordMain.runKeyword(WebUIKeywordMain.groovy:26)
	at com.kms.katalon.core.webui.keyword.builtin.VerifyElementVisibleKeyword.verifyElementVisible(VerifyElementVisibleKeyword.groovy:97)
	at com.kms.katalon.core.webui.keyword.builtin.VerifyElementVisibleKeyword.execute(VerifyElementVisibleKeyword.groovy:67)
	at com.kms.katalon.core.keyword.internal.KeywordExecutor.executeKeywordForPlatform(KeywordExecutor.groovy:74)
	at com.kms.katalon.core.webui.keyword.WebUiBuiltInKeywords.verifyElementVisible(WebUiBuiltInKeywords.groovy:376)
	at com.kms.katalon.core.webui.keyword.WebUiBuiltInKeywords$verifyElementVisible$5.call(Unknown Source)
	at TC_04_Check_Search_Result_page.run(TC_04_Check_Search_Result_page:24)
	at com.kms.katalon.core.main.ScriptEngine.run(ScriptEngine.java:194)
	at com.kms.katalon.core.main.ScriptEngine.runScriptAsRawText(ScriptEngine.java:119)
	at com.kms.katalon.core.main.TestCaseExecutor.runScript(TestCaseExecutor.java:448)
	at com.kms.katalon.core.main.TestCaseExecutor.doExecute(TestCaseExecutor.java:439)
	at com.kms.katalon.core.main.TestCaseExecutor.processExecutionPhase(TestCaseExecutor.java:418)
	at com.kms.katalon.core.main.TestCaseExecutor.accessMainPhase(TestCaseExecutor.java:410)
	at com.kms.katalon.core.main.TestCaseExecutor.execute(TestCaseExecutor.java:285)
	at com.kms.katalon.core.main.TestCaseExecutor.execute(TestCaseExecutor.java:369)
	at com.kms.katalon.core.main.TestCaseExecutor.execute(TestCaseExecutor.java:369)
	at com.kms.katalon.core.main.TestCaseExecutor.execute(TestCaseExecutor.java:369)
	at com.kms.katalon.core.common.CommonExecutor.accessTestCaseMainPhase(CommonExecutor.java:65)
	at com.kms.katalon.core.main.TestSuiteExecutor.accessTestSuiteMainPhase(TestSuiteExecutor.java:144)
	at com.kms.katalon.core.main.TestSuiteExecutor.execute(TestSuiteExecutor.java:106)
	at com.kms.katalon.core.main.TestCaseMain.startTestSuite(TestCaseMain.java:185)
	at com.kms.katalon.core.main.TestCaseMain$startTestSuite$0.call(Unknown Source)
	at TempTestSuite1692690957287.run(TempTestSuite1692690957287.groovy:36)
Caused by: com.kms.katalon.core.exception.StepFailedException: Object 'Object Repository/KSD/Page_Search Results/span_Products' is NOT visible
	at com.kms.katalon.core.webui.keyword.internal.WebUIKeywordMain.stepFailed(WebUIKeywordMain.groovy:64)
	at com.kms.katalon.core.webui.keyword.builtin.VerifyElementVisibleKeyword$_verifyElementVisible_closure1.doCall(VerifyElementVisibleKeyword.groovy:83)
	at com.kms.katalon.core.webui.keyword.builtin.VerifyElementVisibleKeyword$_verifyElementVisible_closure1.call(VerifyElementVisibleKeyword.groovy)
	at com.kms.katalon.core.webui.keyword.internal.WebUIKeywordMain.runKeyword(WebUIKeywordMain.groovy:20)
	... 22 more
)

2023-08-22 13:28:10 - [MESSAGE][FAILED] - Object 'Object Repository/KSD/Page_Search Results/span_Products' is NOT visible (Root cause: com.kms.katalon.core.exception.StepFailedException: Object 'Object Repository/KSD/Page_Search Results/span_Products' is NOT visible
	at com.kms.katalon.core.webui.keyword.internal.WebUIKeywordMain.stepFailed(WebUIKeywordMain.groovy:64)
	at com.kms.katalon.core.webui.keyword.builtin.VerifyElementVisibleKeyword$_verifyElementVisible_closure1.doCall(VerifyElementVisibleKeyword.groovy:83)
	at com.kms.katalon.core.webui.keyword.builtin.VerifyElementVisibleKeyword$_verifyElementVisible_closure1.call(VerifyElementVisibleKeyword.groovy)
	at com.kms.katalon.core.webui.keyword.internal.WebUIKeywordMain.runKeyword(WebUIKeywordMain.groovy:20)
	at com.kms.katalon.core.webui.keyword.builtin.VerifyElementVisibleKeyword.verifyElementVisible(VerifyElementVisibleKeyword.groovy:97)
	at com.kms.katalon.core.webui.keyword.builtin.VerifyElementVisibleKeyword.execute(VerifyElementVisibleKeyword.groovy:67)
	at com.kms.katalon.core.keyword.internal.KeywordExecutor.executeKeywordForPlatform(KeywordExecutor.groovy:74)
	at com.kms.katalon.core.webui.keyword.WebUiBuiltInKeywords.verifyElementVisible(WebUiBuiltInKeywords.groovy:376)
	at com.kms.katalon.core.webui.keyword.WebUiBuiltInKeywords$verifyElementVisible$5.call(Unknown Source)
	at TC_04_Check_Search_Result_page.run(TC_04_Check_Search_Result_page:24)
	at com.kms.katalon.core.main.ScriptEngine.run(ScriptEngine.java:194)
	at com.kms.katalon.core.main.ScriptEngine.runScriptAsRawText(ScriptEngine.java:119)
	at com.kms.katalon.core.main.TestCaseExecutor.runScript(TestCaseExecutor.java:448)
	at com.kms.katalon.core.main.TestCaseExecutor.doExecute(TestCaseExecutor.java:439)
	at com.kms.katalon.core.main.TestCaseExecutor.processExecutionPhase(TestCaseExecutor.java:418)
	at com.kms.katalon.core.main.TestCaseExecutor.accessMainPhase(TestCaseExecutor.java:410)
	at com.kms.katalon.core.main.TestCaseExecutor.execute(TestCaseExecutor.java:285)
	at com.kms.katalon.core.main.TestCaseExecutor.execute(TestCaseExecutor.java:369)
	at com.kms.katalon.core.main.TestCaseExecutor.execute(TestCaseExecutor.java:369)
	at com.kms.katalon.core.main.TestCaseExecutor.execute(TestCaseExecutor.java:369)
	at com.kms.katalon.core.common.CommonExecutor.accessTestCaseMainPhase(CommonExecutor.java:65)
	at com.kms.katalon.core.main.TestSuiteExecutor.accessTestSuiteMainPhase(TestSuiteExecutor.java:144)
	at com.kms.katalon.core.main.TestSuiteExecutor.execute(TestSuiteExecutor.java:106)
	at com.kms.katalon.core.main.TestCaseMain.startTestSuite(TestCaseMain.java:185)
	at com.kms.katalon.core.main.TestCaseMain$startTestSuite$0.call(Unknown Source)
	at TempTestSuite1692690957287.run(TempTestSuite1692690957287.groovy:36)
)
[[ATTACHMENT|/Users/bhushan/git/katalon/Reports/20230822_132557/KDS_Test_Suite/20230822_132557/1692691090009.png]]

2023-08-22 13:28:10 - [MESSAGE][FAILED] - Unable to verify object 'Object Repository/KSD/Page_Search Results/span_Products' is visible (Root cause: com.kms.katalon.core.exception.StepFailedException: Unable to verify object 'Object Repository/KSD/Page_Search Results/span_Products' is visible
	at com.kms.katalon.core.webui.keyword.internal.WebUIKeywordMain.stepFailed(WebUIKeywordMain.groovy:64)
	at com.kms.katalon.core.webui.keyword.internal.WebUIKeywordMain.runKeyword(WebUIKeywordMain.groovy:26)
	at com.kms.katalon.core.webui.keyword.builtin.VerifyElementVisibleKeyword.verifyElementVisible(VerifyElementVisibleKeyword.groovy:97)
	at com.kms.katalon.core.webui.keyword.builtin.VerifyElementVisibleKeyword.execute(VerifyElementVisibleKeyword.groovy:67)
	at com.kms.katalon.core.keyword.internal.KeywordExecutor.executeKeywordForPlatform(KeywordExecutor.groovy:74)
	at com.kms.katalon.core.webui.keyword.WebUiBuiltInKeywords.verifyElementVisible(WebUiBuiltInKeywords.groovy:376)
	at com.kms.katalon.core.webui.keyword.WebUiBuiltInKeywords$verifyElementVisible$5.call(Unknown Source)
	at TC_04_Check_Search_Result_page.run(TC_04_Check_Search_Result_page:24)
	at com.kms.katalon.core.main.ScriptEngine.run(ScriptEngine.java:194)
	at com.kms.katalon.core.main.ScriptEngine.runScriptAsRawText(ScriptEngine.java:119)
	at com.kms.katalon.core.main.TestCaseExecutor.runScript(TestCaseExecutor.java:448)
	at com.kms.katalon.core.main.TestCaseExecutor.doExecute(TestCaseExecutor.java:439)
	at com.kms.katalon.core.main.TestCaseExecutor.processExecutionPhase(TestCaseExecutor.java:418)
	at com.kms.katalon.core.main.TestCaseExecutor.accessMainPhase(TestCaseExecutor.java:410)
	at com.kms.katalon.core.main.TestCaseExecutor.execute(TestCaseExecutor.java:285)
	at com.kms.katalon.core.main.TestCaseExecutor.execute(TestCaseExecutor.java:369)
	at com.kms.katalon.core.main.TestCaseExecutor.execute(TestCaseExecutor.java:369)
	at com.kms.katalon.core.main.TestCaseExecutor.execute(TestCaseExecutor.java:369)
	at com.kms.katalon.core.common.CommonExecutor.accessTestCaseMainPhase(CommonExecutor.java:65)
	at com.kms.katalon.core.main.TestSuiteExecutor.accessTestSuiteMainPhase(TestSuiteExecutor.java:144)
	at com.kms.katalon.core.main.TestSuiteExecutor.execute(TestSuiteExecutor.java:106)
	at com.kms.katalon.core.main.TestCaseMain.startTestSuite(TestCaseMain.java:185)
	at com.kms.katalon.core.main.TestCaseMain$startTestSuite$0.call(Unknown Source)
	at TempTestSuite1692690957287.run(TempTestSuite1692690957287.groovy:36)
Caused by: com.kms.katalon.core.exception.StepFailedException: Object 'Object Repository/KSD/Page_Search Results/span_Products' is NOT visible
	at com.kms.katalon.core.webui.keyword.internal.WebUIKeywordMain.stepFailed(WebUIKeywordMain.groovy:64)
	at com.kms.katalon.core.webui.keyword.builtin.VerifyElementVisibleKeyword$_verifyElementVisible_closure1.doCall(VerifyElementVisibleKeyword.groovy:83)
	at com.kms.katalon.core.webui.keyword.builtin.VerifyElementVisibleKeyword$_verifyElementVisible_closure1.call(VerifyElementVisibleKeyword.groovy)
	at com.kms.katalon.core.webui.keyword.internal.WebUIKeywordMain.runKeyword(WebUIKeywordMain.groovy:20)
	... 22 more
)
[[ATTACHMENT|/Users/bhushan/git/katalon/Reports/20230822_132557/KDS_Test_Suite/20230822_132557/1692691090166.png]]]]></system-out>
         <system-err><![CDATA[2023-08-22 13:27:51 - [TEST_CASE][FAILED] - Test Cases/KDS/TC_04_Check_Search_Result_page: Test Cases/KDS/TC_04_Check_Search_Result_page FAILED.
Reason:
com.kms.katalon.core.exception.StepFailedException: Unable to verify object 'Object Repository/KSD/Page_Search Results/span_Products' is visible
	at com.kms.katalon.core.webui.keyword.internal.WebUIKeywordMain.stepFailed(WebUIKeywordMain.groovy:64)
	at com.kms.katalon.core.webui.keyword.internal.WebUIKeywordMain.runKeyword(WebUIKeywordMain.groovy:26)
	at com.kms.katalon.core.webui.keyword.builtin.VerifyElementVisibleKeyword.verifyElementVisible(VerifyElementVisibleKeyword.groovy:97)
	at com.kms.katalon.core.webui.keyword.builtin.VerifyElementVisibleKeyword.execute(VerifyElementVisibleKeyword.groovy:67)
	at com.kms.katalon.core.keyword.internal.KeywordExecutor.executeKeywordForPlatform(KeywordExecutor.groovy:74)
	at com.kms.katalon.core.webui.keyword.WebUiBuiltInKeywords.verifyElementVisible(WebUiBuiltInKeywords.groovy:376)
	at com.kms.katalon.core.webui.keyword.WebUiBuiltInKeywords$verifyElementVisible$5.call(Unknown Source)
	at TC_04_Check_Search_Result_page.run(TC_04_Check_Search_Result_page:24)
	at com.kms.katalon.core.main.ScriptEngine.run(ScriptEngine.java:194)
	at com.kms.katalon.core.main.ScriptEngine.runScriptAsRawText(ScriptEngine.java:119)
	at com.kms.katalon.core.main.TestCaseExecutor.runScript(TestCaseExecutor.java:448)
	at com.kms.katalon.core.main.TestCaseExecutor.doExecute(TestCaseExecutor.java:439)
	at com.kms.katalon.core.main.TestCaseExecutor.processExecutionPhase(TestCaseExecutor.java:418)
	at com.kms.katalon.core.main.TestCaseExecutor.accessMainPhase(TestCaseExecutor.java:410)
	at com.kms.katalon.core.main.TestCaseExecutor.execute(TestCaseExecutor.java:285)
	at com.kms.katalon.core.main.TestCaseExecutor.execute(TestCaseExecutor.java:369)
	at com.kms.katalon.core.main.TestCaseExecutor.execute(TestCaseExecutor.java:369)
	at com.kms.katalon.core.main.TestCaseExecutor.execute(TestCaseExecutor.java:369)
	at com.kms.katalon.core.common.CommonExecutor.accessTestCaseMainPhase(CommonExecutor.java:65)
	at com.kms.katalon.core.main.TestSuiteExecutor.accessTestSuiteMainPhase(TestSuiteExecutor.java:144)
	at com.kms.katalon.core.main.TestSuiteExecutor.execute(TestSuiteExecutor.java:106)
	at com.kms.katalon.core.main.TestCaseMain.startTestSuite(TestCaseMain.java:185)
	at com.kms.katalon.core.main.TestCaseMain$startTestSuite$0.call(Unknown Source)
	at TempTestSuite1692690957287.run(TempTestSuite1692690957287.groovy:36)
Caused by: com.kms.katalon.core.exception.StepFailedException: Object 'Object Repository/KSD/Page_Search Results/span_Products' is NOT visible
	at com.kms.katalon.core.webui.keyword.internal.WebUIKeywordMain.stepFailed(WebUIKeywordMain.groovy:64)
	at com.kms.katalon.core.webui.keyword.builtin.VerifyElementVisibleKeyword$_verifyElementVisible_closure1.doCall(VerifyElementVisibleKeyword.groovy:83)
	at com.kms.katalon.core.webui.keyword.builtin.VerifyElementVisibleKeyword$_verifyElementVisible_closure1.call(VerifyElementVisibleKeyword.groovy)
	at com.kms.katalon.core.webui.keyword.internal.WebUIKeywordMain.runKeyword(WebUIKeywordMain.groovy:20)
	... 22 more]]></system-err>
      </testcase>
      <testcase name="Test Cases/KDS/TC_05_Cookies_Close" time="13.698" classname="Test Cases/KDS/TC_05_Cookies_Close" status="PASSED">
         <system-out><![CDATA[2023-08-22 13:28:10 - [TEST_CASE][PASSED] - Test Cases/KDS/TC_05_Cookies_Close: Test Cases/KDS/TC_05_Cookies_Close

2023-08-22 13:28:10 - [TEST_STEP][PASSED] - openBrowser(""): Browser is opened with url: ''

2023-08-22 13:28:10 - [MESSAGE][WARNING] - A browser is already opened. Closing browser and opening a new one

2023-08-22 13:28:11 - [MESSAGE][INFO] - Starting 'Firefox' driver

2023-08-22 13:28:11 - [MESSAGE][INFO] - Action delay is set to 0 milliseconds

2023-08-22 13:28:13 - [MESSAGE][PASSED] - Browser is opened with url: ''

2023-08-22 13:28:13 - [TEST_STEP][PASSED] - navigateToUrl("https://www.studiokohler.com/en-us/faqs"): Navigate to 'https://www.studiokohler.com/en-us/faqs' successfully

2023-08-22 13:28:18 - [MESSAGE][PASSED] - Navigate to 'https://www.studiokohler.com/en-us/faqs' successfully

2023-08-22 13:28:18 - [TEST_STEP][PASSED] - maximizeWindow(): Current window maximized

2023-08-22 13:28:19 - [MESSAGE][PASSED] - Current window maximized

2023-08-22 13:28:19 - [TEST_STEP][PASSED] - click(findTestObject("Object Repository/KSD/Page_Product FAQs/div_Cookie PreferencesCookies may be used o_f66e1a")): Object: 'Object Repository/KSD/Page_Product FAQs/div_Cookie PreferencesCookies may be used o_f66e1a' is clicked on

2023-08-22 13:28:21 - [MESSAGE][PASSED] - Object: 'Object Repository/KSD/Page_Product FAQs/div_Cookie PreferencesCookies may be used o_f66e1a' is clicked on

2023-08-22 13:28:21 - [TEST_STEP][PASSED] - verifyElementVisible(findTestObject("Object Repository/KSD/Page_Product FAQs/div_Cookie PreferencesCookies may be used o_f66e1a")): Object 'Object Repository/KSD/Page_Product FAQs/div_Cookie PreferencesCookies may be used o_f66e1a' is visible

2023-08-22 13:28:22 - [MESSAGE][PASSED] - Object 'Object Repository/KSD/Page_Product FAQs/div_Cookie PreferencesCookies may be used o_f66e1a' is visible

2023-08-22 13:28:22 - [TEST_STEP][PASSED] - takeScreenshotAsCheckpoint("Cookies Section"): Taking screenshot successfully

2023-08-22 13:28:22 - [MESSAGE][INFO] - 0 hidden object(s)

2023-08-22 13:28:23 - [MESSAGE][PASSED] - Taking screenshot successfully
[[ATTACHMENT|keyes/keyes-Cookies Section.png]]

2023-08-22 13:28:23 - [TEST_STEP][PASSED] - closeBrowser(): Browser is closed

2023-08-22 13:28:24 - [MESSAGE][PASSED] - Browser is closed]]></system-out>
         <system-err><![CDATA[]]></system-err>
      </testcase>
      <testcase name="Test Cases/KDS/TC_06_Select_Project_Location" time="12.609" classname="Test Cases/KDS/TC_06_Select_Project_Location" status="PASSED">
         <system-out><![CDATA[2023-08-22 13:28:24 - [TEST_CASE][PASSED] - Test Cases/KDS/TC_06_Select_Project_Location: Test Cases/KDS/TC_06_Select_Project_Location

2023-08-22 13:28:24 - [TEST_STEP][PASSED] - openBrowser(""): Browser is opened with url: ''

2023-08-22 13:28:24 - [MESSAGE][INFO] - Starting 'Firefox' driver

2023-08-22 13:28:24 - [MESSAGE][INFO] - Action delay is set to 0 milliseconds

2023-08-22 13:28:26 - [MESSAGE][PASSED] - Browser is opened with url: ''

2023-08-22 13:28:26 - [TEST_STEP][PASSED] - navigateToUrl("https://www.studiokohler.com/en-us/faqs"): Navigate to 'https://www.studiokohler.com/en-us/faqs' successfully

2023-08-22 13:28:32 - [MESSAGE][PASSED] - Navigate to 'https://www.studiokohler.com/en-us/faqs' successfully

2023-08-22 13:28:32 - [TEST_STEP][PASSED] - maximizeWindow(): Current window maximized

2023-08-22 13:28:32 - [MESSAGE][PASSED] - Current window maximized

2023-08-22 13:28:32 - [TEST_STEP][PASSED] - click(findTestObject("Object Repository/KSD/Page_Product FAQs/a_India")): Object: 'Object Repository/KSD/Page_Product FAQs/a_India' is clicked on

2023-08-22 13:28:33 - [MESSAGE][PASSED] - Object: 'Object Repository/KSD/Page_Product FAQs/a_India' is clicked on

2023-08-22 13:28:33 - [TEST_STEP][PASSED] - click(findTestObject("Object Repository/KSD/Page_Product FAQs/div_Select Project LocationDisplays product_9e5542")): Object: 'Object Repository/KSD/Page_Product FAQs/div_Select Project LocationDisplays product_9e5542' is clicked on

2023-08-22 13:28:34 - [MESSAGE][PASSED] - Object: 'Object Repository/KSD/Page_Product FAQs/div_Select Project LocationDisplays product_9e5542' is clicked on

2023-08-22 13:28:34 - [TEST_STEP][PASSED] - verifyElementVisible(findTestObject("Object Repository/KSD/Page_Product FAQs/h1_Select Project Location")): Object 'Object Repository/KSD/Page_Product FAQs/h1_Select Project Location' is visible

2023-08-22 13:28:34 - [MESSAGE][PASSED] - Object 'Object Repository/KSD/Page_Product FAQs/h1_Select Project Location' is visible

2023-08-22 13:28:34 - [TEST_STEP][PASSED] - verifyElementVisible(findTestObject("Object Repository/KSD/Page_Product FAQs/a_Africa")): Object 'Object Repository/KSD/Page_Product FAQs/a_Africa' is visible

2023-08-22 13:28:35 - [MESSAGE][PASSED] - Object 'Object Repository/KSD/Page_Product FAQs/a_Africa' is visible

2023-08-22 13:28:35 - [TEST_STEP][PASSED] - verifyElementVisible(findTestObject("Object Repository/KSD/Page_Product FAQs/a_Americas")): Object 'Object Repository/KSD/Page_Product FAQs/a_Americas' is visible

2023-08-22 13:28:35 - [MESSAGE][PASSED] - Object 'Object Repository/KSD/Page_Product FAQs/a_Americas' is visible

2023-08-22 13:28:35 - [TEST_STEP][PASSED] - verifyElementVisible(findTestObject("Object Repository/KSD/Page_Product FAQs/a_Asia")): Object 'Object Repository/KSD/Page_Product FAQs/a_Asia' is visible

2023-08-22 13:28:35 - [MESSAGE][PASSED] - Object 'Object Repository/KSD/Page_Product FAQs/a_Asia' is visible

2023-08-22 13:28:35 - [TEST_STEP][PASSED] - verifyElementVisible(findTestObject("Object Repository/KSD/Page_Product FAQs/a_Australasia")): Object 'Object Repository/KSD/Page_Product FAQs/a_Australasia' is visible

2023-08-22 13:28:36 - [MESSAGE][PASSED] - Object 'Object Repository/KSD/Page_Product FAQs/a_Australasia' is visible

2023-08-22 13:28:36 - [TEST_STEP][PASSED] - verifyElementVisible(findTestObject("Object Repository/KSD/Page_Product FAQs/a_Europe")): Object 'Object Repository/KSD/Page_Product FAQs/a_Europe' is visible

2023-08-22 13:28:36 - [MESSAGE][PASSED] - Object 'Object Repository/KSD/Page_Product FAQs/a_Europe' is visible

2023-08-22 13:28:36 - [TEST_STEP][PASSED] - verifyElementVisible(findTestObject("Object Repository/KSD/Page_Product FAQs/a_Middle East")): Object 'Object Repository/KSD/Page_Product FAQs/a_Middle East' is visible

2023-08-22 13:28:36 - [MESSAGE][PASSED] - Object 'Object Repository/KSD/Page_Product FAQs/a_Middle East' is visible]]></system-out>
         <system-err><![CDATA[]]></system-err>
      </testcase>
      <testcase name="Test Cases/KDS/TC_07_Check_Africa_Location_List" time="16.416" classname="Test Cases/KDS/TC_07_Check_Africa_Location_List" status="PASSED">
         <system-out><![CDATA[2023-08-22 13:28:36 - [TEST_CASE][PASSED] - Test Cases/KDS/TC_07_Check_Africa_Location_List: Test Cases/KDS/TC_07_Check_Africa_Location_List

2023-08-22 13:28:36 - [TEST_STEP][PASSED] - callTestCase(findTestCase("KDS/TC_06_Select_Project_Location"), [:], STOP_ON_FAILURE): Call Test Case 'Test Cases/KDS/TC_06_Select_Project_Location' successfully

2023-08-22 13:28:36 - [TEST_CASE][PASSED] - Test Cases/KDS/TC_06_Select_Project_Location: Test Cases/KDS/TC_06_Select_Project_Location

2023-08-22 13:28:36 - [TEST_STEP][PASSED] - openBrowser(""): Browser is opened with url: ''

2023-08-22 13:28:37 - [MESSAGE][WARNING] - A browser is already opened. Closing browser and opening a new one

2023-08-22 13:28:37 - [MESSAGE][INFO] - Starting 'Firefox' driver

2023-08-22 13:28:37 - [MESSAGE][INFO] - Action delay is set to 0 milliseconds

2023-08-22 13:28:39 - [MESSAGE][PASSED] - Browser is opened with url: ''

2023-08-22 13:28:39 - [TEST_STEP][PASSED] - navigateToUrl("https://www.studiokohler.com/en-us/faqs"): Navigate to 'https://www.studiokohler.com/en-us/faqs' successfully

2023-08-22 13:28:44 - [MESSAGE][PASSED] - Navigate to 'https://www.studiokohler.com/en-us/faqs' successfully

2023-08-22 13:28:44 - [TEST_STEP][PASSED] - maximizeWindow(): Current window maximized

2023-08-22 13:28:45 - [MESSAGE][PASSED] - Current window maximized

2023-08-22 13:28:45 - [TEST_STEP][PASSED] - click(findTestObject("Object Repository/KSD/Page_Product FAQs/a_India")): Object: 'Object Repository/KSD/Page_Product FAQs/a_India' is clicked on

2023-08-22 13:28:46 - [MESSAGE][PASSED] - Object: 'Object Repository/KSD/Page_Product FAQs/a_India' is clicked on

2023-08-22 13:28:46 - [TEST_STEP][PASSED] - click(findTestObject("Object Repository/KSD/Page_Product FAQs/div_Select Project LocationDisplays product_9e5542")): Object: 'Object Repository/KSD/Page_Product FAQs/div_Select Project LocationDisplays product_9e5542' is clicked on

2023-08-22 13:28:47 - [MESSAGE][PASSED] - Object: 'Object Repository/KSD/Page_Product FAQs/div_Select Project LocationDisplays product_9e5542' is clicked on

2023-08-22 13:28:47 - [TEST_STEP][PASSED] - verifyElementVisible(findTestObject("Object Repository/KSD/Page_Product FAQs/h1_Select Project Location")): Object 'Object Repository/KSD/Page_Product FAQs/h1_Select Project Location' is visible

2023-08-22 13:28:47 - [MESSAGE][PASSED] - Object 'Object Repository/KSD/Page_Product FAQs/h1_Select Project Location' is visible

2023-08-22 13:28:47 - [TEST_STEP][PASSED] - verifyElementVisible(findTestObject("Object Repository/KSD/Page_Product FAQs/a_Africa")): Object 'Object Repository/KSD/Page_Product FAQs/a_Africa' is visible

2023-08-22 13:28:48 - [MESSAGE][PASSED] - Object 'Object Repository/KSD/Page_Product FAQs/a_Africa' is visible

2023-08-22 13:28:48 - [TEST_STEP][PASSED] - verifyElementVisible(findTestObject("Object Repository/KSD/Page_Product FAQs/a_Americas")): Object 'Object Repository/KSD/Page_Product FAQs/a_Americas' is visible

2023-08-22 13:28:48 - [MESSAGE][PASSED] - Object 'Object Repository/KSD/Page_Product FAQs/a_Americas' is visible

2023-08-22 13:28:48 - [TEST_STEP][PASSED] - verifyElementVisible(findTestObject("Object Repository/KSD/Page_Product FAQs/a_Asia")): Object 'Object Repository/KSD/Page_Product FAQs/a_Asia' is visible

2023-08-22 13:28:48 - [MESSAGE][PASSED] - Object 'Object Repository/KSD/Page_Product FAQs/a_Asia' is visible

2023-08-22 13:28:48 - [TEST_STEP][PASSED] - verifyElementVisible(findTestObject("Object Repository/KSD/Page_Product FAQs/a_Australasia")): Object 'Object Repository/KSD/Page_Product FAQs/a_Australasia' is visible

2023-08-22 13:28:49 - [MESSAGE][PASSED] - Object 'Object Repository/KSD/Page_Product FAQs/a_Australasia' is visible

2023-08-22 13:28:49 - [TEST_STEP][PASSED] - verifyElementVisible(findTestObject("Object Repository/KSD/Page_Product FAQs/a_Europe")): Object 'Object Repository/KSD/Page_Product FAQs/a_Europe' is visible

2023-08-22 13:28:49 - [MESSAGE][PASSED] - Object 'Object Repository/KSD/Page_Product FAQs/a_Europe' is visible

2023-08-22 13:28:49 - [TEST_STEP][PASSED] - verifyElementVisible(findTestObject("Object Repository/KSD/Page_Product FAQs/a_Middle East")): Object 'Object Repository/KSD/Page_Product FAQs/a_Middle East' is visible

2023-08-22 13:28:49 - [MESSAGE][PASSED] - Object 'Object Repository/KSD/Page_Product FAQs/a_Middle East' is visible

2023-08-22 13:28:49 - [MESSAGE][PASSED] - Call Test Case 'Test Cases/KDS/TC_06_Select_Project_Location' successfully

2023-08-22 13:28:49 - [TEST_STEP][PASSED] - click(findTestObject("Object Repository/KSD/Page_Product FAQs/a_Africa")): Object: 'Object Repository/KSD/Page_Product FAQs/a_Africa' is clicked on

2023-08-22 13:28:50 - [MESSAGE][PASSED] - Object: 'Object Repository/KSD/Page_Product FAQs/a_Africa' is clicked on

2023-08-22 13:28:50 - [TEST_STEP][PASSED] - verifyElementVisible(findTestObject("Object Repository/KSD/Page_Product FAQs/li_Angola")): Object 'Object Repository/KSD/Page_Product FAQs/li_Angola' is visible

2023-08-22 13:28:50 - [MESSAGE][PASSED] - Object 'Object Repository/KSD/Page_Product FAQs/li_Angola' is visible

2023-08-22 13:28:50 - [TEST_STEP][PASSED] - verifyElementVisible(findTestObject("Object Repository/KSD/Page_Product FAQs/a_Botswana")): Object 'Object Repository/KSD/Page_Product FAQs/a_Botswana' is visible

2023-08-22 13:28:50 - [MESSAGE][PASSED] - Object 'Object Repository/KSD/Page_Product FAQs/a_Botswana' is visible

2023-08-22 13:28:50 - [TEST_STEP][PASSED] - verifyElementVisible(findTestObject("Object Repository/KSD/Page_Product FAQs/a_Cabo Verde")): Object 'Object Repository/KSD/Page_Product FAQs/a_Cabo Verde' is visible

2023-08-22 13:28:51 - [MESSAGE][PASSED] - Object 'Object Repository/KSD/Page_Product FAQs/a_Cabo Verde' is visible

2023-08-22 13:28:51 - [TEST_STEP][PASSED] - verifyElementVisible(findTestObject("Object Repository/KSD/Page_Product FAQs/a_Zambia")): Object 'Object Repository/KSD/Page_Product FAQs/a_Zambia' is visible

2023-08-22 13:28:51 - [MESSAGE][PASSED] - Object 'Object Repository/KSD/Page_Product FAQs/a_Zambia' is visible

2023-08-22 13:28:51 - [TEST_STEP][PASSED] - takeScreenshotAsCheckpoint("Aftica Loaction"): Taking screenshot successfully

2023-08-22 13:28:51 - [MESSAGE][INFO] - 0 hidden object(s)

2023-08-22 13:28:52 - [MESSAGE][PASSED] - Taking screenshot successfully
[[ATTACHMENT|keyes/keyes-Aftica Loaction.png]]

2023-08-22 13:28:52 - [TEST_STEP][PASSED] - closeBrowser(): Browser is closed

2023-08-22 13:28:53 - [MESSAGE][PASSED] - Browser is closed]]></system-out>
         <system-err><![CDATA[]]></system-err>
      </testcase>
      <testcase name="Test Cases/KDS/TC_08_Check_AMERICAS_Location_List" time="15.481" classname="Test Cases/KDS/TC_08_Check_AMERICAS_Location_List" status="PASSED">
         <system-out><![CDATA[2023-08-22 13:28:53 - [TEST_CASE][PASSED] - Test Cases/KDS/TC_08_Check_AMERICAS_Location_List: Test Cases/KDS/TC_08_Check_AMERICAS_Location_List

2023-08-22 13:28:53 - [TEST_STEP][PASSED] - callTestCase(findTestCase("KDS/TC_06_Select_Project_Location"), [:], STOP_ON_FAILURE): Call Test Case 'Test Cases/KDS/TC_06_Select_Project_Location' successfully

2023-08-22 13:28:53 - [TEST_CASE][PASSED] - Test Cases/KDS/TC_06_Select_Project_Location: Test Cases/KDS/TC_06_Select_Project_Location

2023-08-22 13:28:53 - [TEST_STEP][PASSED] - openBrowser(""): Browser is opened with url: ''

2023-08-22 13:28:53 - [MESSAGE][INFO] - Starting 'Firefox' driver

2023-08-22 13:28:53 - [MESSAGE][INFO] - Action delay is set to 0 milliseconds

2023-08-22 13:28:55 - [MESSAGE][PASSED] - Browser is opened with url: ''

2023-08-22 13:28:55 - [TEST_STEP][PASSED] - navigateToUrl("https://www.studiokohler.com/en-us/faqs"): Navigate to 'https://www.studiokohler.com/en-us/faqs' successfully

2023-08-22 13:29:00 - [MESSAGE][PASSED] - Navigate to 'https://www.studiokohler.com/en-us/faqs' successfully

2023-08-22 13:29:00 - [TEST_STEP][PASSED] - maximizeWindow(): Current window maximized

2023-08-22 13:29:01 - [MESSAGE][PASSED] - Current window maximized

2023-08-22 13:29:01 - [TEST_STEP][PASSED] - click(findTestObject("Object Repository/KSD/Page_Product FAQs/a_India")): Object: 'Object Repository/KSD/Page_Product FAQs/a_India' is clicked on

2023-08-22 13:29:02 - [MESSAGE][PASSED] - Object: 'Object Repository/KSD/Page_Product FAQs/a_India' is clicked on

2023-08-22 13:29:02 - [TEST_STEP][PASSED] - click(findTestObject("Object Repository/KSD/Page_Product FAQs/div_Select Project LocationDisplays product_9e5542")): Object: 'Object Repository/KSD/Page_Product FAQs/div_Select Project LocationDisplays product_9e5542' is clicked on

2023-08-22 13:29:03 - [MESSAGE][PASSED] - Object: 'Object Repository/KSD/Page_Product FAQs/div_Select Project LocationDisplays product_9e5542' is clicked on

2023-08-22 13:29:03 - [TEST_STEP][PASSED] - verifyElementVisible(findTestObject("Object Repository/KSD/Page_Product FAQs/h1_Select Project Location")): Object 'Object Repository/KSD/Page_Product FAQs/h1_Select Project Location' is visible

2023-08-22 13:29:03 - [MESSAGE][PASSED] - Object 'Object Repository/KSD/Page_Product FAQs/h1_Select Project Location' is visible

2023-08-22 13:29:03 - [TEST_STEP][PASSED] - verifyElementVisible(findTestObject("Object Repository/KSD/Page_Product FAQs/a_Africa")): Object 'Object Repository/KSD/Page_Product FAQs/a_Africa' is visible

2023-08-22 13:29:04 - [MESSAGE][PASSED] - Object 'Object Repository/KSD/Page_Product FAQs/a_Africa' is visible

2023-08-22 13:29:04 - [TEST_STEP][PASSED] - verifyElementVisible(findTestObject("Object Repository/KSD/Page_Product FAQs/a_Americas")): Object 'Object Repository/KSD/Page_Product FAQs/a_Americas' is visible

2023-08-22 13:29:04 - [MESSAGE][PASSED] - Object 'Object Repository/KSD/Page_Product FAQs/a_Americas' is visible

2023-08-22 13:29:04 - [TEST_STEP][PASSED] - verifyElementVisible(findTestObject("Object Repository/KSD/Page_Product FAQs/a_Asia")): Object 'Object Repository/KSD/Page_Product FAQs/a_Asia' is visible

2023-08-22 13:29:04 - [MESSAGE][PASSED] - Object 'Object Repository/KSD/Page_Product FAQs/a_Asia' is visible

2023-08-22 13:29:04 - [TEST_STEP][PASSED] - verifyElementVisible(findTestObject("Object Repository/KSD/Page_Product FAQs/a_Australasia")): Object 'Object Repository/KSD/Page_Product FAQs/a_Australasia' is visible

2023-08-22 13:29:04 - [MESSAGE][PASSED] - Object 'Object Repository/KSD/Page_Product FAQs/a_Australasia' is visible

2023-08-22 13:29:04 - [TEST_STEP][PASSED] - verifyElementVisible(findTestObject("Object Repository/KSD/Page_Product FAQs/a_Europe")): Object 'Object Repository/KSD/Page_Product FAQs/a_Europe' is visible

2023-08-22 13:29:05 - [MESSAGE][PASSED] - Object 'Object Repository/KSD/Page_Product FAQs/a_Europe' is visible

2023-08-22 13:29:05 - [TEST_STEP][PASSED] - verifyElementVisible(findTestObject("Object Repository/KSD/Page_Product FAQs/a_Middle East")): Object 'Object Repository/KSD/Page_Product FAQs/a_Middle East' is visible

2023-08-22 13:29:05 - [MESSAGE][PASSED] - Object 'Object Repository/KSD/Page_Product FAQs/a_Middle East' is visible

2023-08-22 13:29:05 - [MESSAGE][PASSED] - Call Test Case 'Test Cases/KDS/TC_06_Select_Project_Location' successfully

2023-08-22 13:29:05 - [TEST_STEP][PASSED] - click(findTestObject("Object Repository/KSD/Page_Product FAQs/a_Americas")): Object: 'Object Repository/KSD/Page_Product FAQs/a_Americas' is clicked on

2023-08-22 13:29:06 - [MESSAGE][PASSED] - Object: 'Object Repository/KSD/Page_Product FAQs/a_Americas' is clicked on

2023-08-22 13:29:06 - [TEST_STEP][PASSED] - verifyElementVisible(findTestObject("Object Repository/KSD/Page_Product FAQs/li_Antigua and Barbuda")): Object 'Object Repository/KSD/Page_Product FAQs/li_Antigua and Barbuda' is visible

2023-08-22 13:29:06 - [MESSAGE][PASSED] - Object 'Object Repository/KSD/Page_Product FAQs/li_Antigua and Barbuda' is visible

2023-08-22 13:29:06 - [TEST_STEP][PASSED] - verifyElementVisible(findTestObject("Object Repository/KSD/Page_Product FAQs/a_Brazil")): Object 'Object Repository/KSD/Page_Product FAQs/a_Brazil' is visible

2023-08-22 13:29:06 - [MESSAGE][PASSED] - Object 'Object Repository/KSD/Page_Product FAQs/a_Brazil' is visible

2023-08-22 13:29:06 - [TEST_STEP][PASSED] - verifyElementVisible(findTestObject("Object Repository/KSD/Page_Product FAQs/a_Costa Rica")): Object 'Object Repository/KSD/Page_Product FAQs/a_Costa Rica' is visible

2023-08-22 13:29:07 - [MESSAGE][PASSED] - Object 'Object Repository/KSD/Page_Product FAQs/a_Costa Rica' is visible

2023-08-22 13:29:07 - [TEST_STEP][PASSED] - takeScreenshotAsCheckpoint("America Lication"): Taking screenshot successfully

2023-08-22 13:29:07 - [MESSAGE][INFO] - 0 hidden object(s)

2023-08-22 13:29:08 - [MESSAGE][PASSED] - Taking screenshot successfully
[[ATTACHMENT|keyes/keyes-America Lication.png]]

2023-08-22 13:29:08 - [TEST_STEP][PASSED] - closeBrowser(): Browser is closed

2023-08-22 13:29:08 - [MESSAGE][PASSED] - Browser is closed]]></system-out>
         <system-err><![CDATA[]]></system-err>
      </testcase>
      <testcase name="Test Cases/KDS/TC_09_Check_ASIA_Location_List" time="14.981" classname="Test Cases/KDS/TC_09_Check_ASIA_Location_List" status="PASSED">
         <system-out><![CDATA[2023-08-22 13:29:08 - [TEST_CASE][PASSED] - Test Cases/KDS/TC_09_Check_ASIA_Location_List: Test Cases/KDS/TC_09_Check_ASIA_Location_List

2023-08-22 13:29:08 - [TEST_STEP][PASSED] - callTestCase(findTestCase("KDS/TC_06_Select_Project_Location"), [:], STOP_ON_FAILURE): Call Test Case 'Test Cases/KDS/TC_06_Select_Project_Location' successfully

2023-08-22 13:29:08 - [TEST_CASE][PASSED] - Test Cases/KDS/TC_06_Select_Project_Location: Test Cases/KDS/TC_06_Select_Project_Location

2023-08-22 13:29:08 - [TEST_STEP][PASSED] - openBrowser(""): Browser is opened with url: ''

2023-08-22 13:29:08 - [MESSAGE][INFO] - Starting 'Firefox' driver

2023-08-22 13:29:08 - [MESSAGE][INFO] - Action delay is set to 0 milliseconds

2023-08-22 13:29:11 - [MESSAGE][PASSED] - Browser is opened with url: ''

2023-08-22 13:29:11 - [TEST_STEP][PASSED] - navigateToUrl("https://www.studiokohler.com/en-us/faqs"): Navigate to 'https://www.studiokohler.com/en-us/faqs' successfully

2023-08-22 13:29:16 - [MESSAGE][PASSED] - Navigate to 'https://www.studiokohler.com/en-us/faqs' successfully

2023-08-22 13:29:16 - [TEST_STEP][PASSED] - maximizeWindow(): Current window maximized

2023-08-22 13:29:16 - [MESSAGE][PASSED] - Current window maximized

2023-08-22 13:29:16 - [TEST_STEP][PASSED] - click(findTestObject("Object Repository/KSD/Page_Product FAQs/a_India")): Object: 'Object Repository/KSD/Page_Product FAQs/a_India' is clicked on

2023-08-22 13:29:18 - [MESSAGE][PASSED] - Object: 'Object Repository/KSD/Page_Product FAQs/a_India' is clicked on

2023-08-22 13:29:18 - [TEST_STEP][PASSED] - click(findTestObject("Object Repository/KSD/Page_Product FAQs/div_Select Project LocationDisplays product_9e5542")): Object: 'Object Repository/KSD/Page_Product FAQs/div_Select Project LocationDisplays product_9e5542' is clicked on

2023-08-22 13:29:18 - [MESSAGE][PASSED] - Object: 'Object Repository/KSD/Page_Product FAQs/div_Select Project LocationDisplays product_9e5542' is clicked on

2023-08-22 13:29:18 - [TEST_STEP][PASSED] - verifyElementVisible(findTestObject("Object Repository/KSD/Page_Product FAQs/h1_Select Project Location")): Object 'Object Repository/KSD/Page_Product FAQs/h1_Select Project Location' is visible

2023-08-22 13:29:19 - [MESSAGE][PASSED] - Object 'Object Repository/KSD/Page_Product FAQs/h1_Select Project Location' is visible

2023-08-22 13:29:19 - [TEST_STEP][PASSED] - verifyElementVisible(findTestObject("Object Repository/KSD/Page_Product FAQs/a_Africa")): Object 'Object Repository/KSD/Page_Product FAQs/a_Africa' is visible

2023-08-22 13:29:19 - [MESSAGE][PASSED] - Object 'Object Repository/KSD/Page_Product FAQs/a_Africa' is visible

2023-08-22 13:29:19 - [TEST_STEP][PASSED] - verifyElementVisible(findTestObject("Object Repository/KSD/Page_Product FAQs/a_Americas")): Object 'Object Repository/KSD/Page_Product FAQs/a_Americas' is visible

2023-08-22 13:29:19 - [MESSAGE][PASSED] - Object 'Object Repository/KSD/Page_Product FAQs/a_Americas' is visible

2023-08-22 13:29:19 - [TEST_STEP][PASSED] - verifyElementVisible(findTestObject("Object Repository/KSD/Page_Product FAQs/a_Asia")): Object 'Object Repository/KSD/Page_Product FAQs/a_Asia' is visible

2023-08-22 13:29:19 - [MESSAGE][PASSED] - Object 'Object Repository/KSD/Page_Product FAQs/a_Asia' is visible

2023-08-22 13:29:19 - [TEST_STEP][PASSED] - verifyElementVisible(findTestObject("Object Repository/KSD/Page_Product FAQs/a_Australasia")): Object 'Object Repository/KSD/Page_Product FAQs/a_Australasia' is visible

2023-08-22 13:29:20 - [MESSAGE][PASSED] - Object 'Object Repository/KSD/Page_Product FAQs/a_Australasia' is visible

2023-08-22 13:29:20 - [TEST_STEP][PASSED] - verifyElementVisible(findTestObject("Object Repository/KSD/Page_Product FAQs/a_Europe")): Object 'Object Repository/KSD/Page_Product FAQs/a_Europe' is visible

2023-08-22 13:29:20 - [MESSAGE][PASSED] - Object 'Object Repository/KSD/Page_Product FAQs/a_Europe' is visible

2023-08-22 13:29:20 - [TEST_STEP][PASSED] - verifyElementVisible(findTestObject("Object Repository/KSD/Page_Product FAQs/a_Middle East")): Object 'Object Repository/KSD/Page_Product FAQs/a_Middle East' is visible

2023-08-22 13:29:20 - [MESSAGE][PASSED] - Object 'Object Repository/KSD/Page_Product FAQs/a_Middle East' is visible

2023-08-22 13:29:20 - [MESSAGE][PASSED] - Call Test Case 'Test Cases/KDS/TC_06_Select_Project_Location' successfully

2023-08-22 13:29:20 - [TEST_STEP][PASSED] - click(findTestObject("Object Repository/KSD/Page_Product FAQs/a_Asia")): Object: 'Object Repository/KSD/Page_Product FAQs/a_Asia' is clicked on

2023-08-22 13:29:21 - [MESSAGE][PASSED] - Object: 'Object Repository/KSD/Page_Product FAQs/a_Asia' is clicked on

2023-08-22 13:29:21 - [TEST_STEP][PASSED] - verifyElementVisible(findTestObject("Object Repository/KSD/Page_Product FAQs/a_Bangladesh")): Object 'Object Repository/KSD/Page_Product FAQs/a_Bangladesh' is visible

2023-08-22 13:29:21 - [MESSAGE][PASSED] - Object 'Object Repository/KSD/Page_Product FAQs/a_Bangladesh' is visible

2023-08-22 13:29:21 - [TEST_STEP][PASSED] - verifyElementVisible(findTestObject("Object Repository/KSD/Page_Product FAQs/a_Hong Kong, China")): Object 'Object Repository/KSD/Page_Product FAQs/a_Hong Kong, China' is visible

2023-08-22 13:29:22 - [MESSAGE][PASSED] - Object 'Object Repository/KSD/Page_Product FAQs/a_Hong Kong, China' is visible

2023-08-22 13:29:22 - [TEST_STEP][PASSED] - takeScreenshotAsCheckpoint("Asia Location"): Taking screenshot successfully

2023-08-22 13:29:22 - [MESSAGE][INFO] - 0 hidden object(s)

2023-08-22 13:29:23 - [MESSAGE][PASSED] - Taking screenshot successfully
[[ATTACHMENT|keyes/keyes-Asia Location.png]]

2023-08-22 13:29:23 - [TEST_STEP][PASSED] - closeBrowser(): Browser is closed

2023-08-22 13:29:23 - [MESSAGE][PASSED] - Browser is closed]]></system-out>
         <system-err><![CDATA[]]></system-err>
      </testcase>
      <testcase name="Test Cases/KDS/TC_10_Check_AUSTRALASIA_Location_List" time="15.628" classname="Test Cases/KDS/TC_10_Check_AUSTRALASIA_Location_List" status="PASSED">
         <system-out><![CDATA[2023-08-22 13:29:23 - [TEST_CASE][PASSED] - Test Cases/KDS/TC_10_Check_AUSTRALASIA_Location_List: Test Cases/KDS/TC_10_Check_AUSTRALASIA_Location_List

2023-08-22 13:29:23 - [TEST_STEP][PASSED] - callTestCase(findTestCase("KDS/TC_06_Select_Project_Location"), [:], STOP_ON_FAILURE): Call Test Case 'Test Cases/KDS/TC_06_Select_Project_Location' successfully

2023-08-22 13:29:23 - [TEST_CASE][PASSED] - Test Cases/KDS/TC_06_Select_Project_Location: Test Cases/KDS/TC_06_Select_Project_Location

2023-08-22 13:29:23 - [TEST_STEP][PASSED] - openBrowser(""): Browser is opened with url: ''

2023-08-22 13:29:23 - [MESSAGE][INFO] - Starting 'Firefox' driver

2023-08-22 13:29:23 - [MESSAGE][INFO] - Action delay is set to 0 milliseconds

2023-08-22 13:29:26 - [MESSAGE][PASSED] - Browser is opened with url: ''

2023-08-22 13:29:26 - [TEST_STEP][PASSED] - navigateToUrl("https://www.studiokohler.com/en-us/faqs"): Navigate to 'https://www.studiokohler.com/en-us/faqs' successfully

2023-08-22 13:29:31 - [MESSAGE][PASSED] - Navigate to 'https://www.studiokohler.com/en-us/faqs' successfully

2023-08-22 13:29:31 - [TEST_STEP][PASSED] - maximizeWindow(): Current window maximized

2023-08-22 13:29:32 - [MESSAGE][PASSED] - Current window maximized

2023-08-22 13:29:32 - [TEST_STEP][PASSED] - click(findTestObject("Object Repository/KSD/Page_Product FAQs/a_India")): Object: 'Object Repository/KSD/Page_Product FAQs/a_India' is clicked on

2023-08-22 13:29:33 - [MESSAGE][PASSED] - Object: 'Object Repository/KSD/Page_Product FAQs/a_India' is clicked on

2023-08-22 13:29:33 - [TEST_STEP][PASSED] - click(findTestObject("Object Repository/KSD/Page_Product FAQs/div_Select Project LocationDisplays product_9e5542")): Object: 'Object Repository/KSD/Page_Product FAQs/div_Select Project LocationDisplays product_9e5542' is clicked on

2023-08-22 13:29:33 - [MESSAGE][PASSED] - Object: 'Object Repository/KSD/Page_Product FAQs/div_Select Project LocationDisplays product_9e5542' is clicked on

2023-08-22 13:29:33 - [TEST_STEP][PASSED] - verifyElementVisible(findTestObject("Object Repository/KSD/Page_Product FAQs/h1_Select Project Location")): Object 'Object Repository/KSD/Page_Product FAQs/h1_Select Project Location' is visible

2023-08-22 13:29:34 - [MESSAGE][PASSED] - Object 'Object Repository/KSD/Page_Product FAQs/h1_Select Project Location' is visible

2023-08-22 13:29:34 - [TEST_STEP][PASSED] - verifyElementVisible(findTestObject("Object Repository/KSD/Page_Product FAQs/a_Africa")): Object 'Object Repository/KSD/Page_Product FAQs/a_Africa' is visible

2023-08-22 13:29:34 - [MESSAGE][PASSED] - Object 'Object Repository/KSD/Page_Product FAQs/a_Africa' is visible

2023-08-22 13:29:34 - [TEST_STEP][PASSED] - verifyElementVisible(findTestObject("Object Repository/KSD/Page_Product FAQs/a_Americas")): Object 'Object Repository/KSD/Page_Product FAQs/a_Americas' is visible

2023-08-22 13:29:35 - [MESSAGE][PASSED] - Object 'Object Repository/KSD/Page_Product FAQs/a_Americas' is visible

2023-08-22 13:29:35 - [TEST_STEP][PASSED] - verifyElementVisible(findTestObject("Object Repository/KSD/Page_Product FAQs/a_Asia")): Object 'Object Repository/KSD/Page_Product FAQs/a_Asia' is visible

2023-08-22 13:29:35 - [MESSAGE][PASSED] - Object 'Object Repository/KSD/Page_Product FAQs/a_Asia' is visible

2023-08-22 13:29:35 - [TEST_STEP][PASSED] - verifyElementVisible(findTestObject("Object Repository/KSD/Page_Product FAQs/a_Australasia")): Object 'Object Repository/KSD/Page_Product FAQs/a_Australasia' is visible

2023-08-22 13:29:35 - [MESSAGE][PASSED] - Object 'Object Repository/KSD/Page_Product FAQs/a_Australasia' is visible

2023-08-22 13:29:35 - [TEST_STEP][PASSED] - verifyElementVisible(findTestObject("Object Repository/KSD/Page_Product FAQs/a_Europe")): Object 'Object Repository/KSD/Page_Product FAQs/a_Europe' is visible

2023-08-22 13:29:35 - [MESSAGE][PASSED] - Object 'Object Repository/KSD/Page_Product FAQs/a_Europe' is visible

2023-08-22 13:29:35 - [TEST_STEP][PASSED] - verifyElementVisible(findTestObject("Object Repository/KSD/Page_Product FAQs/a_Middle East")): Object 'Object Repository/KSD/Page_Product FAQs/a_Middle East' is visible

2023-08-22 13:29:36 - [MESSAGE][PASSED] - Object 'Object Repository/KSD/Page_Product FAQs/a_Middle East' is visible

2023-08-22 13:29:36 - [MESSAGE][PASSED] - Call Test Case 'Test Cases/KDS/TC_06_Select_Project_Location' successfully

2023-08-22 13:29:36 - [TEST_STEP][PASSED] - click(findTestObject("Object Repository/KSD/Page_Product FAQs/a_Australasia")): Object: 'Object Repository/KSD/Page_Product FAQs/a_Australasia' is clicked on

2023-08-22 13:29:36 - [MESSAGE][PASSED] - Object: 'Object Repository/KSD/Page_Product FAQs/a_Australasia' is clicked on

2023-08-22 13:29:36 - [TEST_STEP][PASSED] - verifyElementVisible(findTestObject("Object Repository/KSD/Page_Product FAQs/a_Australia")): Object 'Object Repository/KSD/Page_Product FAQs/a_Australia' is visible

2023-08-22 13:29:37 - [MESSAGE][PASSED] - Object 'Object Repository/KSD/Page_Product FAQs/a_Australia' is visible

2023-08-22 13:29:37 - [TEST_STEP][PASSED] - verifyElementVisible(findTestObject("Object Repository/KSD/Page_Product FAQs/a_Fiji")): Object 'Object Repository/KSD/Page_Product FAQs/a_Fiji' is visible

2023-08-22 13:29:37 - [MESSAGE][PASSED] - Object 'Object Repository/KSD/Page_Product FAQs/a_Fiji' is visible

2023-08-22 13:29:37 - [TEST_STEP][PASSED] - verifyElementVisible(findTestObject("Object Repository/KSD/Page_Product FAQs/a_New Zealand")): Object 'Object Repository/KSD/Page_Product FAQs/a_New Zealand' is visible

2023-08-22 13:29:37 - [MESSAGE][PASSED] - Object 'Object Repository/KSD/Page_Product FAQs/a_New Zealand' is visible

2023-08-22 13:29:37 - [TEST_STEP][PASSED] - takeScreenshotAsCheckpoint("Australasia Location"): Taking screenshot successfully

2023-08-22 13:29:38 - [MESSAGE][INFO] - 0 hidden object(s)

2023-08-22 13:29:38 - [MESSAGE][PASSED] - Taking screenshot successfully
[[ATTACHMENT|keyes/keyes-Australasia Location.png]]

2023-08-22 13:29:38 - [TEST_STEP][PASSED] - closeBrowser(): Browser is closed

2023-08-22 13:29:39 - [MESSAGE][PASSED] - Browser is closed]]></system-out>
         <system-err><![CDATA[]]></system-err>
      </testcase>
      <testcase name="Test Cases/KDS/TC_11_Check_EUROPE_Location_List" time="14.881" classname="Test Cases/KDS/TC_11_Check_EUROPE_Location_List" status="PASSED">
         <system-out><![CDATA[2023-08-22 13:29:39 - [TEST_CASE][PASSED] - Test Cases/KDS/TC_11_Check_EUROPE_Location_List: Test Cases/KDS/TC_11_Check_EUROPE_Location_List

2023-08-22 13:29:39 - [TEST_STEP][PASSED] - callTestCase(findTestCase("KDS/TC_06_Select_Project_Location"), [:], STOP_ON_FAILURE): Call Test Case 'Test Cases/KDS/TC_06_Select_Project_Location' successfully

2023-08-22 13:29:39 - [TEST_CASE][PASSED] - Test Cases/KDS/TC_06_Select_Project_Location: Test Cases/KDS/TC_06_Select_Project_Location

2023-08-22 13:29:39 - [TEST_STEP][PASSED] - openBrowser(""): Browser is opened with url: ''

2023-08-22 13:29:39 - [MESSAGE][INFO] - Starting 'Firefox' driver

2023-08-22 13:29:39 - [MESSAGE][INFO] - Action delay is set to 0 milliseconds

2023-08-22 13:29:41 - [MESSAGE][PASSED] - Browser is opened with url: ''

2023-08-22 13:29:41 - [TEST_STEP][PASSED] - navigateToUrl("https://www.studiokohler.com/en-us/faqs"): Navigate to 'https://www.studiokohler.com/en-us/faqs' successfully

2023-08-22 13:29:46 - [MESSAGE][PASSED] - Navigate to 'https://www.studiokohler.com/en-us/faqs' successfully

2023-08-22 13:29:46 - [TEST_STEP][PASSED] - maximizeWindow(): Current window maximized

2023-08-22 13:29:47 - [MESSAGE][PASSED] - Current window maximized

2023-08-22 13:29:47 - [TEST_STEP][PASSED] - click(findTestObject("Object Repository/KSD/Page_Product FAQs/a_India")): Object: 'Object Repository/KSD/Page_Product FAQs/a_India' is clicked on

2023-08-22 13:29:49 - [MESSAGE][PASSED] - Object: 'Object Repository/KSD/Page_Product FAQs/a_India' is clicked on

2023-08-22 13:29:49 - [TEST_STEP][PASSED] - click(findTestObject("Object Repository/KSD/Page_Product FAQs/div_Select Project LocationDisplays product_9e5542")): Object: 'Object Repository/KSD/Page_Product FAQs/div_Select Project LocationDisplays product_9e5542' is clicked on

2023-08-22 13:29:49 - [MESSAGE][PASSED] - Object: 'Object Repository/KSD/Page_Product FAQs/div_Select Project LocationDisplays product_9e5542' is clicked on

2023-08-22 13:29:49 - [TEST_STEP][PASSED] - verifyElementVisible(findTestObject("Object Repository/KSD/Page_Product FAQs/h1_Select Project Location")): Object 'Object Repository/KSD/Page_Product FAQs/h1_Select Project Location' is visible

2023-08-22 13:29:49 - [MESSAGE][PASSED] - Object 'Object Repository/KSD/Page_Product FAQs/h1_Select Project Location' is visible

2023-08-22 13:29:49 - [TEST_STEP][PASSED] - verifyElementVisible(findTestObject("Object Repository/KSD/Page_Product FAQs/a_Africa")): Object 'Object Repository/KSD/Page_Product FAQs/a_Africa' is visible

2023-08-22 13:29:50 - [MESSAGE][PASSED] - Object 'Object Repository/KSD/Page_Product FAQs/a_Africa' is visible

2023-08-22 13:29:50 - [TEST_STEP][PASSED] - verifyElementVisible(findTestObject("Object Repository/KSD/Page_Product FAQs/a_Americas")): Object 'Object Repository/KSD/Page_Product FAQs/a_Americas' is visible

2023-08-22 13:29:50 - [MESSAGE][PASSED] - Object 'Object Repository/KSD/Page_Product FAQs/a_Americas' is visible

2023-08-22 13:29:50 - [TEST_STEP][PASSED] - verifyElementVisible(findTestObject("Object Repository/KSD/Page_Product FAQs/a_Asia")): Object 'Object Repository/KSD/Page_Product FAQs/a_Asia' is visible

2023-08-22 13:29:50 - [MESSAGE][PASSED] - Object 'Object Repository/KSD/Page_Product FAQs/a_Asia' is visible

2023-08-22 13:29:50 - [TEST_STEP][PASSED] - verifyElementVisible(findTestObject("Object Repository/KSD/Page_Product FAQs/a_Australasia")): Object 'Object Repository/KSD/Page_Product FAQs/a_Australasia' is visible

2023-08-22 13:29:51 - [MESSAGE][PASSED] - Object 'Object Repository/KSD/Page_Product FAQs/a_Australasia' is visible

2023-08-22 13:29:51 - [TEST_STEP][PASSED] - verifyElementVisible(findTestObject("Object Repository/KSD/Page_Product FAQs/a_Europe")): Object 'Object Repository/KSD/Page_Product FAQs/a_Europe' is visible

2023-08-22 13:29:51 - [MESSAGE][PASSED] - Object 'Object Repository/KSD/Page_Product FAQs/a_Europe' is visible

2023-08-22 13:29:51 - [TEST_STEP][PASSED] - verifyElementVisible(findTestObject("Object Repository/KSD/Page_Product FAQs/a_Middle East")): Object 'Object Repository/KSD/Page_Product FAQs/a_Middle East' is visible

2023-08-22 13:29:51 - [MESSAGE][PASSED] - Object 'Object Repository/KSD/Page_Product FAQs/a_Middle East' is visible

2023-08-22 13:29:51 - [MESSAGE][PASSED] - Call Test Case 'Test Cases/KDS/TC_06_Select_Project_Location' successfully

2023-08-22 13:29:51 - [TEST_STEP][PASSED] - click(findTestObject("Object Repository/KSD/Page_Product FAQs/a_Europe")): Object: 'Object Repository/KSD/Page_Product FAQs/a_Europe' is clicked on

2023-08-22 13:29:52 - [MESSAGE][PASSED] - Object: 'Object Repository/KSD/Page_Product FAQs/a_Europe' is clicked on

2023-08-22 13:29:52 - [TEST_STEP][PASSED] - verifyElementVisible(findTestObject("Object Repository/KSD/Page_Product FAQs/a_United Kingdom")): Object 'Object Repository/KSD/Page_Product FAQs/a_United Kingdom' is visible

2023-08-22 13:29:52 - [MESSAGE][PASSED] - Object 'Object Repository/KSD/Page_Product FAQs/a_United Kingdom' is visible

2023-08-22 13:29:52 - [TEST_STEP][PASSED] - takeScreenshotAsCheckpoint("Europe Location"): Taking screenshot successfully

2023-08-22 13:29:53 - [MESSAGE][INFO] - 0 hidden object(s)

2023-08-22 13:29:53 - [MESSAGE][PASSED] - Taking screenshot successfully
[[ATTACHMENT|keyes/keyes-Europe Location.png]]

2023-08-22 13:29:53 - [TEST_STEP][PASSED] - closeBrowser(): Browser is closed

2023-08-22 13:29:54 - [MESSAGE][PASSED] - Browser is closed]]></system-out>
         <system-err><![CDATA[]]></system-err>
      </testcase>
      <testcase name="Test Cases/KDS/TC_12_Check_MIDDLE EAST_Location_List" time="16.103" classname="Test Cases/KDS/TC_12_Check_MIDDLE EAST_Location_List" status="PASSED">
         <system-out><![CDATA[2023-08-22 13:29:54 - [TEST_CASE][PASSED] - Test Cases/KDS/TC_12_Check_MIDDLE EAST_Location_List: Test Cases/KDS/TC_12_Check_MIDDLE EAST_Location_List

2023-08-22 13:29:54 - [TEST_STEP][PASSED] - callTestCase(findTestCase("KDS/TC_06_Select_Project_Location"), [:], STOP_ON_FAILURE): Call Test Case 'Test Cases/KDS/TC_06_Select_Project_Location' successfully

2023-08-22 13:29:54 - [TEST_CASE][PASSED] - Test Cases/KDS/TC_06_Select_Project_Location: Test Cases/KDS/TC_06_Select_Project_Location

2023-08-22 13:29:54 - [TEST_STEP][PASSED] - openBrowser(""): Browser is opened with url: ''

2023-08-22 13:29:54 - [MESSAGE][INFO] - Starting 'Firefox' driver

2023-08-22 13:29:54 - [MESSAGE][INFO] - Action delay is set to 0 milliseconds

2023-08-22 13:29:56 - [MESSAGE][PASSED] - Browser is opened with url: ''

2023-08-22 13:29:56 - [TEST_STEP][PASSED] - navigateToUrl("https://www.studiokohler.com/en-us/faqs"): Navigate to 'https://www.studiokohler.com/en-us/faqs' successfully

2023-08-22 13:30:01 - [MESSAGE][PASSED] - Navigate to 'https://www.studiokohler.com/en-us/faqs' successfully

2023-08-22 13:30:01 - [TEST_STEP][PASSED] - maximizeWindow(): Current window maximized

2023-08-22 13:30:02 - [MESSAGE][PASSED] - Current window maximized

2023-08-22 13:30:02 - [TEST_STEP][PASSED] - click(findTestObject("Object Repository/KSD/Page_Product FAQs/a_India")): Object: 'Object Repository/KSD/Page_Product FAQs/a_India' is clicked on

2023-08-22 13:30:03 - [MESSAGE][PASSED] - Object: 'Object Repository/KSD/Page_Product FAQs/a_India' is clicked on

2023-08-22 13:30:03 - [TEST_STEP][PASSED] - click(findTestObject("Object Repository/KSD/Page_Product FAQs/div_Select Project LocationDisplays product_9e5542")): Object: 'Object Repository/KSD/Page_Product FAQs/div_Select Project LocationDisplays product_9e5542' is clicked on

2023-08-22 13:30:04 - [MESSAGE][PASSED] - Object: 'Object Repository/KSD/Page_Product FAQs/div_Select Project LocationDisplays product_9e5542' is clicked on

2023-08-22 13:30:04 - [TEST_STEP][PASSED] - verifyElementVisible(findTestObject("Object Repository/KSD/Page_Product FAQs/h1_Select Project Location")): Object 'Object Repository/KSD/Page_Product FAQs/h1_Select Project Location' is visible

2023-08-22 13:30:04 - [MESSAGE][PASSED] - Object 'Object Repository/KSD/Page_Product FAQs/h1_Select Project Location' is visible

2023-08-22 13:30:04 - [TEST_STEP][PASSED] - verifyElementVisible(findTestObject("Object Repository/KSD/Page_Product FAQs/a_Africa")): Object 'Object Repository/KSD/Page_Product FAQs/a_Africa' is visible

2023-08-22 13:30:05 - [MESSAGE][PASSED] - Object 'Object Repository/KSD/Page_Product FAQs/a_Africa' is visible

2023-08-22 13:30:05 - [TEST_STEP][PASSED] - verifyElementVisible(findTestObject("Object Repository/KSD/Page_Product FAQs/a_Americas")): Object 'Object Repository/KSD/Page_Product FAQs/a_Americas' is visible

2023-08-22 13:30:05 - [MESSAGE][PASSED] - Object 'Object Repository/KSD/Page_Product FAQs/a_Americas' is visible

2023-08-22 13:30:05 - [TEST_STEP][PASSED] - verifyElementVisible(findTestObject("Object Repository/KSD/Page_Product FAQs/a_Asia")): Object 'Object Repository/KSD/Page_Product FAQs/a_Asia' is visible

2023-08-22 13:30:05 - [MESSAGE][PASSED] - Object 'Object Repository/KSD/Page_Product FAQs/a_Asia' is visible

2023-08-22 13:30:05 - [TEST_STEP][PASSED] - verifyElementVisible(findTestObject("Object Repository/KSD/Page_Product FAQs/a_Australasia")): Object 'Object Repository/KSD/Page_Product FAQs/a_Australasia' is visible

2023-08-22 13:30:06 - [MESSAGE][PASSED] - Object 'Object Repository/KSD/Page_Product FAQs/a_Australasia' is visible

2023-08-22 13:30:06 - [TEST_STEP][PASSED] - verifyElementVisible(findTestObject("Object Repository/KSD/Page_Product FAQs/a_Europe")): Object 'Object Repository/KSD/Page_Product FAQs/a_Europe' is visible

2023-08-22 13:30:06 - [MESSAGE][PASSED] - Object 'Object Repository/KSD/Page_Product FAQs/a_Europe' is visible

2023-08-22 13:30:06 - [TEST_STEP][PASSED] - verifyElementVisible(findTestObject("Object Repository/KSD/Page_Product FAQs/a_Middle East")): Object 'Object Repository/KSD/Page_Product FAQs/a_Middle East' is visible

2023-08-22 13:30:06 - [MESSAGE][PASSED] - Object 'Object Repository/KSD/Page_Product FAQs/a_Middle East' is visible

2023-08-22 13:30:06 - [MESSAGE][PASSED] - Call Test Case 'Test Cases/KDS/TC_06_Select_Project_Location' successfully

2023-08-22 13:30:06 - [TEST_STEP][PASSED] - click(findTestObject("Object Repository/KSD/Page_Product FAQs/a_Middle East")): Object: 'Object Repository/KSD/Page_Product FAQs/a_Middle East' is clicked on

2023-08-22 13:30:07 - [MESSAGE][PASSED] - Object: 'Object Repository/KSD/Page_Product FAQs/a_Middle East' is clicked on

2023-08-22 13:30:07 - [TEST_STEP][PASSED] - rightClick(findTestObject("Object Repository/KSD/Page_Product FAQs/a_Bahrain")): Object: 'Object Repository/KSD/Page_Product FAQs/a_Bahrain' is right clicked on

2023-08-22 13:30:07 - [MESSAGE][PASSED] - Object: 'Object Repository/KSD/Page_Product FAQs/a_Bahrain' is right clicked on

2023-08-22 13:30:07 - [TEST_STEP][PASSED] - verifyElementVisible(findTestObject("Object Repository/KSD/Page_Product FAQs/a_Bahrain")): Object 'Object Repository/KSD/Page_Product FAQs/a_Bahrain' is visible

2023-08-22 13:30:08 - [MESSAGE][PASSED] - Object 'Object Repository/KSD/Page_Product FAQs/a_Bahrain' is visible

2023-08-22 13:30:08 - [TEST_STEP][PASSED] - verifyElementVisible(findTestObject("Object Repository/KSD/Page_Product FAQs/a_Kuwait")): Object 'Object Repository/KSD/Page_Product FAQs/a_Kuwait' is visible

2023-08-22 13:30:08 - [MESSAGE][PASSED] - Object 'Object Repository/KSD/Page_Product FAQs/a_Kuwait' is visible

2023-08-22 13:30:08 - [TEST_STEP][PASSED] - verifyElementVisible(findTestObject("Object Repository/KSD/Page_Product FAQs/a_United Arab Emirates")): Object 'Object Repository/KSD/Page_Product FAQs/a_United Arab Emirates' is visible

2023-08-22 13:30:08 - [MESSAGE][PASSED] - Object 'Object Repository/KSD/Page_Product FAQs/a_United Arab Emirates' is visible

2023-08-22 13:30:08 - [TEST_STEP][PASSED] - takeScreenshotAsCheckpoint("Middle East Location"): Taking screenshot successfully

2023-08-22 13:30:09 - [MESSAGE][INFO] - 0 hidden object(s)

2023-08-22 13:30:09 - [MESSAGE][PASSED] - Taking screenshot successfully
[[ATTACHMENT|keyes/keyes-Middle East Location.png]]

2023-08-22 13:30:09 - [TEST_STEP][PASSED] - closeBrowser(): Browser is closed

2023-08-22 13:30:10 - [MESSAGE][PASSED] - Browser is closed]]></system-out>
         <system-err><![CDATA[]]></system-err>
      </testcase>
      <testcase name="Test Cases/KDS/TC_13_Check_Create_New_Folder" time="36.466" classname="Test Cases/KDS/TC_13_Check_Create_New_Folder" status="FAILED">
         <failure type="FAILED" message="Test Cases/KDS/TC_13_Check_Create_New_Folder FAILED.
Reason:
com.kms.katalon.core.exception.StepFailedException: Cannot take screenshot
	at com.kms.katalon.core.webui.keyword.internal.WebUIKeywordMain.stepFailed(WebUIKeywordMain.groovy:64)
	at com.kms.katalon.core.webui.keyword.internal.WebUIKeywordMain.runKeyword(WebUIKeywordMain.groovy:26)
	at com.kms.katalon.core.webui.keyword.builtin.TakeScreenshotKeyword.takeScreenshot(TakeScreenshotKeyword.groovy:126)
	at com.kms.katalon.core.webui.keyword.builtin.TakeScreenshotKeyword.execute(TakeScreenshotKeyword.groovy:84)
	at com.kms.katalon.core.keyword.internal.KeywordExecutor.executeKeywordForPlatform(KeywordExecutor.groovy:74)
	at com.kms.katalon.core.webui.keyword.WebUiBuiltInKeywords.takeScreenshotAsCheckpoint(WebUiBuiltInKeywords.groovy:3093)
	at com.kms.katalon.core.webui.keyword.WebUiBuiltInKeywords$takeScreenshotAsCheckpoint$6.call(Unknown Source)
	at TC_13_Check_Create_New_Folder.run(TC_13_Check_Create_New_Folder:48)
	at com.kms.katalon.core.main.ScriptEngine.run(ScriptEngine.java:194)
	at com.kms.katalon.core.main.ScriptEngine.runScriptAsRawText(ScriptEngine.java:119)
	at com.kms.katalon.core.main.TestCaseExecutor.runScript(TestCaseExecutor.java:448)
	at com.kms.katalon.core.main.TestCaseExecutor.doExecute(TestCaseExecutor.java:439)
	at com.kms.katalon.core.main.TestCaseExecutor.processExecutionPhase(TestCaseExecutor.java:418)
	at com.kms.katalon.core.main.TestCaseExecutor.accessMainPhase(TestCaseExecutor.java:410)
	at com.kms.katalon.core.main.TestCaseExecutor.execute(TestCaseExecutor.java:285)
	at com.kms.katalon.core.main.TestCaseExecutor.execute(TestCaseExecutor.java:369)
	at com.kms.katalon.core.main.TestCaseExecutor.execute(TestCaseExecutor.java:369)
	at com.kms.katalon.core.main.TestCaseExecutor.execute(TestCaseExecutor.java:369)
	at com.kms.katalon.core.common.CommonExecutor.accessTestCaseMainPhase(CommonExecutor.java:65)
	at com.kms.katalon.core.main.TestSuiteExecutor.accessTestSuiteMainPhase(TestSuiteExecutor.java:144)
	at com.kms.katalon.core.main.TestSuiteExecutor.execute(TestSuiteExecutor.java:106)
	at com.kms.katalon.core.main.TestCaseMain.startTestSuite(TestCaseMain.java:185)
	at com.kms.katalon.core.main.TestCaseMain$startTestSuite$0.call(Unknown Source)
	at TempTestSuite1692690957287.run(TempTestSuite1692690957287.groovy:36)
Caused by: java.lang.ClassCastException: java.lang.Double cannot be cast to java.lang.Long
	at com.kms.katalon.core.webui.util.FileUtil.getScrollY(FileUtil.java:355)
	at com.kms.katalon.core.webui.util.FileUtil.takesScreenshot(FileUtil.java:68)
	at com.kms.katalon.core.webui.keyword.builtin.TakeScreenshotKeyword$_takeScreenshot_closure1.doCall(TakeScreenshotKeyword.groovy:127)
	at com.kms.katalon.core.webui.keyword.builtin.TakeScreenshotKeyword$_takeScreenshot_closure1.call(TakeScreenshotKeyword.groovy)
	at com.kms.katalon.core.webui.keyword.internal.WebUIKeywordMain.runKeyword(WebUIKeywordMain.groovy:20)
	... 22 more
"/>
         <system-out><![CDATA[2023-08-22 13:32:00 - [TEST_CASE][FAILED] - Test Cases/KDS/TC_13_Check_Create_New_Folder: Test Cases/KDS/TC_13_Check_Create_New_Folder FAILED.
Reason:
com.kms.katalon.core.exception.StepFailedException: Cannot take screenshot
	at com.kms.katalon.core.webui.keyword.internal.WebUIKeywordMain.stepFailed(WebUIKeywordMain.groovy:64)
	at com.kms.katalon.core.webui.keyword.internal.WebUIKeywordMain.runKeyword(WebUIKeywordMain.groovy:26)
	at com.kms.katalon.core.webui.keyword.builtin.TakeScreenshotKeyword.takeScreenshot(TakeScreenshotKeyword.groovy:126)
	at com.kms.katalon.core.webui.keyword.builtin.TakeScreenshotKeyword.execute(TakeScreenshotKeyword.groovy:84)
	at com.kms.katalon.core.keyword.internal.KeywordExecutor.executeKeywordForPlatform(KeywordExecutor.groovy:74)
	at com.kms.katalon.core.webui.keyword.WebUiBuiltInKeywords.takeScreenshotAsCheckpoint(WebUiBuiltInKeywords.groovy:3093)
	at com.kms.katalon.core.webui.keyword.WebUiBuiltInKeywords$takeScreenshotAsCheckpoint$6.call(Unknown Source)
	at TC_13_Check_Create_New_Folder.run(TC_13_Check_Create_New_Folder:48)
	at com.kms.katalon.core.main.ScriptEngine.run(ScriptEngine.java:194)
	at com.kms.katalon.core.main.ScriptEngine.runScriptAsRawText(ScriptEngine.java:119)
	at com.kms.katalon.core.main.TestCaseExecutor.runScript(TestCaseExecutor.java:448)
	at com.kms.katalon.core.main.TestCaseExecutor.doExecute(TestCaseExecutor.java:439)
	at com.kms.katalon.core.main.TestCaseExecutor.processExecutionPhase(TestCaseExecutor.java:418)
	at com.kms.katalon.core.main.TestCaseExecutor.accessMainPhase(TestCaseExecutor.java:410)
	at com.kms.katalon.core.main.TestCaseExecutor.execute(TestCaseExecutor.java:285)
	at com.kms.katalon.core.main.TestCaseExecutor.execute(TestCaseExecutor.java:369)
	at com.kms.katalon.core.main.TestCaseExecutor.execute(TestCaseExecutor.java:369)
	at com.kms.katalon.core.main.TestCaseExecutor.execute(TestCaseExecutor.java:369)
	at com.kms.katalon.core.common.CommonExecutor.accessTestCaseMainPhase(CommonExecutor.java:65)
	at com.kms.katalon.core.main.TestSuiteExecutor.accessTestSuiteMainPhase(TestSuiteExecutor.java:144)
	at com.kms.katalon.core.main.TestSuiteExecutor.execute(TestSuiteExecutor.java:106)
	at com.kms.katalon.core.main.TestCaseMain.startTestSuite(TestCaseMain.java:185)
	at com.kms.katalon.core.main.TestCaseMain$startTestSuite$0.call(Unknown Source)
	at TempTestSuite1692690957287.run(TempTestSuite1692690957287.groovy:36)
Caused by: java.lang.ClassCastException: java.lang.Double cannot be cast to java.lang.Long
	at com.kms.katalon.core.webui.util.FileUtil.getScrollY(FileUtil.java:355)
	at com.kms.katalon.core.webui.util.FileUtil.takesScreenshot(FileUtil.java:68)
	at com.kms.katalon.core.webui.keyword.builtin.TakeScreenshotKeyword$_takeScreenshot_closure1.doCall(TakeScreenshotKeyword.groovy:127)
	at com.kms.katalon.core.webui.keyword.builtin.TakeScreenshotKeyword$_takeScreenshot_closure1.call(TakeScreenshotKeyword.groovy)
	at com.kms.katalon.core.webui.keyword.internal.WebUIKeywordMain.runKeyword(WebUIKeywordMain.groovy:20)
	... 22 more


2023-08-22 13:32:00 - [TEST_STEP][PASSED] - callTestCase(findTestCase("KDS/TC_01_Login"), [:], STOP_ON_FAILURE): Call Test Case 'Test Cases/KDS/TC_01_Login' successfully

2023-08-22 13:32:00 - [TEST_CASE][PASSED] - Test Cases/KDS/TC_01_Login: Test Cases/KDS/TC_01_Login

2023-08-22 13:32:00 - [TEST_STEP][PASSED] - openBrowser(""): Browser is opened with url: ''

2023-08-22 13:32:00 - [MESSAGE][WARNING] - A browser is already opened. Closing browser and opening a new one

2023-08-22 13:32:01 - [MESSAGE][INFO] - Starting 'Firefox' driver

2023-08-22 13:32:01 - [MESSAGE][INFO] - Action delay is set to 0 milliseconds

2023-08-22 13:32:03 - [MESSAGE][PASSED] - Browser is opened with url: ''

2023-08-22 13:32:03 - [TEST_STEP][PASSED] - navigateToUrl("https://www.studiokohler.com/en-us/faqs"): Navigate to 'https://www.studiokohler.com/en-us/faqs' successfully

2023-08-22 13:32:08 - [MESSAGE][PASSED] - Navigate to 'https://www.studiokohler.com/en-us/faqs' successfully

2023-08-22 13:32:08 - [TEST_STEP][PASSED] - maximizeWindow(): Current window maximized

2023-08-22 13:32:08 - [MESSAGE][PASSED] - Current window maximized

2023-08-22 13:32:08 - [TEST_STEP][PASSED] - click(findTestObject("Object Repository/KSD/Page_Product FAQs/i_OK_fal fa-user")): Object: 'Object Repository/KSD/Page_Product FAQs/i_OK_fal fa-user' is clicked on

2023-08-22 13:32:10 - [MESSAGE][PASSED] - Object: 'Object Repository/KSD/Page_Product FAQs/i_OK_fal fa-user' is clicked on

2023-08-22 13:32:10 - [TEST_STEP][PASSED] - setText(findTestObject("Object Repository/KSD/Page_Product FAQs/input_E-mail Address_nav-user-email"), "Bhushan.borse@kohler.com"): Text 'Bhushan.borse@kohler.com' is set on object 'Object Repository/KSD/Page_Product FAQs/input_E-mail Address_nav-user-email'

2023-08-22 13:32:11 - [MESSAGE][PASSED] - Text 'Bhushan.borse@kohler.com' is set on object 'Object Repository/KSD/Page_Product FAQs/input_E-mail Address_nav-user-email'

2023-08-22 13:32:11 - [TEST_STEP][PASSED] - setEncryptedText(findTestObject("Object Repository/KSD/Page_Product FAQs/input_Password_nav-user-password"), "UkTT/T5uWxEyt5z+WbCT2w=="): Text ****** has been set on object 'Object Repository/KSD/Page_Product FAQs/input_Password_nav-user-password'

2023-08-22 13:32:11 - [MESSAGE][PASSED] - Text ****** has been set on object 'Object Repository/KSD/Page_Product FAQs/input_Password_nav-user-password'

2023-08-22 13:32:11 - [TEST_STEP][PASSED] - click(findTestObject("Object Repository/KSD/Page_Product FAQs/button_Sign In")): Object: 'Object Repository/KSD/Page_Product FAQs/button_Sign In' is clicked on

2023-08-22 13:32:12 - [MESSAGE][PASSED] - Object: 'Object Repository/KSD/Page_Product FAQs/button_Sign In' is clicked on

2023-08-22 13:32:12 - [TEST_STEP][PASSED] - verifyElementVisible(findTestObject("Object Repository/KSD/Page_Product FAQs/a_Bhushan")): Object 'Object Repository/KSD/Page_Product FAQs/a_Bhushan' is visible

2023-08-22 13:32:19 - [MESSAGE][PASSED] - Object 'Object Repository/KSD/Page_Product FAQs/a_Bhushan' is visible

2023-08-22 13:32:19 - [TEST_STEP][PASSED] - takeScreenshotAsCheckpoint("Lgin"): Taking screenshot successfully

2023-08-22 13:32:20 - [MESSAGE][INFO] - 0 hidden object(s)

2023-08-22 13:32:21 - [MESSAGE][PASSED] - Taking screenshot successfully
[[ATTACHMENT|keyes/keyes-Lgin.png]]

2023-08-22 13:32:21 - [MESSAGE][PASSED] - Call Test Case 'Test Cases/KDS/TC_01_Login' successfully

2023-08-22 13:32:21 - [TEST_STEP][PASSED] - click(findTestObject("KSD/Page_Product FAQs/button_Accept All Cookies")): Object: 'Object Repository/KSD/Page_Product FAQs/button_Accept All Cookies' is clicked on

2023-08-22 13:32:22 - [MESSAGE][PASSED] - Object: 'Object Repository/KSD/Page_Product FAQs/button_Accept All Cookies' is clicked on

2023-08-22 13:32:22 - [TEST_STEP][PASSED] - click(findTestObject("Object Repository/KSD/Page_Project Folder Landing Page/Page_Product FAQs/i_OK_fal fa-folder")): Object: 'Object Repository/KSD/Page_Project Folder Landing Page/Page_Product FAQs/i_OK_fal fa-folder' is clicked on

2023-08-22 13:32:27 - [MESSAGE][PASSED] - Object: 'Object Repository/KSD/Page_Project Folder Landing Page/Page_Product FAQs/i_OK_fal fa-folder' is clicked on

2023-08-22 13:32:27 - [TEST_STEP][PASSED] - scrollToElement(findTestObject("Object Repository/KSD/Page_Project Folder Landing Page/Page_Project Folder Landing Page/h2_Create new folder"), 0): Scroll to object 'Object Repository/KSD/Page_Project Folder Landing Page/Page_Project Folder Landing Page/h2_Create new folder' successfully

2023-08-22 13:32:27 - [MESSAGE][WARNING] - Timeout '0' is invalid. Using default page load timeout: '30'

2023-08-22 13:32:28 - [MESSAGE][PASSED] - Scroll to object 'Object Repository/KSD/Page_Project Folder Landing Page/Page_Project Folder Landing Page/h2_Create new folder' successfully

2023-08-22 13:32:28 - [TEST_STEP][PASSED] - click(findTestObject("Object Repository/KSD/Page_Project Folder Landing Page/Page_Project Folder Landing Page/h2_Create new folder")): Object: 'Object Repository/KSD/Page_Project Folder Landing Page/Page_Project Folder Landing Page/h2_Create new folder' is clicked on

2023-08-22 13:32:29 - [MESSAGE][PASSED] - Object: 'Object Repository/KSD/Page_Project Folder Landing Page/Page_Project Folder Landing Page/h2_Create new folder' is clicked on

2023-08-22 13:32:29 - [TEST_STEP][PASSED] - setText(findTestObject("Object Repository/KSD/Page_Project Folder Landing Page/Page_Project Folder Landing Page/input_Folder Name_create-folder-name"), "test folder"): Text 'test folder' is set on object 'Object Repository/KSD/Page_Project Folder Landing Page/Page_Project Folder Landing Page/input_Folder Name_create-folder-name'

2023-08-22 13:32:30 - [MESSAGE][PASSED] - Text 'test folder' is set on object 'Object Repository/KSD/Page_Project Folder Landing Page/Page_Project Folder Landing Page/input_Folder Name_create-folder-name'

2023-08-22 13:32:30 - [TEST_STEP][PASSED] - setText(findTestObject("Object Repository/KSD/Page_Project Folder Landing Page/Page_Project Folder Landing Page/textarea_Project Folder Details_create-note"), "test folder Description"): Text 'test folder Description' is set on object 'Object Repository/KSD/Page_Project Folder Landing Page/Page_Project Folder Landing Page/textarea_Project Folder Details_create-note'

2023-08-22 13:32:30 - [MESSAGE][PASSED] - Text 'test folder Description' is set on object 'Object Repository/KSD/Page_Project Folder Landing Page/Page_Project Folder Landing Page/textarea_Project Folder Details_create-note'

2023-08-22 13:32:30 - [TEST_STEP][PASSED] - click(findTestObject("Object Repository/KSD/Page_Project Folder Landing Page/Page_Project Folder Landing Page/button_Create Folder")): Object: 'Object Repository/KSD/Page_Project Folder Landing Page/Page_Project Folder Landing Page/button_Create Folder' is clicked on

2023-08-22 13:32:31 - [MESSAGE][PASSED] - Object: 'Object Repository/KSD/Page_Project Folder Landing Page/Page_Project Folder Landing Page/button_Create Folder' is clicked on

2023-08-22 13:32:31 - [TEST_STEP][PASSED] - verifyElementVisible(findTestObject("Object Repository/KSD/Page_Project Folder Landing Page/Page_Project Folder Landing Page/h2_test folder")): Object 'Object Repository/KSD/Page_Project Folder Landing Page/Page_Project Folder Landing Page/h2_test folder' is visible

2023-08-22 13:32:33 - [MESSAGE][PASSED] - Object 'Object Repository/KSD/Page_Project Folder Landing Page/Page_Project Folder Landing Page/h2_test folder' is visible

2023-08-22 13:32:33 - [TEST_STEP][PASSED] - click(findTestObject("Object Repository/KSD/Page_Project Folder Landing Page/Page_Project Folder Landing Page/i_test folder_fal fa-trash-alt")): Object: 'Object Repository/KSD/Page_Project Folder Landing Page/Page_Project Folder Landing Page/i_test folder_fal fa-trash-alt' is clicked on

2023-08-22 13:32:33 - [MESSAGE][PASSED] - Object: 'Object Repository/KSD/Page_Project Folder Landing Page/Page_Project Folder Landing Page/i_test folder_fal fa-trash-alt' is clicked on

2023-08-22 13:32:33 - [TEST_STEP][PASSED] - click(findTestObject("Object Repository/KSD/Page_Project Folder Landing Page/Page_Project Folder Landing Page/button_Delete Folder")): Object: 'Object Repository/KSD/Page_Project Folder Landing Page/Page_Project Folder Landing Page/button_Delete Folder' is clicked on

2023-08-22 13:32:34 - [MESSAGE][PASSED] - Object: 'Object Repository/KSD/Page_Project Folder Landing Page/Page_Project Folder Landing Page/button_Delete Folder' is clicked on

2023-08-22 13:32:34 - [TEST_STEP][PASSED] - verifyElementNotPresent(findTestObject("Object Repository/KSD/Page_Project Folder Landing Page/Page_Project Folder Landing Page/h2_test folder"), 0): Web element with id: 'Object Repository/KSD/Page_Project Folder Landing Page/Page_Project Folder Landing Page/h2_test folder' located by 'By.xpath: //div[@id='dynamic-folders']/div[2]/div/a/h2' is not present after '30' second(s)

2023-08-22 13:32:35 - [MESSAGE][WARNING] - Timeout '0' is invalid. Using default page load timeout: '30'

2023-08-22 13:32:36 - [MESSAGE][PASSED] - Web element with id: 'Object Repository/KSD/Page_Project Folder Landing Page/Page_Project Folder Landing Page/h2_test folder' located by 'By.xpath: //div[@id='dynamic-folders']/div[2]/div/a/h2' is not present after '30' second(s)

2023-08-22 13:32:36 - [TEST_STEP][FAILED] - takeScreenshotAsCheckpoint("Create New Folder"): Cannot take screenshot (Root cause: com.kms.katalon.core.exception.StepFailedException: Cannot take screenshot
	at com.kms.katalon.core.webui.keyword.internal.WebUIKeywordMain.stepFailed(WebUIKeywordMain.groovy:64)
	at com.kms.katalon.core.webui.keyword.internal.WebUIKeywordMain.runKeyword(WebUIKeywordMain.groovy:26)
	at com.kms.katalon.core.webui.keyword.builtin.TakeScreenshotKeyword.takeScreenshot(TakeScreenshotKeyword.groovy:126)
	at com.kms.katalon.core.webui.keyword.builtin.TakeScreenshotKeyword.execute(TakeScreenshotKeyword.groovy:84)
	at com.kms.katalon.core.keyword.internal.KeywordExecutor.executeKeywordForPlatform(KeywordExecutor.groovy:74)
	at com.kms.katalon.core.webui.keyword.WebUiBuiltInKeywords.takeScreenshotAsCheckpoint(WebUiBuiltInKeywords.groovy:3093)
	at com.kms.katalon.core.webui.keyword.WebUiBuiltInKeywords$takeScreenshotAsCheckpoint$6.call(Unknown Source)
	at TC_13_Check_Create_New_Folder.run(TC_13_Check_Create_New_Folder:48)
	at com.kms.katalon.core.main.ScriptEngine.run(ScriptEngine.java:194)
	at com.kms.katalon.core.main.ScriptEngine.runScriptAsRawText(ScriptEngine.java:119)
	at com.kms.katalon.core.main.TestCaseExecutor.runScript(TestCaseExecutor.java:448)
	at com.kms.katalon.core.main.TestCaseExecutor.doExecute(TestCaseExecutor.java:439)
	at com.kms.katalon.core.main.TestCaseExecutor.processExecutionPhase(TestCaseExecutor.java:418)
	at com.kms.katalon.core.main.TestCaseExecutor.accessMainPhase(TestCaseExecutor.java:410)
	at com.kms.katalon.core.main.TestCaseExecutor.execute(TestCaseExecutor.java:285)
	at com.kms.katalon.core.main.TestCaseExecutor.execute(TestCaseExecutor.java:369)
	at com.kms.katalon.core.main.TestCaseExecutor.execute(TestCaseExecutor.java:369)
	at com.kms.katalon.core.main.TestCaseExecutor.execute(TestCaseExecutor.java:369)
	at com.kms.katalon.core.common.CommonExecutor.accessTestCaseMainPhase(CommonExecutor.java:65)
	at com.kms.katalon.core.main.TestSuiteExecutor.accessTestSuiteMainPhase(TestSuiteExecutor.java:144)
	at com.kms.katalon.core.main.TestSuiteExecutor.execute(TestSuiteExecutor.java:106)
	at com.kms.katalon.core.main.TestCaseMain.startTestSuite(TestCaseMain.java:185)
	at com.kms.katalon.core.main.TestCaseMain$startTestSuite$0.call(Unknown Source)
	at TempTestSuite1692690957287.run(TempTestSuite1692690957287.groovy:36)
Caused by: java.lang.ClassCastException: java.lang.Double cannot be cast to java.lang.Long
	at com.kms.katalon.core.webui.util.FileUtil.getScrollY(FileUtil.java:355)
	at com.kms.katalon.core.webui.util.FileUtil.takesScreenshot(FileUtil.java:68)
	at com.kms.katalon.core.webui.keyword.builtin.TakeScreenshotKeyword$_takeScreenshot_closure1.doCall(TakeScreenshotKeyword.groovy:127)
	at com.kms.katalon.core.webui.keyword.builtin.TakeScreenshotKeyword$_takeScreenshot_closure1.call(TakeScreenshotKeyword.groovy)
	at com.kms.katalon.core.webui.keyword.internal.WebUIKeywordMain.runKeyword(WebUIKeywordMain.groovy:20)
	at com.kms.katalon.core.webui.keyword.builtin.TakeScreenshotKeyword.takeScreenshot(TakeScreenshotKeyword.groovy:126)
	at com.kms.katalon.core.webui.keyword.builtin.TakeScreenshotKeyword.execute(TakeScreenshotKeyword.groovy:84)
	at com.kms.katalon.core.keyword.internal.KeywordExecutor.executeKeywordForPlatform(KeywordExecutor.groovy:74)
	at com.kms.katalon.core.webui.keyword.WebUiBuiltInKeywords.takeScreenshotAsCheckpoint(WebUiBuiltInKeywords.groovy:3093)
	at com.kms.katalon.core.webui.keyword.WebUiBuiltInKeywords$takeScreenshotAsCheckpoint$6.call(Unknown Source)
	at Script1687863239032.run(Script1687863239032.groovy:48)
	... 16 more
)

2023-08-22 13:32:36 - [MESSAGE][FAILED] - Cannot take screenshot (Root cause: com.kms.katalon.core.exception.StepFailedException: Cannot take screenshot
	at com.kms.katalon.core.webui.keyword.internal.WebUIKeywordMain.stepFailed(WebUIKeywordMain.groovy:64)
	at com.kms.katalon.core.webui.keyword.internal.WebUIKeywordMain.runKeyword(WebUIKeywordMain.groovy:26)
	at com.kms.katalon.core.webui.keyword.builtin.TakeScreenshotKeyword.takeScreenshot(TakeScreenshotKeyword.groovy:126)
	at com.kms.katalon.core.webui.keyword.builtin.TakeScreenshotKeyword.execute(TakeScreenshotKeyword.groovy:84)
	at com.kms.katalon.core.keyword.internal.KeywordExecutor.executeKeywordForPlatform(KeywordExecutor.groovy:74)
	at com.kms.katalon.core.webui.keyword.WebUiBuiltInKeywords.takeScreenshotAsCheckpoint(WebUiBuiltInKeywords.groovy:3093)
	at com.kms.katalon.core.webui.keyword.WebUiBuiltInKeywords$takeScreenshotAsCheckpoint$6.call(Unknown Source)
	at TC_13_Check_Create_New_Folder.run(TC_13_Check_Create_New_Folder:48)
	at com.kms.katalon.core.main.ScriptEngine.run(ScriptEngine.java:194)
	at com.kms.katalon.core.main.ScriptEngine.runScriptAsRawText(ScriptEngine.java:119)
	at com.kms.katalon.core.main.TestCaseExecutor.runScript(TestCaseExecutor.java:448)
	at com.kms.katalon.core.main.TestCaseExecutor.doExecute(TestCaseExecutor.java:439)
	at com.kms.katalon.core.main.TestCaseExecutor.processExecutionPhase(TestCaseExecutor.java:418)
	at com.kms.katalon.core.main.TestCaseExecutor.accessMainPhase(TestCaseExecutor.java:410)
	at com.kms.katalon.core.main.TestCaseExecutor.execute(TestCaseExecutor.java:285)
	at com.kms.katalon.core.main.TestCaseExecutor.execute(TestCaseExecutor.java:369)
	at com.kms.katalon.core.main.TestCaseExecutor.execute(TestCaseExecutor.java:369)
	at com.kms.katalon.core.main.TestCaseExecutor.execute(TestCaseExecutor.java:369)
	at com.kms.katalon.core.common.CommonExecutor.accessTestCaseMainPhase(CommonExecutor.java:65)
	at com.kms.katalon.core.main.TestSuiteExecutor.accessTestSuiteMainPhase(TestSuiteExecutor.java:144)
	at com.kms.katalon.core.main.TestSuiteExecutor.execute(TestSuiteExecutor.java:106)
	at com.kms.katalon.core.main.TestCaseMain.startTestSuite(TestCaseMain.java:185)
	at com.kms.katalon.core.main.TestCaseMain$startTestSuite$0.call(Unknown Source)
	at TempTestSuite1692690957287.run(TempTestSuite1692690957287.groovy:36)
Caused by: java.lang.ClassCastException: java.lang.Double cannot be cast to java.lang.Long
	at com.kms.katalon.core.webui.util.FileUtil.getScrollY(FileUtil.java:355)
	at com.kms.katalon.core.webui.util.FileUtil.takesScreenshot(FileUtil.java:68)
	at com.kms.katalon.core.webui.keyword.builtin.TakeScreenshotKeyword$_takeScreenshot_closure1.doCall(TakeScreenshotKeyword.groovy:127)
	at com.kms.katalon.core.webui.keyword.builtin.TakeScreenshotKeyword$_takeScreenshot_closure1.call(TakeScreenshotKeyword.groovy)
	at com.kms.katalon.core.webui.keyword.internal.WebUIKeywordMain.runKeyword(WebUIKeywordMain.groovy:20)
	at com.kms.katalon.core.webui.keyword.builtin.TakeScreenshotKeyword.takeScreenshot(TakeScreenshotKeyword.groovy:126)
	at com.kms.katalon.core.webui.keyword.builtin.TakeScreenshotKeyword.execute(TakeScreenshotKeyword.groovy:84)
	at com.kms.katalon.core.keyword.internal.KeywordExecutor.executeKeywordForPlatform(KeywordExecutor.groovy:74)
	at com.kms.katalon.core.webui.keyword.WebUiBuiltInKeywords.takeScreenshotAsCheckpoint(WebUiBuiltInKeywords.groovy:3093)
	at com.kms.katalon.core.webui.keyword.WebUiBuiltInKeywords$takeScreenshotAsCheckpoint$6.call(Unknown Source)
	at Script1687863239032.run(Script1687863239032.groovy:48)
	... 16 more
)]]></system-out>
         <system-err><![CDATA[2023-08-22 13:32:00 - [TEST_CASE][FAILED] - Test Cases/KDS/TC_13_Check_Create_New_Folder: Test Cases/KDS/TC_13_Check_Create_New_Folder FAILED.
Reason:
com.kms.katalon.core.exception.StepFailedException: Cannot take screenshot
	at com.kms.katalon.core.webui.keyword.internal.WebUIKeywordMain.stepFailed(WebUIKeywordMain.groovy:64)
	at com.kms.katalon.core.webui.keyword.internal.WebUIKeywordMain.runKeyword(WebUIKeywordMain.groovy:26)
	at com.kms.katalon.core.webui.keyword.builtin.TakeScreenshotKeyword.takeScreenshot(TakeScreenshotKeyword.groovy:126)
	at com.kms.katalon.core.webui.keyword.builtin.TakeScreenshotKeyword.execute(TakeScreenshotKeyword.groovy:84)
	at com.kms.katalon.core.keyword.internal.KeywordExecutor.executeKeywordForPlatform(KeywordExecutor.groovy:74)
	at com.kms.katalon.core.webui.keyword.WebUiBuiltInKeywords.takeScreenshotAsCheckpoint(WebUiBuiltInKeywords.groovy:3093)
	at com.kms.katalon.core.webui.keyword.WebUiBuiltInKeywords$takeScreenshotAsCheckpoint$6.call(Unknown Source)
	at TC_13_Check_Create_New_Folder.run(TC_13_Check_Create_New_Folder:48)
	at com.kms.katalon.core.main.ScriptEngine.run(ScriptEngine.java:194)
	at com.kms.katalon.core.main.ScriptEngine.runScriptAsRawText(ScriptEngine.java:119)
	at com.kms.katalon.core.main.TestCaseExecutor.runScript(TestCaseExecutor.java:448)
	at com.kms.katalon.core.main.TestCaseExecutor.doExecute(TestCaseExecutor.java:439)
	at com.kms.katalon.core.main.TestCaseExecutor.processExecutionPhase(TestCaseExecutor.java:418)
	at com.kms.katalon.core.main.TestCaseExecutor.accessMainPhase(TestCaseExecutor.java:410)
	at com.kms.katalon.core.main.TestCaseExecutor.execute(TestCaseExecutor.java:285)
	at com.kms.katalon.core.main.TestCaseExecutor.execute(TestCaseExecutor.java:369)
	at com.kms.katalon.core.main.TestCaseExecutor.execute(TestCaseExecutor.java:369)
	at com.kms.katalon.core.main.TestCaseExecutor.execute(TestCaseExecutor.java:369)
	at com.kms.katalon.core.common.CommonExecutor.accessTestCaseMainPhase(CommonExecutor.java:65)
	at com.kms.katalon.core.main.TestSuiteExecutor.accessTestSuiteMainPhase(TestSuiteExecutor.java:144)
	at com.kms.katalon.core.main.TestSuiteExecutor.execute(TestSuiteExecutor.java:106)
	at com.kms.katalon.core.main.TestCaseMain.startTestSuite(TestCaseMain.java:185)
	at com.kms.katalon.core.main.TestCaseMain$startTestSuite$0.call(Unknown Source)
	at TempTestSuite1692690957287.run(TempTestSuite1692690957287.groovy:36)
Caused by: java.lang.ClassCastException: java.lang.Double cannot be cast to java.lang.Long
	at com.kms.katalon.core.webui.util.FileUtil.getScrollY(FileUtil.java:355)
	at com.kms.katalon.core.webui.util.FileUtil.takesScreenshot(FileUtil.java:68)
	at com.kms.katalon.core.webui.keyword.builtin.TakeScreenshotKeyword$_takeScreenshot_closure1.doCall(TakeScreenshotKeyword.groovy:127)
	at com.kms.katalon.core.webui.keyword.builtin.TakeScreenshotKeyword$_takeScreenshot_closure1.call(TakeScreenshotKeyword.groovy)
	at com.kms.katalon.core.webui.keyword.internal.WebUIKeywordMain.runKeyword(WebUIKeywordMain.groovy:20)
	... 22 more]]></system-err>
      </testcase>
      <testcase name="Test Cases/KDS/TC_14_Check_Find_Store_Link_In_Header" time="16.179" classname="Test Cases/KDS/TC_14_Check_Find_Store_Link_In_Header" status="PASSED">
         <system-out><![CDATA[2023-08-22 13:32:36 - [TEST_CASE][PASSED] - Test Cases/KDS/TC_14_Check_Find_Store_Link_In_Header: Test Cases/KDS/TC_14_Check_Find_Store_Link_In_Header

2023-08-22 13:32:37 - [TEST_STEP][PASSED] - openBrowser(""): Browser is opened with url: ''

2023-08-22 13:32:37 - [MESSAGE][WARNING] - A browser is already opened. Closing browser and opening a new one

2023-08-22 13:32:37 - [MESSAGE][INFO] - Starting 'Firefox' driver

2023-08-22 13:32:37 - [MESSAGE][INFO] - Action delay is set to 0 milliseconds

2023-08-22 13:32:39 - [MESSAGE][PASSED] - Browser is opened with url: ''

2023-08-22 13:32:39 - [TEST_STEP][PASSED] - navigateToUrl("https://www.studiokohler.com/en-us/faqs"): Navigate to 'https://www.studiokohler.com/en-us/faqs' successfully

2023-08-22 13:32:45 - [MESSAGE][PASSED] - Navigate to 'https://www.studiokohler.com/en-us/faqs' successfully

2023-08-22 13:32:45 - [TEST_STEP][PASSED] - maximizeWindow(): Current window maximized

2023-08-22 13:32:45 - [MESSAGE][PASSED] - Current window maximized

2023-08-22 13:32:45 - [TEST_STEP][PASSED] - click(findTestObject("Object Repository/KSD/Page_Product FAQs/Page_Product FAQs/button_Accept All Cookies")): Object: 'Object Repository/KSD/Page_Product FAQs/Page_Product FAQs/button_Accept All Cookies' is clicked on

2023-08-22 13:32:46 - [MESSAGE][PASSED] - Object: 'Object Repository/KSD/Page_Product FAQs/Page_Product FAQs/button_Accept All Cookies' is clicked on

2023-08-22 13:32:46 - [TEST_STEP][PASSED] - click(findTestObject("Object Repository/KSD/Page_Product FAQs/Page_Product FAQs/i_OK_fal fa-map-marker-alt")): Object: 'Object Repository/KSD/Page_Product FAQs/Page_Product FAQs/i_OK_fal fa-map-marker-alt' is clicked on

2023-08-22 13:32:51 - [MESSAGE][PASSED] - Object: 'Object Repository/KSD/Page_Product FAQs/Page_Product FAQs/i_OK_fal fa-map-marker-alt' is clicked on

2023-08-22 13:32:51 - [TEST_STEP][PASSED] - verifyElementVisible(findTestObject("Object Repository/KSD/Page_Product FAQs/Page_Find a KOHLER Store  Studio KOHLER/p_Find a Kohler Experience Center or Kohler_9474eb")): Object 'Object Repository/KSD/Page_Product FAQs/Page_Find a KOHLER Store  Studio KOHLER/p_Find a Kohler Experience Center or Kohler_9474eb' is visible

2023-08-22 13:32:53 - [MESSAGE][PASSED] - Object 'Object Repository/KSD/Page_Product FAQs/Page_Find a KOHLER Store  Studio KOHLER/p_Find a Kohler Experience Center or Kohler_9474eb' is visible]]></system-out>
         <system-err><![CDATA[]]></system-err>
      </testcase>
      <testcase name="Test Cases/KDS/TC_15_Find_Store_Brazil_Location" time="19.044" classname="Test Cases/KDS/TC_15_Find_Store_Brazil_Location" status="PASSED">
         <system-out><![CDATA[2023-08-22 13:32:53 - [TEST_CASE][PASSED] - Test Cases/KDS/TC_15_Find_Store_Brazil_Location: Test Cases/KDS/TC_15_Find_Store_Brazil_Location

2023-08-22 13:32:53 - [TEST_STEP][PASSED] - callTestCase(findTestCase("KDS/TC_14_Check_Find_Store_Link_In_Header"), [:], STOP_ON_FAILURE): Call Test Case 'Test Cases/KDS/TC_14_Check_Find_Store_Link_In_Header' successfully

2023-08-22 13:32:53 - [TEST_CASE][PASSED] - Test Cases/KDS/TC_14_Check_Find_Store_Link_In_Header: Test Cases/KDS/TC_14_Check_Find_Store_Link_In_Header

2023-08-22 13:32:53 - [TEST_STEP][PASSED] - openBrowser(""): Browser is opened with url: ''

2023-08-22 13:32:53 - [MESSAGE][WARNING] - A browser is already opened. Closing browser and opening a new one

2023-08-22 13:32:54 - [MESSAGE][INFO] - Starting 'Firefox' driver

2023-08-22 13:32:54 - [MESSAGE][INFO] - Action delay is set to 0 milliseconds

2023-08-22 13:32:56 - [MESSAGE][PASSED] - Browser is opened with url: ''

2023-08-22 13:32:56 - [TEST_STEP][PASSED] - navigateToUrl("https://www.studiokohler.com/en-us/faqs"): Navigate to 'https://www.studiokohler.com/en-us/faqs' successfully

2023-08-22 13:33:01 - [MESSAGE][PASSED] - Navigate to 'https://www.studiokohler.com/en-us/faqs' successfully

2023-08-22 13:33:01 - [TEST_STEP][PASSED] - maximizeWindow(): Current window maximized

2023-08-22 13:33:01 - [MESSAGE][PASSED] - Current window maximized

2023-08-22 13:33:01 - [TEST_STEP][PASSED] - click(findTestObject("Object Repository/KSD/Page_Product FAQs/Page_Product FAQs/button_Accept All Cookies")): Object: 'Object Repository/KSD/Page_Product FAQs/Page_Product FAQs/button_Accept All Cookies' is clicked on

2023-08-22 13:33:03 - [MESSAGE][PASSED] - Object: 'Object Repository/KSD/Page_Product FAQs/Page_Product FAQs/button_Accept All Cookies' is clicked on

2023-08-22 13:33:03 - [TEST_STEP][PASSED] - click(findTestObject("Object Repository/KSD/Page_Product FAQs/Page_Product FAQs/i_OK_fal fa-map-marker-alt")): Object: 'Object Repository/KSD/Page_Product FAQs/Page_Product FAQs/i_OK_fal fa-map-marker-alt' is clicked on

2023-08-22 13:33:07 - [MESSAGE][PASSED] - Object: 'Object Repository/KSD/Page_Product FAQs/Page_Product FAQs/i_OK_fal fa-map-marker-alt' is clicked on

2023-08-22 13:33:07 - [TEST_STEP][PASSED] - verifyElementVisible(findTestObject("Object Repository/KSD/Page_Product FAQs/Page_Find a KOHLER Store  Studio KOHLER/p_Find a Kohler Experience Center or Kohler_9474eb")): Object 'Object Repository/KSD/Page_Product FAQs/Page_Find a KOHLER Store  Studio KOHLER/p_Find a Kohler Experience Center or Kohler_9474eb' is visible

2023-08-22 13:33:08 - [MESSAGE][PASSED] - Object 'Object Repository/KSD/Page_Product FAQs/Page_Find a KOHLER Store  Studio KOHLER/p_Find a Kohler Experience Center or Kohler_9474eb' is visible

2023-08-22 13:33:08 - [MESSAGE][PASSED] - Call Test Case 'Test Cases/KDS/TC_14_Check_Find_Store_Link_In_Header' successfully

2023-08-22 13:33:08 - [TEST_STEP][PASSED] - click(findTestObject("Object Repository/KSD/Page_Find a KOHLER Store  Studio KOHLER/a_BRAZIL")): Object: 'Object Repository/KSD/Page_Find a KOHLER Store  Studio KOHLER/a_BRAZIL' is clicked on

2023-08-22 13:33:09 - [MESSAGE][PASSED] - Object: 'Object Repository/KSD/Page_Find a KOHLER Store  Studio KOHLER/a_BRAZIL' is clicked on

2023-08-22 13:33:09 - [TEST_STEP][PASSED] - verifyElementVisible(findTestObject("Object Repository/KSD/Page_Find a KOHLER Store  Studio KOHLER/h1_All Stores")): Object 'Object Repository/KSD/Page_Find a KOHLER Store  Studio KOHLER/h1_All Stores' is visible

2023-08-22 13:33:10 - [MESSAGE][PASSED] - Object 'Object Repository/KSD/Page_Find a KOHLER Store  Studio KOHLER/h1_All Stores' is visible

2023-08-22 13:33:10 - [TEST_STEP][PASSED] - verifyElementVisible(findTestObject("Object Repository/KSD/Page_Find a KOHLER Store  Studio KOHLER/span_BRAZIL")): Object 'Object Repository/KSD/Page_Find a KOHLER Store  Studio KOHLER/span_BRAZIL' is visible

2023-08-22 13:33:10 - [MESSAGE][PASSED] - Object 'Object Repository/KSD/Page_Find a KOHLER Store  Studio KOHLER/span_BRAZIL' is visible

2023-08-22 13:33:10 - [TEST_STEP][PASSED] - takeScreenshotAsCheckpoint("Find a Store Brazil Location"): Taking screenshot successfully

2023-08-22 13:33:11 - [MESSAGE][INFO] - 0 hidden object(s)

2023-08-22 13:33:11 - [MESSAGE][PASSED] - Taking screenshot successfully
[[ATTACHMENT|keyes/keyes-Find a Store Brazil Location.png]]

2023-08-22 13:33:11 - [TEST_STEP][PASSED] - closeBrowser(): Browser is closed

2023-08-22 13:33:12 - [MESSAGE][PASSED] - Browser is closed]]></system-out>
         <system-err><![CDATA[]]></system-err>
      </testcase>
      <testcase name="Test Cases/KDS/TC_16_Find_Store_CANADA_Location" time="19.161" classname="Test Cases/KDS/TC_16_Find_Store_CANADA_Location" status="PASSED">
         <system-out><![CDATA[2023-08-22 13:33:12 - [TEST_CASE][PASSED] - Test Cases/KDS/TC_16_Find_Store_CANADA_Location: Test Cases/KDS/TC_16_Find_Store_CANADA_Location

2023-08-22 13:33:12 - [TEST_STEP][PASSED] - openBrowser(""): Browser is opened with url: ''

2023-08-22 13:33:12 - [MESSAGE][INFO] - Starting 'Firefox' driver

2023-08-22 13:33:12 - [MESSAGE][INFO] - Action delay is set to 0 milliseconds

2023-08-22 13:33:14 - [MESSAGE][PASSED] - Browser is opened with url: ''

2023-08-22 13:33:14 - [TEST_STEP][PASSED] - navigateToUrl("https://www.studiokohler.com/en-us/faqs"): Navigate to 'https://www.studiokohler.com/en-us/faqs' successfully

2023-08-22 13:33:19 - [MESSAGE][PASSED] - Navigate to 'https://www.studiokohler.com/en-us/faqs' successfully

2023-08-22 13:33:19 - [TEST_STEP][PASSED] - maximizeWindow(): Current window maximized

2023-08-22 13:33:20 - [MESSAGE][PASSED] - Current window maximized

2023-08-22 13:33:20 - [TEST_STEP][PASSED] - click(findTestObject("Object Repository/KSD/Page_Find a KOHLER Store  Studio KOHLER/Page_Product FAQs/button_Accept All Cookies")): Object: 'Object Repository/KSD/Page_Find a KOHLER Store  Studio KOHLER/Page_Product FAQs/button_Accept All Cookies' is clicked on

2023-08-22 13:33:22 - [MESSAGE][PASSED] - Object: 'Object Repository/KSD/Page_Find a KOHLER Store  Studio KOHLER/Page_Product FAQs/button_Accept All Cookies' is clicked on

2023-08-22 13:33:22 - [TEST_STEP][PASSED] - click(findTestObject("Object Repository/KSD/Page_Find a KOHLER Store  Studio KOHLER/Page_Product FAQs/i_OK_fal fa-map-marker-alt")): Object: 'Object Repository/KSD/Page_Find a KOHLER Store  Studio KOHLER/Page_Product FAQs/i_OK_fal fa-map-marker-alt' is clicked on

2023-08-22 13:33:27 - [MESSAGE][PASSED] - Object: 'Object Repository/KSD/Page_Find a KOHLER Store  Studio KOHLER/Page_Product FAQs/i_OK_fal fa-map-marker-alt' is clicked on

2023-08-22 13:33:27 - [TEST_STEP][PASSED] - verifyElementVisible(findTestObject("Object Repository/KSD/Page_Find a KOHLER Store  Studio KOHLER/Page_Find a KOHLER Store  Studio KOHLER/h2_Select Store Location")): Object 'Object Repository/KSD/Page_Find a KOHLER Store  Studio KOHLER/Page_Find a KOHLER Store  Studio KOHLER/h2_Select Store Location' is visible

2023-08-22 13:33:28 - [MESSAGE][PASSED] - Object 'Object Repository/KSD/Page_Find a KOHLER Store  Studio KOHLER/Page_Find a KOHLER Store  Studio KOHLER/h2_Select Store Location' is visible

2023-08-22 13:33:28 - [TEST_STEP][PASSED] - click(findTestObject("Object Repository/KSD/Page_Find a KOHLER Store  Studio KOHLER/Page_Find a KOHLER Store  Studio KOHLER/a_CANADA")): Object: 'Object Repository/KSD/Page_Find a KOHLER Store  Studio KOHLER/Page_Find a KOHLER Store  Studio KOHLER/a_CANADA' is clicked on

2023-08-22 13:33:29 - [MESSAGE][PASSED] - Object: 'Object Repository/KSD/Page_Find a KOHLER Store  Studio KOHLER/Page_Find a KOHLER Store  Studio KOHLER/a_CANADA' is clicked on

2023-08-22 13:33:29 - [TEST_STEP][PASSED] - verifyElementVisible(findTestObject("Object Repository/KSD/Page_Find a KOHLER Store  Studio KOHLER/Page_Find a KOHLER Store  Studio KOHLER/h1_All Stores")): Object 'Object Repository/KSD/Page_Find a KOHLER Store  Studio KOHLER/Page_Find a KOHLER Store  Studio KOHLER/h1_All Stores' is visible

2023-08-22 13:33:29 - [MESSAGE][PASSED] - Object 'Object Repository/KSD/Page_Find a KOHLER Store  Studio KOHLER/Page_Find a KOHLER Store  Studio KOHLER/h1_All Stores' is visible

2023-08-22 13:33:29 - [TEST_STEP][PASSED] - verifyElementVisible(findTestObject("Object Repository/KSD/Page_Find a KOHLER Store  Studio KOHLER/Page_Find a KOHLER Store  Studio KOHLER/span_CANADA")): Object 'Object Repository/KSD/Page_Find a KOHLER Store  Studio KOHLER/Page_Find a KOHLER Store  Studio KOHLER/span_CANADA' is visible

2023-08-22 13:33:30 - [MESSAGE][PASSED] - Object 'Object Repository/KSD/Page_Find a KOHLER Store  Studio KOHLER/Page_Find a KOHLER Store  Studio KOHLER/span_CANADA' is visible

2023-08-22 13:33:30 - [TEST_STEP][PASSED] - takeScreenshotAsCheckpoint("Find a Store Canada Location"): Taking screenshot successfully

2023-08-22 13:33:30 - [MESSAGE][INFO] - 0 hidden object(s)

2023-08-22 13:33:30 - [MESSAGE][PASSED] - Taking screenshot successfully
[[ATTACHMENT|keyes/keyes-Find a Store Canada Location.png]]

2023-08-22 13:33:30 - [TEST_STEP][PASSED] - closeBrowser(): Browser is closed

2023-08-22 13:33:31 - [MESSAGE][PASSED] - Browser is closed]]></system-out>
         <system-err><![CDATA[]]></system-err>
      </testcase>
      <testcase name="Test Cases/KDS/TC_17_Find_Store_SINGAPORE_Location" time="17.036" classname="Test Cases/KDS/TC_17_Find_Store_SINGAPORE_Location" status="PASSED">
         <system-out><![CDATA[2023-08-22 13:33:31 - [TEST_CASE][PASSED] - Test Cases/KDS/TC_17_Find_Store_SINGAPORE_Location: Test Cases/KDS/TC_17_Find_Store_SINGAPORE_Location

2023-08-22 13:33:31 - [TEST_STEP][PASSED] - openBrowser(""): Browser is opened with url: ''

2023-08-22 13:33:31 - [MESSAGE][INFO] - Starting 'Firefox' driver

2023-08-22 13:33:31 - [MESSAGE][INFO] - Action delay is set to 0 milliseconds

2023-08-22 13:33:33 - [MESSAGE][PASSED] - Browser is opened with url: ''

2023-08-22 13:33:33 - [TEST_STEP][PASSED] - navigateToUrl("https://www.studiokohler.com/en-us/faqs"): Navigate to 'https://www.studiokohler.com/en-us/faqs' successfully

2023-08-22 13:33:39 - [MESSAGE][PASSED] - Navigate to 'https://www.studiokohler.com/en-us/faqs' successfully

2023-08-22 13:33:39 - [TEST_STEP][PASSED] - maximizeWindow(): Current window maximized

2023-08-22 13:33:39 - [MESSAGE][PASSED] - Current window maximized

2023-08-22 13:33:39 - [TEST_STEP][PASSED] - click(findTestObject("Object Repository/KSD/Page_Product FAQs/button_Accept All Cookies")): Object: 'Object Repository/KSD/Page_Product FAQs/button_Accept All Cookies' is clicked on

2023-08-22 13:33:40 - [MESSAGE][PASSED] - Object: 'Object Repository/KSD/Page_Product FAQs/button_Accept All Cookies' is clicked on

2023-08-22 13:33:40 - [TEST_STEP][PASSED] - click(findTestObject("Object Repository/KSD/Page_Product FAQs/i_OK_fal fa-map-marker-alt")): Object: 'Object Repository/KSD/Page_Product FAQs/i_OK_fal fa-map-marker-alt' is clicked on

2023-08-22 13:33:44 - [MESSAGE][PASSED] - Object: 'Object Repository/KSD/Page_Product FAQs/i_OK_fal fa-map-marker-alt' is clicked on

2023-08-22 13:33:44 - [TEST_STEP][PASSED] - click(findTestObject("Object Repository/KSD/Page_Find a KOHLER Store  Studio KOHLER/a_SINGAPORE")): Object: 'Object Repository/KSD/Page_Find a KOHLER Store  Studio KOHLER/a_SINGAPORE' is clicked on

2023-08-22 13:33:46 - [MESSAGE][PASSED] - Object: 'Object Repository/KSD/Page_Find a KOHLER Store  Studio KOHLER/a_SINGAPORE' is clicked on

2023-08-22 13:33:46 - [TEST_STEP][PASSED] - verifyElementVisible(findTestObject("Object Repository/KSD/Page_Find a KOHLER Store  Studio KOHLER/span_SINGAPORE")): Object 'Object Repository/KSD/Page_Find a KOHLER Store  Studio KOHLER/span_SINGAPORE' is visible

2023-08-22 13:33:47 - [MESSAGE][PASSED] - Object 'Object Repository/KSD/Page_Find a KOHLER Store  Studio KOHLER/span_SINGAPORE' is visible

2023-08-22 13:33:47 - [TEST_STEP][PASSED] - takeScreenshotAsCheckpoint("Find a Store Singapore Location"): Taking screenshot successfully

2023-08-22 13:33:47 - [MESSAGE][INFO] - 0 hidden object(s)

2023-08-22 13:33:47 - [MESSAGE][PASSED] - Taking screenshot successfully
[[ATTACHMENT|keyes/keyes-Find a Store Singapore Location.png]]

2023-08-22 13:33:47 - [TEST_STEP][PASSED] - closeBrowser(): Browser is closed

2023-08-22 13:33:48 - [MESSAGE][PASSED] - Browser is closed]]></system-out>
         <system-err><![CDATA[]]></system-err>
      </testcase>
      <testcase name="Test Cases/KDS/TC_18_Find_Store_CHINA_Location" time="17.834" classname="Test Cases/KDS/TC_18_Find_Store_CHINA_Location" status="PASSED">
         <system-out><![CDATA[2023-08-22 13:33:48 - [TEST_CASE][PASSED] - Test Cases/KDS/TC_18_Find_Store_CHINA_Location: Test Cases/KDS/TC_18_Find_Store_CHINA_Location

2023-08-22 13:33:48 - [TEST_STEP][PASSED] - openBrowser(""): Browser is opened with url: ''

2023-08-22 13:33:48 - [MESSAGE][INFO] - Starting 'Firefox' driver

2023-08-22 13:33:48 - [MESSAGE][INFO] - Action delay is set to 0 milliseconds

2023-08-22 13:33:50 - [MESSAGE][PASSED] - Browser is opened with url: ''

2023-08-22 13:33:50 - [TEST_STEP][PASSED] - navigateToUrl("https://www.studiokohler.com/en-us/faqs"): Navigate to 'https://www.studiokohler.com/en-us/faqs' successfully

2023-08-22 13:33:55 - [MESSAGE][PASSED] - Navigate to 'https://www.studiokohler.com/en-us/faqs' successfully

2023-08-22 13:33:55 - [TEST_STEP][PASSED] - maximizeWindow(): Current window maximized

2023-08-22 13:33:56 - [MESSAGE][PASSED] - Current window maximized

2023-08-22 13:33:56 - [TEST_STEP][PASSED] - click(findTestObject("Object Repository/KSD/Page_Product FAQs/button_Accept All Cookies")): Object: 'Object Repository/KSD/Page_Product FAQs/button_Accept All Cookies' is clicked on

2023-08-22 13:33:57 - [MESSAGE][PASSED] - Object: 'Object Repository/KSD/Page_Product FAQs/button_Accept All Cookies' is clicked on

2023-08-22 13:33:57 - [TEST_STEP][PASSED] - click(findTestObject("Object Repository/KSD/Page_Product FAQs/i_OK_fal fa-map-marker-alt")): Object: 'Object Repository/KSD/Page_Product FAQs/i_OK_fal fa-map-marker-alt' is clicked on

2023-08-22 13:34:02 - [MESSAGE][PASSED] - Object: 'Object Repository/KSD/Page_Product FAQs/i_OK_fal fa-map-marker-alt' is clicked on

2023-08-22 13:34:02 - [TEST_STEP][PASSED] - click(findTestObject("Object Repository/KSD/Page_Find a KOHLER Store  Studio KOHLER/a_CHINA")): Object: 'Object Repository/KSD/Page_Find a KOHLER Store  Studio KOHLER/a_CHINA' is clicked on

2023-08-22 13:34:03 - [MESSAGE][PASSED] - Object: 'Object Repository/KSD/Page_Find a KOHLER Store  Studio KOHLER/a_CHINA' is clicked on

2023-08-22 13:34:03 - [TEST_STEP][PASSED] - verifyElementVisible(findTestObject("Object Repository/KSD/Page_Find a KOHLER Store  Studio KOHLER/span_CHINA")): Object 'Object Repository/KSD/Page_Find a KOHLER Store  Studio KOHLER/span_CHINA' is visible

2023-08-22 13:34:05 - [MESSAGE][PASSED] - Object 'Object Repository/KSD/Page_Find a KOHLER Store  Studio KOHLER/span_CHINA' is visible

2023-08-22 13:34:05 - [TEST_STEP][PASSED] - takeScreenshotAsCheckpoint("Find a Store China Location"): Taking screenshot successfully

2023-08-22 13:34:05 - [MESSAGE][INFO] - 0 hidden object(s)

2023-08-22 13:34:05 - [MESSAGE][PASSED] - Taking screenshot successfully
[[ATTACHMENT|keyes/keyes-Find a Store China Location.png]]

2023-08-22 13:34:05 - [TEST_STEP][PASSED] - closeBrowser(): Browser is closed

2023-08-22 13:34:06 - [MESSAGE][PASSED] - Browser is closed]]></system-out>
         <system-err><![CDATA[]]></system-err>
      </testcase>
      <testcase name="Test Cases/KDS/TC_19_Find_Store_INDIA_Location" time="17.68" classname="Test Cases/KDS/TC_19_Find_Store_INDIA_Location" status="PASSED">
         <system-out><![CDATA[2023-08-22 13:34:06 - [TEST_CASE][PASSED] - Test Cases/KDS/TC_19_Find_Store_INDIA_Location: Test Cases/KDS/TC_19_Find_Store_INDIA_Location

2023-08-22 13:34:06 - [TEST_STEP][PASSED] - openBrowser(""): Browser is opened with url: ''

2023-08-22 13:34:06 - [MESSAGE][INFO] - Starting 'Firefox' driver

2023-08-22 13:34:06 - [MESSAGE][INFO] - Action delay is set to 0 milliseconds

2023-08-22 13:34:08 - [MESSAGE][PASSED] - Browser is opened with url: ''

2023-08-22 13:34:08 - [TEST_STEP][PASSED] - navigateToUrl("https://www.studiokohler.com/en-us/faqs"): Navigate to 'https://www.studiokohler.com/en-us/faqs' successfully

2023-08-22 13:34:13 - [MESSAGE][PASSED] - Navigate to 'https://www.studiokohler.com/en-us/faqs' successfully

2023-08-22 13:34:13 - [TEST_STEP][PASSED] - maximizeWindow(): Current window maximized

2023-08-22 13:34:14 - [MESSAGE][PASSED] - Current window maximized

2023-08-22 13:34:14 - [TEST_STEP][PASSED] - click(findTestObject("Object Repository/KSD/Page_Product FAQs/button_Accept All Cookies")): Object: 'Object Repository/KSD/Page_Product FAQs/button_Accept All Cookies' is clicked on

2023-08-22 13:34:15 - [MESSAGE][PASSED] - Object: 'Object Repository/KSD/Page_Product FAQs/button_Accept All Cookies' is clicked on

2023-08-22 13:34:15 - [TEST_STEP][PASSED] - click(findTestObject("Object Repository/KSD/Page_Product FAQs/i_OK_fal fa-map-marker-alt")): Object: 'Object Repository/KSD/Page_Product FAQs/i_OK_fal fa-map-marker-alt' is clicked on

2023-08-22 13:34:21 - [MESSAGE][PASSED] - Object: 'Object Repository/KSD/Page_Product FAQs/i_OK_fal fa-map-marker-alt' is clicked on

2023-08-22 13:34:21 - [TEST_STEP][PASSED] - click(findTestObject("Object Repository/KSD/Page_Find a KOHLER Store  Studio KOHLER/a_INDIA")): Object: 'Object Repository/KSD/Page_Find a KOHLER Store  Studio KOHLER/a_INDIA' is clicked on

2023-08-22 13:34:22 - [MESSAGE][PASSED] - Object: 'Object Repository/KSD/Page_Find a KOHLER Store  Studio KOHLER/a_INDIA' is clicked on

2023-08-22 13:34:22 - [TEST_STEP][PASSED] - verifyElementVisible(findTestObject("Object Repository/KSD/Page_Find a KOHLER Store  Studio KOHLER/span_INDIA")): Object 'Object Repository/KSD/Page_Find a KOHLER Store  Studio KOHLER/span_INDIA' is visible

2023-08-22 13:34:23 - [MESSAGE][PASSED] - Object 'Object Repository/KSD/Page_Find a KOHLER Store  Studio KOHLER/span_INDIA' is visible

2023-08-22 13:34:23 - [TEST_STEP][PASSED] - takeScreenshotAsCheckpoint("Find a Store india Location"): Taking screenshot successfully

2023-08-22 13:34:23 - [MESSAGE][INFO] - 0 hidden object(s)

2023-08-22 13:34:23 - [MESSAGE][PASSED] - Taking screenshot successfully
[[ATTACHMENT|keyes/keyes-Find a Store india Location.png]]]]></system-out>
         <system-err><![CDATA[]]></system-err>
      </testcase>
      <testcase name="Test Cases/KDS/TC_20_Find_Store_PANAMA_Location" time="17.936" classname="Test Cases/KDS/TC_20_Find_Store_PANAMA_Location" status="PASSED">
         <system-out><![CDATA[2023-08-22 13:34:23 - [TEST_CASE][PASSED] - Test Cases/KDS/TC_20_Find_Store_PANAMA_Location: Test Cases/KDS/TC_20_Find_Store_PANAMA_Location

2023-08-22 13:34:24 - [TEST_STEP][PASSED] - openBrowser(""): Browser is opened with url: ''

2023-08-22 13:34:24 - [MESSAGE][WARNING] - A browser is already opened. Closing browser and opening a new one

2023-08-22 13:34:24 - [MESSAGE][INFO] - Starting 'Firefox' driver

2023-08-22 13:34:24 - [MESSAGE][INFO] - Action delay is set to 0 milliseconds

2023-08-22 13:34:26 - [MESSAGE][PASSED] - Browser is opened with url: ''

2023-08-22 13:34:26 - [TEST_STEP][PASSED] - navigateToUrl("https://www.studiokohler.com/en-us/faqs"): Navigate to 'https://www.studiokohler.com/en-us/faqs' successfully

2023-08-22 13:34:32 - [MESSAGE][PASSED] - Navigate to 'https://www.studiokohler.com/en-us/faqs' successfully

2023-08-22 13:34:32 - [TEST_STEP][PASSED] - maximizeWindow(): Current window maximized

2023-08-22 13:34:32 - [MESSAGE][PASSED] - Current window maximized

2023-08-22 13:34:32 - [TEST_STEP][PASSED] - click(findTestObject("Object Repository/KSD/Page_Product FAQs/button_Accept All Cookies")): Object: 'Object Repository/KSD/Page_Product FAQs/button_Accept All Cookies' is clicked on

2023-08-22 13:34:34 - [MESSAGE][PASSED] - Object: 'Object Repository/KSD/Page_Product FAQs/button_Accept All Cookies' is clicked on

2023-08-22 13:34:34 - [TEST_STEP][PASSED] - click(findTestObject("Object Repository/KSD/Page_Product FAQs/i_OK_fal fa-map-marker-alt")): Object: 'Object Repository/KSD/Page_Product FAQs/i_OK_fal fa-map-marker-alt' is clicked on

2023-08-22 13:34:38 - [MESSAGE][PASSED] - Object: 'Object Repository/KSD/Page_Product FAQs/i_OK_fal fa-map-marker-alt' is clicked on

2023-08-22 13:34:38 - [TEST_STEP][PASSED] - click(findTestObject("Object Repository/KSD/Page_Find a KOHLER Store  Studio KOHLER/a_PANAMA")): Object: 'Object Repository/KSD/Page_Find a KOHLER Store  Studio KOHLER/a_PANAMA' is clicked on

2023-08-22 13:34:40 - [MESSAGE][PASSED] - Object: 'Object Repository/KSD/Page_Find a KOHLER Store  Studio KOHLER/a_PANAMA' is clicked on

2023-08-22 13:34:40 - [TEST_STEP][PASSED] - verifyElementVisible(findTestObject("Object Repository/KSD/Page_Find a KOHLER Store  Studio KOHLER/span_PANAMA")): Object 'Object Repository/KSD/Page_Find a KOHLER Store  Studio KOHLER/span_PANAMA' is visible

2023-08-22 13:34:41 - [MESSAGE][PASSED] - Object 'Object Repository/KSD/Page_Find a KOHLER Store  Studio KOHLER/span_PANAMA' is visible

2023-08-22 13:34:41 - [TEST_STEP][PASSED] - takeScreenshotAsCheckpoint("Find a store Panama Location"): Taking screenshot successfully

2023-08-22 13:34:41 - [MESSAGE][INFO] - 0 hidden object(s)

2023-08-22 13:34:41 - [MESSAGE][PASSED] - Taking screenshot successfully
[[ATTACHMENT|keyes/keyes-Find a store Panama Location.png]]]]></system-out>
         <system-err><![CDATA[]]></system-err>
      </testcase>
      <testcase name="Test Cases/KDS/TC_21_Find_Store_TAIWAN_Location" time="17.847" classname="Test Cases/KDS/TC_21_Find_Store_TAIWAN_Location" status="PASSED">
         <system-out><![CDATA[2023-08-22 13:34:41 - [TEST_CASE][PASSED] - Test Cases/KDS/TC_21_Find_Store_TAIWAN_Location: Test Cases/KDS/TC_21_Find_Store_TAIWAN_Location

2023-08-22 13:34:42 - [TEST_STEP][PASSED] - openBrowser(""): Browser is opened with url: ''

2023-08-22 13:34:42 - [MESSAGE][WARNING] - A browser is already opened. Closing browser and opening a new one

2023-08-22 13:34:42 - [MESSAGE][INFO] - Starting 'Firefox' driver

2023-08-22 13:34:42 - [MESSAGE][INFO] - Action delay is set to 0 milliseconds

2023-08-22 13:34:45 - [MESSAGE][PASSED] - Browser is opened with url: ''

2023-08-22 13:34:45 - [TEST_STEP][PASSED] - navigateToUrl("https://www.studiokohler.com/en-us/faqs"): Navigate to 'https://www.studiokohler.com/en-us/faqs' successfully

2023-08-22 13:34:51 - [MESSAGE][PASSED] - Navigate to 'https://www.studiokohler.com/en-us/faqs' successfully

2023-08-22 13:34:51 - [TEST_STEP][PASSED] - maximizeWindow(): Current window maximized

2023-08-22 13:34:51 - [MESSAGE][PASSED] - Current window maximized

2023-08-22 13:34:51 - [TEST_STEP][PASSED] - click(findTestObject("Object Repository/KSD/Page_Product FAQs/button_Accept All Cookies")): Object: 'Object Repository/KSD/Page_Product FAQs/button_Accept All Cookies' is clicked on

2023-08-22 13:34:52 - [MESSAGE][PASSED] - Object: 'Object Repository/KSD/Page_Product FAQs/button_Accept All Cookies' is clicked on

2023-08-22 13:34:52 - [TEST_STEP][PASSED] - click(findTestObject("Object Repository/KSD/Page_Product FAQs/i_OK_fal fa-map-marker-alt")): Object: 'Object Repository/KSD/Page_Product FAQs/i_OK_fal fa-map-marker-alt' is clicked on

2023-08-22 13:34:57 - [MESSAGE][PASSED] - Object: 'Object Repository/KSD/Page_Product FAQs/i_OK_fal fa-map-marker-alt' is clicked on

2023-08-22 13:34:57 - [TEST_STEP][PASSED] - click(findTestObject("Object Repository/KSD/Page_Find a KOHLER Store  Studio KOHLER/a_TAIWAN")): Object: 'Object Repository/KSD/Page_Find a KOHLER Store  Studio KOHLER/a_TAIWAN' is clicked on

2023-08-22 13:34:58 - [MESSAGE][PASSED] - Object: 'Object Repository/KSD/Page_Find a KOHLER Store  Studio KOHLER/a_TAIWAN' is clicked on

2023-08-22 13:34:58 - [TEST_STEP][PASSED] - verifyElementVisible(findTestObject("Object Repository/KSD/Page_Find a KOHLER Store  Studio KOHLER/span_TAIWAN")): Object 'Object Repository/KSD/Page_Find a KOHLER Store  Studio KOHLER/span_TAIWAN' is visible

2023-08-22 13:34:59 - [MESSAGE][PASSED] - Object 'Object Repository/KSD/Page_Find a KOHLER Store  Studio KOHLER/span_TAIWAN' is visible]]></system-out>
         <system-err><![CDATA[]]></system-err>
      </testcase>
      <testcase name="Test Cases/KDS/TC_22_Find_Store_THAILAND_Location" time="26.706" classname="Test Cases/KDS/TC_22_Find_Store_THAILAND_Location" status="FAILED">
         <failure type="FAILED" message="Test Cases/KDS/TC_22_Find_Store_THAILAND_Location FAILED.
Reason:
com.kms.katalon.core.exception.StepFailedException: Unable to verify object 'Object Repository/KSD/Page_Find a KOHLER Store  Studio KOHLER/span_THAILAND' is visible
	at com.kms.katalon.core.webui.keyword.internal.WebUIKeywordMain.stepFailed(WebUIKeywordMain.groovy:64)
	at com.kms.katalon.core.webui.keyword.internal.WebUIKeywordMain.runKeyword(WebUIKeywordMain.groovy:26)
	at com.kms.katalon.core.webui.keyword.builtin.VerifyElementVisibleKeyword.verifyElementVisible(VerifyElementVisibleKeyword.groovy:97)
	at com.kms.katalon.core.webui.keyword.builtin.VerifyElementVisibleKeyword.execute(VerifyElementVisibleKeyword.groovy:67)
	at com.kms.katalon.core.keyword.internal.KeywordExecutor.executeKeywordForPlatform(KeywordExecutor.groovy:74)
	at com.kms.katalon.core.webui.keyword.WebUiBuiltInKeywords.verifyElementVisible(WebUiBuiltInKeywords.groovy:376)
	at com.kms.katalon.core.webui.keyword.WebUiBuiltInKeywords$verifyElementVisible$5.call(Unknown Source)
	at TC_22_Find_Store_THAILAND_Location.run(TC_22_Find_Store_THAILAND_Location:32)
	at com.kms.katalon.core.main.ScriptEngine.run(ScriptEngine.java:194)
	at com.kms.katalon.core.main.ScriptEngine.runScriptAsRawText(ScriptEngine.java:119)
	at com.kms.katalon.core.main.TestCaseExecutor.runScript(TestCaseExecutor.java:448)
	at com.kms.katalon.core.main.TestCaseExecutor.doExecute(TestCaseExecutor.java:439)
	at com.kms.katalon.core.main.TestCaseExecutor.processExecutionPhase(TestCaseExecutor.java:418)
	at com.kms.katalon.core.main.TestCaseExecutor.accessMainPhase(TestCaseExecutor.java:410)
	at com.kms.katalon.core.main.TestCaseExecutor.execute(TestCaseExecutor.java:285)
	at com.kms.katalon.core.main.TestCaseExecutor.execute(TestCaseExecutor.java:369)
	at com.kms.katalon.core.main.TestCaseExecutor.execute(TestCaseExecutor.java:369)
	at com.kms.katalon.core.main.TestCaseExecutor.execute(TestCaseExecutor.java:369)
	at com.kms.katalon.core.common.CommonExecutor.accessTestCaseMainPhase(CommonExecutor.java:65)
	at com.kms.katalon.core.main.TestSuiteExecutor.accessTestSuiteMainPhase(TestSuiteExecutor.java:144)
	at com.kms.katalon.core.main.TestSuiteExecutor.execute(TestSuiteExecutor.java:106)
	at com.kms.katalon.core.main.TestCaseMain.startTestSuite(TestCaseMain.java:185)
	at com.kms.katalon.core.main.TestCaseMain$startTestSuite$0.call(Unknown Source)
	at TempTestSuite1692690957287.run(TempTestSuite1692690957287.groovy:36)
Caused by: com.kms.katalon.core.exception.StepFailedException: Object 'Object Repository/KSD/Page_Find a KOHLER Store  Studio KOHLER/span_THAILAND' is NOT visible
	at com.kms.katalon.core.webui.keyword.internal.WebUIKeywordMain.stepFailed(WebUIKeywordMain.groovy:64)
	at com.kms.katalon.core.webui.keyword.builtin.VerifyElementVisibleKeyword$_verifyElementVisible_closure1.doCall(VerifyElementVisibleKeyword.groovy:83)
	at com.kms.katalon.core.webui.keyword.builtin.VerifyElementVisibleKeyword$_verifyElementVisible_closure1.call(VerifyElementVisibleKeyword.groovy)
	at com.kms.katalon.core.webui.keyword.internal.WebUIKeywordMain.runKeyword(WebUIKeywordMain.groovy:20)
	... 22 more
"/>
         <system-out><![CDATA[2023-08-22 13:35:50 - [TEST_CASE][FAILED] - Test Cases/KDS/TC_22_Find_Store_THAILAND_Location: Test Cases/KDS/TC_22_Find_Store_THAILAND_Location FAILED.
Reason:
com.kms.katalon.core.exception.StepFailedException: Unable to verify object 'Object Repository/KSD/Page_Find a KOHLER Store  Studio KOHLER/span_THAILAND' is visible
	at com.kms.katalon.core.webui.keyword.internal.WebUIKeywordMain.stepFailed(WebUIKeywordMain.groovy:64)
	at com.kms.katalon.core.webui.keyword.internal.WebUIKeywordMain.runKeyword(WebUIKeywordMain.groovy:26)
	at com.kms.katalon.core.webui.keyword.builtin.VerifyElementVisibleKeyword.verifyElementVisible(VerifyElementVisibleKeyword.groovy:97)
	at com.kms.katalon.core.webui.keyword.builtin.VerifyElementVisibleKeyword.execute(VerifyElementVisibleKeyword.groovy:67)
	at com.kms.katalon.core.keyword.internal.KeywordExecutor.executeKeywordForPlatform(KeywordExecutor.groovy:74)
	at com.kms.katalon.core.webui.keyword.WebUiBuiltInKeywords.verifyElementVisible(WebUiBuiltInKeywords.groovy:376)
	at com.kms.katalon.core.webui.keyword.WebUiBuiltInKeywords$verifyElementVisible$5.call(Unknown Source)
	at TC_22_Find_Store_THAILAND_Location.run(TC_22_Find_Store_THAILAND_Location:32)
	at com.kms.katalon.core.main.ScriptEngine.run(ScriptEngine.java:194)
	at com.kms.katalon.core.main.ScriptEngine.runScriptAsRawText(ScriptEngine.java:119)
	at com.kms.katalon.core.main.TestCaseExecutor.runScript(TestCaseExecutor.java:448)
	at com.kms.katalon.core.main.TestCaseExecutor.doExecute(TestCaseExecutor.java:439)
	at com.kms.katalon.core.main.TestCaseExecutor.processExecutionPhase(TestCaseExecutor.java:418)
	at com.kms.katalon.core.main.TestCaseExecutor.accessMainPhase(TestCaseExecutor.java:410)
	at com.kms.katalon.core.main.TestCaseExecutor.execute(TestCaseExecutor.java:285)
	at com.kms.katalon.core.main.TestCaseExecutor.execute(TestCaseExecutor.java:369)
	at com.kms.katalon.core.main.TestCaseExecutor.execute(TestCaseExecutor.java:369)
	at com.kms.katalon.core.main.TestCaseExecutor.execute(TestCaseExecutor.java:369)
	at com.kms.katalon.core.common.CommonExecutor.accessTestCaseMainPhase(CommonExecutor.java:65)
	at com.kms.katalon.core.main.TestSuiteExecutor.accessTestSuiteMainPhase(TestSuiteExecutor.java:144)
	at com.kms.katalon.core.main.TestSuiteExecutor.execute(TestSuiteExecutor.java:106)
	at com.kms.katalon.core.main.TestCaseMain.startTestSuite(TestCaseMain.java:185)
	at com.kms.katalon.core.main.TestCaseMain$startTestSuite$0.call(Unknown Source)
	at TempTestSuite1692690957287.run(TempTestSuite1692690957287.groovy:36)
Caused by: com.kms.katalon.core.exception.StepFailedException: Object 'Object Repository/KSD/Page_Find a KOHLER Store  Studio KOHLER/span_THAILAND' is NOT visible
	at com.kms.katalon.core.webui.keyword.internal.WebUIKeywordMain.stepFailed(WebUIKeywordMain.groovy:64)
	at com.kms.katalon.core.webui.keyword.builtin.VerifyElementVisibleKeyword$_verifyElementVisible_closure1.doCall(VerifyElementVisibleKeyword.groovy:83)
	at com.kms.katalon.core.webui.keyword.builtin.VerifyElementVisibleKeyword$_verifyElementVisible_closure1.call(VerifyElementVisibleKeyword.groovy)
	at com.kms.katalon.core.webui.keyword.internal.WebUIKeywordMain.runKeyword(WebUIKeywordMain.groovy:20)
	... 22 more


2023-08-22 13:35:50 - [TEST_STEP][PASSED] - openBrowser(""): Browser is opened with url: ''

2023-08-22 13:35:50 - [MESSAGE][WARNING] - A browser is already opened. Closing browser and opening a new one

2023-08-22 13:35:51 - [MESSAGE][INFO] - Starting 'Firefox' driver

2023-08-22 13:35:51 - [MESSAGE][INFO] - Action delay is set to 0 milliseconds

2023-08-22 13:35:53 - [MESSAGE][PASSED] - Browser is opened with url: ''

2023-08-22 13:35:53 - [TEST_STEP][PASSED] - navigateToUrl("https://www.studiokohler.com/en-us/faqs"): Navigate to 'https://www.studiokohler.com/en-us/faqs' successfully

2023-08-22 13:36:07 - [MESSAGE][PASSED] - Navigate to 'https://www.studiokohler.com/en-us/faqs' successfully

2023-08-22 13:36:07 - [TEST_STEP][PASSED] - maximizeWindow(): Current window maximized

2023-08-22 13:36:07 - [MESSAGE][PASSED] - Current window maximized

2023-08-22 13:36:07 - [TEST_STEP][PASSED] - click(findTestObject("Object Repository/KSD/Page_Product FAQs/button_Accept All Cookies")): Object: 'Object Repository/KSD/Page_Product FAQs/button_Accept All Cookies' is clicked on

2023-08-22 13:36:09 - [MESSAGE][PASSED] - Object: 'Object Repository/KSD/Page_Product FAQs/button_Accept All Cookies' is clicked on

2023-08-22 13:36:09 - [TEST_STEP][PASSED] - click(findTestObject("Object Repository/KSD/Page_Product FAQs/i_OK_fal fa-map-marker-alt")): Object: 'Object Repository/KSD/Page_Product FAQs/i_OK_fal fa-map-marker-alt' is clicked on

2023-08-22 13:36:15 - [MESSAGE][PASSED] - Object: 'Object Repository/KSD/Page_Product FAQs/i_OK_fal fa-map-marker-alt' is clicked on

2023-08-22 13:36:15 - [TEST_STEP][PASSED] - click(findTestObject("Object Repository/KSD/Page_Find a KOHLER Store  Studio KOHLER/li_THAILAND")): Object: 'Object Repository/KSD/Page_Find a KOHLER Store  Studio KOHLER/li_THAILAND' is clicked on

2023-08-22 13:36:16 - [MESSAGE][PASSED] - Object: 'Object Repository/KSD/Page_Find a KOHLER Store  Studio KOHLER/li_THAILAND' is clicked on

2023-08-22 13:36:16 - [TEST_STEP][FAILED] - verifyElementVisible(findTestObject("Object Repository/KSD/Page_Find a KOHLER Store  Studio KOHLER/span_THAILAND")): Unable to verify object 'Object Repository/KSD/Page_Find a KOHLER Store  Studio KOHLER/span_THAILAND' is visible (Root cause: com.kms.katalon.core.exception.StepFailedException: Unable to verify object 'Object Repository/KSD/Page_Find a KOHLER Store  Studio KOHLER/span_THAILAND' is visible
	at com.kms.katalon.core.webui.keyword.internal.WebUIKeywordMain.stepFailed(WebUIKeywordMain.groovy:64)
	at com.kms.katalon.core.webui.keyword.internal.WebUIKeywordMain.runKeyword(WebUIKeywordMain.groovy:26)
	at com.kms.katalon.core.webui.keyword.builtin.VerifyElementVisibleKeyword.verifyElementVisible(VerifyElementVisibleKeyword.groovy:97)
	at com.kms.katalon.core.webui.keyword.builtin.VerifyElementVisibleKeyword.execute(VerifyElementVisibleKeyword.groovy:67)
	at com.kms.katalon.core.keyword.internal.KeywordExecutor.executeKeywordForPlatform(KeywordExecutor.groovy:74)
	at com.kms.katalon.core.webui.keyword.WebUiBuiltInKeywords.verifyElementVisible(WebUiBuiltInKeywords.groovy:376)
	at com.kms.katalon.core.webui.keyword.WebUiBuiltInKeywords$verifyElementVisible$5.call(Unknown Source)
	at TC_22_Find_Store_THAILAND_Location.run(TC_22_Find_Store_THAILAND_Location:32)
	at com.kms.katalon.core.main.ScriptEngine.run(ScriptEngine.java:194)
	at com.kms.katalon.core.main.ScriptEngine.runScriptAsRawText(ScriptEngine.java:119)
	at com.kms.katalon.core.main.TestCaseExecutor.runScript(TestCaseExecutor.java:448)
	at com.kms.katalon.core.main.TestCaseExecutor.doExecute(TestCaseExecutor.java:439)
	at com.kms.katalon.core.main.TestCaseExecutor.processExecutionPhase(TestCaseExecutor.java:418)
	at com.kms.katalon.core.main.TestCaseExecutor.accessMainPhase(TestCaseExecutor.java:410)
	at com.kms.katalon.core.main.TestCaseExecutor.execute(TestCaseExecutor.java:285)
	at com.kms.katalon.core.main.TestCaseExecutor.execute(TestCaseExecutor.java:369)
	at com.kms.katalon.core.main.TestCaseExecutor.execute(TestCaseExecutor.java:369)
	at com.kms.katalon.core.main.TestCaseExecutor.execute(TestCaseExecutor.java:369)
	at com.kms.katalon.core.common.CommonExecutor.accessTestCaseMainPhase(CommonExecutor.java:65)
	at com.kms.katalon.core.main.TestSuiteExecutor.accessTestSuiteMainPhase(TestSuiteExecutor.java:144)
	at com.kms.katalon.core.main.TestSuiteExecutor.execute(TestSuiteExecutor.java:106)
	at com.kms.katalon.core.main.TestCaseMain.startTestSuite(TestCaseMain.java:185)
	at com.kms.katalon.core.main.TestCaseMain$startTestSuite$0.call(Unknown Source)
	at TempTestSuite1692690957287.run(TempTestSuite1692690957287.groovy:36)
Caused by: com.kms.katalon.core.exception.StepFailedException: Object 'Object Repository/KSD/Page_Find a KOHLER Store  Studio KOHLER/span_THAILAND' is NOT visible
	at com.kms.katalon.core.webui.keyword.internal.WebUIKeywordMain.stepFailed(WebUIKeywordMain.groovy:64)
	at com.kms.katalon.core.webui.keyword.builtin.VerifyElementVisibleKeyword$_verifyElementVisible_closure1.doCall(VerifyElementVisibleKeyword.groovy:83)
	at com.kms.katalon.core.webui.keyword.builtin.VerifyElementVisibleKeyword$_verifyElementVisible_closure1.call(VerifyElementVisibleKeyword.groovy)
	at com.kms.katalon.core.webui.keyword.internal.WebUIKeywordMain.runKeyword(WebUIKeywordMain.groovy:20)
	... 22 more
)

2023-08-22 13:36:16 - [MESSAGE][FAILED] - Object 'Object Repository/KSD/Page_Find a KOHLER Store  Studio KOHLER/span_THAILAND' is NOT visible (Root cause: com.kms.katalon.core.exception.StepFailedException: Object 'Object Repository/KSD/Page_Find a KOHLER Store  Studio KOHLER/span_THAILAND' is NOT visible
	at com.kms.katalon.core.webui.keyword.internal.WebUIKeywordMain.stepFailed(WebUIKeywordMain.groovy:64)
	at com.kms.katalon.core.webui.keyword.builtin.VerifyElementVisibleKeyword$_verifyElementVisible_closure1.doCall(VerifyElementVisibleKeyword.groovy:83)
	at com.kms.katalon.core.webui.keyword.builtin.VerifyElementVisibleKeyword$_verifyElementVisible_closure1.call(VerifyElementVisibleKeyword.groovy)
	at com.kms.katalon.core.webui.keyword.internal.WebUIKeywordMain.runKeyword(WebUIKeywordMain.groovy:20)
	at com.kms.katalon.core.webui.keyword.builtin.VerifyElementVisibleKeyword.verifyElementVisible(VerifyElementVisibleKeyword.groovy:97)
	at com.kms.katalon.core.webui.keyword.builtin.VerifyElementVisibleKeyword.execute(VerifyElementVisibleKeyword.groovy:67)
	at com.kms.katalon.core.keyword.internal.KeywordExecutor.executeKeywordForPlatform(KeywordExecutor.groovy:74)
	at com.kms.katalon.core.webui.keyword.WebUiBuiltInKeywords.verifyElementVisible(WebUiBuiltInKeywords.groovy:376)
	at com.kms.katalon.core.webui.keyword.WebUiBuiltInKeywords$verifyElementVisible$5.call(Unknown Source)
	at TC_22_Find_Store_THAILAND_Location.run(TC_22_Find_Store_THAILAND_Location:32)
	at com.kms.katalon.core.main.ScriptEngine.run(ScriptEngine.java:194)
	at com.kms.katalon.core.main.ScriptEngine.runScriptAsRawText(ScriptEngine.java:119)
	at com.kms.katalon.core.main.TestCaseExecutor.runScript(TestCaseExecutor.java:448)
	at com.kms.katalon.core.main.TestCaseExecutor.doExecute(TestCaseExecutor.java:439)
	at com.kms.katalon.core.main.TestCaseExecutor.processExecutionPhase(TestCaseExecutor.java:418)
	at com.kms.katalon.core.main.TestCaseExecutor.accessMainPhase(TestCaseExecutor.java:410)
	at com.kms.katalon.core.main.TestCaseExecutor.execute(TestCaseExecutor.java:285)
	at com.kms.katalon.core.main.TestCaseExecutor.execute(TestCaseExecutor.java:369)
	at com.kms.katalon.core.main.TestCaseExecutor.execute(TestCaseExecutor.java:369)
	at com.kms.katalon.core.main.TestCaseExecutor.execute(TestCaseExecutor.java:369)
	at com.kms.katalon.core.common.CommonExecutor.accessTestCaseMainPhase(CommonExecutor.java:65)
	at com.kms.katalon.core.main.TestSuiteExecutor.accessTestSuiteMainPhase(TestSuiteExecutor.java:144)
	at com.kms.katalon.core.main.TestSuiteExecutor.execute(TestSuiteExecutor.java:106)
	at com.kms.katalon.core.main.TestCaseMain.startTestSuite(TestCaseMain.java:185)
	at com.kms.katalon.core.main.TestCaseMain$startTestSuite$0.call(Unknown Source)
	at TempTestSuite1692690957287.run(TempTestSuite1692690957287.groovy:36)
)
[[ATTACHMENT|/Users/bhushan/git/katalon/Reports/20230822_132557/KDS_Test_Suite/20230822_132557/1692691576708.png]]

2023-08-22 13:36:17 - [MESSAGE][FAILED] - Unable to verify object 'Object Repository/KSD/Page_Find a KOHLER Store  Studio KOHLER/span_THAILAND' is visible (Root cause: com.kms.katalon.core.exception.StepFailedException: Unable to verify object 'Object Repository/KSD/Page_Find a KOHLER Store  Studio KOHLER/span_THAILAND' is visible
	at com.kms.katalon.core.webui.keyword.internal.WebUIKeywordMain.stepFailed(WebUIKeywordMain.groovy:64)
	at com.kms.katalon.core.webui.keyword.internal.WebUIKeywordMain.runKeyword(WebUIKeywordMain.groovy:26)
	at com.kms.katalon.core.webui.keyword.builtin.VerifyElementVisibleKeyword.verifyElementVisible(VerifyElementVisibleKeyword.groovy:97)
	at com.kms.katalon.core.webui.keyword.builtin.VerifyElementVisibleKeyword.execute(VerifyElementVisibleKeyword.groovy:67)
	at com.kms.katalon.core.keyword.internal.KeywordExecutor.executeKeywordForPlatform(KeywordExecutor.groovy:74)
	at com.kms.katalon.core.webui.keyword.WebUiBuiltInKeywords.verifyElementVisible(WebUiBuiltInKeywords.groovy:376)
	at com.kms.katalon.core.webui.keyword.WebUiBuiltInKeywords$verifyElementVisible$5.call(Unknown Source)
	at TC_22_Find_Store_THAILAND_Location.run(TC_22_Find_Store_THAILAND_Location:32)
	at com.kms.katalon.core.main.ScriptEngine.run(ScriptEngine.java:194)
	at com.kms.katalon.core.main.ScriptEngine.runScriptAsRawText(ScriptEngine.java:119)
	at com.kms.katalon.core.main.TestCaseExecutor.runScript(TestCaseExecutor.java:448)
	at com.kms.katalon.core.main.TestCaseExecutor.doExecute(TestCaseExecutor.java:439)
	at com.kms.katalon.core.main.TestCaseExecutor.processExecutionPhase(TestCaseExecutor.java:418)
	at com.kms.katalon.core.main.TestCaseExecutor.accessMainPhase(TestCaseExecutor.java:410)
	at com.kms.katalon.core.main.TestCaseExecutor.execute(TestCaseExecutor.java:285)
	at com.kms.katalon.core.main.TestCaseExecutor.execute(TestCaseExecutor.java:369)
	at com.kms.katalon.core.main.TestCaseExecutor.execute(TestCaseExecutor.java:369)
	at com.kms.katalon.core.main.TestCaseExecutor.execute(TestCaseExecutor.java:369)
	at com.kms.katalon.core.common.CommonExecutor.accessTestCaseMainPhase(CommonExecutor.java:65)
	at com.kms.katalon.core.main.TestSuiteExecutor.accessTestSuiteMainPhase(TestSuiteExecutor.java:144)
	at com.kms.katalon.core.main.TestSuiteExecutor.execute(TestSuiteExecutor.java:106)
	at com.kms.katalon.core.main.TestCaseMain.startTestSuite(TestCaseMain.java:185)
	at com.kms.katalon.core.main.TestCaseMain$startTestSuite$0.call(Unknown Source)
	at TempTestSuite1692690957287.run(TempTestSuite1692690957287.groovy:36)
Caused by: com.kms.katalon.core.exception.StepFailedException: Object 'Object Repository/KSD/Page_Find a KOHLER Store  Studio KOHLER/span_THAILAND' is NOT visible
	at com.kms.katalon.core.webui.keyword.internal.WebUIKeywordMain.stepFailed(WebUIKeywordMain.groovy:64)
	at com.kms.katalon.core.webui.keyword.builtin.VerifyElementVisibleKeyword$_verifyElementVisible_closure1.doCall(VerifyElementVisibleKeyword.groovy:83)
	at com.kms.katalon.core.webui.keyword.builtin.VerifyElementVisibleKeyword$_verifyElementVisible_closure1.call(VerifyElementVisibleKeyword.groovy)
	at com.kms.katalon.core.webui.keyword.internal.WebUIKeywordMain.runKeyword(WebUIKeywordMain.groovy:20)
	... 22 more
)
[[ATTACHMENT|/Users/bhushan/git/katalon/Reports/20230822_132557/KDS_Test_Suite/20230822_132557/1692691576921.png]]]]></system-out>
         <system-err><![CDATA[2023-08-22 13:35:50 - [TEST_CASE][FAILED] - Test Cases/KDS/TC_22_Find_Store_THAILAND_Location: Test Cases/KDS/TC_22_Find_Store_THAILAND_Location FAILED.
Reason:
com.kms.katalon.core.exception.StepFailedException: Unable to verify object 'Object Repository/KSD/Page_Find a KOHLER Store  Studio KOHLER/span_THAILAND' is visible
	at com.kms.katalon.core.webui.keyword.internal.WebUIKeywordMain.stepFailed(WebUIKeywordMain.groovy:64)
	at com.kms.katalon.core.webui.keyword.internal.WebUIKeywordMain.runKeyword(WebUIKeywordMain.groovy:26)
	at com.kms.katalon.core.webui.keyword.builtin.VerifyElementVisibleKeyword.verifyElementVisible(VerifyElementVisibleKeyword.groovy:97)
	at com.kms.katalon.core.webui.keyword.builtin.VerifyElementVisibleKeyword.execute(VerifyElementVisibleKeyword.groovy:67)
	at com.kms.katalon.core.keyword.internal.KeywordExecutor.executeKeywordForPlatform(KeywordExecutor.groovy:74)
	at com.kms.katalon.core.webui.keyword.WebUiBuiltInKeywords.verifyElementVisible(WebUiBuiltInKeywords.groovy:376)
	at com.kms.katalon.core.webui.keyword.WebUiBuiltInKeywords$verifyElementVisible$5.call(Unknown Source)
	at TC_22_Find_Store_THAILAND_Location.run(TC_22_Find_Store_THAILAND_Location:32)
	at com.kms.katalon.core.main.ScriptEngine.run(ScriptEngine.java:194)
	at com.kms.katalon.core.main.ScriptEngine.runScriptAsRawText(ScriptEngine.java:119)
	at com.kms.katalon.core.main.TestCaseExecutor.runScript(TestCaseExecutor.java:448)
	at com.kms.katalon.core.main.TestCaseExecutor.doExecute(TestCaseExecutor.java:439)
	at com.kms.katalon.core.main.TestCaseExecutor.processExecutionPhase(TestCaseExecutor.java:418)
	at com.kms.katalon.core.main.TestCaseExecutor.accessMainPhase(TestCaseExecutor.java:410)
	at com.kms.katalon.core.main.TestCaseExecutor.execute(TestCaseExecutor.java:285)
	at com.kms.katalon.core.main.TestCaseExecutor.execute(TestCaseExecutor.java:369)
	at com.kms.katalon.core.main.TestCaseExecutor.execute(TestCaseExecutor.java:369)
	at com.kms.katalon.core.main.TestCaseExecutor.execute(TestCaseExecutor.java:369)
	at com.kms.katalon.core.common.CommonExecutor.accessTestCaseMainPhase(CommonExecutor.java:65)
	at com.kms.katalon.core.main.TestSuiteExecutor.accessTestSuiteMainPhase(TestSuiteExecutor.java:144)
	at com.kms.katalon.core.main.TestSuiteExecutor.execute(TestSuiteExecutor.java:106)
	at com.kms.katalon.core.main.TestCaseMain.startTestSuite(TestCaseMain.java:185)
	at com.kms.katalon.core.main.TestCaseMain$startTestSuite$0.call(Unknown Source)
	at TempTestSuite1692690957287.run(TempTestSuite1692690957287.groovy:36)
Caused by: com.kms.katalon.core.exception.StepFailedException: Object 'Object Repository/KSD/Page_Find a KOHLER Store  Studio KOHLER/span_THAILAND' is NOT visible
	at com.kms.katalon.core.webui.keyword.internal.WebUIKeywordMain.stepFailed(WebUIKeywordMain.groovy:64)
	at com.kms.katalon.core.webui.keyword.builtin.VerifyElementVisibleKeyword$_verifyElementVisible_closure1.doCall(VerifyElementVisibleKeyword.groovy:83)
	at com.kms.katalon.core.webui.keyword.builtin.VerifyElementVisibleKeyword$_verifyElementVisible_closure1.call(VerifyElementVisibleKeyword.groovy)
	at com.kms.katalon.core.webui.keyword.internal.WebUIKeywordMain.runKeyword(WebUIKeywordMain.groovy:20)
	... 22 more]]></system-err>
      </testcase>
      <testcase name="Test Cases/KDS/TC_23_Find_Store_UNITED_KINGDOM_Location" time="18.164" classname="Test Cases/KDS/TC_23_Find_Store_UNITED_KINGDOM_Location" status="PASSED">
         <system-out><![CDATA[2023-08-22 13:36:17 - [TEST_CASE][PASSED] - Test Cases/KDS/TC_23_Find_Store_UNITED_KINGDOM_Location: Test Cases/KDS/TC_23_Find_Store_UNITED_KINGDOM_Location

2023-08-22 13:36:17 - [TEST_STEP][PASSED] - openBrowser(""): Browser is opened with url: ''

2023-08-22 13:36:17 - [MESSAGE][WARNING] - A browser is already opened. Closing browser and opening a new one

2023-08-22 13:36:17 - [MESSAGE][INFO] - Starting 'Firefox' driver

2023-08-22 13:36:17 - [MESSAGE][INFO] - Action delay is set to 0 milliseconds

2023-08-22 13:36:19 - [MESSAGE][PASSED] - Browser is opened with url: ''

2023-08-22 13:36:19 - [TEST_STEP][PASSED] - navigateToUrl("https://www.studiokohler.com/en-us/faqs"): Navigate to 'https://www.studiokohler.com/en-us/faqs' successfully

2023-08-22 13:36:25 - [MESSAGE][PASSED] - Navigate to 'https://www.studiokohler.com/en-us/faqs' successfully

2023-08-22 13:36:25 - [TEST_STEP][PASSED] - maximizeWindow(): Current window maximized

2023-08-22 13:36:26 - [MESSAGE][PASSED] - Current window maximized

2023-08-22 13:36:26 - [TEST_STEP][PASSED] - click(findTestObject("Object Repository/KSD/Page_Product FAQs/button_Accept All Cookies")): Object: 'Object Repository/KSD/Page_Product FAQs/button_Accept All Cookies' is clicked on

2023-08-22 13:36:27 - [MESSAGE][PASSED] - Object: 'Object Repository/KSD/Page_Product FAQs/button_Accept All Cookies' is clicked on

2023-08-22 13:36:27 - [TEST_STEP][PASSED] - click(findTestObject("Object Repository/KSD/Page_Product FAQs/i_OK_fal fa-map-marker-alt")): Object: 'Object Repository/KSD/Page_Product FAQs/i_OK_fal fa-map-marker-alt' is clicked on

2023-08-22 13:36:32 - [MESSAGE][PASSED] - Object: 'Object Repository/KSD/Page_Product FAQs/i_OK_fal fa-map-marker-alt' is clicked on

2023-08-22 13:36:32 - [TEST_STEP][PASSED] - click(findTestObject("Object Repository/KSD/Page_Find a KOHLER Store  Studio KOHLER/a_UNITED KINGDOM")): Object: 'Object Repository/KSD/Page_Find a KOHLER Store  Studio KOHLER/a_UNITED KINGDOM' is clicked on

2023-08-22 13:36:34 - [MESSAGE][PASSED] - Object: 'Object Repository/KSD/Page_Find a KOHLER Store  Studio KOHLER/a_UNITED KINGDOM' is clicked on

2023-08-22 13:36:34 - [TEST_STEP][PASSED] - verifyElementVisible(findTestObject("Object Repository/KSD/Page_Find a KOHLER Store  Studio KOHLER/span_UNITED KINGDOM")): Object 'Object Repository/KSD/Page_Find a KOHLER Store  Studio KOHLER/span_UNITED KINGDOM' is visible

2023-08-22 13:36:35 - [MESSAGE][PASSED] - Object 'Object Repository/KSD/Page_Find a KOHLER Store  Studio KOHLER/span_UNITED KINGDOM' is visible]]></system-out>
         <system-err><![CDATA[]]></system-err>
      </testcase>
      <testcase name="Test Cases/KDS/TC_24_Find_Store_UNITED_STATES_Location" time="18.05" classname="Test Cases/KDS/TC_24_Find_Store_UNITED_STATES_Location" status="PASSED">
         <system-out><![CDATA[2023-08-22 13:36:35 - [TEST_CASE][PASSED] - Test Cases/KDS/TC_24_Find_Store_UNITED_STATES_Location: Test Cases/KDS/TC_24_Find_Store_UNITED_STATES_Location

2023-08-22 13:36:35 - [TEST_STEP][PASSED] - openBrowser(""): Browser is opened with url: ''

2023-08-22 13:36:35 - [MESSAGE][WARNING] - A browser is already opened. Closing browser and opening a new one

2023-08-22 13:36:36 - [MESSAGE][INFO] - Starting 'Firefox' driver

2023-08-22 13:36:36 - [MESSAGE][INFO] - Action delay is set to 0 milliseconds

2023-08-22 13:36:38 - [MESSAGE][PASSED] - Browser is opened with url: ''

2023-08-22 13:36:38 - [TEST_STEP][PASSED] - navigateToUrl("https://www.studiokohler.com/en-us/faqs"): Navigate to 'https://www.studiokohler.com/en-us/faqs' successfully

2023-08-22 13:36:43 - [MESSAGE][PASSED] - Navigate to 'https://www.studiokohler.com/en-us/faqs' successfully

2023-08-22 13:36:43 - [TEST_STEP][PASSED] - maximizeWindow(): Current window maximized

2023-08-22 13:36:44 - [MESSAGE][PASSED] - Current window maximized

2023-08-22 13:36:44 - [TEST_STEP][PASSED] - click(findTestObject("Object Repository/KSD/Page_Product FAQs/button_Accept All Cookies")): Object: 'Object Repository/KSD/Page_Product FAQs/button_Accept All Cookies' is clicked on

2023-08-22 13:36:45 - [MESSAGE][PASSED] - Object: 'Object Repository/KSD/Page_Product FAQs/button_Accept All Cookies' is clicked on

2023-08-22 13:36:45 - [TEST_STEP][PASSED] - click(findTestObject("Object Repository/KSD/Page_Product FAQs/i_OK_fal fa-map-marker-alt")): Object: 'Object Repository/KSD/Page_Product FAQs/i_OK_fal fa-map-marker-alt' is clicked on

2023-08-22 13:36:50 - [MESSAGE][PASSED] - Object: 'Object Repository/KSD/Page_Product FAQs/i_OK_fal fa-map-marker-alt' is clicked on

2023-08-22 13:36:50 - [TEST_STEP][PASSED] - click(findTestObject("Object Repository/KSD/Page_Find a KOHLER Store  Studio KOHLER/a_UNITED STATES")): Object: 'Object Repository/KSD/Page_Find a KOHLER Store  Studio KOHLER/a_UNITED STATES' is clicked on

2023-08-22 13:36:51 - [MESSAGE][PASSED] - Object: 'Object Repository/KSD/Page_Find a KOHLER Store  Studio KOHLER/a_UNITED STATES' is clicked on

2023-08-22 13:36:51 - [TEST_STEP][PASSED] - click(findTestObject("Object Repository/KSD/Page_Find a KOHLER Store  Studio KOHLER/span_UNITED STATES")): Object: 'Object Repository/KSD/Page_Find a KOHLER Store  Studio KOHLER/span_UNITED STATES' is clicked on

2023-08-22 13:36:53 - [MESSAGE][PASSED] - Object: 'Object Repository/KSD/Page_Find a KOHLER Store  Studio KOHLER/span_UNITED STATES' is clicked on

2023-08-22 13:36:53 - [TEST_STEP][PASSED] - verifyElementVisible(findTestObject("Object Repository/KSD/Page_Find a KOHLER Store  Studio KOHLER/span_UNITED STATES")): Object 'Object Repository/KSD/Page_Find a KOHLER Store  Studio KOHLER/span_UNITED STATES' is visible

2023-08-22 13:36:53 - [MESSAGE][PASSED] - Object 'Object Repository/KSD/Page_Find a KOHLER Store  Studio KOHLER/span_UNITED STATES' is visible]]></system-out>
         <system-err><![CDATA[]]></system-err>
      </testcase>
      <testcase name="Test Cases/KDS/TC_27_Footer_ContactUs_Link" time="17.423" classname="Test Cases/KDS/TC_27_Footer_ContactUs_Link" status="PASSED">
         <system-out><![CDATA[2023-08-22 13:36:53 - [TEST_CASE][PASSED] - Test Cases/KDS/TC_27_Footer_ContactUs_Link: Test Cases/KDS/TC_27_Footer_ContactUs_Link

2023-08-22 13:36:53 - [TEST_STEP][PASSED] - openBrowser(""): Browser is opened with url: ''

2023-08-22 13:36:53 - [MESSAGE][WARNING] - A browser is already opened. Closing browser and opening a new one

2023-08-22 13:36:54 - [MESSAGE][INFO] - Starting 'Firefox' driver

2023-08-22 13:36:54 - [MESSAGE][INFO] - Action delay is set to 0 milliseconds

2023-08-22 13:36:56 - [MESSAGE][PASSED] - Browser is opened with url: ''

2023-08-22 13:36:56 - [TEST_STEP][PASSED] - navigateToUrl("https://www.studiokohler.com/en-us/faqs"): Navigate to 'https://www.studiokohler.com/en-us/faqs' successfully

2023-08-22 13:37:01 - [MESSAGE][PASSED] - Navigate to 'https://www.studiokohler.com/en-us/faqs' successfully

2023-08-22 13:37:01 - [TEST_STEP][PASSED] - maximizeWindow(): Current window maximized

2023-08-22 13:37:02 - [MESSAGE][PASSED] - Current window maximized

2023-08-22 13:37:02 - [TEST_STEP][PASSED] - click(findTestObject("Object Repository/KSD/Page_Product FAQs/button_Accept All Cookies")): Object: 'Object Repository/KSD/Page_Product FAQs/button_Accept All Cookies' is clicked on

2023-08-22 13:37:03 - [MESSAGE][PASSED] - Object: 'Object Repository/KSD/Page_Product FAQs/button_Accept All Cookies' is clicked on

2023-08-22 13:37:03 - [TEST_STEP][PASSED] - verifyElementVisible(findTestObject("Object Repository/KSD/Page_Product FAQs/a_Contact Us")): Object 'Object Repository/KSD/Page_Product FAQs/a_Contact Us' is visible

2023-08-22 13:37:04 - [MESSAGE][PASSED] - Object 'Object Repository/KSD/Page_Product FAQs/a_Contact Us' is visible

2023-08-22 13:37:04 - [TEST_STEP][PASSED] - click(findTestObject("Object Repository/KSD/Page_Product FAQs/a_Contact Us")): Object: 'Object Repository/KSD/Page_Product FAQs/a_Contact Us' is clicked on

2023-08-22 13:37:09 - [MESSAGE][PASSED] - Object: 'Object Repository/KSD/Page_Product FAQs/a_Contact Us' is clicked on

2023-08-22 13:37:09 - [TEST_STEP][PASSED] - verifyElementVisible(findTestObject("Object Repository/KSD/Page_Contact KOHLER  Studio KOHLER/h1_Contact Us")): Object 'Object Repository/KSD/Page_Contact KOHLER  Studio KOHLER/h1_Contact Us' is visible

2023-08-22 13:37:10 - [MESSAGE][PASSED] - Object 'Object Repository/KSD/Page_Contact KOHLER  Studio KOHLER/h1_Contact Us' is visible]]></system-out>
         <system-err><![CDATA[]]></system-err>
      </testcase>
      <testcase name="Test Cases/KDS/TC_28_Foter_Sitemap_Link" time="15.712" classname="Test Cases/KDS/TC_28_Foter_Sitemap_Link" status="PASSED">
         <system-out><![CDATA[2023-08-22 13:37:10 - [TEST_CASE][PASSED] - Test Cases/KDS/TC_28_Foter_Sitemap_Link: Test Cases/KDS/TC_28_Foter_Sitemap_Link

2023-08-22 13:37:11 - [TEST_STEP][PASSED] - openBrowser(""): Browser is opened with url: ''

2023-08-22 13:37:11 - [MESSAGE][WARNING] - A browser is already opened. Closing browser and opening a new one

2023-08-22 13:37:11 - [MESSAGE][INFO] - Starting 'Firefox' driver

2023-08-22 13:37:11 - [MESSAGE][INFO] - Action delay is set to 0 milliseconds

2023-08-22 13:37:13 - [MESSAGE][PASSED] - Browser is opened with url: ''

2023-08-22 13:37:13 - [TEST_STEP][PASSED] - navigateToUrl("https://www.studiokohler.com/en-us/faqs"): Navigate to 'https://www.studiokohler.com/en-us/faqs' successfully

2023-08-22 13:37:18 - [MESSAGE][PASSED] - Navigate to 'https://www.studiokohler.com/en-us/faqs' successfully

2023-08-22 13:37:18 - [TEST_STEP][PASSED] - maximizeWindow(): Current window maximized

2023-08-22 13:37:19 - [MESSAGE][PASSED] - Current window maximized

2023-08-22 13:37:19 - [TEST_STEP][PASSED] - click(findTestObject("Object Repository/KSD/Page_Product FAQs/button_Accept All Cookies")): Object: 'Object Repository/KSD/Page_Product FAQs/button_Accept All Cookies' is clicked on

2023-08-22 13:37:20 - [MESSAGE][PASSED] - Object: 'Object Repository/KSD/Page_Product FAQs/button_Accept All Cookies' is clicked on

2023-08-22 13:37:20 - [TEST_STEP][PASSED] - verifyElementVisible(findTestObject("Object Repository/KSD/Page_Product FAQs/a_Sitemap")): Object 'Object Repository/KSD/Page_Product FAQs/a_Sitemap' is visible

2023-08-22 13:37:21 - [MESSAGE][PASSED] - Object 'Object Repository/KSD/Page_Product FAQs/a_Sitemap' is visible

2023-08-22 13:37:21 - [TEST_STEP][PASSED] - click(findTestObject("Object Repository/KSD/Page_Product FAQs/a_Sitemap")): Object: 'Object Repository/KSD/Page_Product FAQs/a_Sitemap' is clicked on

2023-08-22 13:37:24 - [MESSAGE][PASSED] - Object: 'Object Repository/KSD/Page_Product FAQs/a_Sitemap' is clicked on

2023-08-22 13:37:24 - [TEST_STEP][PASSED] - verifyElementVisible(findTestObject("Object Repository/KSD/Page_Site Map/h1_Site Map")): Object 'Object Repository/KSD/Page_Site Map/h1_Site Map' is visible

2023-08-22 13:37:26 - [MESSAGE][PASSED] - Object 'Object Repository/KSD/Page_Site Map/h1_Site Map' is visible]]></system-out>
         <system-err><![CDATA[]]></system-err>
      </testcase>
      <testcase name="Test Cases/KDS/TC_26_Footer_FAQs_Link" time="14.39" classname="Test Cases/KDS/TC_26_Footer_FAQs_Link" status="PASSED">
         <system-out><![CDATA[2023-08-22 13:37:26 - [TEST_CASE][PASSED] - Test Cases/KDS/TC_26_Footer_FAQs_Link: Test Cases/KDS/TC_26_Footer_FAQs_Link

2023-08-22 13:37:26 - [TEST_STEP][PASSED] - openBrowser(""): Browser is opened with url: ''

2023-08-22 13:37:26 - [MESSAGE][WARNING] - A browser is already opened. Closing browser and opening a new one

2023-08-22 13:37:27 - [MESSAGE][INFO] - Starting 'Firefox' driver

2023-08-22 13:37:27 - [MESSAGE][INFO] - Action delay is set to 0 milliseconds

2023-08-22 13:37:29 - [MESSAGE][PASSED] - Browser is opened with url: ''

2023-08-22 13:37:29 - [TEST_STEP][PASSED] - navigateToUrl("https://www.studiokohler.com/en-us/faqs"): Navigate to 'https://www.studiokohler.com/en-us/faqs' successfully

2023-08-22 13:37:34 - [MESSAGE][PASSED] - Navigate to 'https://www.studiokohler.com/en-us/faqs' successfully

2023-08-22 13:37:34 - [TEST_STEP][PASSED] - maximizeWindow(): Current window maximized

2023-08-22 13:37:34 - [MESSAGE][PASSED] - Current window maximized

2023-08-22 13:37:34 - [TEST_STEP][PASSED] - click(findTestObject("Object Repository/KSD/Page_Product FAQs/button_Accept All Cookies")): Object: 'Object Repository/KSD/Page_Product FAQs/button_Accept All Cookies' is clicked on

2023-08-22 13:37:36 - [MESSAGE][PASSED] - Object: 'Object Repository/KSD/Page_Product FAQs/button_Accept All Cookies' is clicked on

2023-08-22 13:37:36 - [TEST_STEP][PASSED] - verifyElementVisible(findTestObject("Object Repository/KSD/Page_Product FAQs/a_FAQs")): Object 'Object Repository/KSD/Page_Product FAQs/a_FAQs' is visible

2023-08-22 13:37:36 - [MESSAGE][PASSED] - Object 'Object Repository/KSD/Page_Product FAQs/a_FAQs' is visible

2023-08-22 13:37:36 - [TEST_STEP][PASSED] - click(findTestObject("Object Repository/KSD/Page_Product FAQs/a_FAQs")): Object: 'Object Repository/KSD/Page_Product FAQs/a_FAQs' is clicked on

2023-08-22 13:37:39 - [MESSAGE][PASSED] - Object: 'Object Repository/KSD/Page_Product FAQs/a_FAQs' is clicked on

2023-08-22 13:37:39 - [TEST_STEP][PASSED] - verifyElementVisible(findTestObject("Object Repository/KSD/Page_Product FAQs/h1_Product FAQs")): Object 'Object Repository/KSD/Page_Product FAQs/h1_Product FAQs' is visible

2023-08-22 13:37:40 - [MESSAGE][PASSED] - Object 'Object Repository/KSD/Page_Product FAQs/h1_Product FAQs' is visible]]></system-out>
         <system-err><![CDATA[]]></system-err>
      </testcase>
      <testcase name="Test Cases/KDS/TC_25_ Footer_Press_Room_Link" time="16.227" classname="Test Cases/KDS/TC_25_ Footer_Press_Room_Link" status="PASSED">
         <system-out><![CDATA[2023-08-22 13:37:40 - [TEST_CASE][PASSED] - Test Cases/KDS/TC_25_ Footer_Press_Room_Link: Test Cases/KDS/TC_25_ Footer_Press_Room_Link

2023-08-22 13:37:41 - [TEST_STEP][PASSED] - openBrowser(""): Browser is opened with url: ''

2023-08-22 13:37:41 - [MESSAGE][WARNING] - A browser is already opened. Closing browser and opening a new one

2023-08-22 13:37:41 - [MESSAGE][INFO] - Starting 'Firefox' driver

2023-08-22 13:37:41 - [MESSAGE][INFO] - Action delay is set to 0 milliseconds

2023-08-22 13:37:43 - [MESSAGE][PASSED] - Browser is opened with url: ''

2023-08-22 13:37:43 - [TEST_STEP][PASSED] - navigateToUrl("https://www.studiokohler.com/en-us/faqs"): Navigate to 'https://www.studiokohler.com/en-us/faqs' successfully

2023-08-22 13:37:49 - [MESSAGE][PASSED] - Navigate to 'https://www.studiokohler.com/en-us/faqs' successfully

2023-08-22 13:37:49 - [TEST_STEP][PASSED] - maximizeWindow(): Current window maximized

2023-08-22 13:37:50 - [MESSAGE][PASSED] - Current window maximized

2023-08-22 13:37:50 - [TEST_STEP][PASSED] - click(findTestObject("Object Repository/KSD/Page_Product FAQs/button_Accept All Cookies")): Object: 'Object Repository/KSD/Page_Product FAQs/button_Accept All Cookies' is clicked on

2023-08-22 13:37:51 - [MESSAGE][PASSED] - Object: 'Object Repository/KSD/Page_Product FAQs/button_Accept All Cookies' is clicked on

2023-08-22 13:37:51 - [TEST_STEP][PASSED] - verifyElementVisible(findTestObject("Object Repository/KSD/Page_Product FAQs/a_Press Room")): Object 'Object Repository/KSD/Page_Product FAQs/a_Press Room' is visible

2023-08-22 13:37:52 - [MESSAGE][PASSED] - Object 'Object Repository/KSD/Page_Product FAQs/a_Press Room' is visible

2023-08-22 13:37:52 - [TEST_STEP][PASSED] - click(findTestObject("Object Repository/KSD/Page_Product FAQs/a_Press Room")): Object: 'Object Repository/KSD/Page_Product FAQs/a_Press Room' is clicked on

2023-08-22 13:37:55 - [MESSAGE][PASSED] - Object: 'Object Repository/KSD/Page_Product FAQs/a_Press Room' is clicked on

2023-08-22 13:37:55 - [TEST_STEP][PASSED] - verifyElementVisible(findTestObject("Object Repository/KSD/Page_Press Room/h1_Press Room")): Object 'Object Repository/KSD/Page_Press Room/h1_Press Room' is visible

2023-08-22 13:37:57 - [MESSAGE][PASSED] - Object 'Object Repository/KSD/Page_Press Room/h1_Press Room' is visible

2023-08-22 13:37:57 - [TEST_STEP][PASSED] - getUrl(): Current window's url is: 'https://www.studiokohler.com/en-us/pressroom'

2023-08-22 13:37:57 - [MESSAGE][PASSED] - Current window's url is: 'https://www.studiokohler.com/en-us/pressroom']]></system-out>
         <system-err><![CDATA[]]></system-err>
      </testcase>
      <system-out><![CDATA[2023-08-22 13:26:00 - [TEST_SUITE][FAILED] - KDS_Test_Suite: Test Cases/KDS/TC_04_Check_Search_Result_page FAILED.
Reason:
com.kms.katalon.core.exception.StepFailedException: Unable to verify object 'Object Repository/KSD/Page_Search Results/span_Products' is visible
	at com.kms.katalon.core.webui.keyword.internal.WebUIKeywordMain.stepFailed(WebUIKeywordMain.groovy:64)
	at com.kms.katalon.core.webui.keyword.internal.WebUIKeywordMain.runKeyword(WebUIKeywordMain.groovy:26)
	at com.kms.katalon.core.webui.keyword.builtin.VerifyElementVisibleKeyword.verifyElementVisible(VerifyElementVisibleKeyword.groovy:97)
	at com.kms.katalon.core.webui.keyword.builtin.VerifyElementVisibleKeyword.execute(VerifyElementVisibleKeyword.groovy:67)
	at com.kms.katalon.core.keyword.internal.KeywordExecutor.executeKeywordForPlatform(KeywordExecutor.groovy:74)
	at com.kms.katalon.core.webui.keyword.WebUiBuiltInKeywords.verifyElementVisible(WebUiBuiltInKeywords.groovy:376)
	at com.kms.katalon.core.webui.keyword.WebUiBuiltInKeywords$verifyElementVisible$5.call(Unknown Source)
	at TC_04_Check_Search_Result_page.run(TC_04_Check_Search_Result_page:24)
	at com.kms.katalon.core.main.ScriptEngine.run(ScriptEngine.java:194)
	at com.kms.katalon.core.main.ScriptEngine.runScriptAsRawText(ScriptEngine.java:119)
	at com.kms.katalon.core.main.TestCaseExecutor.runScript(TestCaseExecutor.java:448)
	at com.kms.katalon.core.main.TestCaseExecutor.doExecute(TestCaseExecutor.java:439)
	at com.kms.katalon.core.main.TestCaseExecutor.processExecutionPhase(TestCaseExecutor.java:418)
	at com.kms.katalon.core.main.TestCaseExecutor.accessMainPhase(TestCaseExecutor.java:410)
	at com.kms.katalon.core.main.TestCaseExecutor.execute(TestCaseExecutor.java:285)
	at com.kms.katalon.core.common.CommonExecutor.accessTestCaseMainPhase(CommonExecutor.java:65)
	at com.kms.katalon.core.main.TestSuiteExecutor.accessTestSuiteMainPhase(TestSuiteExecutor.java:144)
	at com.kms.katalon.core.main.TestSuiteExecutor.execute(TestSuiteExecutor.java:106)
	at com.kms.katalon.core.main.TestCaseMain.startTestSuite(TestCaseMain.java:185)
	at com.kms.katalon.core.main.TestCaseMain$startTestSuite$0.call(Unknown Source)
	at TempTestSuite1692690957287.run(TempTestSuite1692690957287.groovy:36)
Caused by: com.kms.katalon.core.exception.StepFailedException: Object 'Object Repository/KSD/Page_Search Results/span_Products' is NOT visible
	at com.kms.katalon.core.webui.keyword.internal.WebUIKeywordMain.stepFailed(WebUIKeywordMain.groovy:64)
	at com.kms.katalon.core.webui.keyword.builtin.VerifyElementVisibleKeyword$_verifyElementVisible_closure1.doCall(VerifyElementVisibleKeyword.groovy:83)
	at com.kms.katalon.core.webui.keyword.builtin.VerifyElementVisibleKeyword$_verifyElementVisible_closure1.call(VerifyElementVisibleKeyword.groovy)
	at com.kms.katalon.core.webui.keyword.internal.WebUIKeywordMain.runKeyword(WebUIKeywordMain.groovy:20)
	... 19 more]]></system-out>
      <system-err><![CDATA[2023-08-22 13:26:00 - [TEST_SUITE][FAILED] - KDS_Test_Suite: Test Cases/KDS/TC_04_Check_Search_Result_page FAILED.
Reason:
com.kms.katalon.core.exception.StepFailedException: Unable to verify object 'Object Repository/KSD/Page_Search Results/span_Products' is visible
	at com.kms.katalon.core.webui.keyword.internal.WebUIKeywordMain.stepFailed(WebUIKeywordMain.groovy:64)
	at com.kms.katalon.core.webui.keyword.internal.WebUIKeywordMain.runKeyword(WebUIKeywordMain.groovy:26)
	at com.kms.katalon.core.webui.keyword.builtin.VerifyElementVisibleKeyword.verifyElementVisible(VerifyElementVisibleKeyword.groovy:97)
	at com.kms.katalon.core.webui.keyword.builtin.VerifyElementVisibleKeyword.execute(VerifyElementVisibleKeyword.groovy:67)
	at com.kms.katalon.core.keyword.internal.KeywordExecutor.executeKeywordForPlatform(KeywordExecutor.groovy:74)
	at com.kms.katalon.core.webui.keyword.WebUiBuiltInKeywords.verifyElementVisible(WebUiBuiltInKeywords.groovy:376)
	at com.kms.katalon.core.webui.keyword.WebUiBuiltInKeywords$verifyElementVisible$5.call(Unknown Source)
	at TC_04_Check_Search_Result_page.run(TC_04_Check_Search_Result_page:24)
	at com.kms.katalon.core.main.ScriptEngine.run(ScriptEngine.java:194)
	at com.kms.katalon.core.main.ScriptEngine.runScriptAsRawText(ScriptEngine.java:119)
	at com.kms.katalon.core.main.TestCaseExecutor.runScript(TestCaseExecutor.java:448)
	at com.kms.katalon.core.main.TestCaseExecutor.doExecute(TestCaseExecutor.java:439)
	at com.kms.katalon.core.main.TestCaseExecutor.processExecutionPhase(TestCaseExecutor.java:418)
	at com.kms.katalon.core.main.TestCaseExecutor.accessMainPhase(TestCaseExecutor.java:410)
	at com.kms.katalon.core.main.TestCaseExecutor.execute(TestCaseExecutor.java:285)
	at com.kms.katalon.core.common.CommonExecutor.accessTestCaseMainPhase(CommonExecutor.java:65)
	at com.kms.katalon.core.main.TestSuiteExecutor.accessTestSuiteMainPhase(TestSuiteExecutor.java:144)
	at com.kms.katalon.core.main.TestSuiteExecutor.execute(TestSuiteExecutor.java:106)
	at com.kms.katalon.core.main.TestCaseMain.startTestSuite(TestCaseMain.java:185)
	at com.kms.katalon.core.main.TestCaseMain$startTestSuite$0.call(Unknown Source)
	at TempTestSuite1692690957287.run(TempTestSuite1692690957287.groovy:36)
Caused by: com.kms.katalon.core.exception.StepFailedException: Object 'Object Repository/KSD/Page_Search Results/span_Products' is NOT visible
	at com.kms.katalon.core.webui.keyword.internal.WebUIKeywordMain.stepFailed(WebUIKeywordMain.groovy:64)
	at com.kms.katalon.core.webui.keyword.builtin.VerifyElementVisibleKeyword$_verifyElementVisible_closure1.doCall(VerifyElementVisibleKeyword.groovy:83)
	at com.kms.katalon.core.webui.keyword.builtin.VerifyElementVisibleKeyword$_verifyElementVisible_closure1.call(VerifyElementVisibleKeyword.groovy)
	at com.kms.katalon.core.webui.keyword.internal.WebUIKeywordMain.runKeyword(WebUIKeywordMain.groovy:20)
	... 19 more]]></system-err>
   </testsuite>
</testsuites>
