<?xml version="1.0" encoding="UTF-8"?>
<testsuites name="KDS_Test_Suite" time="920.191" tests="28" failures="1" errors="0">
   <testsuite name="KDS_Test_Suite" tests="28" failures="1" errors="0" time="920.191" skipped="0" timestamp="2023-06-30 23:13:06" hostname="bhushan - 192.168.1.13" id="Test Suites/KDS_Test_Suite">
      <properties>
         <property name="deviceName" value=""/>
         <property name="devicePlatform" value=""/>
         <property name="logFolder" value="/Users/bhushan/git/katalon/Reports/20230630_231053/KDS_Test_Suite/20230630_231059"/>
         <property name="logFiles" value="/Users/bhushan/git/katalon/Reports/20230630_231053/KDS_Test_Suite/20230630_231059/execution0.log"/>
         <property name="attachments" value="/Users/bhushan/git/katalon/Reports/20230630_231053/KDS_Test_Suite/20230630_231059/1688147704142.png, /Users/bhushan/git/katalon/Reports/20230630_231053/KDS_Test_Suite/20230630_231059/1688147704831.png, /Users/bhushan/git/katalon/Reports/20230630_231053/KDS_Test_Suite/20230630_231059/1688147728049.png, /Users/bhushan/git/katalon/Reports/20230630_231053/KDS_Test_Suite/20230630_231059/1688147728574.png, /Users/bhushan/git/katalon/Reports/20230630_231053/KDS_Test_Suite/20230630_231059/1688147750077.png, /Users/bhushan/git/katalon/Reports/20230630_231053/KDS_Test_Suite/20230630_231059/1688147750366.png, /Users/bhushan/git/katalon/Reports/20230630_231053/KDS_Test_Suite/20230630_231059/1688147771895.png, /Users/bhushan/git/katalon/Reports/20230630_231053/KDS_Test_Suite/20230630_231059/1688147772206.png"/>
         <property name="hostName" value="bhushan - 192.168.1.13"/>
         <property name="os" value="Mac OS X 64bit"/>
         <property name="katalonVersion" value="8.4.1.208"/>
         <property name="browser" value="Firefox 109.0"/>
         <property name="hostAddress" value="192.168.1.13"/>
         <property name="sessionId" value="d7522971-fb9d-451b-82c9-22afd1ec7250"/>
         <property name="seleniumVersion" value="3.141.59"/>
         <property name="proxyInformation" value="ProxyInformation { proxyOption=NO_PROXY, proxyServerType=HTTP, username=, password=********, proxyServerAddress=, proxyServerPort=0, executionList=&quot;&quot;, isApplyToDesiredCapabilities=true }"/>
         <property name="platform" value="Mac OS X"/>
      </properties>
      <testcase name="Test Cases/KDS/TC_01_Login" time="228.331" classname="Test Cases/KDS/TC_01_Login" status="PASSED">
         <system-out><![CDATA[2023-06-30 23:13:06 - [TEST_CASE][PASSED] - Test Cases/KDS/TC_01_Login: Test Cases/KDS/TC_01_Login

2023-06-30 23:13:07 - [TEST_STEP][PASSED] - openBrowser(""): Browser is opened with url: ''

2023-06-30 23:13:07 - [MESSAGE][INFO] - Starting 'Firefox' driver

2023-06-30 23:13:07 - [MESSAGE][INFO] - Action delay is set to 0 milliseconds

2023-06-30 23:16:34 - [MESSAGE][PASSED] - Browser is opened with url: ''

2023-06-30 23:16:34 - [TEST_STEP][PASSED] - navigateToUrl("https://www.studiokohler.com/en-us/faqs"): Navigate to 'https://www.studiokohler.com/en-us/faqs' successfully

2023-06-30 23:16:42 - [MESSAGE][PASSED] - Navigate to 'https://www.studiokohler.com/en-us/faqs' successfully

2023-06-30 23:16:42 - [TEST_STEP][PASSED] - maximizeWindow(): Current window maximized

2023-06-30 23:16:43 - [MESSAGE][PASSED] - Current window maximized

2023-06-30 23:16:43 - [TEST_STEP][PASSED] - click(findTestObject("Object Repository/KSD/Page_Product FAQs/i_OK_fal fa-user")): Object: 'Object Repository/KSD/Page_Product FAQs/i_OK_fal fa-user' is clicked on

2023-06-30 23:16:44 - [MESSAGE][PASSED] - Object: 'Object Repository/KSD/Page_Product FAQs/i_OK_fal fa-user' is clicked on

2023-06-30 23:16:44 - [TEST_STEP][PASSED] - setText(findTestObject("Object Repository/KSD/Page_Product FAQs/input_E-mail Address_nav-user-email"), "Bhushan.borse@kohler.com"): Text 'Bhushan.borse@kohler.com' is set on object 'Object Repository/KSD/Page_Product FAQs/input_E-mail Address_nav-user-email'

2023-06-30 23:16:45 - [MESSAGE][PASSED] - Text 'Bhushan.borse@kohler.com' is set on object 'Object Repository/KSD/Page_Product FAQs/input_E-mail Address_nav-user-email'

2023-06-30 23:16:45 - [TEST_STEP][PASSED] - setEncryptedText(findTestObject("Object Repository/KSD/Page_Product FAQs/input_Password_nav-user-password"), "UkTT/T5uWxEyt5z+WbCT2w=="): Text ****** has been set on object 'Object Repository/KSD/Page_Product FAQs/input_Password_nav-user-password'

2023-06-30 23:16:46 - [MESSAGE][PASSED] - Text ****** has been set on object 'Object Repository/KSD/Page_Product FAQs/input_Password_nav-user-password'

2023-06-30 23:16:46 - [TEST_STEP][PASSED] - click(findTestObject("Object Repository/KSD/Page_Product FAQs/button_Sign In")): Object: 'Object Repository/KSD/Page_Product FAQs/button_Sign In' is clicked on

2023-06-30 23:16:47 - [MESSAGE][PASSED] - Object: 'Object Repository/KSD/Page_Product FAQs/button_Sign In' is clicked on

2023-06-30 23:16:47 - [TEST_STEP][PASSED] - verifyElementVisible(findTestObject("Object Repository/KSD/Page_Product FAQs/a_Bhushan")): Object 'Object Repository/KSD/Page_Product FAQs/a_Bhushan' is visible

2023-06-30 23:16:54 - [MESSAGE][PASSED] - Object 'Object Repository/KSD/Page_Product FAQs/a_Bhushan' is visible]]></system-out>
         <system-err><![CDATA[]]></system-err>
      </testcase>
      <testcase name="Test Cases/KDS/TC_02_Header_Menu_Check" time="23.083" classname="Test Cases/KDS/TC_02_Header_Menu_Check" status="PASSED">
         <system-out><![CDATA[2023-06-30 23:16:54 - [TEST_CASE][PASSED] - Test Cases/KDS/TC_02_Header_Menu_Check: Test Cases/KDS/TC_02_Header_Menu_Check

2023-06-30 23:16:55 - [TEST_STEP][PASSED] - openBrowser(""): Browser is opened with url: ''

2023-06-30 23:16:55 - [MESSAGE][WARNING] - A browser is already opened. Closing browser and opening a new one

2023-06-30 23:16:56 - [MESSAGE][INFO] - Starting 'Firefox' driver

2023-06-30 23:16:56 - [MESSAGE][INFO] - Action delay is set to 0 milliseconds

2023-06-30 23:17:02 - [MESSAGE][PASSED] - Browser is opened with url: ''

2023-06-30 23:17:02 - [TEST_STEP][PASSED] - navigateToUrl("https://www.studiokohler.com/en-us/faqs"): Navigate to 'https://www.studiokohler.com/en-us/faqs' successfully

2023-06-30 23:17:08 - [MESSAGE][PASSED] - Navigate to 'https://www.studiokohler.com/en-us/faqs' successfully

2023-06-30 23:17:08 - [TEST_STEP][PASSED] - maximizeWindow(): Current window maximized

2023-06-30 23:17:08 - [MESSAGE][PASSED] - Current window maximized

2023-06-30 23:17:08 - [TEST_STEP][PASSED] - verifyElementVisible(findTestObject("Object Repository/KSD/Page_Product FAQs/a_Products")): Object 'Object Repository/KSD/Page_Product FAQs/a_Products' is visible

2023-06-30 23:17:11 - [MESSAGE][PASSED] - Object 'Object Repository/KSD/Page_Product FAQs/a_Products' is visible

2023-06-30 23:17:11 - [TEST_STEP][PASSED] - verifyElementVisible(findTestObject("Object Repository/KSD/Page_Product FAQs/a_Resources")): Object 'Object Repository/KSD/Page_Product FAQs/a_Resources' is visible

2023-06-30 23:17:12 - [MESSAGE][PASSED] - Object 'Object Repository/KSD/Page_Product FAQs/a_Resources' is visible

2023-06-30 23:17:12 - [TEST_STEP][PASSED] - verifyElementVisible(findTestObject("Object Repository/KSD/Page_Product FAQs/a_Services")): Object 'Object Repository/KSD/Page_Product FAQs/a_Services' is visible

2023-06-30 23:17:12 - [MESSAGE][PASSED] - Object 'Object Repository/KSD/Page_Product FAQs/a_Services' is visible

2023-06-30 23:17:12 - [TEST_STEP][PASSED] - verifyElementVisible(findTestObject("Object Repository/KSD/Page_Product FAQs/a_Inspiration")): Object 'Object Repository/KSD/Page_Product FAQs/a_Inspiration' is visible

2023-06-30 23:17:13 - [MESSAGE][PASSED] - Object 'Object Repository/KSD/Page_Product FAQs/a_Inspiration' is visible

2023-06-30 23:17:13 - [TEST_STEP][PASSED] - click(findTestObject("Object Repository/KSD/Page_Product FAQs/button_OK")): Object: 'Object Repository/KSD/Page_Product FAQs/button_OK' is clicked on

2023-06-30 23:17:14 - [MESSAGE][PASSED] - Object: 'Object Repository/KSD/Page_Product FAQs/button_OK' is clicked on

2023-06-30 23:17:14 - [TEST_STEP][PASSED] - verifyElementVisible(findTestObject("Object Repository/KSD/Page_Product FAQs/a_Events")): Object 'Object Repository/KSD/Page_Product FAQs/a_Events' is visible

2023-06-30 23:17:14 - [MESSAGE][PASSED] - Object 'Object Repository/KSD/Page_Product FAQs/a_Events' is visible

2023-06-30 23:17:14 - [TEST_STEP][PASSED] - verifyElementVisible(findTestObject("Object Repository/KSD/Page_Product FAQs/a_About")): Object 'Object Repository/KSD/Page_Product FAQs/a_About' is visible

2023-06-30 23:17:14 - [MESSAGE][PASSED] - Object 'Object Repository/KSD/Page_Product FAQs/a_About' is visible

2023-06-30 23:17:14 - [TEST_STEP][PASSED] - verifyElementVisible(findTestObject("Object Repository/KSD/Page_Product FAQs/a_India")): Object 'Object Repository/KSD/Page_Product FAQs/a_India' is visible

2023-06-30 23:17:15 - [MESSAGE][PASSED] - Object 'Object Repository/KSD/Page_Product FAQs/a_India' is visible

2023-06-30 23:17:15 - [TEST_STEP][PASSED] - verifyElementVisible(findTestObject("Object Repository/KSD/Page_Product FAQs/i_OK_fal fa-folder")): Object 'Object Repository/KSD/Page_Product FAQs/i_OK_fal fa-folder' is visible

2023-06-30 23:17:15 - [MESSAGE][PASSED] - Object 'Object Repository/KSD/Page_Product FAQs/i_OK_fal fa-folder' is visible

2023-06-30 23:17:15 - [TEST_STEP][PASSED] - verifyElementVisible(findTestObject("Object Repository/KSD/Page_Product FAQs/i_OK_fal fa-map-marker-alt")): Object 'Object Repository/KSD/Page_Product FAQs/i_OK_fal fa-map-marker-alt' is visible

2023-06-30 23:17:16 - [MESSAGE][PASSED] - Object 'Object Repository/KSD/Page_Product FAQs/i_OK_fal fa-map-marker-alt' is visible

2023-06-30 23:17:16 - [TEST_STEP][PASSED] - verifyElementVisible(findTestObject("Object Repository/KSD/Page_Product FAQs/i_OK_fal fa-user")): Object 'Object Repository/KSD/Page_Product FAQs/i_OK_fal fa-user' is visible

2023-06-30 23:17:16 - [MESSAGE][PASSED] - Object 'Object Repository/KSD/Page_Product FAQs/i_OK_fal fa-user' is visible

2023-06-30 23:17:16 - [TEST_STEP][PASSED] - verifyElementVisible(findTestObject("Object Repository/KSD/Page_Product FAQs/i_Project Folder_fal fa-search")): Object 'Object Repository/KSD/Page_Product FAQs/i_Project Folder_fal fa-search' is visible

2023-06-30 23:17:16 - [MESSAGE][PASSED] - Object 'Object Repository/KSD/Page_Product FAQs/i_Project Folder_fal fa-search' is visible

2023-06-30 23:17:16 - [TEST_STEP][PASSED] - verifyElementVisible(findTestObject("Object Repository/KSD/Page_Product FAQs/img_OK_black-version logo_js")): Object 'Object Repository/KSD/Page_Product FAQs/img_OK_black-version logo_js' is visible

2023-06-30 23:17:17 - [MESSAGE][PASSED] - Object 'Object Repository/KSD/Page_Product FAQs/img_OK_black-version logo_js' is visible

2023-06-30 23:17:17 - [TEST_STEP][PASSED] - closeBrowser(): Browser is closed

2023-06-30 23:17:18 - [MESSAGE][PASSED] - Browser is closed]]></system-out>
         <system-err><![CDATA[]]></system-err>
      </testcase>
      <testcase name="Test Cases/KDS/TC_03_Search_Functionality" time="23.368" classname="Test Cases/KDS/TC_03_Search_Functionality" status="PASSED">
         <system-out><![CDATA[2023-06-30 23:17:18 - [TEST_CASE][PASSED] - Test Cases/KDS/TC_03_Search_Functionality: Test Cases/KDS/TC_03_Search_Functionality

2023-06-30 23:17:18 - [TEST_STEP][PASSED] - openBrowser(""): Browser is opened with url: ''

2023-06-30 23:17:18 - [MESSAGE][INFO] - Starting 'Firefox' driver

2023-06-30 23:17:18 - [MESSAGE][INFO] - Action delay is set to 0 milliseconds

2023-06-30 23:17:23 - [MESSAGE][PASSED] - Browser is opened with url: ''

2023-06-30 23:17:23 - [TEST_STEP][PASSED] - navigateToUrl("https://www.studiokohler.com/en-us/faqs"): Navigate to 'https://www.studiokohler.com/en-us/faqs' successfully

2023-06-30 23:17:28 - [MESSAGE][PASSED] - Navigate to 'https://www.studiokohler.com/en-us/faqs' successfully

2023-06-30 23:17:28 - [TEST_STEP][PASSED] - maximizeWindow(): Current window maximized

2023-06-30 23:17:28 - [MESSAGE][PASSED] - Current window maximized

2023-06-30 23:17:28 - [TEST_STEP][PASSED] - click(findTestObject("Object Repository/KSD/Page_Product FAQs/i_Project Folder_fal fa-search")): Object: 'Object Repository/KSD/Page_Product FAQs/i_Project Folder_fal fa-search' is clicked on

2023-06-30 23:17:30 - [MESSAGE][PASSED] - Object: 'Object Repository/KSD/Page_Product FAQs/i_Project Folder_fal fa-search' is clicked on

2023-06-30 23:17:30 - [TEST_STEP][PASSED] - setText(findTestObject("Object Repository/KSD/Page_Product FAQs/input_Project Folder_search"), "toi"): Text 'toi' is set on object 'Object Repository/KSD/Page_Product FAQs/input_Project Folder_search'

2023-06-30 23:17:31 - [MESSAGE][PASSED] - Text 'toi' is set on object 'Object Repository/KSD/Page_Product FAQs/input_Project Folder_search'

2023-06-30 23:17:31 - [TEST_STEP][PASSED] - click(findTestObject("Object Repository/KSD/Page_Product FAQs/a_Toilets")): Object: 'Object Repository/KSD/Page_Product FAQs/a_Toilets' is clicked on

2023-06-30 23:17:36 - [MESSAGE][PASSED] - Object: 'Object Repository/KSD/Page_Product FAQs/a_Toilets' is clicked on

2023-06-30 23:17:36 - [TEST_STEP][PASSED] - click(findTestObject("Object Repository/KSD/Page_Search Results/span_Search Results for Toilets")): Object: 'Object Repository/KSD/Page_Search Results/span_Search Results for Toilets' is clicked on

2023-06-30 23:17:40 - [MESSAGE][PASSED] - Object: 'Object Repository/KSD/Page_Search Results/span_Search Results for Toilets' is clicked on

2023-06-30 23:17:40 - [TEST_STEP][PASSED] - verifyElementVisible(findTestObject("Object Repository/KSD/Page_Search Results/span_Search Results for Toilets")): Object 'Object Repository/KSD/Page_Search Results/span_Search Results for Toilets' is visible

2023-06-30 23:17:41 - [MESSAGE][PASSED] - Object 'Object Repository/KSD/Page_Search Results/span_Search Results for Toilets' is visible]]></system-out>
         <system-err><![CDATA[]]></system-err>
      </testcase>
      <testcase name="Test Cases/KDS/TC_04_Check_Search_Result_page" time="26.412" classname="Test Cases/KDS/TC_04_Check_Search_Result_page" status="PASSED">
         <system-out><![CDATA[2023-06-30 23:17:41 - [TEST_CASE][PASSED] - Test Cases/KDS/TC_04_Check_Search_Result_page: Test Cases/KDS/TC_04_Check_Search_Result_page

2023-06-30 23:17:42 - [TEST_STEP][PASSED] - callTestCase(findTestCase("KDS/TC_03_Search_Functionality"), [:], STOP_ON_FAILURE): Call Test Case 'Test Cases/KDS/TC_03_Search_Functionality' successfully

2023-06-30 23:17:42 - [TEST_CASE][PASSED] - Test Cases/KDS/TC_03_Search_Functionality: Test Cases/KDS/TC_03_Search_Functionality

2023-06-30 23:17:42 - [TEST_STEP][PASSED] - openBrowser(""): Browser is opened with url: ''

2023-06-30 23:17:42 - [MESSAGE][WARNING] - A browser is already opened. Closing browser and opening a new one

2023-06-30 23:17:43 - [MESSAGE][INFO] - Starting 'Firefox' driver

2023-06-30 23:17:43 - [MESSAGE][INFO] - Action delay is set to 0 milliseconds

2023-06-30 23:17:48 - [MESSAGE][PASSED] - Browser is opened with url: ''

2023-06-30 23:17:48 - [TEST_STEP][PASSED] - navigateToUrl("https://www.studiokohler.com/en-us/faqs"): Navigate to 'https://www.studiokohler.com/en-us/faqs' successfully

2023-06-30 23:17:53 - [MESSAGE][PASSED] - Navigate to 'https://www.studiokohler.com/en-us/faqs' successfully

2023-06-30 23:17:53 - [TEST_STEP][PASSED] - maximizeWindow(): Current window maximized

2023-06-30 23:17:54 - [MESSAGE][PASSED] - Current window maximized

2023-06-30 23:17:54 - [TEST_STEP][PASSED] - click(findTestObject("Object Repository/KSD/Page_Product FAQs/i_Project Folder_fal fa-search")): Object: 'Object Repository/KSD/Page_Product FAQs/i_Project Folder_fal fa-search' is clicked on

2023-06-30 23:17:56 - [MESSAGE][PASSED] - Object: 'Object Repository/KSD/Page_Product FAQs/i_Project Folder_fal fa-search' is clicked on

2023-06-30 23:17:56 - [TEST_STEP][PASSED] - setText(findTestObject("Object Repository/KSD/Page_Product FAQs/input_Project Folder_search"), "toi"): Text 'toi' is set on object 'Object Repository/KSD/Page_Product FAQs/input_Project Folder_search'

2023-06-30 23:17:57 - [MESSAGE][PASSED] - Text 'toi' is set on object 'Object Repository/KSD/Page_Product FAQs/input_Project Folder_search'

2023-06-30 23:17:57 - [TEST_STEP][PASSED] - click(findTestObject("Object Repository/KSD/Page_Product FAQs/a_Toilets")): Object: 'Object Repository/KSD/Page_Product FAQs/a_Toilets' is clicked on

2023-06-30 23:18:01 - [MESSAGE][PASSED] - Object: 'Object Repository/KSD/Page_Product FAQs/a_Toilets' is clicked on

2023-06-30 23:18:01 - [TEST_STEP][PASSED] - click(findTestObject("Object Repository/KSD/Page_Search Results/span_Search Results for Toilets")): Object: 'Object Repository/KSD/Page_Search Results/span_Search Results for Toilets' is clicked on

2023-06-30 23:18:03 - [MESSAGE][PASSED] - Object: 'Object Repository/KSD/Page_Search Results/span_Search Results for Toilets' is clicked on

2023-06-30 23:18:03 - [TEST_STEP][PASSED] - verifyElementVisible(findTestObject("Object Repository/KSD/Page_Search Results/span_Search Results for Toilets")): Object 'Object Repository/KSD/Page_Search Results/span_Search Results for Toilets' is visible

2023-06-30 23:18:04 - [MESSAGE][PASSED] - Object 'Object Repository/KSD/Page_Search Results/span_Search Results for Toilets' is visible

2023-06-30 23:18:04 - [MESSAGE][PASSED] - Call Test Case 'Test Cases/KDS/TC_03_Search_Functionality' successfully

2023-06-30 23:18:04 - [TEST_STEP][PASSED] - verifyElementVisible(findTestObject("Object Repository/KSD/Page_Search Results/span_Search Results for Toilets")): Object 'Object Repository/KSD/Page_Search Results/span_Search Results for Toilets' is visible

2023-06-30 23:18:04 - [MESSAGE][PASSED] - Object 'Object Repository/KSD/Page_Search Results/span_Search Results for Toilets' is visible

2023-06-30 23:18:04 - [TEST_STEP][PASSED] - verifyElementVisible(findTestObject("Object Repository/KSD/Page_Search Results/span_Products")): Object 'Object Repository/KSD/Page_Search Results/span_Products' is visible

2023-06-30 23:18:05 - [MESSAGE][PASSED] - Object 'Object Repository/KSD/Page_Search Results/span_Products' is visible

2023-06-30 23:18:05 - [TEST_STEP][PASSED] - verifyElementVisible(findTestObject("Object Repository/KSD/Page_Search Results/span_Technical Specifications")): Object 'Object Repository/KSD/Page_Search Results/span_Technical Specifications' is visible

2023-06-30 23:18:05 - [MESSAGE][PASSED] - Object 'Object Repository/KSD/Page_Search Results/span_Technical Specifications' is visible

2023-06-30 23:18:05 - [TEST_STEP][PASSED] - verifyElementVisible(findTestObject("Object Repository/KSD/Page_Search Results/span_Articles")): Object 'Object Repository/KSD/Page_Search Results/span_Articles' is visible

2023-06-30 23:18:06 - [MESSAGE][PASSED] - Object 'Object Repository/KSD/Page_Search Results/span_Articles' is visible

2023-06-30 23:18:06 - [TEST_STEP][PASSED] - verifyElementVisible(findTestObject("Object Repository/KSD/Page_Search Results/div_Choose Category")): Object 'Object Repository/KSD/Page_Search Results/div_Choose Category' is visible

2023-06-30 23:18:06 - [MESSAGE][PASSED] - Object 'Object Repository/KSD/Page_Search Results/div_Choose Category' is visible

2023-06-30 23:18:06 - [TEST_STEP][PASSED] - verifyElementVisible(findTestObject("Object Repository/KSD/Page_Search Results/a_All Categories (129)")): Object 'Object Repository/KSD/Page_Search Results/a_All Categories (129)' is visible

2023-06-30 23:18:07 - [MESSAGE][PASSED] - Object 'Object Repository/KSD/Page_Search Results/a_All Categories (129)' is visible

2023-06-30 23:18:07 - [TEST_STEP][PASSED] - verifyElementVisible(findTestObject("Object Repository/KSD/Page_Search Results/a_Relevancy")): Object 'Object Repository/KSD/Page_Search Results/a_Relevancy' is visible

2023-06-30 23:18:07 - [MESSAGE][PASSED] - Object 'Object Repository/KSD/Page_Search Results/a_Relevancy' is visible]]></system-out>
         <system-err><![CDATA[]]></system-err>
      </testcase>
      <testcase name="Test Cases/KDS/TC_05_Cookies_Close" time="15.143" classname="Test Cases/KDS/TC_05_Cookies_Close" status="PASSED">
         <system-out><![CDATA[2023-06-30 23:18:07 - [TEST_CASE][PASSED] - Test Cases/KDS/TC_05_Cookies_Close: Test Cases/KDS/TC_05_Cookies_Close

2023-06-30 23:18:08 - [TEST_STEP][PASSED] - openBrowser(""): Browser is opened with url: ''

2023-06-30 23:18:08 - [MESSAGE][WARNING] - A browser is already opened. Closing browser and opening a new one

2023-06-30 23:18:09 - [MESSAGE][INFO] - Starting 'Firefox' driver

2023-06-30 23:18:09 - [MESSAGE][INFO] - Action delay is set to 0 milliseconds

2023-06-30 23:18:14 - [MESSAGE][PASSED] - Browser is opened with url: ''

2023-06-30 23:18:14 - [TEST_STEP][PASSED] - navigateToUrl("https://www.studiokohler.com/en-us/faqs"): Navigate to 'https://www.studiokohler.com/en-us/faqs' successfully

2023-06-30 23:18:19 - [MESSAGE][PASSED] - Navigate to 'https://www.studiokohler.com/en-us/faqs' successfully

2023-06-30 23:18:19 - [TEST_STEP][PASSED] - maximizeWindow(): Current window maximized

2023-06-30 23:18:19 - [MESSAGE][PASSED] - Current window maximized

2023-06-30 23:18:19 - [TEST_STEP][PASSED] - click(findTestObject("Object Repository/KSD/Page_Product FAQs/div_Cookie PreferencesCookies may be used o_f66e1a")): Object: 'Object Repository/KSD/Page_Product FAQs/div_Cookie PreferencesCookies may be used o_f66e1a' is clicked on

2023-06-30 23:18:21 - [MESSAGE][PASSED] - Object: 'Object Repository/KSD/Page_Product FAQs/div_Cookie PreferencesCookies may be used o_f66e1a' is clicked on

2023-06-30 23:18:21 - [TEST_STEP][PASSED] - verifyElementVisible(findTestObject("Object Repository/KSD/Page_Product FAQs/div_Cookie PreferencesCookies may be used o_f66e1a")): Object 'Object Repository/KSD/Page_Product FAQs/div_Cookie PreferencesCookies may be used o_f66e1a' is visible

2023-06-30 23:18:22 - [MESSAGE][PASSED] - Object 'Object Repository/KSD/Page_Product FAQs/div_Cookie PreferencesCookies may be used o_f66e1a' is visible

2023-06-30 23:18:22 - [TEST_STEP][PASSED] - closeBrowser(): Browser is closed

2023-06-30 23:18:23 - [MESSAGE][PASSED] - Browser is closed]]></system-out>
         <system-err><![CDATA[]]></system-err>
      </testcase>
      <testcase name="Test Cases/KDS/TC_06_Select_Project_Location" time="16.713" classname="Test Cases/KDS/TC_06_Select_Project_Location" status="PASSED">
         <system-out><![CDATA[2023-06-30 23:18:23 - [TEST_CASE][PASSED] - Test Cases/KDS/TC_06_Select_Project_Location: Test Cases/KDS/TC_06_Select_Project_Location

2023-06-30 23:18:23 - [TEST_STEP][PASSED] - openBrowser(""): Browser is opened with url: ''

2023-06-30 23:18:23 - [MESSAGE][INFO] - Starting 'Firefox' driver

2023-06-30 23:18:23 - [MESSAGE][INFO] - Action delay is set to 0 milliseconds

2023-06-30 23:18:28 - [MESSAGE][PASSED] - Browser is opened with url: ''

2023-06-30 23:18:28 - [TEST_STEP][PASSED] - navigateToUrl("https://www.studiokohler.com/en-us/faqs"): Navigate to 'https://www.studiokohler.com/en-us/faqs' successfully

2023-06-30 23:18:32 - [MESSAGE][PASSED] - Navigate to 'https://www.studiokohler.com/en-us/faqs' successfully

2023-06-30 23:18:32 - [TEST_STEP][PASSED] - maximizeWindow(): Current window maximized

2023-06-30 23:18:32 - [MESSAGE][PASSED] - Current window maximized

2023-06-30 23:18:32 - [TEST_STEP][PASSED] - click(findTestObject("Object Repository/KSD/Page_Product FAQs/a_India")): Object: 'Object Repository/KSD/Page_Product FAQs/a_India' is clicked on

2023-06-30 23:18:36 - [MESSAGE][PASSED] - Object: 'Object Repository/KSD/Page_Product FAQs/a_India' is clicked on

2023-06-30 23:18:36 - [TEST_STEP][PASSED] - click(findTestObject("Object Repository/KSD/Page_Product FAQs/div_Select Project LocationDisplays product_9e5542")): Object: 'Object Repository/KSD/Page_Product FAQs/div_Select Project LocationDisplays product_9e5542' is clicked on

2023-06-30 23:18:36 - [MESSAGE][PASSED] - Object: 'Object Repository/KSD/Page_Product FAQs/div_Select Project LocationDisplays product_9e5542' is clicked on

2023-06-30 23:18:36 - [TEST_STEP][PASSED] - verifyElementVisible(findTestObject("Object Repository/KSD/Page_Product FAQs/h1_Select Project Location")): Object 'Object Repository/KSD/Page_Product FAQs/h1_Select Project Location' is visible

2023-06-30 23:18:37 - [MESSAGE][PASSED] - Object 'Object Repository/KSD/Page_Product FAQs/h1_Select Project Location' is visible

2023-06-30 23:18:37 - [TEST_STEP][PASSED] - verifyElementVisible(findTestObject("Object Repository/KSD/Page_Product FAQs/a_Africa")): Object 'Object Repository/KSD/Page_Product FAQs/a_Africa' is visible

2023-06-30 23:18:37 - [MESSAGE][PASSED] - Object 'Object Repository/KSD/Page_Product FAQs/a_Africa' is visible

2023-06-30 23:18:37 - [TEST_STEP][PASSED] - verifyElementVisible(findTestObject("Object Repository/KSD/Page_Product FAQs/a_Americas")): Object 'Object Repository/KSD/Page_Product FAQs/a_Americas' is visible

2023-06-30 23:18:37 - [MESSAGE][PASSED] - Object 'Object Repository/KSD/Page_Product FAQs/a_Americas' is visible

2023-06-30 23:18:37 - [TEST_STEP][PASSED] - verifyElementVisible(findTestObject("Object Repository/KSD/Page_Product FAQs/a_Asia")): Object 'Object Repository/KSD/Page_Product FAQs/a_Asia' is visible

2023-06-30 23:18:38 - [MESSAGE][PASSED] - Object 'Object Repository/KSD/Page_Product FAQs/a_Asia' is visible

2023-06-30 23:18:38 - [TEST_STEP][PASSED] - verifyElementVisible(findTestObject("Object Repository/KSD/Page_Product FAQs/a_Australasia")): Object 'Object Repository/KSD/Page_Product FAQs/a_Australasia' is visible

2023-06-30 23:18:38 - [MESSAGE][PASSED] - Object 'Object Repository/KSD/Page_Product FAQs/a_Australasia' is visible

2023-06-30 23:18:38 - [TEST_STEP][PASSED] - verifyElementVisible(findTestObject("Object Repository/KSD/Page_Product FAQs/a_Europe")): Object 'Object Repository/KSD/Page_Product FAQs/a_Europe' is visible

2023-06-30 23:18:39 - [MESSAGE][PASSED] - Object 'Object Repository/KSD/Page_Product FAQs/a_Europe' is visible

2023-06-30 23:18:39 - [TEST_STEP][PASSED] - verifyElementVisible(findTestObject("Object Repository/KSD/Page_Product FAQs/a_Middle East")): Object 'Object Repository/KSD/Page_Product FAQs/a_Middle East' is visible

2023-06-30 23:18:39 - [MESSAGE][PASSED] - Object 'Object Repository/KSD/Page_Product FAQs/a_Middle East' is visible]]></system-out>
         <system-err><![CDATA[]]></system-err>
      </testcase>
      <testcase name="Test Cases/KDS/TC_07_Check_Africa_Location_List" time="24.626" classname="Test Cases/KDS/TC_07_Check_Africa_Location_List" status="PASSED">
         <system-out><![CDATA[2023-06-30 23:18:39 - [TEST_CASE][PASSED] - Test Cases/KDS/TC_07_Check_Africa_Location_List: Test Cases/KDS/TC_07_Check_Africa_Location_List

2023-06-30 23:18:40 - [TEST_STEP][PASSED] - callTestCase(findTestCase("KDS/TC_06_Select_Project_Location"), [:], STOP_ON_FAILURE): Call Test Case 'Test Cases/KDS/TC_06_Select_Project_Location' successfully

2023-06-30 23:18:40 - [TEST_CASE][PASSED] - Test Cases/KDS/TC_06_Select_Project_Location: Test Cases/KDS/TC_06_Select_Project_Location

2023-06-30 23:18:40 - [TEST_STEP][PASSED] - openBrowser(""): Browser is opened with url: ''

2023-06-30 23:18:40 - [MESSAGE][WARNING] - A browser is already opened. Closing browser and opening a new one

2023-06-30 23:18:41 - [MESSAGE][INFO] - Starting 'Firefox' driver

2023-06-30 23:18:41 - [MESSAGE][INFO] - Action delay is set to 0 milliseconds

2023-06-30 23:18:45 - [MESSAGE][PASSED] - Browser is opened with url: ''

2023-06-30 23:18:45 - [TEST_STEP][PASSED] - navigateToUrl("https://www.studiokohler.com/en-us/faqs"): Navigate to 'https://www.studiokohler.com/en-us/faqs' successfully

2023-06-30 23:18:53 - [MESSAGE][PASSED] - Navigate to 'https://www.studiokohler.com/en-us/faqs' successfully

2023-06-30 23:18:53 - [TEST_STEP][PASSED] - maximizeWindow(): Current window maximized

2023-06-30 23:18:54 - [MESSAGE][PASSED] - Current window maximized

2023-06-30 23:18:54 - [TEST_STEP][PASSED] - click(findTestObject("Object Repository/KSD/Page_Product FAQs/a_India")): Object: 'Object Repository/KSD/Page_Product FAQs/a_India' is clicked on

2023-06-30 23:18:56 - [MESSAGE][PASSED] - Object: 'Object Repository/KSD/Page_Product FAQs/a_India' is clicked on

2023-06-30 23:18:56 - [TEST_STEP][PASSED] - click(findTestObject("Object Repository/KSD/Page_Product FAQs/div_Select Project LocationDisplays product_9e5542")): Object: 'Object Repository/KSD/Page_Product FAQs/div_Select Project LocationDisplays product_9e5542' is clicked on

2023-06-30 23:18:56 - [MESSAGE][PASSED] - Object: 'Object Repository/KSD/Page_Product FAQs/div_Select Project LocationDisplays product_9e5542' is clicked on

2023-06-30 23:18:56 - [TEST_STEP][PASSED] - verifyElementVisible(findTestObject("Object Repository/KSD/Page_Product FAQs/h1_Select Project Location")): Object 'Object Repository/KSD/Page_Product FAQs/h1_Select Project Location' is visible

2023-06-30 23:18:57 - [MESSAGE][PASSED] - Object 'Object Repository/KSD/Page_Product FAQs/h1_Select Project Location' is visible

2023-06-30 23:18:57 - [TEST_STEP][PASSED] - verifyElementVisible(findTestObject("Object Repository/KSD/Page_Product FAQs/a_Africa")): Object 'Object Repository/KSD/Page_Product FAQs/a_Africa' is visible

2023-06-30 23:18:57 - [MESSAGE][PASSED] - Object 'Object Repository/KSD/Page_Product FAQs/a_Africa' is visible

2023-06-30 23:18:57 - [TEST_STEP][PASSED] - verifyElementVisible(findTestObject("Object Repository/KSD/Page_Product FAQs/a_Americas")): Object 'Object Repository/KSD/Page_Product FAQs/a_Americas' is visible

2023-06-30 23:18:57 - [MESSAGE][PASSED] - Object 'Object Repository/KSD/Page_Product FAQs/a_Americas' is visible

2023-06-30 23:18:57 - [TEST_STEP][PASSED] - verifyElementVisible(findTestObject("Object Repository/KSD/Page_Product FAQs/a_Asia")): Object 'Object Repository/KSD/Page_Product FAQs/a_Asia' is visible

2023-06-30 23:18:58 - [MESSAGE][PASSED] - Object 'Object Repository/KSD/Page_Product FAQs/a_Asia' is visible

2023-06-30 23:18:58 - [TEST_STEP][PASSED] - verifyElementVisible(findTestObject("Object Repository/KSD/Page_Product FAQs/a_Australasia")): Object 'Object Repository/KSD/Page_Product FAQs/a_Australasia' is visible

2023-06-30 23:18:58 - [MESSAGE][PASSED] - Object 'Object Repository/KSD/Page_Product FAQs/a_Australasia' is visible

2023-06-30 23:18:58 - [TEST_STEP][PASSED] - verifyElementVisible(findTestObject("Object Repository/KSD/Page_Product FAQs/a_Europe")): Object 'Object Repository/KSD/Page_Product FAQs/a_Europe' is visible

2023-06-30 23:18:58 - [MESSAGE][PASSED] - Object 'Object Repository/KSD/Page_Product FAQs/a_Europe' is visible

2023-06-30 23:18:58 - [TEST_STEP][PASSED] - verifyElementVisible(findTestObject("Object Repository/KSD/Page_Product FAQs/a_Middle East")): Object 'Object Repository/KSD/Page_Product FAQs/a_Middle East' is visible

2023-06-30 23:18:59 - [MESSAGE][PASSED] - Object 'Object Repository/KSD/Page_Product FAQs/a_Middle East' is visible

2023-06-30 23:18:59 - [MESSAGE][PASSED] - Call Test Case 'Test Cases/KDS/TC_06_Select_Project_Location' successfully

2023-06-30 23:18:59 - [TEST_STEP][PASSED] - click(findTestObject("Object Repository/KSD/Page_Product FAQs/a_Africa")): Object: 'Object Repository/KSD/Page_Product FAQs/a_Africa' is clicked on

2023-06-30 23:19:00 - [MESSAGE][PASSED] - Object: 'Object Repository/KSD/Page_Product FAQs/a_Africa' is clicked on

2023-06-30 23:19:00 - [TEST_STEP][PASSED] - verifyElementVisible(findTestObject("Object Repository/KSD/Page_Product FAQs/li_Angola")): Object 'Object Repository/KSD/Page_Product FAQs/li_Angola' is visible

2023-06-30 23:19:01 - [MESSAGE][PASSED] - Object 'Object Repository/KSD/Page_Product FAQs/li_Angola' is visible

2023-06-30 23:19:01 - [TEST_STEP][PASSED] - verifyElementVisible(findTestObject("Object Repository/KSD/Page_Product FAQs/a_Botswana")): Object 'Object Repository/KSD/Page_Product FAQs/a_Botswana' is visible

2023-06-30 23:19:01 - [MESSAGE][PASSED] - Object 'Object Repository/KSD/Page_Product FAQs/a_Botswana' is visible

2023-06-30 23:19:01 - [TEST_STEP][PASSED] - verifyElementVisible(findTestObject("Object Repository/KSD/Page_Product FAQs/a_Cabo Verde")): Object 'Object Repository/KSD/Page_Product FAQs/a_Cabo Verde' is visible

2023-06-30 23:19:02 - [MESSAGE][PASSED] - Object 'Object Repository/KSD/Page_Product FAQs/a_Cabo Verde' is visible

2023-06-30 23:19:02 - [TEST_STEP][PASSED] - verifyElementVisible(findTestObject("Object Repository/KSD/Page_Product FAQs/a_Zambia")): Object 'Object Repository/KSD/Page_Product FAQs/a_Zambia' is visible

2023-06-30 23:19:03 - [MESSAGE][PASSED] - Object 'Object Repository/KSD/Page_Product FAQs/a_Zambia' is visible

2023-06-30 23:19:03 - [TEST_STEP][PASSED] - closeBrowser(): Browser is closed

2023-06-30 23:19:04 - [MESSAGE][PASSED] - Browser is closed]]></system-out>
         <system-err><![CDATA[]]></system-err>
      </testcase>
      <testcase name="Test Cases/KDS/TC_08_Check_AMERICAS_Location_List" time="22.289" classname="Test Cases/KDS/TC_08_Check_AMERICAS_Location_List" status="PASSED">
         <system-out><![CDATA[2023-06-30 23:19:04 - [TEST_CASE][PASSED] - Test Cases/KDS/TC_08_Check_AMERICAS_Location_List: Test Cases/KDS/TC_08_Check_AMERICAS_Location_List

2023-06-30 23:19:05 - [TEST_STEP][PASSED] - callTestCase(findTestCase("KDS/TC_06_Select_Project_Location"), [:], STOP_ON_FAILURE): Call Test Case 'Test Cases/KDS/TC_06_Select_Project_Location' successfully

2023-06-30 23:19:05 - [TEST_CASE][PASSED] - Test Cases/KDS/TC_06_Select_Project_Location: Test Cases/KDS/TC_06_Select_Project_Location

2023-06-30 23:19:05 - [TEST_STEP][PASSED] - openBrowser(""): Browser is opened with url: ''

2023-06-30 23:19:05 - [MESSAGE][INFO] - Starting 'Firefox' driver

2023-06-30 23:19:05 - [MESSAGE][INFO] - Action delay is set to 0 milliseconds

2023-06-30 23:19:11 - [MESSAGE][PASSED] - Browser is opened with url: ''

2023-06-30 23:19:11 - [TEST_STEP][PASSED] - navigateToUrl("https://www.studiokohler.com/en-us/faqs"): Navigate to 'https://www.studiokohler.com/en-us/faqs' successfully

2023-06-30 23:19:17 - [MESSAGE][PASSED] - Navigate to 'https://www.studiokohler.com/en-us/faqs' successfully

2023-06-30 23:19:17 - [TEST_STEP][PASSED] - maximizeWindow(): Current window maximized

2023-06-30 23:19:17 - [MESSAGE][PASSED] - Current window maximized

2023-06-30 23:19:17 - [TEST_STEP][PASSED] - click(findTestObject("Object Repository/KSD/Page_Product FAQs/a_India")): Object: 'Object Repository/KSD/Page_Product FAQs/a_India' is clicked on

2023-06-30 23:19:20 - [MESSAGE][PASSED] - Object: 'Object Repository/KSD/Page_Product FAQs/a_India' is clicked on

2023-06-30 23:19:20 - [TEST_STEP][PASSED] - click(findTestObject("Object Repository/KSD/Page_Product FAQs/div_Select Project LocationDisplays product_9e5542")): Object: 'Object Repository/KSD/Page_Product FAQs/div_Select Project LocationDisplays product_9e5542' is clicked on

2023-06-30 23:19:21 - [MESSAGE][PASSED] - Object: 'Object Repository/KSD/Page_Product FAQs/div_Select Project LocationDisplays product_9e5542' is clicked on

2023-06-30 23:19:21 - [TEST_STEP][PASSED] - verifyElementVisible(findTestObject("Object Repository/KSD/Page_Product FAQs/h1_Select Project Location")): Object 'Object Repository/KSD/Page_Product FAQs/h1_Select Project Location' is visible

2023-06-30 23:19:21 - [MESSAGE][PASSED] - Object 'Object Repository/KSD/Page_Product FAQs/h1_Select Project Location' is visible

2023-06-30 23:19:21 - [TEST_STEP][PASSED] - verifyElementVisible(findTestObject("Object Repository/KSD/Page_Product FAQs/a_Africa")): Object 'Object Repository/KSD/Page_Product FAQs/a_Africa' is visible

2023-06-30 23:19:21 - [MESSAGE][PASSED] - Object 'Object Repository/KSD/Page_Product FAQs/a_Africa' is visible

2023-06-30 23:19:21 - [TEST_STEP][PASSED] - verifyElementVisible(findTestObject("Object Repository/KSD/Page_Product FAQs/a_Americas")): Object 'Object Repository/KSD/Page_Product FAQs/a_Americas' is visible

2023-06-30 23:19:22 - [MESSAGE][PASSED] - Object 'Object Repository/KSD/Page_Product FAQs/a_Americas' is visible

2023-06-30 23:19:22 - [TEST_STEP][PASSED] - verifyElementVisible(findTestObject("Object Repository/KSD/Page_Product FAQs/a_Asia")): Object 'Object Repository/KSD/Page_Product FAQs/a_Asia' is visible

2023-06-30 23:19:22 - [MESSAGE][PASSED] - Object 'Object Repository/KSD/Page_Product FAQs/a_Asia' is visible

2023-06-30 23:19:22 - [TEST_STEP][PASSED] - verifyElementVisible(findTestObject("Object Repository/KSD/Page_Product FAQs/a_Australasia")): Object 'Object Repository/KSD/Page_Product FAQs/a_Australasia' is visible

2023-06-30 23:19:23 - [MESSAGE][PASSED] - Object 'Object Repository/KSD/Page_Product FAQs/a_Australasia' is visible

2023-06-30 23:19:23 - [TEST_STEP][PASSED] - verifyElementVisible(findTestObject("Object Repository/KSD/Page_Product FAQs/a_Europe")): Object 'Object Repository/KSD/Page_Product FAQs/a_Europe' is visible

2023-06-30 23:19:23 - [MESSAGE][PASSED] - Object 'Object Repository/KSD/Page_Product FAQs/a_Europe' is visible

2023-06-30 23:19:23 - [TEST_STEP][PASSED] - verifyElementVisible(findTestObject("Object Repository/KSD/Page_Product FAQs/a_Middle East")): Object 'Object Repository/KSD/Page_Product FAQs/a_Middle East' is visible

2023-06-30 23:19:23 - [MESSAGE][PASSED] - Object 'Object Repository/KSD/Page_Product FAQs/a_Middle East' is visible

2023-06-30 23:19:23 - [MESSAGE][PASSED] - Call Test Case 'Test Cases/KDS/TC_06_Select_Project_Location' successfully

2023-06-30 23:19:23 - [TEST_STEP][PASSED] - click(findTestObject("Object Repository/KSD/Page_Product FAQs/a_Americas")): Object: 'Object Repository/KSD/Page_Product FAQs/a_Americas' is clicked on

2023-06-30 23:19:24 - [MESSAGE][PASSED] - Object: 'Object Repository/KSD/Page_Product FAQs/a_Americas' is clicked on

2023-06-30 23:19:24 - [TEST_STEP][PASSED] - verifyElementVisible(findTestObject("Object Repository/KSD/Page_Product FAQs/li_Antigua and Barbuda")): Object 'Object Repository/KSD/Page_Product FAQs/li_Antigua and Barbuda' is visible

2023-06-30 23:19:25 - [MESSAGE][PASSED] - Object 'Object Repository/KSD/Page_Product FAQs/li_Antigua and Barbuda' is visible

2023-06-30 23:19:25 - [TEST_STEP][PASSED] - verifyElementVisible(findTestObject("Object Repository/KSD/Page_Product FAQs/a_Brazil")): Object 'Object Repository/KSD/Page_Product FAQs/a_Brazil' is visible

2023-06-30 23:19:25 - [MESSAGE][PASSED] - Object 'Object Repository/KSD/Page_Product FAQs/a_Brazil' is visible

2023-06-30 23:19:25 - [TEST_STEP][PASSED] - verifyElementVisible(findTestObject("Object Repository/KSD/Page_Product FAQs/a_Costa Rica")): Object 'Object Repository/KSD/Page_Product FAQs/a_Costa Rica' is visible

2023-06-30 23:19:25 - [MESSAGE][PASSED] - Object 'Object Repository/KSD/Page_Product FAQs/a_Costa Rica' is visible

2023-06-30 23:19:25 - [TEST_STEP][PASSED] - closeBrowser(): Browser is closed

2023-06-30 23:19:26 - [MESSAGE][PASSED] - Browser is closed]]></system-out>
         <system-err><![CDATA[]]></system-err>
      </testcase>
      <testcase name="Test Cases/KDS/TC_09_Check_ASIA_Location_List" time="19.899" classname="Test Cases/KDS/TC_09_Check_ASIA_Location_List" status="PASSED">
         <system-out><![CDATA[2023-06-30 23:19:26 - [TEST_CASE][PASSED] - Test Cases/KDS/TC_09_Check_ASIA_Location_List: Test Cases/KDS/TC_09_Check_ASIA_Location_List

2023-06-30 23:19:27 - [TEST_STEP][PASSED] - callTestCase(findTestCase("KDS/TC_06_Select_Project_Location"), [:], STOP_ON_FAILURE): Call Test Case 'Test Cases/KDS/TC_06_Select_Project_Location' successfully

2023-06-30 23:19:27 - [TEST_CASE][PASSED] - Test Cases/KDS/TC_06_Select_Project_Location: Test Cases/KDS/TC_06_Select_Project_Location

2023-06-30 23:19:27 - [TEST_STEP][PASSED] - openBrowser(""): Browser is opened with url: ''

2023-06-30 23:19:27 - [MESSAGE][INFO] - Starting 'Firefox' driver

2023-06-30 23:19:27 - [MESSAGE][INFO] - Action delay is set to 0 milliseconds

2023-06-30 23:19:31 - [MESSAGE][PASSED] - Browser is opened with url: ''

2023-06-30 23:19:31 - [TEST_STEP][PASSED] - navigateToUrl("https://www.studiokohler.com/en-us/faqs"): Navigate to 'https://www.studiokohler.com/en-us/faqs' successfully

2023-06-30 23:19:38 - [MESSAGE][PASSED] - Navigate to 'https://www.studiokohler.com/en-us/faqs' successfully

2023-06-30 23:19:38 - [TEST_STEP][PASSED] - maximizeWindow(): Current window maximized

2023-06-30 23:19:39 - [MESSAGE][PASSED] - Current window maximized

2023-06-30 23:19:39 - [TEST_STEP][PASSED] - click(findTestObject("Object Repository/KSD/Page_Product FAQs/a_India")): Object: 'Object Repository/KSD/Page_Product FAQs/a_India' is clicked on

2023-06-30 23:19:40 - [MESSAGE][PASSED] - Object: 'Object Repository/KSD/Page_Product FAQs/a_India' is clicked on

2023-06-30 23:19:40 - [TEST_STEP][PASSED] - click(findTestObject("Object Repository/KSD/Page_Product FAQs/div_Select Project LocationDisplays product_9e5542")): Object: 'Object Repository/KSD/Page_Product FAQs/div_Select Project LocationDisplays product_9e5542' is clicked on

2023-06-30 23:19:41 - [MESSAGE][PASSED] - Object: 'Object Repository/KSD/Page_Product FAQs/div_Select Project LocationDisplays product_9e5542' is clicked on

2023-06-30 23:19:41 - [TEST_STEP][PASSED] - verifyElementVisible(findTestObject("Object Repository/KSD/Page_Product FAQs/h1_Select Project Location")): Object 'Object Repository/KSD/Page_Product FAQs/h1_Select Project Location' is visible

2023-06-30 23:19:41 - [MESSAGE][PASSED] - Object 'Object Repository/KSD/Page_Product FAQs/h1_Select Project Location' is visible

2023-06-30 23:19:41 - [TEST_STEP][PASSED] - verifyElementVisible(findTestObject("Object Repository/KSD/Page_Product FAQs/a_Africa")): Object 'Object Repository/KSD/Page_Product FAQs/a_Africa' is visible

2023-06-30 23:19:42 - [MESSAGE][PASSED] - Object 'Object Repository/KSD/Page_Product FAQs/a_Africa' is visible

2023-06-30 23:19:42 - [TEST_STEP][PASSED] - verifyElementVisible(findTestObject("Object Repository/KSD/Page_Product FAQs/a_Americas")): Object 'Object Repository/KSD/Page_Product FAQs/a_Americas' is visible

2023-06-30 23:19:42 - [MESSAGE][PASSED] - Object 'Object Repository/KSD/Page_Product FAQs/a_Americas' is visible

2023-06-30 23:19:42 - [TEST_STEP][PASSED] - verifyElementVisible(findTestObject("Object Repository/KSD/Page_Product FAQs/a_Asia")): Object 'Object Repository/KSD/Page_Product FAQs/a_Asia' is visible

2023-06-30 23:19:43 - [MESSAGE][PASSED] - Object 'Object Repository/KSD/Page_Product FAQs/a_Asia' is visible

2023-06-30 23:19:43 - [TEST_STEP][PASSED] - verifyElementVisible(findTestObject("Object Repository/KSD/Page_Product FAQs/a_Australasia")): Object 'Object Repository/KSD/Page_Product FAQs/a_Australasia' is visible

2023-06-30 23:19:43 - [MESSAGE][PASSED] - Object 'Object Repository/KSD/Page_Product FAQs/a_Australasia' is visible

2023-06-30 23:19:43 - [TEST_STEP][PASSED] - verifyElementVisible(findTestObject("Object Repository/KSD/Page_Product FAQs/a_Europe")): Object 'Object Repository/KSD/Page_Product FAQs/a_Europe' is visible

2023-06-30 23:19:44 - [MESSAGE][PASSED] - Object 'Object Repository/KSD/Page_Product FAQs/a_Europe' is visible

2023-06-30 23:19:44 - [TEST_STEP][PASSED] - verifyElementVisible(findTestObject("Object Repository/KSD/Page_Product FAQs/a_Middle East")): Object 'Object Repository/KSD/Page_Product FAQs/a_Middle East' is visible

2023-06-30 23:19:44 - [MESSAGE][PASSED] - Object 'Object Repository/KSD/Page_Product FAQs/a_Middle East' is visible

2023-06-30 23:19:44 - [MESSAGE][PASSED] - Call Test Case 'Test Cases/KDS/TC_06_Select_Project_Location' successfully

2023-06-30 23:19:44 - [TEST_STEP][PASSED] - click(findTestObject("Object Repository/KSD/Page_Product FAQs/a_Asia")): Object: 'Object Repository/KSD/Page_Product FAQs/a_Asia' is clicked on

2023-06-30 23:19:45 - [MESSAGE][PASSED] - Object: 'Object Repository/KSD/Page_Product FAQs/a_Asia' is clicked on

2023-06-30 23:19:45 - [TEST_STEP][PASSED] - verifyElementVisible(findTestObject("Object Repository/KSD/Page_Product FAQs/a_Bangladesh")): Object 'Object Repository/KSD/Page_Product FAQs/a_Bangladesh' is visible

2023-06-30 23:19:45 - [MESSAGE][PASSED] - Object 'Object Repository/KSD/Page_Product FAQs/a_Bangladesh' is visible

2023-06-30 23:19:45 - [TEST_STEP][PASSED] - verifyElementVisible(findTestObject("Object Repository/KSD/Page_Product FAQs/a_Hong Kong, China")): Object 'Object Repository/KSD/Page_Product FAQs/a_Hong Kong, China' is visible

2023-06-30 23:19:45 - [MESSAGE][PASSED] - Object 'Object Repository/KSD/Page_Product FAQs/a_Hong Kong, China' is visible

2023-06-30 23:19:45 - [TEST_STEP][PASSED] - closeBrowser(): Browser is closed

2023-06-30 23:19:46 - [MESSAGE][PASSED] - Browser is closed]]></system-out>
         <system-err><![CDATA[]]></system-err>
      </testcase>
      <testcase name="Test Cases/KDS/TC_10_Check_AUSTRALASIA_Location_List" time="19.481" classname="Test Cases/KDS/TC_10_Check_AUSTRALASIA_Location_List" status="PASSED">
         <system-out><![CDATA[2023-06-30 23:19:46 - [TEST_CASE][PASSED] - Test Cases/KDS/TC_10_Check_AUSTRALASIA_Location_List: Test Cases/KDS/TC_10_Check_AUSTRALASIA_Location_List

2023-06-30 23:19:47 - [TEST_STEP][PASSED] - callTestCase(findTestCase("KDS/TC_06_Select_Project_Location"), [:], STOP_ON_FAILURE): Call Test Case 'Test Cases/KDS/TC_06_Select_Project_Location' successfully

2023-06-30 23:19:47 - [TEST_CASE][PASSED] - Test Cases/KDS/TC_06_Select_Project_Location: Test Cases/KDS/TC_06_Select_Project_Location

2023-06-30 23:19:47 - [TEST_STEP][PASSED] - openBrowser(""): Browser is opened with url: ''

2023-06-30 23:19:47 - [MESSAGE][INFO] - Starting 'Firefox' driver

2023-06-30 23:19:47 - [MESSAGE][INFO] - Action delay is set to 0 milliseconds

2023-06-30 23:19:51 - [MESSAGE][PASSED] - Browser is opened with url: ''

2023-06-30 23:19:51 - [TEST_STEP][PASSED] - navigateToUrl("https://www.studiokohler.com/en-us/faqs"): Navigate to 'https://www.studiokohler.com/en-us/faqs' successfully

2023-06-30 23:19:55 - [MESSAGE][PASSED] - Navigate to 'https://www.studiokohler.com/en-us/faqs' successfully

2023-06-30 23:19:55 - [TEST_STEP][PASSED] - maximizeWindow(): Current window maximized

2023-06-30 23:19:56 - [MESSAGE][PASSED] - Current window maximized

2023-06-30 23:19:56 - [TEST_STEP][PASSED] - click(findTestObject("Object Repository/KSD/Page_Product FAQs/a_India")): Object: 'Object Repository/KSD/Page_Product FAQs/a_India' is clicked on

2023-06-30 23:19:59 - [MESSAGE][PASSED] - Object: 'Object Repository/KSD/Page_Product FAQs/a_India' is clicked on

2023-06-30 23:19:59 - [TEST_STEP][PASSED] - click(findTestObject("Object Repository/KSD/Page_Product FAQs/div_Select Project LocationDisplays product_9e5542")): Object: 'Object Repository/KSD/Page_Product FAQs/div_Select Project LocationDisplays product_9e5542' is clicked on

2023-06-30 23:20:00 - [MESSAGE][PASSED] - Object: 'Object Repository/KSD/Page_Product FAQs/div_Select Project LocationDisplays product_9e5542' is clicked on

2023-06-30 23:20:00 - [TEST_STEP][PASSED] - verifyElementVisible(findTestObject("Object Repository/KSD/Page_Product FAQs/h1_Select Project Location")): Object 'Object Repository/KSD/Page_Product FAQs/h1_Select Project Location' is visible

2023-06-30 23:20:01 - [MESSAGE][PASSED] - Object 'Object Repository/KSD/Page_Product FAQs/h1_Select Project Location' is visible

2023-06-30 23:20:01 - [TEST_STEP][PASSED] - verifyElementVisible(findTestObject("Object Repository/KSD/Page_Product FAQs/a_Africa")): Object 'Object Repository/KSD/Page_Product FAQs/a_Africa' is visible

2023-06-30 23:20:01 - [MESSAGE][PASSED] - Object 'Object Repository/KSD/Page_Product FAQs/a_Africa' is visible

2023-06-30 23:20:01 - [TEST_STEP][PASSED] - verifyElementVisible(findTestObject("Object Repository/KSD/Page_Product FAQs/a_Americas")): Object 'Object Repository/KSD/Page_Product FAQs/a_Americas' is visible

2023-06-30 23:20:02 - [MESSAGE][PASSED] - Object 'Object Repository/KSD/Page_Product FAQs/a_Americas' is visible

2023-06-30 23:20:02 - [TEST_STEP][PASSED] - verifyElementVisible(findTestObject("Object Repository/KSD/Page_Product FAQs/a_Asia")): Object 'Object Repository/KSD/Page_Product FAQs/a_Asia' is visible

2023-06-30 23:20:02 - [MESSAGE][PASSED] - Object 'Object Repository/KSD/Page_Product FAQs/a_Asia' is visible

2023-06-30 23:20:02 - [TEST_STEP][PASSED] - verifyElementVisible(findTestObject("Object Repository/KSD/Page_Product FAQs/a_Australasia")): Object 'Object Repository/KSD/Page_Product FAQs/a_Australasia' is visible

2023-06-30 23:20:03 - [MESSAGE][PASSED] - Object 'Object Repository/KSD/Page_Product FAQs/a_Australasia' is visible

2023-06-30 23:20:03 - [TEST_STEP][PASSED] - verifyElementVisible(findTestObject("Object Repository/KSD/Page_Product FAQs/a_Europe")): Object 'Object Repository/KSD/Page_Product FAQs/a_Europe' is visible

2023-06-30 23:20:03 - [MESSAGE][PASSED] - Object 'Object Repository/KSD/Page_Product FAQs/a_Europe' is visible

2023-06-30 23:20:03 - [TEST_STEP][PASSED] - verifyElementVisible(findTestObject("Object Repository/KSD/Page_Product FAQs/a_Middle East")): Object 'Object Repository/KSD/Page_Product FAQs/a_Middle East' is visible

2023-06-30 23:20:03 - [MESSAGE][PASSED] - Object 'Object Repository/KSD/Page_Product FAQs/a_Middle East' is visible

2023-06-30 23:20:03 - [MESSAGE][PASSED] - Call Test Case 'Test Cases/KDS/TC_06_Select_Project_Location' successfully

2023-06-30 23:20:03 - [TEST_STEP][PASSED] - click(findTestObject("Object Repository/KSD/Page_Product FAQs/a_Australasia")): Object: 'Object Repository/KSD/Page_Product FAQs/a_Australasia' is clicked on

2023-06-30 23:20:04 - [MESSAGE][PASSED] - Object: 'Object Repository/KSD/Page_Product FAQs/a_Australasia' is clicked on

2023-06-30 23:20:04 - [TEST_STEP][PASSED] - verifyElementVisible(findTestObject("Object Repository/KSD/Page_Product FAQs/a_Australia")): Object 'Object Repository/KSD/Page_Product FAQs/a_Australia' is visible

2023-06-30 23:20:04 - [MESSAGE][PASSED] - Object 'Object Repository/KSD/Page_Product FAQs/a_Australia' is visible

2023-06-30 23:20:04 - [TEST_STEP][PASSED] - verifyElementVisible(findTestObject("Object Repository/KSD/Page_Product FAQs/a_Fiji")): Object 'Object Repository/KSD/Page_Product FAQs/a_Fiji' is visible

2023-06-30 23:20:05 - [MESSAGE][PASSED] - Object 'Object Repository/KSD/Page_Product FAQs/a_Fiji' is visible

2023-06-30 23:20:05 - [TEST_STEP][PASSED] - verifyElementVisible(findTestObject("Object Repository/KSD/Page_Product FAQs/a_New Zealand")): Object 'Object Repository/KSD/Page_Product FAQs/a_New Zealand' is visible

2023-06-30 23:20:05 - [MESSAGE][PASSED] - Object 'Object Repository/KSD/Page_Product FAQs/a_New Zealand' is visible

2023-06-30 23:20:05 - [TEST_STEP][PASSED] - closeBrowser(): Browser is closed

2023-06-30 23:20:06 - [MESSAGE][PASSED] - Browser is closed]]></system-out>
         <system-err><![CDATA[]]></system-err>
      </testcase>
      <testcase name="Test Cases/KDS/TC_11_Check_EUROPE_Location_List" time="18.599" classname="Test Cases/KDS/TC_11_Check_EUROPE_Location_List" status="PASSED">
         <system-out><![CDATA[2023-06-30 23:20:06 - [TEST_CASE][PASSED] - Test Cases/KDS/TC_11_Check_EUROPE_Location_List: Test Cases/KDS/TC_11_Check_EUROPE_Location_List

2023-06-30 23:20:06 - [TEST_STEP][PASSED] - callTestCase(findTestCase("KDS/TC_06_Select_Project_Location"), [:], STOP_ON_FAILURE): Call Test Case 'Test Cases/KDS/TC_06_Select_Project_Location' successfully

2023-06-30 23:20:06 - [TEST_CASE][PASSED] - Test Cases/KDS/TC_06_Select_Project_Location: Test Cases/KDS/TC_06_Select_Project_Location

2023-06-30 23:20:06 - [TEST_STEP][PASSED] - openBrowser(""): Browser is opened with url: ''

2023-06-30 23:20:06 - [MESSAGE][INFO] - Starting 'Firefox' driver

2023-06-30 23:20:06 - [MESSAGE][INFO] - Action delay is set to 0 milliseconds

2023-06-30 23:20:11 - [MESSAGE][PASSED] - Browser is opened with url: ''

2023-06-30 23:20:11 - [TEST_STEP][PASSED] - navigateToUrl("https://www.studiokohler.com/en-us/faqs"): Navigate to 'https://www.studiokohler.com/en-us/faqs' successfully

2023-06-30 23:20:16 - [MESSAGE][PASSED] - Navigate to 'https://www.studiokohler.com/en-us/faqs' successfully

2023-06-30 23:20:16 - [TEST_STEP][PASSED] - maximizeWindow(): Current window maximized

2023-06-30 23:20:16 - [MESSAGE][PASSED] - Current window maximized

2023-06-30 23:20:16 - [TEST_STEP][PASSED] - click(findTestObject("Object Repository/KSD/Page_Product FAQs/a_India")): Object: 'Object Repository/KSD/Page_Product FAQs/a_India' is clicked on

2023-06-30 23:20:19 - [MESSAGE][PASSED] - Object: 'Object Repository/KSD/Page_Product FAQs/a_India' is clicked on

2023-06-30 23:20:19 - [TEST_STEP][PASSED] - click(findTestObject("Object Repository/KSD/Page_Product FAQs/div_Select Project LocationDisplays product_9e5542")): Object: 'Object Repository/KSD/Page_Product FAQs/div_Select Project LocationDisplays product_9e5542' is clicked on

2023-06-30 23:20:20 - [MESSAGE][PASSED] - Object: 'Object Repository/KSD/Page_Product FAQs/div_Select Project LocationDisplays product_9e5542' is clicked on

2023-06-30 23:20:20 - [TEST_STEP][PASSED] - verifyElementVisible(findTestObject("Object Repository/KSD/Page_Product FAQs/h1_Select Project Location")): Object 'Object Repository/KSD/Page_Product FAQs/h1_Select Project Location' is visible

2023-06-30 23:20:20 - [MESSAGE][PASSED] - Object 'Object Repository/KSD/Page_Product FAQs/h1_Select Project Location' is visible

2023-06-30 23:20:20 - [TEST_STEP][PASSED] - verifyElementVisible(findTestObject("Object Repository/KSD/Page_Product FAQs/a_Africa")): Object 'Object Repository/KSD/Page_Product FAQs/a_Africa' is visible

2023-06-30 23:20:21 - [MESSAGE][PASSED] - Object 'Object Repository/KSD/Page_Product FAQs/a_Africa' is visible

2023-06-30 23:20:21 - [TEST_STEP][PASSED] - verifyElementVisible(findTestObject("Object Repository/KSD/Page_Product FAQs/a_Americas")): Object 'Object Repository/KSD/Page_Product FAQs/a_Americas' is visible

2023-06-30 23:20:21 - [MESSAGE][PASSED] - Object 'Object Repository/KSD/Page_Product FAQs/a_Americas' is visible

2023-06-30 23:20:21 - [TEST_STEP][PASSED] - verifyElementVisible(findTestObject("Object Repository/KSD/Page_Product FAQs/a_Asia")): Object 'Object Repository/KSD/Page_Product FAQs/a_Asia' is visible

2023-06-30 23:20:21 - [MESSAGE][PASSED] - Object 'Object Repository/KSD/Page_Product FAQs/a_Asia' is visible

2023-06-30 23:20:21 - [TEST_STEP][PASSED] - verifyElementVisible(findTestObject("Object Repository/KSD/Page_Product FAQs/a_Australasia")): Object 'Object Repository/KSD/Page_Product FAQs/a_Australasia' is visible

2023-06-30 23:20:22 - [MESSAGE][PASSED] - Object 'Object Repository/KSD/Page_Product FAQs/a_Australasia' is visible

2023-06-30 23:20:22 - [TEST_STEP][PASSED] - verifyElementVisible(findTestObject("Object Repository/KSD/Page_Product FAQs/a_Europe")): Object 'Object Repository/KSD/Page_Product FAQs/a_Europe' is visible

2023-06-30 23:20:22 - [MESSAGE][PASSED] - Object 'Object Repository/KSD/Page_Product FAQs/a_Europe' is visible

2023-06-30 23:20:22 - [TEST_STEP][PASSED] - verifyElementVisible(findTestObject("Object Repository/KSD/Page_Product FAQs/a_Middle East")): Object 'Object Repository/KSD/Page_Product FAQs/a_Middle East' is visible

2023-06-30 23:20:22 - [MESSAGE][PASSED] - Object 'Object Repository/KSD/Page_Product FAQs/a_Middle East' is visible

2023-06-30 23:20:22 - [MESSAGE][PASSED] - Call Test Case 'Test Cases/KDS/TC_06_Select_Project_Location' successfully

2023-06-30 23:20:22 - [TEST_STEP][PASSED] - click(findTestObject("Object Repository/KSD/Page_Product FAQs/a_Europe")): Object: 'Object Repository/KSD/Page_Product FAQs/a_Europe' is clicked on

2023-06-30 23:20:23 - [MESSAGE][PASSED] - Object: 'Object Repository/KSD/Page_Product FAQs/a_Europe' is clicked on

2023-06-30 23:20:23 - [TEST_STEP][PASSED] - verifyElementVisible(findTestObject("Object Repository/KSD/Page_Product FAQs/a_United Kingdom")): Object 'Object Repository/KSD/Page_Product FAQs/a_United Kingdom' is visible

2023-06-30 23:20:23 - [MESSAGE][PASSED] - Object 'Object Repository/KSD/Page_Product FAQs/a_United Kingdom' is visible

2023-06-30 23:20:23 - [TEST_STEP][PASSED] - closeBrowser(): Browser is closed

2023-06-30 23:20:24 - [MESSAGE][PASSED] - Browser is closed]]></system-out>
         <system-err><![CDATA[]]></system-err>
      </testcase>
      <testcase name="Test Cases/KDS/TC_12_Check_MIDDLE EAST_Location_List" time="22.243" classname="Test Cases/KDS/TC_12_Check_MIDDLE EAST_Location_List" status="PASSED">
         <system-out><![CDATA[2023-06-30 23:20:24 - [TEST_CASE][PASSED] - Test Cases/KDS/TC_12_Check_MIDDLE EAST_Location_List: Test Cases/KDS/TC_12_Check_MIDDLE EAST_Location_List

2023-06-30 23:20:25 - [TEST_STEP][PASSED] - callTestCase(findTestCase("KDS/TC_06_Select_Project_Location"), [:], STOP_ON_FAILURE): Call Test Case 'Test Cases/KDS/TC_06_Select_Project_Location' successfully

2023-06-30 23:20:25 - [TEST_CASE][PASSED] - Test Cases/KDS/TC_06_Select_Project_Location: Test Cases/KDS/TC_06_Select_Project_Location

2023-06-30 23:20:25 - [TEST_STEP][PASSED] - openBrowser(""): Browser is opened with url: ''

2023-06-30 23:20:25 - [MESSAGE][INFO] - Starting 'Firefox' driver

2023-06-30 23:20:25 - [MESSAGE][INFO] - Action delay is set to 0 milliseconds

2023-06-30 23:20:30 - [MESSAGE][PASSED] - Browser is opened with url: ''

2023-06-30 23:20:30 - [TEST_STEP][PASSED] - navigateToUrl("https://www.studiokohler.com/en-us/faqs"): Navigate to 'https://www.studiokohler.com/en-us/faqs' successfully

2023-06-30 23:20:35 - [MESSAGE][PASSED] - Navigate to 'https://www.studiokohler.com/en-us/faqs' successfully

2023-06-30 23:20:35 - [TEST_STEP][PASSED] - maximizeWindow(): Current window maximized

2023-06-30 23:20:35 - [MESSAGE][PASSED] - Current window maximized

2023-06-30 23:20:35 - [TEST_STEP][PASSED] - click(findTestObject("Object Repository/KSD/Page_Product FAQs/a_India")): Object: 'Object Repository/KSD/Page_Product FAQs/a_India' is clicked on

2023-06-30 23:20:38 - [MESSAGE][PASSED] - Object: 'Object Repository/KSD/Page_Product FAQs/a_India' is clicked on

2023-06-30 23:20:38 - [TEST_STEP][PASSED] - click(findTestObject("Object Repository/KSD/Page_Product FAQs/div_Select Project LocationDisplays product_9e5542")): Object: 'Object Repository/KSD/Page_Product FAQs/div_Select Project LocationDisplays product_9e5542' is clicked on

2023-06-30 23:20:39 - [MESSAGE][PASSED] - Object: 'Object Repository/KSD/Page_Product FAQs/div_Select Project LocationDisplays product_9e5542' is clicked on

2023-06-30 23:20:39 - [TEST_STEP][PASSED] - verifyElementVisible(findTestObject("Object Repository/KSD/Page_Product FAQs/h1_Select Project Location")): Object 'Object Repository/KSD/Page_Product FAQs/h1_Select Project Location' is visible

2023-06-30 23:20:40 - [MESSAGE][PASSED] - Object 'Object Repository/KSD/Page_Product FAQs/h1_Select Project Location' is visible

2023-06-30 23:20:40 - [TEST_STEP][PASSED] - verifyElementVisible(findTestObject("Object Repository/KSD/Page_Product FAQs/a_Africa")): Object 'Object Repository/KSD/Page_Product FAQs/a_Africa' is visible

2023-06-30 23:20:40 - [MESSAGE][PASSED] - Object 'Object Repository/KSD/Page_Product FAQs/a_Africa' is visible

2023-06-30 23:20:40 - [TEST_STEP][PASSED] - verifyElementVisible(findTestObject("Object Repository/KSD/Page_Product FAQs/a_Americas")): Object 'Object Repository/KSD/Page_Product FAQs/a_Americas' is visible

2023-06-30 23:20:41 - [MESSAGE][PASSED] - Object 'Object Repository/KSD/Page_Product FAQs/a_Americas' is visible

2023-06-30 23:20:41 - [TEST_STEP][PASSED] - verifyElementVisible(findTestObject("Object Repository/KSD/Page_Product FAQs/a_Asia")): Object 'Object Repository/KSD/Page_Product FAQs/a_Asia' is visible

2023-06-30 23:20:41 - [MESSAGE][PASSED] - Object 'Object Repository/KSD/Page_Product FAQs/a_Asia' is visible

2023-06-30 23:20:41 - [TEST_STEP][PASSED] - verifyElementVisible(findTestObject("Object Repository/KSD/Page_Product FAQs/a_Australasia")): Object 'Object Repository/KSD/Page_Product FAQs/a_Australasia' is visible

2023-06-30 23:20:41 - [MESSAGE][PASSED] - Object 'Object Repository/KSD/Page_Product FAQs/a_Australasia' is visible

2023-06-30 23:20:41 - [TEST_STEP][PASSED] - verifyElementVisible(findTestObject("Object Repository/KSD/Page_Product FAQs/a_Europe")): Object 'Object Repository/KSD/Page_Product FAQs/a_Europe' is visible

2023-06-30 23:20:42 - [MESSAGE][PASSED] - Object 'Object Repository/KSD/Page_Product FAQs/a_Europe' is visible

2023-06-30 23:20:42 - [TEST_STEP][PASSED] - verifyElementVisible(findTestObject("Object Repository/KSD/Page_Product FAQs/a_Middle East")): Object 'Object Repository/KSD/Page_Product FAQs/a_Middle East' is visible

2023-06-30 23:20:42 - [MESSAGE][PASSED] - Object 'Object Repository/KSD/Page_Product FAQs/a_Middle East' is visible

2023-06-30 23:20:42 - [MESSAGE][PASSED] - Call Test Case 'Test Cases/KDS/TC_06_Select_Project_Location' successfully

2023-06-30 23:20:42 - [TEST_STEP][PASSED] - click(findTestObject("Object Repository/KSD/Page_Product FAQs/a_Middle East")): Object: 'Object Repository/KSD/Page_Product FAQs/a_Middle East' is clicked on

2023-06-30 23:20:43 - [MESSAGE][PASSED] - Object: 'Object Repository/KSD/Page_Product FAQs/a_Middle East' is clicked on

2023-06-30 23:20:43 - [TEST_STEP][PASSED] - rightClick(findTestObject("Object Repository/KSD/Page_Product FAQs/a_Bahrain")): Object: 'Object Repository/KSD/Page_Product FAQs/a_Bahrain' is right clicked on

2023-06-30 23:20:44 - [MESSAGE][PASSED] - Object: 'Object Repository/KSD/Page_Product FAQs/a_Bahrain' is right clicked on

2023-06-30 23:20:44 - [TEST_STEP][PASSED] - verifyElementVisible(findTestObject("Object Repository/KSD/Page_Product FAQs/a_Bahrain")): Object 'Object Repository/KSD/Page_Product FAQs/a_Bahrain' is visible

2023-06-30 23:20:45 - [MESSAGE][PASSED] - Object 'Object Repository/KSD/Page_Product FAQs/a_Bahrain' is visible

2023-06-30 23:20:45 - [TEST_STEP][PASSED] - verifyElementVisible(findTestObject("Object Repository/KSD/Page_Product FAQs/a_Kuwait")): Object 'Object Repository/KSD/Page_Product FAQs/a_Kuwait' is visible

2023-06-30 23:20:45 - [MESSAGE][PASSED] - Object 'Object Repository/KSD/Page_Product FAQs/a_Kuwait' is visible

2023-06-30 23:20:45 - [TEST_STEP][PASSED] - verifyElementVisible(findTestObject("Object Repository/KSD/Page_Product FAQs/a_United Arab Emirates")): Object 'Object Repository/KSD/Page_Product FAQs/a_United Arab Emirates' is visible

2023-06-30 23:20:46 - [MESSAGE][PASSED] - Object 'Object Repository/KSD/Page_Product FAQs/a_United Arab Emirates' is visible

2023-06-30 23:20:46 - [TEST_STEP][PASSED] - closeBrowser(): Browser is closed

2023-06-30 23:20:47 - [MESSAGE][PASSED] - Browser is closed]]></system-out>
         <system-err><![CDATA[]]></system-err>
      </testcase>
      <testcase name="Test Cases/KDS/TC_13_Check_Create_New_Folder" time="44.474" classname="Test Cases/KDS/TC_13_Check_Create_New_Folder" status="PASSED">
         <system-out><![CDATA[2023-06-30 23:20:47 - [TEST_CASE][PASSED] - Test Cases/KDS/TC_13_Check_Create_New_Folder: Test Cases/KDS/TC_13_Check_Create_New_Folder

2023-06-30 23:20:47 - [TEST_STEP][PASSED] - callTestCase(findTestCase("KDS/TC_01_Login"), [:], STOP_ON_FAILURE): Call Test Case 'Test Cases/KDS/TC_01_Login' successfully

2023-06-30 23:20:47 - [TEST_CASE][PASSED] - Test Cases/KDS/TC_01_Login: Test Cases/KDS/TC_01_Login

2023-06-30 23:20:47 - [TEST_STEP][PASSED] - openBrowser(""): Browser is opened with url: ''

2023-06-30 23:20:47 - [MESSAGE][INFO] - Starting 'Firefox' driver

2023-06-30 23:20:47 - [MESSAGE][INFO] - Action delay is set to 0 milliseconds

2023-06-30 23:20:52 - [MESSAGE][PASSED] - Browser is opened with url: ''

2023-06-30 23:20:52 - [TEST_STEP][PASSED] - navigateToUrl("https://www.studiokohler.com/en-us/faqs"): Navigate to 'https://www.studiokohler.com/en-us/faqs' successfully

2023-06-30 23:20:58 - [MESSAGE][PASSED] - Navigate to 'https://www.studiokohler.com/en-us/faqs' successfully

2023-06-30 23:20:58 - [TEST_STEP][PASSED] - maximizeWindow(): Current window maximized

2023-06-30 23:20:58 - [MESSAGE][PASSED] - Current window maximized

2023-06-30 23:20:58 - [TEST_STEP][PASSED] - click(findTestObject("Object Repository/KSD/Page_Product FAQs/i_OK_fal fa-user")): Object: 'Object Repository/KSD/Page_Product FAQs/i_OK_fal fa-user' is clicked on

2023-06-30 23:21:01 - [MESSAGE][PASSED] - Object: 'Object Repository/KSD/Page_Product FAQs/i_OK_fal fa-user' is clicked on

2023-06-30 23:21:01 - [TEST_STEP][PASSED] - setText(findTestObject("Object Repository/KSD/Page_Product FAQs/input_E-mail Address_nav-user-email"), "Bhushan.borse@kohler.com"): Text 'Bhushan.borse@kohler.com' is set on object 'Object Repository/KSD/Page_Product FAQs/input_E-mail Address_nav-user-email'

2023-06-30 23:21:02 - [MESSAGE][PASSED] - Text 'Bhushan.borse@kohler.com' is set on object 'Object Repository/KSD/Page_Product FAQs/input_E-mail Address_nav-user-email'

2023-06-30 23:21:02 - [TEST_STEP][PASSED] - setEncryptedText(findTestObject("Object Repository/KSD/Page_Product FAQs/input_Password_nav-user-password"), "UkTT/T5uWxEyt5z+WbCT2w=="): Text ****** has been set on object 'Object Repository/KSD/Page_Product FAQs/input_Password_nav-user-password'

2023-06-30 23:21:03 - [MESSAGE][PASSED] - Text ****** has been set on object 'Object Repository/KSD/Page_Product FAQs/input_Password_nav-user-password'

2023-06-30 23:21:03 - [TEST_STEP][PASSED] - click(findTestObject("Object Repository/KSD/Page_Product FAQs/button_Sign In")): Object: 'Object Repository/KSD/Page_Product FAQs/button_Sign In' is clicked on

2023-06-30 23:21:04 - [MESSAGE][PASSED] - Object: 'Object Repository/KSD/Page_Product FAQs/button_Sign In' is clicked on

2023-06-30 23:21:04 - [TEST_STEP][PASSED] - verifyElementVisible(findTestObject("Object Repository/KSD/Page_Product FAQs/a_Bhushan")): Object 'Object Repository/KSD/Page_Product FAQs/a_Bhushan' is visible

2023-06-30 23:21:12 - [MESSAGE][PASSED] - Object 'Object Repository/KSD/Page_Product FAQs/a_Bhushan' is visible

2023-06-30 23:21:12 - [MESSAGE][PASSED] - Call Test Case 'Test Cases/KDS/TC_01_Login' successfully

2023-06-30 23:21:12 - [TEST_STEP][PASSED] - click(findTestObject("KSD/Page_Product FAQs/button_Accept All Cookies")): Object: 'Object Repository/KSD/Page_Product FAQs/button_Accept All Cookies' is clicked on

2023-06-30 23:21:13 - [MESSAGE][PASSED] - Object: 'Object Repository/KSD/Page_Product FAQs/button_Accept All Cookies' is clicked on

2023-06-30 23:21:13 - [TEST_STEP][PASSED] - click(findTestObject("Object Repository/KSD/Page_Project Folder Landing Page/Page_Product FAQs/i_OK_fal fa-folder")): Object: 'Object Repository/KSD/Page_Project Folder Landing Page/Page_Product FAQs/i_OK_fal fa-folder' is clicked on

2023-06-30 23:21:20 - [MESSAGE][PASSED] - Object: 'Object Repository/KSD/Page_Project Folder Landing Page/Page_Product FAQs/i_OK_fal fa-folder' is clicked on

2023-06-30 23:21:20 - [TEST_STEP][PASSED] - scrollToElement(findTestObject("Object Repository/KSD/Page_Project Folder Landing Page/Page_Project Folder Landing Page/h2_Create new folder"), 0): Scroll to object 'Object Repository/KSD/Page_Project Folder Landing Page/Page_Project Folder Landing Page/h2_Create new folder' successfully

2023-06-30 23:21:20 - [MESSAGE][WARNING] - Timeout '0' is invalid. Using default page load timeout: '30'

2023-06-30 23:21:21 - [MESSAGE][PASSED] - Scroll to object 'Object Repository/KSD/Page_Project Folder Landing Page/Page_Project Folder Landing Page/h2_Create new folder' successfully

2023-06-30 23:21:21 - [TEST_STEP][PASSED] - click(findTestObject("Object Repository/KSD/Page_Project Folder Landing Page/Page_Project Folder Landing Page/h2_Create new folder")): Object: 'Object Repository/KSD/Page_Project Folder Landing Page/Page_Project Folder Landing Page/h2_Create new folder' is clicked on

2023-06-30 23:21:22 - [MESSAGE][PASSED] - Object: 'Object Repository/KSD/Page_Project Folder Landing Page/Page_Project Folder Landing Page/h2_Create new folder' is clicked on

2023-06-30 23:21:22 - [TEST_STEP][PASSED] - setText(findTestObject("Object Repository/KSD/Page_Project Folder Landing Page/Page_Project Folder Landing Page/input_Folder Name_create-folder-name"), "test folder"): Text 'test folder' is set on object 'Object Repository/KSD/Page_Project Folder Landing Page/Page_Project Folder Landing Page/input_Folder Name_create-folder-name'

2023-06-30 23:21:23 - [MESSAGE][PASSED] - Text 'test folder' is set on object 'Object Repository/KSD/Page_Project Folder Landing Page/Page_Project Folder Landing Page/input_Folder Name_create-folder-name'

2023-06-30 23:21:23 - [TEST_STEP][PASSED] - setText(findTestObject("Object Repository/KSD/Page_Project Folder Landing Page/Page_Project Folder Landing Page/textarea_Project Folder Details_create-note"), "test folder Description"): Text 'test folder Description' is set on object 'Object Repository/KSD/Page_Project Folder Landing Page/Page_Project Folder Landing Page/textarea_Project Folder Details_create-note'

2023-06-30 23:21:24 - [MESSAGE][PASSED] - Text 'test folder Description' is set on object 'Object Repository/KSD/Page_Project Folder Landing Page/Page_Project Folder Landing Page/textarea_Project Folder Details_create-note'

2023-06-30 23:21:24 - [TEST_STEP][PASSED] - click(findTestObject("Object Repository/KSD/Page_Project Folder Landing Page/Page_Project Folder Landing Page/button_Create Folder")): Object: 'Object Repository/KSD/Page_Project Folder Landing Page/Page_Project Folder Landing Page/button_Create Folder' is clicked on

2023-06-30 23:21:25 - [MESSAGE][PASSED] - Object: 'Object Repository/KSD/Page_Project Folder Landing Page/Page_Project Folder Landing Page/button_Create Folder' is clicked on

2023-06-30 23:21:25 - [TEST_STEP][PASSED] - verifyElementVisible(findTestObject("Object Repository/KSD/Page_Project Folder Landing Page/Page_Project Folder Landing Page/h2_test folder")): Object 'Object Repository/KSD/Page_Project Folder Landing Page/Page_Project Folder Landing Page/h2_test folder' is visible

2023-06-30 23:21:27 - [MESSAGE][PASSED] - Object 'Object Repository/KSD/Page_Project Folder Landing Page/Page_Project Folder Landing Page/h2_test folder' is visible

2023-06-30 23:21:27 - [TEST_STEP][PASSED] - click(findTestObject("Object Repository/KSD/Page_Project Folder Landing Page/Page_Project Folder Landing Page/i_test folder_fal fa-trash-alt")): Object: 'Object Repository/KSD/Page_Project Folder Landing Page/Page_Project Folder Landing Page/i_test folder_fal fa-trash-alt' is clicked on

2023-06-30 23:21:27 - [MESSAGE][PASSED] - Object: 'Object Repository/KSD/Page_Project Folder Landing Page/Page_Project Folder Landing Page/i_test folder_fal fa-trash-alt' is clicked on

2023-06-30 23:21:28 - [TEST_STEP][PASSED] - click(findTestObject("Object Repository/KSD/Page_Project Folder Landing Page/Page_Project Folder Landing Page/button_Delete Folder")): Object: 'Object Repository/KSD/Page_Project Folder Landing Page/Page_Project Folder Landing Page/button_Delete Folder' is clicked on

2023-06-30 23:21:28 - [MESSAGE][PASSED] - Object: 'Object Repository/KSD/Page_Project Folder Landing Page/Page_Project Folder Landing Page/button_Delete Folder' is clicked on

2023-06-30 23:21:28 - [TEST_STEP][PASSED] - verifyElementNotPresent(findTestObject("Object Repository/KSD/Page_Project Folder Landing Page/Page_Project Folder Landing Page/h2_test folder"), 0): Web element with id: 'Object Repository/KSD/Page_Project Folder Landing Page/Page_Project Folder Landing Page/h2_test folder' located by 'By.xpath: //div[@id='dynamic-folders']/div[2]/div/a/h2' is not present after '30' second(s)

2023-06-30 23:21:29 - [MESSAGE][WARNING] - Timeout '0' is invalid. Using default page load timeout: '30'

2023-06-30 23:21:30 - [MESSAGE][PASSED] - Web element with id: 'Object Repository/KSD/Page_Project Folder Landing Page/Page_Project Folder Landing Page/h2_test folder' located by 'By.xpath: //div[@id='dynamic-folders']/div[2]/div/a/h2' is not present after '30' second(s)

2023-06-30 23:21:30 - [TEST_STEP][PASSED] - closeBrowser(): Browser is closed

2023-06-30 23:21:31 - [MESSAGE][PASSED] - Browser is closed]]></system-out>
         <system-err><![CDATA[]]></system-err>
      </testcase>
      <testcase name="Test Cases/KDS/TC_14_Check_Find_Store_Link_In_Header" time="21.175" classname="Test Cases/KDS/TC_14_Check_Find_Store_Link_In_Header" status="PASSED">
         <system-out><![CDATA[2023-06-30 23:21:31 - [TEST_CASE][PASSED] - Test Cases/KDS/TC_14_Check_Find_Store_Link_In_Header: Test Cases/KDS/TC_14_Check_Find_Store_Link_In_Header

2023-06-30 23:21:32 - [TEST_STEP][PASSED] - openBrowser(""): Browser is opened with url: ''

2023-06-30 23:21:32 - [MESSAGE][INFO] - Starting 'Firefox' driver

2023-06-30 23:21:32 - [MESSAGE][INFO] - Action delay is set to 0 milliseconds

2023-06-30 23:21:36 - [MESSAGE][PASSED] - Browser is opened with url: ''

2023-06-30 23:21:36 - [TEST_STEP][PASSED] - navigateToUrl("https://www.studiokohler.com/en-us/faqs"): Navigate to 'https://www.studiokohler.com/en-us/faqs' successfully

2023-06-30 23:21:43 - [MESSAGE][PASSED] - Navigate to 'https://www.studiokohler.com/en-us/faqs' successfully

2023-06-30 23:21:43 - [TEST_STEP][PASSED] - maximizeWindow(): Current window maximized

2023-06-30 23:21:44 - [MESSAGE][PASSED] - Current window maximized

2023-06-30 23:21:44 - [TEST_STEP][PASSED] - click(findTestObject("Object Repository/KSD/Page_Product FAQs/Page_Product FAQs/button_Accept All Cookies")): Object: 'Object Repository/KSD/Page_Product FAQs/Page_Product FAQs/button_Accept All Cookies' is clicked on

2023-06-30 23:21:45 - [MESSAGE][PASSED] - Object: 'Object Repository/KSD/Page_Product FAQs/Page_Product FAQs/button_Accept All Cookies' is clicked on

2023-06-30 23:21:45 - [TEST_STEP][PASSED] - click(findTestObject("Object Repository/KSD/Page_Product FAQs/Page_Product FAQs/i_OK_fal fa-map-marker-alt")): Object: 'Object Repository/KSD/Page_Product FAQs/Page_Product FAQs/i_OK_fal fa-map-marker-alt' is clicked on

2023-06-30 23:21:51 - [MESSAGE][PASSED] - Object: 'Object Repository/KSD/Page_Product FAQs/Page_Product FAQs/i_OK_fal fa-map-marker-alt' is clicked on

2023-06-30 23:21:51 - [TEST_STEP][PASSED] - verifyElementVisible(findTestObject("Object Repository/KSD/Page_Product FAQs/Page_Find a KOHLER Store  Studio KOHLER/p_Find a Kohler Experience Center or Kohler_9474eb")): Object 'Object Repository/KSD/Page_Product FAQs/Page_Find a KOHLER Store  Studio KOHLER/p_Find a Kohler Experience Center or Kohler_9474eb' is visible

2023-06-30 23:21:52 - [MESSAGE][PASSED] - Object 'Object Repository/KSD/Page_Product FAQs/Page_Find a KOHLER Store  Studio KOHLER/p_Find a Kohler Experience Center or Kohler_9474eb' is visible]]></system-out>
         <system-err><![CDATA[]]></system-err>
      </testcase>
      <testcase name="Test Cases/KDS/TC_15_Find_Store_Brazil_Location" time="28.665" classname="Test Cases/KDS/TC_15_Find_Store_Brazil_Location" status="PASSED">
         <system-out><![CDATA[2023-06-30 23:21:52 - [TEST_CASE][PASSED] - Test Cases/KDS/TC_15_Find_Store_Brazil_Location: Test Cases/KDS/TC_15_Find_Store_Brazil_Location

2023-06-30 23:21:53 - [TEST_STEP][PASSED] - callTestCase(findTestCase("KDS/TC_14_Check_Find_Store_Link_In_Header"), [:], STOP_ON_FAILURE): Call Test Case 'Test Cases/KDS/TC_14_Check_Find_Store_Link_In_Header' successfully

2023-06-30 23:21:53 - [TEST_CASE][PASSED] - Test Cases/KDS/TC_14_Check_Find_Store_Link_In_Header: Test Cases/KDS/TC_14_Check_Find_Store_Link_In_Header

2023-06-30 23:21:53 - [TEST_STEP][PASSED] - openBrowser(""): Browser is opened with url: ''

2023-06-30 23:21:53 - [MESSAGE][WARNING] - A browser is already opened. Closing browser and opening a new one

2023-06-30 23:21:54 - [MESSAGE][INFO] - Starting 'Firefox' driver

2023-06-30 23:21:54 - [MESSAGE][INFO] - Action delay is set to 0 milliseconds

2023-06-30 23:21:58 - [MESSAGE][PASSED] - Browser is opened with url: ''

2023-06-30 23:21:58 - [TEST_STEP][PASSED] - navigateToUrl("https://www.studiokohler.com/en-us/faqs"): Navigate to 'https://www.studiokohler.com/en-us/faqs' successfully

2023-06-30 23:22:08 - [MESSAGE][PASSED] - Navigate to 'https://www.studiokohler.com/en-us/faqs' successfully

2023-06-30 23:22:08 - [TEST_STEP][PASSED] - maximizeWindow(): Current window maximized

2023-06-30 23:22:09 - [MESSAGE][PASSED] - Current window maximized

2023-06-30 23:22:09 - [TEST_STEP][PASSED] - click(findTestObject("Object Repository/KSD/Page_Product FAQs/Page_Product FAQs/button_Accept All Cookies")): Object: 'Object Repository/KSD/Page_Product FAQs/Page_Product FAQs/button_Accept All Cookies' is clicked on

2023-06-30 23:22:10 - [MESSAGE][PASSED] - Object: 'Object Repository/KSD/Page_Product FAQs/Page_Product FAQs/button_Accept All Cookies' is clicked on

2023-06-30 23:22:10 - [TEST_STEP][PASSED] - click(findTestObject("Object Repository/KSD/Page_Product FAQs/Page_Product FAQs/i_OK_fal fa-map-marker-alt")): Object: 'Object Repository/KSD/Page_Product FAQs/Page_Product FAQs/i_OK_fal fa-map-marker-alt' is clicked on

2023-06-30 23:22:17 - [MESSAGE][PASSED] - Object: 'Object Repository/KSD/Page_Product FAQs/Page_Product FAQs/i_OK_fal fa-map-marker-alt' is clicked on

2023-06-30 23:22:17 - [TEST_STEP][PASSED] - verifyElementVisible(findTestObject("Object Repository/KSD/Page_Product FAQs/Page_Find a KOHLER Store  Studio KOHLER/p_Find a Kohler Experience Center or Kohler_9474eb")): Object 'Object Repository/KSD/Page_Product FAQs/Page_Find a KOHLER Store  Studio KOHLER/p_Find a Kohler Experience Center or Kohler_9474eb' is visible

2023-06-30 23:22:18 - [MESSAGE][PASSED] - Object 'Object Repository/KSD/Page_Product FAQs/Page_Find a KOHLER Store  Studio KOHLER/p_Find a Kohler Experience Center or Kohler_9474eb' is visible

2023-06-30 23:22:18 - [MESSAGE][PASSED] - Call Test Case 'Test Cases/KDS/TC_14_Check_Find_Store_Link_In_Header' successfully

2023-06-30 23:22:18 - [TEST_STEP][PASSED] - click(findTestObject("Object Repository/KSD/Page_Find a KOHLER Store  Studio KOHLER/a_BRAZIL")): Object: 'Object Repository/KSD/Page_Find a KOHLER Store  Studio KOHLER/a_BRAZIL' is clicked on

2023-06-30 23:22:19 - [MESSAGE][PASSED] - Object: 'Object Repository/KSD/Page_Find a KOHLER Store  Studio KOHLER/a_BRAZIL' is clicked on

2023-06-30 23:22:19 - [TEST_STEP][PASSED] - verifyElementVisible(findTestObject("Object Repository/KSD/Page_Find a KOHLER Store  Studio KOHLER/h1_All Stores")): Object 'Object Repository/KSD/Page_Find a KOHLER Store  Studio KOHLER/h1_All Stores' is visible

2023-06-30 23:22:20 - [MESSAGE][PASSED] - Object 'Object Repository/KSD/Page_Find a KOHLER Store  Studio KOHLER/h1_All Stores' is visible

2023-06-30 23:22:20 - [TEST_STEP][PASSED] - verifyElementVisible(findTestObject("Object Repository/KSD/Page_Find a KOHLER Store  Studio KOHLER/span_BRAZIL")): Object 'Object Repository/KSD/Page_Find a KOHLER Store  Studio KOHLER/span_BRAZIL' is visible

2023-06-30 23:22:20 - [MESSAGE][PASSED] - Object 'Object Repository/KSD/Page_Find a KOHLER Store  Studio KOHLER/span_BRAZIL' is visible

2023-06-30 23:22:20 - [TEST_STEP][PASSED] - closeBrowser(): Browser is closed

2023-06-30 23:22:21 - [MESSAGE][PASSED] - Browser is closed]]></system-out>
         <system-err><![CDATA[]]></system-err>
      </testcase>
      <testcase name="Test Cases/KDS/TC_16_Find_Store_CANADA_Location" time="24.159" classname="Test Cases/KDS/TC_16_Find_Store_CANADA_Location" status="PASSED">
         <system-out><![CDATA[2023-06-30 23:22:21 - [TEST_CASE][PASSED] - Test Cases/KDS/TC_16_Find_Store_CANADA_Location: Test Cases/KDS/TC_16_Find_Store_CANADA_Location

2023-06-30 23:22:21 - [TEST_STEP][PASSED] - openBrowser(""): Browser is opened with url: ''

2023-06-30 23:22:21 - [MESSAGE][INFO] - Starting 'Firefox' driver

2023-06-30 23:22:21 - [MESSAGE][INFO] - Action delay is set to 0 milliseconds

2023-06-30 23:22:25 - [MESSAGE][PASSED] - Browser is opened with url: ''

2023-06-30 23:22:25 - [TEST_STEP][PASSED] - navigateToUrl("https://www.studiokohler.com/en-us/faqs"): Navigate to 'https://www.studiokohler.com/en-us/faqs' successfully

2023-06-30 23:22:32 - [MESSAGE][PASSED] - Navigate to 'https://www.studiokohler.com/en-us/faqs' successfully

2023-06-30 23:22:32 - [TEST_STEP][PASSED] - maximizeWindow(): Current window maximized

2023-06-30 23:22:33 - [MESSAGE][PASSED] - Current window maximized

2023-06-30 23:22:33 - [TEST_STEP][PASSED] - click(findTestObject("Object Repository/KSD/Page_Find a KOHLER Store  Studio KOHLER/Page_Product FAQs/button_Accept All Cookies")): Object: 'Object Repository/KSD/Page_Find a KOHLER Store  Studio KOHLER/Page_Product FAQs/button_Accept All Cookies' is clicked on

2023-06-30 23:22:35 - [MESSAGE][PASSED] - Object: 'Object Repository/KSD/Page_Find a KOHLER Store  Studio KOHLER/Page_Product FAQs/button_Accept All Cookies' is clicked on

2023-06-30 23:22:35 - [TEST_STEP][PASSED] - click(findTestObject("Object Repository/KSD/Page_Find a KOHLER Store  Studio KOHLER/Page_Product FAQs/i_OK_fal fa-map-marker-alt")): Object: 'Object Repository/KSD/Page_Find a KOHLER Store  Studio KOHLER/Page_Product FAQs/i_OK_fal fa-map-marker-alt' is clicked on

2023-06-30 23:22:41 - [MESSAGE][PASSED] - Object: 'Object Repository/KSD/Page_Find a KOHLER Store  Studio KOHLER/Page_Product FAQs/i_OK_fal fa-map-marker-alt' is clicked on

2023-06-30 23:22:41 - [TEST_STEP][PASSED] - verifyElementVisible(findTestObject("Object Repository/KSD/Page_Find a KOHLER Store  Studio KOHLER/Page_Find a KOHLER Store  Studio KOHLER/h2_Select Store Location")): Object 'Object Repository/KSD/Page_Find a KOHLER Store  Studio KOHLER/Page_Find a KOHLER Store  Studio KOHLER/h2_Select Store Location' is visible

2023-06-30 23:22:42 - [MESSAGE][PASSED] - Object 'Object Repository/KSD/Page_Find a KOHLER Store  Studio KOHLER/Page_Find a KOHLER Store  Studio KOHLER/h2_Select Store Location' is visible

2023-06-30 23:22:42 - [TEST_STEP][PASSED] - click(findTestObject("Object Repository/KSD/Page_Find a KOHLER Store  Studio KOHLER/Page_Find a KOHLER Store  Studio KOHLER/a_CANADA")): Object: 'Object Repository/KSD/Page_Find a KOHLER Store  Studio KOHLER/Page_Find a KOHLER Store  Studio KOHLER/a_CANADA' is clicked on

2023-06-30 23:22:43 - [MESSAGE][PASSED] - Object: 'Object Repository/KSD/Page_Find a KOHLER Store  Studio KOHLER/Page_Find a KOHLER Store  Studio KOHLER/a_CANADA' is clicked on

2023-06-30 23:22:43 - [TEST_STEP][PASSED] - verifyElementVisible(findTestObject("Object Repository/KSD/Page_Find a KOHLER Store  Studio KOHLER/Page_Find a KOHLER Store  Studio KOHLER/h1_All Stores")): Object 'Object Repository/KSD/Page_Find a KOHLER Store  Studio KOHLER/Page_Find a KOHLER Store  Studio KOHLER/h1_All Stores' is visible

2023-06-30 23:22:44 - [MESSAGE][PASSED] - Object 'Object Repository/KSD/Page_Find a KOHLER Store  Studio KOHLER/Page_Find a KOHLER Store  Studio KOHLER/h1_All Stores' is visible

2023-06-30 23:22:44 - [TEST_STEP][PASSED] - verifyElementVisible(findTestObject("Object Repository/KSD/Page_Find a KOHLER Store  Studio KOHLER/Page_Find a KOHLER Store  Studio KOHLER/span_CANADA")): Object 'Object Repository/KSD/Page_Find a KOHLER Store  Studio KOHLER/Page_Find a KOHLER Store  Studio KOHLER/span_CANADA' is visible

2023-06-30 23:22:44 - [MESSAGE][PASSED] - Object 'Object Repository/KSD/Page_Find a KOHLER Store  Studio KOHLER/Page_Find a KOHLER Store  Studio KOHLER/span_CANADA' is visible

2023-06-30 23:22:44 - [TEST_STEP][PASSED] - closeBrowser(): Browser is closed

2023-06-30 23:22:45 - [MESSAGE][PASSED] - Browser is closed]]></system-out>
         <system-err><![CDATA[]]></system-err>
      </testcase>
      <testcase name="Test Cases/KDS/TC_17_Find_Store_SINGAPORE_Location" time="23.207" classname="Test Cases/KDS/TC_17_Find_Store_SINGAPORE_Location" status="PASSED">
         <system-out><![CDATA[2023-06-30 23:22:45 - [TEST_CASE][PASSED] - Test Cases/KDS/TC_17_Find_Store_SINGAPORE_Location: Test Cases/KDS/TC_17_Find_Store_SINGAPORE_Location

2023-06-30 23:22:46 - [TEST_STEP][PASSED] - openBrowser(""): Browser is opened with url: ''

2023-06-30 23:22:46 - [MESSAGE][INFO] - Starting 'Firefox' driver

2023-06-30 23:22:46 - [MESSAGE][INFO] - Action delay is set to 0 milliseconds

2023-06-30 23:22:51 - [MESSAGE][PASSED] - Browser is opened with url: ''

2023-06-30 23:22:51 - [TEST_STEP][PASSED] - navigateToUrl("https://www.studiokohler.com/en-us/faqs"): Navigate to 'https://www.studiokohler.com/en-us/faqs' successfully

2023-06-30 23:22:57 - [MESSAGE][PASSED] - Navigate to 'https://www.studiokohler.com/en-us/faqs' successfully

2023-06-30 23:22:57 - [TEST_STEP][PASSED] - maximizeWindow(): Current window maximized

2023-06-30 23:22:57 - [MESSAGE][PASSED] - Current window maximized

2023-06-30 23:22:57 - [TEST_STEP][PASSED] - click(findTestObject("Object Repository/KSD/Page_Product FAQs/button_Accept All Cookies")): Object: 'Object Repository/KSD/Page_Product FAQs/button_Accept All Cookies' is clicked on

2023-06-30 23:23:00 - [MESSAGE][PASSED] - Object: 'Object Repository/KSD/Page_Product FAQs/button_Accept All Cookies' is clicked on

2023-06-30 23:23:00 - [TEST_STEP][PASSED] - click(findTestObject("Object Repository/KSD/Page_Product FAQs/i_OK_fal fa-map-marker-alt")): Object: 'Object Repository/KSD/Page_Product FAQs/i_OK_fal fa-map-marker-alt' is clicked on

2023-06-30 23:23:06 - [MESSAGE][PASSED] - Object: 'Object Repository/KSD/Page_Product FAQs/i_OK_fal fa-map-marker-alt' is clicked on

2023-06-30 23:23:06 - [TEST_STEP][PASSED] - click(findTestObject("Object Repository/KSD/Page_Find a KOHLER Store  Studio KOHLER/a_SINGAPORE")): Object: 'Object Repository/KSD/Page_Find a KOHLER Store  Studio KOHLER/a_SINGAPORE' is clicked on

2023-06-30 23:23:07 - [MESSAGE][PASSED] - Object: 'Object Repository/KSD/Page_Find a KOHLER Store  Studio KOHLER/a_SINGAPORE' is clicked on

2023-06-30 23:23:07 - [TEST_STEP][PASSED] - verifyElementVisible(findTestObject("Object Repository/KSD/Page_Find a KOHLER Store  Studio KOHLER/span_SINGAPORE")): Object 'Object Repository/KSD/Page_Find a KOHLER Store  Studio KOHLER/span_SINGAPORE' is visible

2023-06-30 23:23:08 - [MESSAGE][PASSED] - Object 'Object Repository/KSD/Page_Find a KOHLER Store  Studio KOHLER/span_SINGAPORE' is visible

2023-06-30 23:23:08 - [TEST_STEP][PASSED] - closeBrowser(): Browser is closed

2023-06-30 23:23:08 - [MESSAGE][PASSED] - Browser is closed]]></system-out>
         <system-err><![CDATA[]]></system-err>
      </testcase>
      <testcase name="Test Cases/KDS/TC_18_Find_Store_CHINA_Location" time="24.551" classname="Test Cases/KDS/TC_18_Find_Store_CHINA_Location" status="PASSED">
         <system-out><![CDATA[2023-06-30 23:23:09 - [TEST_CASE][PASSED] - Test Cases/KDS/TC_18_Find_Store_CHINA_Location: Test Cases/KDS/TC_18_Find_Store_CHINA_Location

2023-06-30 23:23:09 - [TEST_STEP][PASSED] - openBrowser(""): Browser is opened with url: ''

2023-06-30 23:23:09 - [MESSAGE][INFO] - Starting 'Firefox' driver

2023-06-30 23:23:09 - [MESSAGE][INFO] - Action delay is set to 0 milliseconds

2023-06-30 23:23:14 - [MESSAGE][PASSED] - Browser is opened with url: ''

2023-06-30 23:23:14 - [TEST_STEP][PASSED] - navigateToUrl("https://www.studiokohler.com/en-us/faqs"): Navigate to 'https://www.studiokohler.com/en-us/faqs' successfully

2023-06-30 23:23:21 - [MESSAGE][PASSED] - Navigate to 'https://www.studiokohler.com/en-us/faqs' successfully

2023-06-30 23:23:21 - [TEST_STEP][PASSED] - maximizeWindow(): Current window maximized

2023-06-30 23:23:22 - [MESSAGE][PASSED] - Current window maximized

2023-06-30 23:23:22 - [TEST_STEP][PASSED] - click(findTestObject("Object Repository/KSD/Page_Product FAQs/button_Accept All Cookies")): Object: 'Object Repository/KSD/Page_Product FAQs/button_Accept All Cookies' is clicked on

2023-06-30 23:23:23 - [MESSAGE][PASSED] - Object: 'Object Repository/KSD/Page_Product FAQs/button_Accept All Cookies' is clicked on

2023-06-30 23:23:23 - [TEST_STEP][PASSED] - click(findTestObject("Object Repository/KSD/Page_Product FAQs/i_OK_fal fa-map-marker-alt")): Object: 'Object Repository/KSD/Page_Product FAQs/i_OK_fal fa-map-marker-alt' is clicked on

2023-06-30 23:23:30 - [MESSAGE][PASSED] - Object: 'Object Repository/KSD/Page_Product FAQs/i_OK_fal fa-map-marker-alt' is clicked on

2023-06-30 23:23:30 - [TEST_STEP][PASSED] - click(findTestObject("Object Repository/KSD/Page_Find a KOHLER Store  Studio KOHLER/a_CHINA")): Object: 'Object Repository/KSD/Page_Find a KOHLER Store  Studio KOHLER/a_CHINA' is clicked on

2023-06-30 23:23:31 - [MESSAGE][PASSED] - Object: 'Object Repository/KSD/Page_Find a KOHLER Store  Studio KOHLER/a_CHINA' is clicked on

2023-06-30 23:23:31 - [TEST_STEP][PASSED] - verifyElementVisible(findTestObject("Object Repository/KSD/Page_Find a KOHLER Store  Studio KOHLER/span_CHINA")): Object 'Object Repository/KSD/Page_Find a KOHLER Store  Studio KOHLER/span_CHINA' is visible

2023-06-30 23:23:32 - [MESSAGE][PASSED] - Object 'Object Repository/KSD/Page_Find a KOHLER Store  Studio KOHLER/span_CHINA' is visible

2023-06-30 23:23:32 - [TEST_STEP][PASSED] - closeBrowser(): Browser is closed

2023-06-30 23:23:33 - [MESSAGE][PASSED] - Browser is closed]]></system-out>
         <system-err><![CDATA[]]></system-err>
      </testcase>
      <testcase name="Test Cases/KDS/TC_19_Find_Store_INDIA_Location" time="21.795" classname="Test Cases/KDS/TC_19_Find_Store_INDIA_Location" status="PASSED">
         <system-out><![CDATA[2023-06-30 23:23:33 - [TEST_CASE][PASSED] - Test Cases/KDS/TC_19_Find_Store_INDIA_Location: Test Cases/KDS/TC_19_Find_Store_INDIA_Location

2023-06-30 23:23:34 - [TEST_STEP][PASSED] - openBrowser(""): Browser is opened with url: ''

2023-06-30 23:23:34 - [MESSAGE][INFO] - Starting 'Firefox' driver

2023-06-30 23:23:34 - [MESSAGE][INFO] - Action delay is set to 0 milliseconds

2023-06-30 23:23:38 - [MESSAGE][PASSED] - Browser is opened with url: ''

2023-06-30 23:23:38 - [TEST_STEP][PASSED] - navigateToUrl("https://www.studiokohler.com/en-us/faqs"): Navigate to 'https://www.studiokohler.com/en-us/faqs' successfully

2023-06-30 23:23:43 - [MESSAGE][PASSED] - Navigate to 'https://www.studiokohler.com/en-us/faqs' successfully

2023-06-30 23:23:43 - [TEST_STEP][PASSED] - maximizeWindow(): Current window maximized

2023-06-30 23:23:44 - [MESSAGE][PASSED] - Current window maximized

2023-06-30 23:23:44 - [TEST_STEP][PASSED] - click(findTestObject("Object Repository/KSD/Page_Product FAQs/button_Accept All Cookies")): Object: 'Object Repository/KSD/Page_Product FAQs/button_Accept All Cookies' is clicked on

2023-06-30 23:23:45 - [MESSAGE][PASSED] - Object: 'Object Repository/KSD/Page_Product FAQs/button_Accept All Cookies' is clicked on

2023-06-30 23:23:46 - [TEST_STEP][PASSED] - click(findTestObject("Object Repository/KSD/Page_Product FAQs/i_OK_fal fa-map-marker-alt")): Object: 'Object Repository/KSD/Page_Product FAQs/i_OK_fal fa-map-marker-alt' is clicked on

2023-06-30 23:23:52 - [MESSAGE][PASSED] - Object: 'Object Repository/KSD/Page_Product FAQs/i_OK_fal fa-map-marker-alt' is clicked on

2023-06-30 23:23:52 - [TEST_STEP][PASSED] - click(findTestObject("Object Repository/KSD/Page_Find a KOHLER Store  Studio KOHLER/a_INDIA")): Object: 'Object Repository/KSD/Page_Find a KOHLER Store  Studio KOHLER/a_INDIA' is clicked on

2023-06-30 23:23:54 - [MESSAGE][PASSED] - Object: 'Object Repository/KSD/Page_Find a KOHLER Store  Studio KOHLER/a_INDIA' is clicked on

2023-06-30 23:23:54 - [TEST_STEP][PASSED] - verifyElementVisible(findTestObject("Object Repository/KSD/Page_Find a KOHLER Store  Studio KOHLER/span_INDIA")): Object 'Object Repository/KSD/Page_Find a KOHLER Store  Studio KOHLER/span_INDIA' is visible

2023-06-30 23:23:55 - [MESSAGE][PASSED] - Object 'Object Repository/KSD/Page_Find a KOHLER Store  Studio KOHLER/span_INDIA' is visible]]></system-out>
         <system-err><![CDATA[]]></system-err>
      </testcase>
      <testcase name="Test Cases/KDS/TC_20_Find_Store_PANAMA_Location" time="22.744" classname="Test Cases/KDS/TC_20_Find_Store_PANAMA_Location" status="PASSED">
         <system-out><![CDATA[2023-06-30 23:23:55 - [TEST_CASE][PASSED] - Test Cases/KDS/TC_20_Find_Store_PANAMA_Location: Test Cases/KDS/TC_20_Find_Store_PANAMA_Location

2023-06-30 23:23:55 - [TEST_STEP][PASSED] - openBrowser(""): Browser is opened with url: ''

2023-06-30 23:23:55 - [MESSAGE][WARNING] - A browser is already opened. Closing browser and opening a new one

2023-06-30 23:23:56 - [MESSAGE][INFO] - Starting 'Firefox' driver

2023-06-30 23:23:56 - [MESSAGE][INFO] - Action delay is set to 0 milliseconds

2023-06-30 23:24:00 - [MESSAGE][PASSED] - Browser is opened with url: ''

2023-06-30 23:24:00 - [TEST_STEP][PASSED] - navigateToUrl("https://www.studiokohler.com/en-us/faqs"): Navigate to 'https://www.studiokohler.com/en-us/faqs' successfully

2023-06-30 23:24:08 - [MESSAGE][PASSED] - Navigate to 'https://www.studiokohler.com/en-us/faqs' successfully

2023-06-30 23:24:08 - [TEST_STEP][PASSED] - maximizeWindow(): Current window maximized

2023-06-30 23:24:09 - [MESSAGE][PASSED] - Current window maximized

2023-06-30 23:24:09 - [TEST_STEP][PASSED] - click(findTestObject("Object Repository/KSD/Page_Product FAQs/button_Accept All Cookies")): Object: 'Object Repository/KSD/Page_Product FAQs/button_Accept All Cookies' is clicked on

2023-06-30 23:24:10 - [MESSAGE][PASSED] - Object: 'Object Repository/KSD/Page_Product FAQs/button_Accept All Cookies' is clicked on

2023-06-30 23:24:10 - [TEST_STEP][PASSED] - click(findTestObject("Object Repository/KSD/Page_Product FAQs/i_OK_fal fa-map-marker-alt")): Object: 'Object Repository/KSD/Page_Product FAQs/i_OK_fal fa-map-marker-alt' is clicked on

2023-06-30 23:24:15 - [MESSAGE][PASSED] - Object: 'Object Repository/KSD/Page_Product FAQs/i_OK_fal fa-map-marker-alt' is clicked on

2023-06-30 23:24:15 - [TEST_STEP][PASSED] - click(findTestObject("Object Repository/KSD/Page_Find a KOHLER Store  Studio KOHLER/a_PANAMA")): Object: 'Object Repository/KSD/Page_Find a KOHLER Store  Studio KOHLER/a_PANAMA' is clicked on

2023-06-30 23:24:17 - [MESSAGE][PASSED] - Object: 'Object Repository/KSD/Page_Find a KOHLER Store  Studio KOHLER/a_PANAMA' is clicked on

2023-06-30 23:24:17 - [TEST_STEP][PASSED] - verifyElementVisible(findTestObject("Object Repository/KSD/Page_Find a KOHLER Store  Studio KOHLER/span_PANAMA")): Object 'Object Repository/KSD/Page_Find a KOHLER Store  Studio KOHLER/span_PANAMA' is visible

2023-06-30 23:24:18 - [MESSAGE][PASSED] - Object 'Object Repository/KSD/Page_Find a KOHLER Store  Studio KOHLER/span_PANAMA' is visible]]></system-out>
         <system-err><![CDATA[]]></system-err>
      </testcase>
      <testcase name="Test Cases/KDS/TC_21_Find_Store_TAIWAN_Location" time="24.315" classname="Test Cases/KDS/TC_21_Find_Store_TAIWAN_Location" status="PASSED">
         <system-out><![CDATA[2023-06-30 23:24:18 - [TEST_CASE][PASSED] - Test Cases/KDS/TC_21_Find_Store_TAIWAN_Location: Test Cases/KDS/TC_21_Find_Store_TAIWAN_Location

2023-06-30 23:24:19 - [TEST_STEP][PASSED] - openBrowser(""): Browser is opened with url: ''

2023-06-30 23:24:19 - [MESSAGE][WARNING] - A browser is already opened. Closing browser and opening a new one

2023-06-30 23:24:20 - [MESSAGE][INFO] - Starting 'Firefox' driver

2023-06-30 23:24:20 - [MESSAGE][INFO] - Action delay is set to 0 milliseconds

2023-06-30 23:24:25 - [MESSAGE][PASSED] - Browser is opened with url: ''

2023-06-30 23:24:25 - [TEST_STEP][PASSED] - navigateToUrl("https://www.studiokohler.com/en-us/faqs"): Navigate to 'https://www.studiokohler.com/en-us/faqs' successfully

2023-06-30 23:24:29 - [MESSAGE][PASSED] - Navigate to 'https://www.studiokohler.com/en-us/faqs' successfully

2023-06-30 23:24:29 - [TEST_STEP][PASSED] - maximizeWindow(): Current window maximized

2023-06-30 23:24:30 - [MESSAGE][PASSED] - Current window maximized

2023-06-30 23:24:30 - [TEST_STEP][PASSED] - click(findTestObject("Object Repository/KSD/Page_Product FAQs/button_Accept All Cookies")): Object: 'Object Repository/KSD/Page_Product FAQs/button_Accept All Cookies' is clicked on

2023-06-30 23:24:33 - [MESSAGE][PASSED] - Object: 'Object Repository/KSD/Page_Product FAQs/button_Accept All Cookies' is clicked on

2023-06-30 23:24:33 - [TEST_STEP][PASSED] - click(findTestObject("Object Repository/KSD/Page_Product FAQs/i_OK_fal fa-map-marker-alt")): Object: 'Object Repository/KSD/Page_Product FAQs/i_OK_fal fa-map-marker-alt' is clicked on

2023-06-30 23:24:39 - [MESSAGE][PASSED] - Object: 'Object Repository/KSD/Page_Product FAQs/i_OK_fal fa-map-marker-alt' is clicked on

2023-06-30 23:24:39 - [TEST_STEP][PASSED] - click(findTestObject("Object Repository/KSD/Page_Find a KOHLER Store  Studio KOHLER/a_TAIWAN")): Object: 'Object Repository/KSD/Page_Find a KOHLER Store  Studio KOHLER/a_TAIWAN' is clicked on

2023-06-30 23:24:41 - [MESSAGE][PASSED] - Object: 'Object Repository/KSD/Page_Find a KOHLER Store  Studio KOHLER/a_TAIWAN' is clicked on

2023-06-30 23:24:41 - [TEST_STEP][PASSED] - verifyElementVisible(findTestObject("Object Repository/KSD/Page_Find a KOHLER Store  Studio KOHLER/span_TAIWAN")): Object 'Object Repository/KSD/Page_Find a KOHLER Store  Studio KOHLER/span_TAIWAN' is visible

2023-06-30 23:24:42 - [MESSAGE][PASSED] - Object 'Object Repository/KSD/Page_Find a KOHLER Store  Studio KOHLER/span_TAIWAN' is visible]]></system-out>
         <system-err><![CDATA[]]></system-err>
      </testcase>
      <testcase name="Test Cases/KDS/TC_22_Find_Store_THAILAND_Location" time="21.396" classname="Test Cases/KDS/TC_22_Find_Store_THAILAND_Location" status="FAILED">
         <failure type="FAILED" message="Test Cases/KDS/TC_22_Find_Store_THAILAND_Location FAILED.
Reason:
com.kms.katalon.core.exception.StepFailedException: Unable to verify object 'Object Repository/KSD/Page_Find a KOHLER Store  Studio KOHLER/span_THAILAND' is visible
	at com.kms.katalon.core.webui.keyword.internal.WebUIKeywordMain.stepFailed(WebUIKeywordMain.groovy:64)
	at com.kms.katalon.core.webui.keyword.internal.WebUIKeywordMain.runKeyword(WebUIKeywordMain.groovy:26)
	at com.kms.katalon.core.webui.keyword.builtin.VerifyElementVisibleKeyword.verifyElementVisible(VerifyElementVisibleKeyword.groovy:97)
	at com.kms.katalon.core.webui.keyword.builtin.VerifyElementVisibleKeyword.execute(VerifyElementVisibleKeyword.groovy:67)
	at com.kms.katalon.core.keyword.internal.KeywordExecutor.executeKeywordForPlatform(KeywordExecutor.groovy:74)
	at com.kms.katalon.core.webui.keyword.WebUiBuiltInKeywords.verifyElementVisible(WebUiBuiltInKeywords.groovy:376)
	at com.kms.katalon.core.webui.keyword.WebUiBuiltInKeywords$verifyElementVisible$5.call(Unknown Source)
	at TC_22_Find_Store_THAILAND_Location.run(TC_22_Find_Store_THAILAND_Location:32)
	at com.kms.katalon.core.main.ScriptEngine.run(ScriptEngine.java:194)
	at com.kms.katalon.core.main.ScriptEngine.runScriptAsRawText(ScriptEngine.java:119)
	at com.kms.katalon.core.main.TestCaseExecutor.runScript(TestCaseExecutor.java:448)
	at com.kms.katalon.core.main.TestCaseExecutor.doExecute(TestCaseExecutor.java:439)
	at com.kms.katalon.core.main.TestCaseExecutor.processExecutionPhase(TestCaseExecutor.java:418)
	at com.kms.katalon.core.main.TestCaseExecutor.accessMainPhase(TestCaseExecutor.java:410)
	at com.kms.katalon.core.main.TestCaseExecutor.execute(TestCaseExecutor.java:285)
	at com.kms.katalon.core.main.TestCaseExecutor.execute(TestCaseExecutor.java:369)
	at com.kms.katalon.core.main.TestCaseExecutor.execute(TestCaseExecutor.java:369)
	at com.kms.katalon.core.main.TestCaseExecutor.execute(TestCaseExecutor.java:369)
	at com.kms.katalon.core.common.CommonExecutor.accessTestCaseMainPhase(CommonExecutor.java:65)
	at com.kms.katalon.core.main.TestSuiteExecutor.accessTestSuiteMainPhase(TestSuiteExecutor.java:144)
	at com.kms.katalon.core.main.TestSuiteExecutor.execute(TestSuiteExecutor.java:106)
	at com.kms.katalon.core.main.TestCaseMain.startTestSuite(TestCaseMain.java:185)
	at com.kms.katalon.core.main.TestCaseMain$startTestSuite$0.call(Unknown Source)
	at TempTestSuite1688146859647.run(TempTestSuite1688146859647.groovy:36)
Caused by: com.kms.katalon.core.exception.StepFailedException: Object 'Object Repository/KSD/Page_Find a KOHLER Store  Studio KOHLER/span_THAILAND' is NOT visible
	at com.kms.katalon.core.webui.keyword.internal.WebUIKeywordMain.stepFailed(WebUIKeywordMain.groovy:64)
	at com.kms.katalon.core.webui.keyword.builtin.VerifyElementVisibleKeyword$_verifyElementVisible_closure1.doCall(VerifyElementVisibleKeyword.groovy:83)
	at com.kms.katalon.core.webui.keyword.builtin.VerifyElementVisibleKeyword$_verifyElementVisible_closure1.call(VerifyElementVisibleKeyword.groovy)
	at com.kms.katalon.core.webui.keyword.internal.WebUIKeywordMain.runKeyword(WebUIKeywordMain.groovy:20)
	... 22 more
"/>
         <system-out><![CDATA[2023-06-30 23:25:51 - [TEST_CASE][FAILED] - Test Cases/KDS/TC_22_Find_Store_THAILAND_Location: Test Cases/KDS/TC_22_Find_Store_THAILAND_Location FAILED.
Reason:
com.kms.katalon.core.exception.StepFailedException: Unable to verify object 'Object Repository/KSD/Page_Find a KOHLER Store  Studio KOHLER/span_THAILAND' is visible
	at com.kms.katalon.core.webui.keyword.internal.WebUIKeywordMain.stepFailed(WebUIKeywordMain.groovy:64)
	at com.kms.katalon.core.webui.keyword.internal.WebUIKeywordMain.runKeyword(WebUIKeywordMain.groovy:26)
	at com.kms.katalon.core.webui.keyword.builtin.VerifyElementVisibleKeyword.verifyElementVisible(VerifyElementVisibleKeyword.groovy:97)
	at com.kms.katalon.core.webui.keyword.builtin.VerifyElementVisibleKeyword.execute(VerifyElementVisibleKeyword.groovy:67)
	at com.kms.katalon.core.keyword.internal.KeywordExecutor.executeKeywordForPlatform(KeywordExecutor.groovy:74)
	at com.kms.katalon.core.webui.keyword.WebUiBuiltInKeywords.verifyElementVisible(WebUiBuiltInKeywords.groovy:376)
	at com.kms.katalon.core.webui.keyword.WebUiBuiltInKeywords$verifyElementVisible$5.call(Unknown Source)
	at TC_22_Find_Store_THAILAND_Location.run(TC_22_Find_Store_THAILAND_Location:32)
	at com.kms.katalon.core.main.ScriptEngine.run(ScriptEngine.java:194)
	at com.kms.katalon.core.main.ScriptEngine.runScriptAsRawText(ScriptEngine.java:119)
	at com.kms.katalon.core.main.TestCaseExecutor.runScript(TestCaseExecutor.java:448)
	at com.kms.katalon.core.main.TestCaseExecutor.doExecute(TestCaseExecutor.java:439)
	at com.kms.katalon.core.main.TestCaseExecutor.processExecutionPhase(TestCaseExecutor.java:418)
	at com.kms.katalon.core.main.TestCaseExecutor.accessMainPhase(TestCaseExecutor.java:410)
	at com.kms.katalon.core.main.TestCaseExecutor.execute(TestCaseExecutor.java:285)
	at com.kms.katalon.core.main.TestCaseExecutor.execute(TestCaseExecutor.java:369)
	at com.kms.katalon.core.main.TestCaseExecutor.execute(TestCaseExecutor.java:369)
	at com.kms.katalon.core.main.TestCaseExecutor.execute(TestCaseExecutor.java:369)
	at com.kms.katalon.core.common.CommonExecutor.accessTestCaseMainPhase(CommonExecutor.java:65)
	at com.kms.katalon.core.main.TestSuiteExecutor.accessTestSuiteMainPhase(TestSuiteExecutor.java:144)
	at com.kms.katalon.core.main.TestSuiteExecutor.execute(TestSuiteExecutor.java:106)
	at com.kms.katalon.core.main.TestCaseMain.startTestSuite(TestCaseMain.java:185)
	at com.kms.katalon.core.main.TestCaseMain$startTestSuite$0.call(Unknown Source)
	at TempTestSuite1688146859647.run(TempTestSuite1688146859647.groovy:36)
Caused by: com.kms.katalon.core.exception.StepFailedException: Object 'Object Repository/KSD/Page_Find a KOHLER Store  Studio KOHLER/span_THAILAND' is NOT visible
	at com.kms.katalon.core.webui.keyword.internal.WebUIKeywordMain.stepFailed(WebUIKeywordMain.groovy:64)
	at com.kms.katalon.core.webui.keyword.builtin.VerifyElementVisibleKeyword$_verifyElementVisible_closure1.doCall(VerifyElementVisibleKeyword.groovy:83)
	at com.kms.katalon.core.webui.keyword.builtin.VerifyElementVisibleKeyword$_verifyElementVisible_closure1.call(VerifyElementVisibleKeyword.groovy)
	at com.kms.katalon.core.webui.keyword.internal.WebUIKeywordMain.runKeyword(WebUIKeywordMain.groovy:20)
	... 22 more


2023-06-30 23:25:51 - [TEST_STEP][PASSED] - openBrowser(""): Browser is opened with url: ''

2023-06-30 23:25:51 - [MESSAGE][WARNING] - A browser is already opened. Closing browser and opening a new one

2023-06-30 23:25:52 - [MESSAGE][INFO] - Starting 'Firefox' driver

2023-06-30 23:25:52 - [MESSAGE][INFO] - Action delay is set to 0 milliseconds

2023-06-30 23:25:56 - [MESSAGE][PASSED] - Browser is opened with url: ''

2023-06-30 23:25:56 - [TEST_STEP][PASSED] - navigateToUrl("https://www.studiokohler.com/en-us/faqs"): Navigate to 'https://www.studiokohler.com/en-us/faqs' successfully

2023-06-30 23:26:00 - [MESSAGE][PASSED] - Navigate to 'https://www.studiokohler.com/en-us/faqs' successfully

2023-06-30 23:26:00 - [TEST_STEP][PASSED] - maximizeWindow(): Current window maximized

2023-06-30 23:26:01 - [MESSAGE][PASSED] - Current window maximized

2023-06-30 23:26:01 - [TEST_STEP][PASSED] - click(findTestObject("Object Repository/KSD/Page_Product FAQs/button_Accept All Cookies")): Object: 'Object Repository/KSD/Page_Product FAQs/button_Accept All Cookies' is clicked on

2023-06-30 23:26:03 - [MESSAGE][PASSED] - Object: 'Object Repository/KSD/Page_Product FAQs/button_Accept All Cookies' is clicked on

2023-06-30 23:26:03 - [TEST_STEP][PASSED] - click(findTestObject("Object Repository/KSD/Page_Product FAQs/i_OK_fal fa-map-marker-alt")): Object: 'Object Repository/KSD/Page_Product FAQs/i_OK_fal fa-map-marker-alt' is clicked on

2023-06-30 23:26:09 - [MESSAGE][PASSED] - Object: 'Object Repository/KSD/Page_Product FAQs/i_OK_fal fa-map-marker-alt' is clicked on

2023-06-30 23:26:09 - [TEST_STEP][PASSED] - click(findTestObject("Object Repository/KSD/Page_Find a KOHLER Store  Studio KOHLER/li_THAILAND")): Object: 'Object Repository/KSD/Page_Find a KOHLER Store  Studio KOHLER/li_THAILAND' is clicked on

2023-06-30 23:26:11 - [MESSAGE][PASSED] - Object: 'Object Repository/KSD/Page_Find a KOHLER Store  Studio KOHLER/li_THAILAND' is clicked on

2023-06-30 23:26:11 - [TEST_STEP][FAILED] - verifyElementVisible(findTestObject("Object Repository/KSD/Page_Find a KOHLER Store  Studio KOHLER/span_THAILAND")): Unable to verify object 'Object Repository/KSD/Page_Find a KOHLER Store  Studio KOHLER/span_THAILAND' is visible (Root cause: com.kms.katalon.core.exception.StepFailedException: Unable to verify object 'Object Repository/KSD/Page_Find a KOHLER Store  Studio KOHLER/span_THAILAND' is visible
	at com.kms.katalon.core.webui.keyword.internal.WebUIKeywordMain.stepFailed(WebUIKeywordMain.groovy:64)
	at com.kms.katalon.core.webui.keyword.internal.WebUIKeywordMain.runKeyword(WebUIKeywordMain.groovy:26)
	at com.kms.katalon.core.webui.keyword.builtin.VerifyElementVisibleKeyword.verifyElementVisible(VerifyElementVisibleKeyword.groovy:97)
	at com.kms.katalon.core.webui.keyword.builtin.VerifyElementVisibleKeyword.execute(VerifyElementVisibleKeyword.groovy:67)
	at com.kms.katalon.core.keyword.internal.KeywordExecutor.executeKeywordForPlatform(KeywordExecutor.groovy:74)
	at com.kms.katalon.core.webui.keyword.WebUiBuiltInKeywords.verifyElementVisible(WebUiBuiltInKeywords.groovy:376)
	at com.kms.katalon.core.webui.keyword.WebUiBuiltInKeywords$verifyElementVisible$5.call(Unknown Source)
	at TC_22_Find_Store_THAILAND_Location.run(TC_22_Find_Store_THAILAND_Location:32)
	at com.kms.katalon.core.main.ScriptEngine.run(ScriptEngine.java:194)
	at com.kms.katalon.core.main.ScriptEngine.runScriptAsRawText(ScriptEngine.java:119)
	at com.kms.katalon.core.main.TestCaseExecutor.runScript(TestCaseExecutor.java:448)
	at com.kms.katalon.core.main.TestCaseExecutor.doExecute(TestCaseExecutor.java:439)
	at com.kms.katalon.core.main.TestCaseExecutor.processExecutionPhase(TestCaseExecutor.java:418)
	at com.kms.katalon.core.main.TestCaseExecutor.accessMainPhase(TestCaseExecutor.java:410)
	at com.kms.katalon.core.main.TestCaseExecutor.execute(TestCaseExecutor.java:285)
	at com.kms.katalon.core.main.TestCaseExecutor.execute(TestCaseExecutor.java:369)
	at com.kms.katalon.core.main.TestCaseExecutor.execute(TestCaseExecutor.java:369)
	at com.kms.katalon.core.main.TestCaseExecutor.execute(TestCaseExecutor.java:369)
	at com.kms.katalon.core.common.CommonExecutor.accessTestCaseMainPhase(CommonExecutor.java:65)
	at com.kms.katalon.core.main.TestSuiteExecutor.accessTestSuiteMainPhase(TestSuiteExecutor.java:144)
	at com.kms.katalon.core.main.TestSuiteExecutor.execute(TestSuiteExecutor.java:106)
	at com.kms.katalon.core.main.TestCaseMain.startTestSuite(TestCaseMain.java:185)
	at com.kms.katalon.core.main.TestCaseMain$startTestSuite$0.call(Unknown Source)
	at TempTestSuite1688146859647.run(TempTestSuite1688146859647.groovy:36)
Caused by: com.kms.katalon.core.exception.StepFailedException: Object 'Object Repository/KSD/Page_Find a KOHLER Store  Studio KOHLER/span_THAILAND' is NOT visible
	at com.kms.katalon.core.webui.keyword.internal.WebUIKeywordMain.stepFailed(WebUIKeywordMain.groovy:64)
	at com.kms.katalon.core.webui.keyword.builtin.VerifyElementVisibleKeyword$_verifyElementVisible_closure1.doCall(VerifyElementVisibleKeyword.groovy:83)
	at com.kms.katalon.core.webui.keyword.builtin.VerifyElementVisibleKeyword$_verifyElementVisible_closure1.call(VerifyElementVisibleKeyword.groovy)
	at com.kms.katalon.core.webui.keyword.internal.WebUIKeywordMain.runKeyword(WebUIKeywordMain.groovy:20)
	... 22 more
)

2023-06-30 23:26:12 - [MESSAGE][FAILED] - Object 'Object Repository/KSD/Page_Find a KOHLER Store  Studio KOHLER/span_THAILAND' is NOT visible (Root cause: com.kms.katalon.core.exception.StepFailedException: Object 'Object Repository/KSD/Page_Find a KOHLER Store  Studio KOHLER/span_THAILAND' is NOT visible
	at com.kms.katalon.core.webui.keyword.internal.WebUIKeywordMain.stepFailed(WebUIKeywordMain.groovy:64)
	at com.kms.katalon.core.webui.keyword.builtin.VerifyElementVisibleKeyword$_verifyElementVisible_closure1.doCall(VerifyElementVisibleKeyword.groovy:83)
	at com.kms.katalon.core.webui.keyword.builtin.VerifyElementVisibleKeyword$_verifyElementVisible_closure1.call(VerifyElementVisibleKeyword.groovy)
	at com.kms.katalon.core.webui.keyword.internal.WebUIKeywordMain.runKeyword(WebUIKeywordMain.groovy:20)
	at com.kms.katalon.core.webui.keyword.builtin.VerifyElementVisibleKeyword.verifyElementVisible(VerifyElementVisibleKeyword.groovy:97)
	at com.kms.katalon.core.webui.keyword.builtin.VerifyElementVisibleKeyword.execute(VerifyElementVisibleKeyword.groovy:67)
	at com.kms.katalon.core.keyword.internal.KeywordExecutor.executeKeywordForPlatform(KeywordExecutor.groovy:74)
	at com.kms.katalon.core.webui.keyword.WebUiBuiltInKeywords.verifyElementVisible(WebUiBuiltInKeywords.groovy:376)
	at com.kms.katalon.core.webui.keyword.WebUiBuiltInKeywords$verifyElementVisible$5.call(Unknown Source)
	at TC_22_Find_Store_THAILAND_Location.run(TC_22_Find_Store_THAILAND_Location:32)
	at com.kms.katalon.core.main.ScriptEngine.run(ScriptEngine.java:194)
	at com.kms.katalon.core.main.ScriptEngine.runScriptAsRawText(ScriptEngine.java:119)
	at com.kms.katalon.core.main.TestCaseExecutor.runScript(TestCaseExecutor.java:448)
	at com.kms.katalon.core.main.TestCaseExecutor.doExecute(TestCaseExecutor.java:439)
	at com.kms.katalon.core.main.TestCaseExecutor.processExecutionPhase(TestCaseExecutor.java:418)
	at com.kms.katalon.core.main.TestCaseExecutor.accessMainPhase(TestCaseExecutor.java:410)
	at com.kms.katalon.core.main.TestCaseExecutor.execute(TestCaseExecutor.java:285)
	at com.kms.katalon.core.main.TestCaseExecutor.execute(TestCaseExecutor.java:369)
	at com.kms.katalon.core.main.TestCaseExecutor.execute(TestCaseExecutor.java:369)
	at com.kms.katalon.core.main.TestCaseExecutor.execute(TestCaseExecutor.java:369)
	at com.kms.katalon.core.common.CommonExecutor.accessTestCaseMainPhase(CommonExecutor.java:65)
	at com.kms.katalon.core.main.TestSuiteExecutor.accessTestSuiteMainPhase(TestSuiteExecutor.java:144)
	at com.kms.katalon.core.main.TestSuiteExecutor.execute(TestSuiteExecutor.java:106)
	at com.kms.katalon.core.main.TestCaseMain.startTestSuite(TestCaseMain.java:185)
	at com.kms.katalon.core.main.TestCaseMain$startTestSuite$0.call(Unknown Source)
	at TempTestSuite1688146859647.run(TempTestSuite1688146859647.groovy:36)
)
[[ATTACHMENT|/Users/bhushan/git/katalon/Reports/20230630_231053/KDS_Test_Suite/20230630_231059/1688147771895.png]]

2023-06-30 23:26:12 - [MESSAGE][FAILED] - Unable to verify object 'Object Repository/KSD/Page_Find a KOHLER Store  Studio KOHLER/span_THAILAND' is visible (Root cause: com.kms.katalon.core.exception.StepFailedException: Unable to verify object 'Object Repository/KSD/Page_Find a KOHLER Store  Studio KOHLER/span_THAILAND' is visible
	at com.kms.katalon.core.webui.keyword.internal.WebUIKeywordMain.stepFailed(WebUIKeywordMain.groovy:64)
	at com.kms.katalon.core.webui.keyword.internal.WebUIKeywordMain.runKeyword(WebUIKeywordMain.groovy:26)
	at com.kms.katalon.core.webui.keyword.builtin.VerifyElementVisibleKeyword.verifyElementVisible(VerifyElementVisibleKeyword.groovy:97)
	at com.kms.katalon.core.webui.keyword.builtin.VerifyElementVisibleKeyword.execute(VerifyElementVisibleKeyword.groovy:67)
	at com.kms.katalon.core.keyword.internal.KeywordExecutor.executeKeywordForPlatform(KeywordExecutor.groovy:74)
	at com.kms.katalon.core.webui.keyword.WebUiBuiltInKeywords.verifyElementVisible(WebUiBuiltInKeywords.groovy:376)
	at com.kms.katalon.core.webui.keyword.WebUiBuiltInKeywords$verifyElementVisible$5.call(Unknown Source)
	at TC_22_Find_Store_THAILAND_Location.run(TC_22_Find_Store_THAILAND_Location:32)
	at com.kms.katalon.core.main.ScriptEngine.run(ScriptEngine.java:194)
	at com.kms.katalon.core.main.ScriptEngine.runScriptAsRawText(ScriptEngine.java:119)
	at com.kms.katalon.core.main.TestCaseExecutor.runScript(TestCaseExecutor.java:448)
	at com.kms.katalon.core.main.TestCaseExecutor.doExecute(TestCaseExecutor.java:439)
	at com.kms.katalon.core.main.TestCaseExecutor.processExecutionPhase(TestCaseExecutor.java:418)
	at com.kms.katalon.core.main.TestCaseExecutor.accessMainPhase(TestCaseExecutor.java:410)
	at com.kms.katalon.core.main.TestCaseExecutor.execute(TestCaseExecutor.java:285)
	at com.kms.katalon.core.main.TestCaseExecutor.execute(TestCaseExecutor.java:369)
	at com.kms.katalon.core.main.TestCaseExecutor.execute(TestCaseExecutor.java:369)
	at com.kms.katalon.core.main.TestCaseExecutor.execute(TestCaseExecutor.java:369)
	at com.kms.katalon.core.common.CommonExecutor.accessTestCaseMainPhase(CommonExecutor.java:65)
	at com.kms.katalon.core.main.TestSuiteExecutor.accessTestSuiteMainPhase(TestSuiteExecutor.java:144)
	at com.kms.katalon.core.main.TestSuiteExecutor.execute(TestSuiteExecutor.java:106)
	at com.kms.katalon.core.main.TestCaseMain.startTestSuite(TestCaseMain.java:185)
	at com.kms.katalon.core.main.TestCaseMain$startTestSuite$0.call(Unknown Source)
	at TempTestSuite1688146859647.run(TempTestSuite1688146859647.groovy:36)
Caused by: com.kms.katalon.core.exception.StepFailedException: Object 'Object Repository/KSD/Page_Find a KOHLER Store  Studio KOHLER/span_THAILAND' is NOT visible
	at com.kms.katalon.core.webui.keyword.internal.WebUIKeywordMain.stepFailed(WebUIKeywordMain.groovy:64)
	at com.kms.katalon.core.webui.keyword.builtin.VerifyElementVisibleKeyword$_verifyElementVisible_closure1.doCall(VerifyElementVisibleKeyword.groovy:83)
	at com.kms.katalon.core.webui.keyword.builtin.VerifyElementVisibleKeyword$_verifyElementVisible_closure1.call(VerifyElementVisibleKeyword.groovy)
	at com.kms.katalon.core.webui.keyword.internal.WebUIKeywordMain.runKeyword(WebUIKeywordMain.groovy:20)
	... 22 more
)
[[ATTACHMENT|/Users/bhushan/git/katalon/Reports/20230630_231053/KDS_Test_Suite/20230630_231059/1688147772206.png]]]]></system-out>
         <system-err><![CDATA[2023-06-30 23:25:51 - [TEST_CASE][FAILED] - Test Cases/KDS/TC_22_Find_Store_THAILAND_Location: Test Cases/KDS/TC_22_Find_Store_THAILAND_Location FAILED.
Reason:
com.kms.katalon.core.exception.StepFailedException: Unable to verify object 'Object Repository/KSD/Page_Find a KOHLER Store  Studio KOHLER/span_THAILAND' is visible
	at com.kms.katalon.core.webui.keyword.internal.WebUIKeywordMain.stepFailed(WebUIKeywordMain.groovy:64)
	at com.kms.katalon.core.webui.keyword.internal.WebUIKeywordMain.runKeyword(WebUIKeywordMain.groovy:26)
	at com.kms.katalon.core.webui.keyword.builtin.VerifyElementVisibleKeyword.verifyElementVisible(VerifyElementVisibleKeyword.groovy:97)
	at com.kms.katalon.core.webui.keyword.builtin.VerifyElementVisibleKeyword.execute(VerifyElementVisibleKeyword.groovy:67)
	at com.kms.katalon.core.keyword.internal.KeywordExecutor.executeKeywordForPlatform(KeywordExecutor.groovy:74)
	at com.kms.katalon.core.webui.keyword.WebUiBuiltInKeywords.verifyElementVisible(WebUiBuiltInKeywords.groovy:376)
	at com.kms.katalon.core.webui.keyword.WebUiBuiltInKeywords$verifyElementVisible$5.call(Unknown Source)
	at TC_22_Find_Store_THAILAND_Location.run(TC_22_Find_Store_THAILAND_Location:32)
	at com.kms.katalon.core.main.ScriptEngine.run(ScriptEngine.java:194)
	at com.kms.katalon.core.main.ScriptEngine.runScriptAsRawText(ScriptEngine.java:119)
	at com.kms.katalon.core.main.TestCaseExecutor.runScript(TestCaseExecutor.java:448)
	at com.kms.katalon.core.main.TestCaseExecutor.doExecute(TestCaseExecutor.java:439)
	at com.kms.katalon.core.main.TestCaseExecutor.processExecutionPhase(TestCaseExecutor.java:418)
	at com.kms.katalon.core.main.TestCaseExecutor.accessMainPhase(TestCaseExecutor.java:410)
	at com.kms.katalon.core.main.TestCaseExecutor.execute(TestCaseExecutor.java:285)
	at com.kms.katalon.core.main.TestCaseExecutor.execute(TestCaseExecutor.java:369)
	at com.kms.katalon.core.main.TestCaseExecutor.execute(TestCaseExecutor.java:369)
	at com.kms.katalon.core.main.TestCaseExecutor.execute(TestCaseExecutor.java:369)
	at com.kms.katalon.core.common.CommonExecutor.accessTestCaseMainPhase(CommonExecutor.java:65)
	at com.kms.katalon.core.main.TestSuiteExecutor.accessTestSuiteMainPhase(TestSuiteExecutor.java:144)
	at com.kms.katalon.core.main.TestSuiteExecutor.execute(TestSuiteExecutor.java:106)
	at com.kms.katalon.core.main.TestCaseMain.startTestSuite(TestCaseMain.java:185)
	at com.kms.katalon.core.main.TestCaseMain$startTestSuite$0.call(Unknown Source)
	at TempTestSuite1688146859647.run(TempTestSuite1688146859647.groovy:36)
Caused by: com.kms.katalon.core.exception.StepFailedException: Object 'Object Repository/KSD/Page_Find a KOHLER Store  Studio KOHLER/span_THAILAND' is NOT visible
	at com.kms.katalon.core.webui.keyword.internal.WebUIKeywordMain.stepFailed(WebUIKeywordMain.groovy:64)
	at com.kms.katalon.core.webui.keyword.builtin.VerifyElementVisibleKeyword$_verifyElementVisible_closure1.doCall(VerifyElementVisibleKeyword.groovy:83)
	at com.kms.katalon.core.webui.keyword.builtin.VerifyElementVisibleKeyword$_verifyElementVisible_closure1.call(VerifyElementVisibleKeyword.groovy)
	at com.kms.katalon.core.webui.keyword.internal.WebUIKeywordMain.runKeyword(WebUIKeywordMain.groovy:20)
	... 22 more]]></system-err>
      </testcase>
      <testcase name="Test Cases/KDS/TC_23_Find_Store_UNITED_KINGDOM_Location" time="24.197" classname="Test Cases/KDS/TC_23_Find_Store_UNITED_KINGDOM_Location" status="PASSED">
         <system-out><![CDATA[2023-06-30 23:26:12 - [TEST_CASE][PASSED] - Test Cases/KDS/TC_23_Find_Store_UNITED_KINGDOM_Location: Test Cases/KDS/TC_23_Find_Store_UNITED_KINGDOM_Location

2023-06-30 23:26:13 - [TEST_STEP][PASSED] - openBrowser(""): Browser is opened with url: ''

2023-06-30 23:26:13 - [MESSAGE][WARNING] - A browser is already opened. Closing browser and opening a new one

2023-06-30 23:26:14 - [MESSAGE][INFO] - Starting 'Firefox' driver

2023-06-30 23:26:14 - [MESSAGE][INFO] - Action delay is set to 0 milliseconds

2023-06-30 23:26:18 - [MESSAGE][PASSED] - Browser is opened with url: ''

2023-06-30 23:26:18 - [TEST_STEP][PASSED] - navigateToUrl("https://www.studiokohler.com/en-us/faqs"): Navigate to 'https://www.studiokohler.com/en-us/faqs' successfully

2023-06-30 23:26:25 - [MESSAGE][PASSED] - Navigate to 'https://www.studiokohler.com/en-us/faqs' successfully

2023-06-30 23:26:25 - [TEST_STEP][PASSED] - maximizeWindow(): Current window maximized

2023-06-30 23:26:26 - [MESSAGE][PASSED] - Current window maximized

2023-06-30 23:26:26 - [TEST_STEP][PASSED] - click(findTestObject("Object Repository/KSD/Page_Product FAQs/button_Accept All Cookies")): Object: 'Object Repository/KSD/Page_Product FAQs/button_Accept All Cookies' is clicked on

2023-06-30 23:26:28 - [MESSAGE][PASSED] - Object: 'Object Repository/KSD/Page_Product FAQs/button_Accept All Cookies' is clicked on

2023-06-30 23:26:28 - [TEST_STEP][PASSED] - click(findTestObject("Object Repository/KSD/Page_Product FAQs/i_OK_fal fa-map-marker-alt")): Object: 'Object Repository/KSD/Page_Product FAQs/i_OK_fal fa-map-marker-alt' is clicked on

2023-06-30 23:26:34 - [MESSAGE][PASSED] - Object: 'Object Repository/KSD/Page_Product FAQs/i_OK_fal fa-map-marker-alt' is clicked on

2023-06-30 23:26:34 - [TEST_STEP][PASSED] - click(findTestObject("Object Repository/KSD/Page_Find a KOHLER Store  Studio KOHLER/a_UNITED KINGDOM")): Object: 'Object Repository/KSD/Page_Find a KOHLER Store  Studio KOHLER/a_UNITED KINGDOM' is clicked on

2023-06-30 23:26:35 - [MESSAGE][PASSED] - Object: 'Object Repository/KSD/Page_Find a KOHLER Store  Studio KOHLER/a_UNITED KINGDOM' is clicked on

2023-06-30 23:26:35 - [TEST_STEP][PASSED] - verifyElementVisible(findTestObject("Object Repository/KSD/Page_Find a KOHLER Store  Studio KOHLER/span_UNITED KINGDOM")): Object 'Object Repository/KSD/Page_Find a KOHLER Store  Studio KOHLER/span_UNITED KINGDOM' is visible

2023-06-30 23:26:36 - [MESSAGE][PASSED] - Object 'Object Repository/KSD/Page_Find a KOHLER Store  Studio KOHLER/span_UNITED KINGDOM' is visible]]></system-out>
         <system-err><![CDATA[]]></system-err>
      </testcase>
      <testcase name="Test Cases/KDS/TC_24_Find_Store_UNITED_STATES_Location" time="21.869" classname="Test Cases/KDS/TC_24_Find_Store_UNITED_STATES_Location" status="PASSED">
         <system-out><![CDATA[2023-06-30 23:26:36 - [TEST_CASE][PASSED] - Test Cases/KDS/TC_24_Find_Store_UNITED_STATES_Location: Test Cases/KDS/TC_24_Find_Store_UNITED_STATES_Location

2023-06-30 23:26:37 - [TEST_STEP][PASSED] - openBrowser(""): Browser is opened with url: ''

2023-06-30 23:26:37 - [MESSAGE][WARNING] - A browser is already opened. Closing browser and opening a new one

2023-06-30 23:26:38 - [MESSAGE][INFO] - Starting 'Firefox' driver

2023-06-30 23:26:38 - [MESSAGE][INFO] - Action delay is set to 0 milliseconds

2023-06-30 23:26:42 - [MESSAGE][PASSED] - Browser is opened with url: ''

2023-06-30 23:26:42 - [TEST_STEP][PASSED] - navigateToUrl("https://www.studiokohler.com/en-us/faqs"): Navigate to 'https://www.studiokohler.com/en-us/faqs' successfully

2023-06-30 23:26:47 - [MESSAGE][PASSED] - Navigate to 'https://www.studiokohler.com/en-us/faqs' successfully

2023-06-30 23:26:47 - [TEST_STEP][PASSED] - maximizeWindow(): Current window maximized

2023-06-30 23:26:47 - [MESSAGE][PASSED] - Current window maximized

2023-06-30 23:26:47 - [TEST_STEP][PASSED] - click(findTestObject("Object Repository/KSD/Page_Product FAQs/button_Accept All Cookies")): Object: 'Object Repository/KSD/Page_Product FAQs/button_Accept All Cookies' is clicked on

2023-06-30 23:26:49 - [MESSAGE][PASSED] - Object: 'Object Repository/KSD/Page_Product FAQs/button_Accept All Cookies' is clicked on

2023-06-30 23:26:49 - [TEST_STEP][PASSED] - click(findTestObject("Object Repository/KSD/Page_Product FAQs/i_OK_fal fa-map-marker-alt")): Object: 'Object Repository/KSD/Page_Product FAQs/i_OK_fal fa-map-marker-alt' is clicked on

2023-06-30 23:26:55 - [MESSAGE][PASSED] - Object: 'Object Repository/KSD/Page_Product FAQs/i_OK_fal fa-map-marker-alt' is clicked on

2023-06-30 23:26:55 - [TEST_STEP][PASSED] - click(findTestObject("Object Repository/KSD/Page_Find a KOHLER Store  Studio KOHLER/a_UNITED STATES")): Object: 'Object Repository/KSD/Page_Find a KOHLER Store  Studio KOHLER/a_UNITED STATES' is clicked on

2023-06-30 23:26:57 - [MESSAGE][PASSED] - Object: 'Object Repository/KSD/Page_Find a KOHLER Store  Studio KOHLER/a_UNITED STATES' is clicked on

2023-06-30 23:26:57 - [TEST_STEP][PASSED] - click(findTestObject("Object Repository/KSD/Page_Find a KOHLER Store  Studio KOHLER/span_UNITED STATES")): Object: 'Object Repository/KSD/Page_Find a KOHLER Store  Studio KOHLER/span_UNITED STATES' is clicked on

2023-06-30 23:26:58 - [MESSAGE][PASSED] - Object: 'Object Repository/KSD/Page_Find a KOHLER Store  Studio KOHLER/span_UNITED STATES' is clicked on

2023-06-30 23:26:58 - [TEST_STEP][PASSED] - verifyElementVisible(findTestObject("Object Repository/KSD/Page_Find a KOHLER Store  Studio KOHLER/span_UNITED STATES")): Object 'Object Repository/KSD/Page_Find a KOHLER Store  Studio KOHLER/span_UNITED STATES' is visible

2023-06-30 23:26:58 - [MESSAGE][PASSED] - Object 'Object Repository/KSD/Page_Find a KOHLER Store  Studio KOHLER/span_UNITED STATES' is visible]]></system-out>
         <system-err><![CDATA[]]></system-err>
      </testcase>
      <testcase name="Test Cases/KDS/TC_27_Footer_ContactUs_Link" time="24.107" classname="Test Cases/KDS/TC_27_Footer_ContactUs_Link" status="PASSED">
         <system-out><![CDATA[2023-06-30 23:26:58 - [TEST_CASE][PASSED] - Test Cases/KDS/TC_27_Footer_ContactUs_Link: Test Cases/KDS/TC_27_Footer_ContactUs_Link

2023-06-30 23:26:59 - [TEST_STEP][PASSED] - openBrowser(""): Browser is opened with url: ''

2023-06-30 23:26:59 - [MESSAGE][WARNING] - A browser is already opened. Closing browser and opening a new one

2023-06-30 23:27:00 - [MESSAGE][INFO] - Starting 'Firefox' driver

2023-06-30 23:27:00 - [MESSAGE][INFO] - Action delay is set to 0 milliseconds

2023-06-30 23:27:05 - [MESSAGE][PASSED] - Browser is opened with url: ''

2023-06-30 23:27:05 - [TEST_STEP][PASSED] - navigateToUrl("https://www.studiokohler.com/en-us/faqs"): Navigate to 'https://www.studiokohler.com/en-us/faqs' successfully

2023-06-30 23:27:12 - [MESSAGE][PASSED] - Navigate to 'https://www.studiokohler.com/en-us/faqs' successfully

2023-06-30 23:27:12 - [TEST_STEP][PASSED] - maximizeWindow(): Current window maximized

2023-06-30 23:27:13 - [MESSAGE][PASSED] - Current window maximized

2023-06-30 23:27:13 - [TEST_STEP][PASSED] - click(findTestObject("Object Repository/KSD/Page_Product FAQs/button_Accept All Cookies")): Object: 'Object Repository/KSD/Page_Product FAQs/button_Accept All Cookies' is clicked on

2023-06-30 23:27:14 - [MESSAGE][PASSED] - Object: 'Object Repository/KSD/Page_Product FAQs/button_Accept All Cookies' is clicked on

2023-06-30 23:27:14 - [TEST_STEP][PASSED] - verifyElementVisible(findTestObject("Object Repository/KSD/Page_Product FAQs/a_Contact Us")): Object 'Object Repository/KSD/Page_Product FAQs/a_Contact Us' is visible

2023-06-30 23:27:14 - [MESSAGE][PASSED] - Object 'Object Repository/KSD/Page_Product FAQs/a_Contact Us' is visible

2023-06-30 23:27:14 - [TEST_STEP][PASSED] - click(findTestObject("Object Repository/KSD/Page_Product FAQs/a_Contact Us")): Object: 'Object Repository/KSD/Page_Product FAQs/a_Contact Us' is clicked on

2023-06-30 23:27:22 - [MESSAGE][PASSED] - Object: 'Object Repository/KSD/Page_Product FAQs/a_Contact Us' is clicked on

2023-06-30 23:27:22 - [TEST_STEP][PASSED] - verifyElementVisible(findTestObject("Object Repository/KSD/Page_Contact KOHLER  Studio KOHLER/h1_Contact Us")): Object 'Object Repository/KSD/Page_Contact KOHLER  Studio KOHLER/h1_Contact Us' is visible

2023-06-30 23:27:22 - [MESSAGE][PASSED] - Object 'Object Repository/KSD/Page_Contact KOHLER  Studio KOHLER/h1_Contact Us' is visible]]></system-out>
         <system-err><![CDATA[]]></system-err>
      </testcase>
      <testcase name="Test Cases/KDS/TC_28_Foter_Sitemap_Link" time="20.58" classname="Test Cases/KDS/TC_28_Foter_Sitemap_Link" status="PASSED">
         <system-out><![CDATA[2023-06-30 23:27:22 - [TEST_CASE][PASSED] - Test Cases/KDS/TC_28_Foter_Sitemap_Link: Test Cases/KDS/TC_28_Foter_Sitemap_Link

2023-06-30 23:27:23 - [TEST_STEP][PASSED] - openBrowser(""): Browser is opened with url: ''

2023-06-30 23:27:23 - [MESSAGE][WARNING] - A browser is already opened. Closing browser and opening a new one

2023-06-30 23:27:24 - [MESSAGE][INFO] - Starting 'Firefox' driver

2023-06-30 23:27:24 - [MESSAGE][INFO] - Action delay is set to 0 milliseconds

2023-06-30 23:27:28 - [MESSAGE][PASSED] - Browser is opened with url: ''

2023-06-30 23:27:28 - [TEST_STEP][PASSED] - navigateToUrl("https://www.studiokohler.com/en-us/faqs"): Navigate to 'https://www.studiokohler.com/en-us/faqs' successfully

2023-06-30 23:27:33 - [MESSAGE][PASSED] - Navigate to 'https://www.studiokohler.com/en-us/faqs' successfully

2023-06-30 23:27:33 - [TEST_STEP][PASSED] - maximizeWindow(): Current window maximized

2023-06-30 23:27:34 - [MESSAGE][PASSED] - Current window maximized

2023-06-30 23:27:34 - [TEST_STEP][PASSED] - click(findTestObject("Object Repository/KSD/Page_Product FAQs/button_Accept All Cookies")): Object: 'Object Repository/KSD/Page_Product FAQs/button_Accept All Cookies' is clicked on

2023-06-30 23:27:36 - [MESSAGE][PASSED] - Object: 'Object Repository/KSD/Page_Product FAQs/button_Accept All Cookies' is clicked on

2023-06-30 23:27:36 - [TEST_STEP][PASSED] - verifyElementVisible(findTestObject("Object Repository/KSD/Page_Product FAQs/a_Sitemap")): Object 'Object Repository/KSD/Page_Product FAQs/a_Sitemap' is visible

2023-06-30 23:27:37 - [MESSAGE][PASSED] - Object 'Object Repository/KSD/Page_Product FAQs/a_Sitemap' is visible

2023-06-30 23:27:37 - [TEST_STEP][PASSED] - click(findTestObject("Object Repository/KSD/Page_Product FAQs/a_Sitemap")): Object: 'Object Repository/KSD/Page_Product FAQs/a_Sitemap' is clicked on

2023-06-30 23:27:41 - [MESSAGE][PASSED] - Object: 'Object Repository/KSD/Page_Product FAQs/a_Sitemap' is clicked on

2023-06-30 23:27:41 - [TEST_STEP][PASSED] - verifyElementVisible(findTestObject("Object Repository/KSD/Page_Site Map/h1_Site Map")): Object 'Object Repository/KSD/Page_Site Map/h1_Site Map' is visible

2023-06-30 23:27:43 - [MESSAGE][PASSED] - Object 'Object Repository/KSD/Page_Site Map/h1_Site Map' is visible]]></system-out>
         <system-err><![CDATA[]]></system-err>
      </testcase>
      <testcase name="Test Cases/KDS/TC_26_Footer_FAQs_Link" time="20.566" classname="Test Cases/KDS/TC_26_Footer_FAQs_Link" status="PASSED">
         <system-out><![CDATA[2023-06-30 23:27:43 - [TEST_CASE][PASSED] - Test Cases/KDS/TC_26_Footer_FAQs_Link: Test Cases/KDS/TC_26_Footer_FAQs_Link

2023-06-30 23:27:44 - [TEST_STEP][PASSED] - openBrowser(""): Browser is opened with url: ''

2023-06-30 23:27:44 - [MESSAGE][WARNING] - A browser is already opened. Closing browser and opening a new one

2023-06-30 23:27:45 - [MESSAGE][INFO] - Starting 'Firefox' driver

2023-06-30 23:27:45 - [MESSAGE][INFO] - Action delay is set to 0 milliseconds

2023-06-30 23:27:49 - [MESSAGE][PASSED] - Browser is opened with url: ''

2023-06-30 23:27:49 - [TEST_STEP][PASSED] - navigateToUrl("https://www.studiokohler.com/en-us/faqs"): Navigate to 'https://www.studiokohler.com/en-us/faqs' successfully

2023-06-30 23:27:54 - [MESSAGE][PASSED] - Navigate to 'https://www.studiokohler.com/en-us/faqs' successfully

2023-06-30 23:27:54 - [TEST_STEP][PASSED] - maximizeWindow(): Current window maximized

2023-06-30 23:27:54 - [MESSAGE][PASSED] - Current window maximized

2023-06-30 23:27:54 - [TEST_STEP][PASSED] - click(findTestObject("Object Repository/KSD/Page_Product FAQs/button_Accept All Cookies")): Object: 'Object Repository/KSD/Page_Product FAQs/button_Accept All Cookies' is clicked on

2023-06-30 23:27:57 - [MESSAGE][PASSED] - Object: 'Object Repository/KSD/Page_Product FAQs/button_Accept All Cookies' is clicked on

2023-06-30 23:27:57 - [TEST_STEP][PASSED] - verifyElementVisible(findTestObject("Object Repository/KSD/Page_Product FAQs/a_FAQs")): Object 'Object Repository/KSD/Page_Product FAQs/a_FAQs' is visible

2023-06-30 23:27:58 - [MESSAGE][PASSED] - Object 'Object Repository/KSD/Page_Product FAQs/a_FAQs' is visible

2023-06-30 23:27:58 - [TEST_STEP][PASSED] - click(findTestObject("Object Repository/KSD/Page_Product FAQs/a_FAQs")): Object: 'Object Repository/KSD/Page_Product FAQs/a_FAQs' is clicked on

2023-06-30 23:28:01 - [MESSAGE][PASSED] - Object: 'Object Repository/KSD/Page_Product FAQs/a_FAQs' is clicked on

2023-06-30 23:28:01 - [TEST_STEP][PASSED] - verifyElementVisible(findTestObject("Object Repository/KSD/Page_Product FAQs/h1_Product FAQs")): Object 'Object Repository/KSD/Page_Product FAQs/h1_Product FAQs' is visible

2023-06-30 23:28:04 - [MESSAGE][PASSED] - Object 'Object Repository/KSD/Page_Product FAQs/h1_Product FAQs' is visible]]></system-out>
         <system-err><![CDATA[]]></system-err>
      </testcase>
      <testcase name="Test Cases/KDS/TC_25_ Footer_Press_Room_Link" time="22.15" classname="Test Cases/KDS/TC_25_ Footer_Press_Room_Link" status="PASSED">
         <system-out><![CDATA[2023-06-30 23:28:04 - [TEST_CASE][PASSED] - Test Cases/KDS/TC_25_ Footer_Press_Room_Link: Test Cases/KDS/TC_25_ Footer_Press_Room_Link

2023-06-30 23:28:04 - [TEST_STEP][PASSED] - openBrowser(""): Browser is opened with url: ''

2023-06-30 23:28:04 - [MESSAGE][WARNING] - A browser is already opened. Closing browser and opening a new one

2023-06-30 23:28:05 - [MESSAGE][INFO] - Starting 'Firefox' driver

2023-06-30 23:28:05 - [MESSAGE][INFO] - Action delay is set to 0 milliseconds

2023-06-30 23:28:09 - [MESSAGE][PASSED] - Browser is opened with url: ''

2023-06-30 23:28:09 - [TEST_STEP][PASSED] - navigateToUrl("https://www.studiokohler.com/en-us/faqs"): Navigate to 'https://www.studiokohler.com/en-us/faqs' successfully

2023-06-30 23:28:16 - [MESSAGE][PASSED] - Navigate to 'https://www.studiokohler.com/en-us/faqs' successfully

2023-06-30 23:28:16 - [TEST_STEP][PASSED] - maximizeWindow(): Current window maximized

2023-06-30 23:28:17 - [MESSAGE][PASSED] - Current window maximized

2023-06-30 23:28:17 - [TEST_STEP][PASSED] - click(findTestObject("Object Repository/KSD/Page_Product FAQs/button_Accept All Cookies")): Object: 'Object Repository/KSD/Page_Product FAQs/button_Accept All Cookies' is clicked on

2023-06-30 23:28:18 - [MESSAGE][PASSED] - Object: 'Object Repository/KSD/Page_Product FAQs/button_Accept All Cookies' is clicked on

2023-06-30 23:28:18 - [TEST_STEP][PASSED] - verifyElementVisible(findTestObject("Object Repository/KSD/Page_Product FAQs/a_Press Room")): Object 'Object Repository/KSD/Page_Product FAQs/a_Press Room' is visible

2023-06-30 23:28:19 - [MESSAGE][PASSED] - Object 'Object Repository/KSD/Page_Product FAQs/a_Press Room' is visible

2023-06-30 23:28:19 - [TEST_STEP][PASSED] - click(findTestObject("Object Repository/KSD/Page_Product FAQs/a_Press Room")): Object: 'Object Repository/KSD/Page_Product FAQs/a_Press Room' is clicked on

2023-06-30 23:28:23 - [MESSAGE][PASSED] - Object: 'Object Repository/KSD/Page_Product FAQs/a_Press Room' is clicked on

2023-06-30 23:28:23 - [TEST_STEP][PASSED] - verifyElementVisible(findTestObject("Object Repository/KSD/Page_Press Room/h1_Press Room")): Object 'Object Repository/KSD/Page_Press Room/h1_Press Room' is visible

2023-06-30 23:28:26 - [MESSAGE][PASSED] - Object 'Object Repository/KSD/Page_Press Room/h1_Press Room' is visible

2023-06-30 23:28:26 - [TEST_STEP][PASSED] - getUrl(): Current window's url is: 'https://www.studiokohler.com/en-us/pressroom'

2023-06-30 23:28:26 - [MESSAGE][PASSED] - Current window's url is: 'https://www.studiokohler.com/en-us/pressroom']]></system-out>
         <system-err><![CDATA[]]></system-err>
      </testcase>
      <system-out><![CDATA[2023-06-30 23:13:06 - [TEST_SUITE][FAILED] - KDS_Test_Suite: Test Cases/KDS/TC_22_Find_Store_THAILAND_Location FAILED.
Reason:
com.kms.katalon.core.exception.StepFailedException: Unable to verify object 'Object Repository/KSD/Page_Find a KOHLER Store  Studio KOHLER/span_THAILAND' is visible
	at com.kms.katalon.core.webui.keyword.internal.WebUIKeywordMain.stepFailed(WebUIKeywordMain.groovy:64)
	at com.kms.katalon.core.webui.keyword.internal.WebUIKeywordMain.runKeyword(WebUIKeywordMain.groovy:26)
	at com.kms.katalon.core.webui.keyword.builtin.VerifyElementVisibleKeyword.verifyElementVisible(VerifyElementVisibleKeyword.groovy:97)
	at com.kms.katalon.core.webui.keyword.builtin.VerifyElementVisibleKeyword.execute(VerifyElementVisibleKeyword.groovy:67)
	at com.kms.katalon.core.keyword.internal.KeywordExecutor.executeKeywordForPlatform(KeywordExecutor.groovy:74)
	at com.kms.katalon.core.webui.keyword.WebUiBuiltInKeywords.verifyElementVisible(WebUiBuiltInKeywords.groovy:376)
	at com.kms.katalon.core.webui.keyword.WebUiBuiltInKeywords$verifyElementVisible$5.call(Unknown Source)
	at TC_22_Find_Store_THAILAND_Location.run(TC_22_Find_Store_THAILAND_Location:32)
	at com.kms.katalon.core.main.ScriptEngine.run(ScriptEngine.java:194)
	at com.kms.katalon.core.main.ScriptEngine.runScriptAsRawText(ScriptEngine.java:119)
	at com.kms.katalon.core.main.TestCaseExecutor.runScript(TestCaseExecutor.java:448)
	at com.kms.katalon.core.main.TestCaseExecutor.doExecute(TestCaseExecutor.java:439)
	at com.kms.katalon.core.main.TestCaseExecutor.processExecutionPhase(TestCaseExecutor.java:418)
	at com.kms.katalon.core.main.TestCaseExecutor.accessMainPhase(TestCaseExecutor.java:410)
	at com.kms.katalon.core.main.TestCaseExecutor.execute(TestCaseExecutor.java:285)
	at com.kms.katalon.core.common.CommonExecutor.accessTestCaseMainPhase(CommonExecutor.java:65)
	at com.kms.katalon.core.main.TestSuiteExecutor.accessTestSuiteMainPhase(TestSuiteExecutor.java:144)
	at com.kms.katalon.core.main.TestSuiteExecutor.execute(TestSuiteExecutor.java:106)
	at com.kms.katalon.core.main.TestCaseMain.startTestSuite(TestCaseMain.java:185)
	at com.kms.katalon.core.main.TestCaseMain$startTestSuite$0.call(Unknown Source)
	at TempTestSuite1688146859647.run(TempTestSuite1688146859647.groovy:36)
Caused by: com.kms.katalon.core.exception.StepFailedException: Object 'Object Repository/KSD/Page_Find a KOHLER Store  Studio KOHLER/span_THAILAND' is NOT visible
	at com.kms.katalon.core.webui.keyword.internal.WebUIKeywordMain.stepFailed(WebUIKeywordMain.groovy:64)
	at com.kms.katalon.core.webui.keyword.builtin.VerifyElementVisibleKeyword$_verifyElementVisible_closure1.doCall(VerifyElementVisibleKeyword.groovy:83)
	at com.kms.katalon.core.webui.keyword.builtin.VerifyElementVisibleKeyword$_verifyElementVisible_closure1.call(VerifyElementVisibleKeyword.groovy)
	at com.kms.katalon.core.webui.keyword.internal.WebUIKeywordMain.runKeyword(WebUIKeywordMain.groovy:20)
	... 19 more]]></system-out>
      <system-err><![CDATA[2023-06-30 23:13:06 - [TEST_SUITE][FAILED] - KDS_Test_Suite: Test Cases/KDS/TC_22_Find_Store_THAILAND_Location FAILED.
Reason:
com.kms.katalon.core.exception.StepFailedException: Unable to verify object 'Object Repository/KSD/Page_Find a KOHLER Store  Studio KOHLER/span_THAILAND' is visible
	at com.kms.katalon.core.webui.keyword.internal.WebUIKeywordMain.stepFailed(WebUIKeywordMain.groovy:64)
	at com.kms.katalon.core.webui.keyword.internal.WebUIKeywordMain.runKeyword(WebUIKeywordMain.groovy:26)
	at com.kms.katalon.core.webui.keyword.builtin.VerifyElementVisibleKeyword.verifyElementVisible(VerifyElementVisibleKeyword.groovy:97)
	at com.kms.katalon.core.webui.keyword.builtin.VerifyElementVisibleKeyword.execute(VerifyElementVisibleKeyword.groovy:67)
	at com.kms.katalon.core.keyword.internal.KeywordExecutor.executeKeywordForPlatform(KeywordExecutor.groovy:74)
	at com.kms.katalon.core.webui.keyword.WebUiBuiltInKeywords.verifyElementVisible(WebUiBuiltInKeywords.groovy:376)
	at com.kms.katalon.core.webui.keyword.WebUiBuiltInKeywords$verifyElementVisible$5.call(Unknown Source)
	at TC_22_Find_Store_THAILAND_Location.run(TC_22_Find_Store_THAILAND_Location:32)
	at com.kms.katalon.core.main.ScriptEngine.run(ScriptEngine.java:194)
	at com.kms.katalon.core.main.ScriptEngine.runScriptAsRawText(ScriptEngine.java:119)
	at com.kms.katalon.core.main.TestCaseExecutor.runScript(TestCaseExecutor.java:448)
	at com.kms.katalon.core.main.TestCaseExecutor.doExecute(TestCaseExecutor.java:439)
	at com.kms.katalon.core.main.TestCaseExecutor.processExecutionPhase(TestCaseExecutor.java:418)
	at com.kms.katalon.core.main.TestCaseExecutor.accessMainPhase(TestCaseExecutor.java:410)
	at com.kms.katalon.core.main.TestCaseExecutor.execute(TestCaseExecutor.java:285)
	at com.kms.katalon.core.common.CommonExecutor.accessTestCaseMainPhase(CommonExecutor.java:65)
	at com.kms.katalon.core.main.TestSuiteExecutor.accessTestSuiteMainPhase(TestSuiteExecutor.java:144)
	at com.kms.katalon.core.main.TestSuiteExecutor.execute(TestSuiteExecutor.java:106)
	at com.kms.katalon.core.main.TestCaseMain.startTestSuite(TestCaseMain.java:185)
	at com.kms.katalon.core.main.TestCaseMain$startTestSuite$0.call(Unknown Source)
	at TempTestSuite1688146859647.run(TempTestSuite1688146859647.groovy:36)
Caused by: com.kms.katalon.core.exception.StepFailedException: Object 'Object Repository/KSD/Page_Find a KOHLER Store  Studio KOHLER/span_THAILAND' is NOT visible
	at com.kms.katalon.core.webui.keyword.internal.WebUIKeywordMain.stepFailed(WebUIKeywordMain.groovy:64)
	at com.kms.katalon.core.webui.keyword.builtin.VerifyElementVisibleKeyword$_verifyElementVisible_closure1.doCall(VerifyElementVisibleKeyword.groovy:83)
	at com.kms.katalon.core.webui.keyword.builtin.VerifyElementVisibleKeyword$_verifyElementVisible_closure1.call(VerifyElementVisibleKeyword.groovy)
	at com.kms.katalon.core.webui.keyword.internal.WebUIKeywordMain.runKeyword(WebUIKeywordMain.groovy:20)
	... 19 more]]></system-err>
   </testsuite>
</testsuites>
