<?xml version="1.0" encoding="UTF-8"?>
<testsuites name="Amazon" time="544.431" tests="3" failures="0" errors="0">
   <testsuite name="Amazon" tests="3" failures="0" errors="0" time="544.431" skipped="0" timestamp="2023-06-23 00:44:51" hostname="bhushan - 192.168.1.13" id="Test Suites/Amazon">
      <properties>
         <property name="deviceName" value=""/>
         <property name="devicePlatform" value=""/>
         <property name="logFolder" value="/Users/bhushan/git/katalon/Reports/20230623_004448/Amazon/20230623_004448"/>
         <property name="logFiles" value="/Users/bhushan/git/katalon/Reports/20230623_004448/Amazon/20230623_004448/execution0.log"/>
         <property name="attachments" value=""/>
         <property name="hostName" value="bhushan - 192.168.1.13"/>
         <property name="os" value="Mac OS X 64bit"/>
         <property name="katalonVersion" value="8.4.1.208"/>
         <property name="browser" value="Chrome 114.0.0.0"/>
         <property name="hostAddress" value="192.168.1.13"/>
         <property name="sessionId" value="1c54a8f9055f1635c3125dcebef45d44"/>
         <property name="seleniumVersion" value="3.141.59"/>
         <property name="proxyInformation" value="ProxyInformation { proxyOption=NO_PROXY, proxyServerType=HTTP, username=, password=********, proxyServerAddress=, proxyServerPort=0, executionList=&quot;&quot;, isApplyToDesiredCapabilities=true }"/>
         <property name="platform" value="Mac OS X"/>
      </properties>
      <testcase name="Test Cases/TC_01_Login" time="193.611" classname="Test Cases/TC_01_Login" status="PASSED">
         <system-out><![CDATA[2023-06-23 00:44:52 - [TEST_CASE][PASSED] - Test Cases/TC_01_Login: Test Cases/TC_01_Login

2023-06-23 00:44:52 - [TEST_STEP][PASSED] - openBrowser(""): Browser is opened with url: ''

2023-06-23 00:44:52 - [MESSAGE][INFO] - Starting 'Chrome' driver

2023-06-23 00:44:52 - [MESSAGE][INFO] - Action delay is set to 0 milliseconds

2023-06-23 00:45:02 - [MESSAGE][PASSED] - Browser is opened with url: ''

2023-06-23 00:45:02 - [TEST_STEP][PASSED] - navigateToUrl("https://www.amazon.in/"): Navigate to 'https://www.amazon.in/' successfully

2023-06-23 00:45:27 - [MESSAGE][PASSED] - Navigate to 'https://www.amazon.in/' successfully

2023-06-23 00:45:27 - [TEST_STEP][PASSED] - maximizeWindow(): Current window maximized

2023-06-23 00:45:42 - [MESSAGE][PASSED] - Current window maximized

2023-06-23 00:45:42 - [TEST_STEP][PASSED] - click(findTestObject("Object Repository/Page_Online Shopping site in India Shop Onl_10c5f3/span_Hello, sign in")): Object: 'Object Repository/Page_Online Shopping site in India Shop Onl_10c5f3/span_Hello, sign in' is clicked on

2023-06-23 00:46:25 - [MESSAGE][PASSED] - Object: 'Object Repository/Page_Online Shopping site in India Shop Onl_10c5f3/span_Hello, sign in' is clicked on

2023-06-23 00:46:25 - [TEST_STEP][PASSED] - setText(findTestObject("Object Repository/Page_Amazon Sign In/input_Email or mobile phone number_email"), "bhushan.borse@kohler.com"): Text 'bhushan.borse@kohler.com' is set on object 'Object Repository/Page_Amazon Sign In/input_Email or mobile phone number_email'

2023-06-23 00:46:39 - [MESSAGE][PASSED] - Text 'bhushan.borse@kohler.com' is set on object 'Object Repository/Page_Amazon Sign In/input_Email or mobile phone number_email'

2023-06-23 00:46:39 - [TEST_STEP][PASSED] - click(findTestObject("Object Repository/Page_Amazon Sign In/input_Enter your email or mobile phone numb_fc7402")): Object: 'Object Repository/Page_Amazon Sign In/input_Enter your email or mobile phone numb_fc7402' is clicked on

2023-06-23 00:46:49 - [MESSAGE][PASSED] - Object: 'Object Repository/Page_Amazon Sign In/input_Enter your email or mobile phone numb_fc7402' is clicked on

2023-06-23 00:46:49 - [TEST_STEP][PASSED] - setEncryptedText(findTestObject("Object Repository/Page_Amazon Sign In/input_Forgot Password_password"), "UkTT/T5uWxHt/j9SPva+fQ=="): Text ****** has been set on object 'Object Repository/Page_Amazon Sign In/input_Forgot Password_password'

2023-06-23 00:46:54 - [MESSAGE][PASSED] - Text ****** has been set on object 'Object Repository/Page_Amazon Sign In/input_Forgot Password_password'

2023-06-23 00:46:54 - [TEST_STEP][PASSED] - click(findTestObject("Object Repository/Page_Amazon Sign In/input_Enter your password_signInSubmit")): Object: 'Object Repository/Page_Amazon Sign In/input_Enter your password_signInSubmit' is clicked on

2023-06-23 00:46:58 - [MESSAGE][PASSED] - Object: 'Object Repository/Page_Amazon Sign In/input_Enter your password_signInSubmit' is clicked on

2023-06-23 00:46:58 - [TEST_STEP][PASSED] - verifyElementVisible(findTestObject("Object Repository/Page_Online Shopping site in India Shop Onl_10c5f3/span_Hello, Bhushan")): Object 'Object Repository/Page_Online Shopping site in India Shop Onl_10c5f3/span_Hello, Bhushan' is visible

2023-06-23 00:48:05 - [MESSAGE][PASSED] - Object 'Object Repository/Page_Online Shopping site in India Shop Onl_10c5f3/span_Hello, Bhushan' is visible]]></system-out>
         <system-err><![CDATA[]]></system-err>
      </testcase>
      <testcase name="Test Cases/TC_02_Check_My_Order_Page" time="188.959" classname="Test Cases/TC_02_Check_My_Order_Page" status="PASSED">
         <system-out><![CDATA[2023-06-23 00:49:40 - [TEST_CASE][PASSED] - Test Cases/TC_02_Check_My_Order_Page: Test Cases/TC_02_Check_My_Order_Page

2023-06-23 00:49:40 - [TEST_STEP][PASSED] - callTestCase(findTestCase("TC_01_Login"), [:], STOP_ON_FAILURE): Call Test Case 'Test Cases/TC_01_Login' successfully

2023-06-23 00:49:40 - [TEST_CASE][PASSED] - Test Cases/TC_01_Login: Test Cases/TC_01_Login

2023-06-23 00:49:40 - [TEST_STEP][PASSED] - openBrowser(""): Browser is opened with url: ''

2023-06-23 00:49:40 - [MESSAGE][WARNING] - A browser is already opened. Closing browser and opening a new one

2023-06-23 00:49:40 - [MESSAGE][INFO] - Starting 'Chrome' driver

2023-06-23 00:49:40 - [MESSAGE][INFO] - Action delay is set to 0 milliseconds

2023-06-23 00:49:45 - [MESSAGE][PASSED] - Browser is opened with url: ''

2023-06-23 00:49:45 - [TEST_STEP][PASSED] - navigateToUrl("https://www.amazon.in/"): Navigate to 'https://www.amazon.in/' successfully

2023-06-23 00:50:10 - [MESSAGE][PASSED] - Navigate to 'https://www.amazon.in/' successfully

2023-06-23 00:50:10 - [TEST_STEP][PASSED] - maximizeWindow(): Current window maximized

2023-06-23 00:50:29 - [MESSAGE][PASSED] - Current window maximized

2023-06-23 00:50:29 - [TEST_STEP][PASSED] - click(findTestObject("Object Repository/Page_Online Shopping site in India Shop Onl_10c5f3/span_Hello, sign in")): Object: 'Object Repository/Page_Online Shopping site in India Shop Onl_10c5f3/span_Hello, sign in' is clicked on

2023-06-23 00:50:56 - [MESSAGE][PASSED] - Object: 'Object Repository/Page_Online Shopping site in India Shop Onl_10c5f3/span_Hello, sign in' is clicked on

2023-06-23 00:50:56 - [TEST_STEP][PASSED] - setText(findTestObject("Object Repository/Page_Amazon Sign In/input_Email or mobile phone number_email"), "bhushan.borse@kohler.com"): Text 'bhushan.borse@kohler.com' is set on object 'Object Repository/Page_Amazon Sign In/input_Email or mobile phone number_email'

2023-06-23 00:51:09 - [MESSAGE][PASSED] - Text 'bhushan.borse@kohler.com' is set on object 'Object Repository/Page_Amazon Sign In/input_Email or mobile phone number_email'

2023-06-23 00:51:09 - [TEST_STEP][PASSED] - click(findTestObject("Object Repository/Page_Amazon Sign In/input_Enter your email or mobile phone numb_fc7402")): Object: 'Object Repository/Page_Amazon Sign In/input_Enter your email or mobile phone numb_fc7402' is clicked on

2023-06-23 00:51:19 - [MESSAGE][PASSED] - Object: 'Object Repository/Page_Amazon Sign In/input_Enter your email or mobile phone numb_fc7402' is clicked on

2023-06-23 00:51:19 - [TEST_STEP][PASSED] - setEncryptedText(findTestObject("Object Repository/Page_Amazon Sign In/input_Forgot Password_password"), "UkTT/T5uWxHt/j9SPva+fQ=="): Text ****** has been set on object 'Object Repository/Page_Amazon Sign In/input_Forgot Password_password'

2023-06-23 00:51:26 - [MESSAGE][PASSED] - Text ****** has been set on object 'Object Repository/Page_Amazon Sign In/input_Forgot Password_password'

2023-06-23 00:51:26 - [TEST_STEP][PASSED] - click(findTestObject("Object Repository/Page_Amazon Sign In/input_Enter your password_signInSubmit")): Object: 'Object Repository/Page_Amazon Sign In/input_Enter your password_signInSubmit' is clicked on

2023-06-23 00:51:29 - [MESSAGE][PASSED] - Object: 'Object Repository/Page_Amazon Sign In/input_Enter your password_signInSubmit' is clicked on

2023-06-23 00:51:29 - [TEST_STEP][PASSED] - verifyElementVisible(findTestObject("Object Repository/Page_Online Shopping site in India Shop Onl_10c5f3/span_Hello, Bhushan")): Object 'Object Repository/Page_Online Shopping site in India Shop Onl_10c5f3/span_Hello, Bhushan' is visible

2023-06-23 00:52:15 - [MESSAGE][PASSED] - Object 'Object Repository/Page_Online Shopping site in India Shop Onl_10c5f3/span_Hello, Bhushan' is visible

2023-06-23 00:52:15 - [MESSAGE][PASSED] - Call Test Case 'Test Cases/TC_01_Login' successfully

2023-06-23 00:52:15 - [TEST_STEP][PASSED] - click(findTestObject("Object Repository/Page_Online Shopping site in India Shop Onl_10c5f3/span_Orders")): Object: 'Object Repository/Page_Online Shopping site in India Shop Onl_10c5f3/span_Orders' is clicked on

2023-06-23 00:52:24 - [MESSAGE][PASSED] - Object: 'Object Repository/Page_Online Shopping site in India Shop Onl_10c5f3/span_Orders' is clicked on

2023-06-23 00:52:24 - [TEST_STEP][PASSED] - navigateToUrl("https://www.amazon.in/gp/css/order-history?ref_=nav_orders_first"): Navigate to 'https://www.amazon.in/gp/css/order-history?ref_=nav_orders_first' successfully

2023-06-23 00:52:36 - [MESSAGE][PASSED] - Navigate to 'https://www.amazon.in/gp/css/order-history?ref_=nav_orders_first' successfully

2023-06-23 00:52:36 - [TEST_STEP][PASSED] - click(findTestObject("Object Repository/Page_Your Orders/h1_Your Orders")): Object: 'Object Repository/Page_Your Orders/h1_Your Orders' is clicked on

2023-06-23 00:52:48 - [MESSAGE][PASSED] - Object: 'Object Repository/Page_Your Orders/h1_Your Orders' is clicked on

2023-06-23 00:52:48 - [TEST_STEP][PASSED] - verifyElementVisible(findTestObject("Object Repository/Page_Your Orders/h1_Your Orders")): Object 'Object Repository/Page_Your Orders/h1_Your Orders' is visible

2023-06-23 00:52:49 - [MESSAGE][PASSED] - Object 'Object Repository/Page_Your Orders/h1_Your Orders' is visible]]></system-out>
         <system-err><![CDATA[]]></system-err>
      </testcase>
      <testcase name="Test Cases/TC_3_Search_Functionality" time="66.348" classname="Test Cases/TC_3_Search_Functionality" status="PASSED">
         <system-out><![CDATA[2023-06-23 00:52:49 - [TEST_CASE][PASSED] - Test Cases/TC_3_Search_Functionality: Test Cases/TC_3_Search_Functionality

2023-06-23 00:52:50 - [TEST_STEP][PASSED] - openBrowser(""): Browser is opened with url: ''

2023-06-23 00:52:50 - [MESSAGE][WARNING] - A browser is already opened. Closing browser and opening a new one

2023-06-23 00:52:50 - [MESSAGE][INFO] - Starting 'Chrome' driver

2023-06-23 00:52:50 - [MESSAGE][INFO] - Action delay is set to 0 milliseconds

2023-06-23 00:52:57 - [MESSAGE][PASSED] - Browser is opened with url: ''

2023-06-23 00:52:57 - [TEST_STEP][PASSED] - navigateToUrl("https://www.amazon.in/"): Navigate to 'https://www.amazon.in/' successfully

2023-06-23 00:53:11 - [MESSAGE][PASSED] - Navigate to 'https://www.amazon.in/' successfully

2023-06-23 00:53:11 - [TEST_STEP][PASSED] - maximizeWindow(): Current window maximized

2023-06-23 00:53:17 - [MESSAGE][PASSED] - Current window maximized

2023-06-23 00:53:17 - [TEST_STEP][PASSED] - setText(findTestObject("Object Repository/Page_Online Shopping site in India Shop Onl_10c5f3/input_Search Amazon.in_field-keywords"), "Iphone 13"): Text 'Iphone 13' is set on object 'Object Repository/Page_Online Shopping site in India Shop Onl_10c5f3/input_Search Amazon.in_field-keywords'

2023-06-23 00:53:29 - [MESSAGE][PASSED] - Text 'Iphone 13' is set on object 'Object Repository/Page_Online Shopping site in India Shop Onl_10c5f3/input_Search Amazon.in_field-keywords'

2023-06-23 00:53:29 - [TEST_STEP][PASSED] - click(findTestObject("Object Repository/Page_Online Shopping site in India Shop Onl_10c5f3/input_Search Amazon.in_nav-search-submit-button")): Object: 'Object Repository/Page_Online Shopping site in India Shop Onl_10c5f3/input_Search Amazon.in_nav-search-submit-button' is clicked on

2023-06-23 00:53:43 - [MESSAGE][PASSED] - Object: 'Object Repository/Page_Online Shopping site in India Shop Onl_10c5f3/input_Search Amazon.in_nav-search-submit-button' is clicked on

2023-06-23 00:53:43 - [TEST_STEP][PASSED] - click(findTestObject("Object Repository/Page_Amazon.in  Iphone 13/div_1-16 of over 1,000 results for Iphone 13")): Object: 'Object Repository/Page_Amazon.in  Iphone 13/div_1-16 of over 1,000 results for Iphone 13' is clicked on

2023-06-23 00:53:54 - [MESSAGE][PASSED] - Object: 'Object Repository/Page_Amazon.in  Iphone 13/div_1-16 of over 1,000 results for Iphone 13' is clicked on

2023-06-23 00:53:54 - [TEST_STEP][PASSED] - click(findTestObject("Object Repository/Page_Amazon.in  Iphone 13/div_1-16 of over 1,000 results for Iphone 13")): Object: 'Object Repository/Page_Amazon.in  Iphone 13/div_1-16 of over 1,000 results for Iphone 13' is clicked on

2023-06-23 00:53:55 - [MESSAGE][PASSED] - Object: 'Object Repository/Page_Amazon.in  Iphone 13/div_1-16 of over 1,000 results for Iphone 13' is clicked on

2023-06-23 00:53:55 - [TEST_STEP][PASSED] - verifyElementVisible(findTestObject("Object Repository/Page_Amazon.in  Iphone 13/span_Iphone 13")): Object 'Object Repository/Page_Amazon.in  Iphone 13/span_Iphone 13' is visible

2023-06-23 00:53:56 - [MESSAGE][PASSED] - Object 'Object Repository/Page_Amazon.in  Iphone 13/span_Iphone 13' is visible]]></system-out>
         <system-err><![CDATA[]]></system-err>
      </testcase>
      <system-out><![CDATA[2023-06-23 00:44:51 - [TEST_SUITE][FAILED] - Amazon: Test Cases/TC_02_Check_My_Order_Page FAILED.
Reason:
com.kms.katalon.core.exception.StepFailedException: Call Test Case 'Test Cases/TC_01_Login' failed
	at com.kms.katalon.core.keyword.builtin.CallTestCaseKeyword$_callTestCase_closure1.doCall(CallTestCaseKeyword.groovy:63)
	at com.kms.katalon.core.keyword.builtin.CallTestCaseKeyword$_callTestCase_closure1.call(CallTestCaseKeyword.groovy)
	at com.kms.katalon.core.keyword.internal.KeywordMain.runKeyword(KeywordMain.groovy:74)
	at com.kms.katalon.core.keyword.builtin.CallTestCaseKeyword.callTestCase(CallTestCaseKeyword.groovy:81)
	at com.kms.katalon.core.keyword.builtin.CallTestCaseKeyword.execute(CallTestCaseKeyword.groovy:44)
	at com.kms.katalon.core.keyword.internal.KeywordExecutor.executeKeywordForPlatform(KeywordExecutor.groovy:74)
	at com.kms.katalon.core.keyword.BuiltinKeywords.callTestCase(BuiltinKeywords.groovy:334)
	at TC_02_Check_My_Order_Page.run(TC_02_Check_My_Order_Page:20)
	at com.kms.katalon.core.main.ScriptEngine.run(ScriptEngine.java:194)
	at com.kms.katalon.core.main.ScriptEngine.runScriptAsRawText(ScriptEngine.java:119)
	at com.kms.katalon.core.main.TestCaseExecutor.runScript(TestCaseExecutor.java:448)
	at com.kms.katalon.core.main.TestCaseExecutor.doExecute(TestCaseExecutor.java:439)
	at com.kms.katalon.core.main.TestCaseExecutor.processExecutionPhase(TestCaseExecutor.java:418)
	at com.kms.katalon.core.main.TestCaseExecutor.accessMainPhase(TestCaseExecutor.java:410)
	at com.kms.katalon.core.main.TestCaseExecutor.execute(TestCaseExecutor.java:285)
	at com.kms.katalon.core.common.CommonExecutor.accessTestCaseMainPhase(CommonExecutor.java:65)
	at com.kms.katalon.core.main.TestSuiteExecutor.accessTestSuiteMainPhase(TestSuiteExecutor.java:144)
	at com.kms.katalon.core.main.TestSuiteExecutor.execute(TestSuiteExecutor.java:106)
	at com.kms.katalon.core.main.TestCaseMain.startTestSuite(TestCaseMain.java:185)
	at com.kms.katalon.core.main.TestCaseMain$startTestSuite$0.call(Unknown Source)
	at TempTestSuite1687461288606.run(TempTestSuite1687461288606.groovy:36)
Caused by: com.kms.katalon.core.exception.StepFailedException: Unable to maximize current window
	at com.kms.katalon.core.webui.keyword.internal.WebUIKeywordMain.stepFailed(WebUIKeywordMain.groovy:64)
	at com.kms.katalon.core.webui.keyword.internal.WebUIKeywordMain.runKeyword(WebUIKeywordMain.groovy:26)
	at com.kms.katalon.core.webui.keyword.builtin.MaximizeWindowKeyword.maximizeWindow(MaximizeWindowKeyword.groovy:74)
	at com.kms.katalon.core.webui.keyword.builtin.MaximizeWindowKeyword.execute(MaximizeWindowKeyword.groovy:69)
	at com.kms.katalon.core.keyword.internal.KeywordExecutor.executeKeywordForPlatform(KeywordExecutor.groovy:74)
	at com.kms.katalon.core.webui.keyword.WebUiBuiltInKeywords.maximizeWindow(WebUiBuiltInKeywords.groovy:283)
	at com.kms.katalon.core.webui.keyword.WebUiBuiltInKeywords$maximizeWindow$1.call(Unknown Source)
	at TC_01_Login.run(TC_01_Login:24)
	at com.kms.katalon.core.main.ScriptEngine.run(ScriptEngine.java:194)
	at com.kms.katalon.core.main.ScriptEngine.runScriptAsRawText(ScriptEngine.java:119)
	at com.kms.katalon.core.main.TestCaseExecutor.runScript(TestCaseExecutor.java:448)
	at com.kms.katalon.core.main.TestCaseExecutor.doExecute(TestCaseExecutor.java:439)
	at com.kms.katalon.core.main.TestCaseExecutor.processExecutionPhase(TestCaseExecutor.java:418)
	at com.kms.katalon.core.main.TestCaseExecutor.accessMainPhase(TestCaseExecutor.java:410)
	at com.kms.katalon.core.main.TestCaseExecutor.execute(TestCaseExecutor.java:285)
	at com.kms.katalon.core.main.TestCaseMain.runTestCase(TestCaseMain.java:142)
	at com.kms.katalon.core.keyword.builtin.CallTestCaseKeyword$_callTestCase_closure1.doCall(CallTestCaseKeyword.groovy:59)
	... 20 more
Caused by: org.openqa.selenium.WebDriverException: disconnected: not connected to DevTools
  (failed to check if window was closed: disconnected: not connected to DevTools)
  (Session info: chrome=114.0.5735.133)
Build info: version: '3.141.59', revision: 'e82be7d358', time: '2018-11-14T08:25:53'
System info: host: 'LFVFDP7QZQ05F', ip: '2402:e280:3e1f:83a:2163:9b80:c247:86b4%en0', os.name: 'Mac OS X', os.arch: 'x86_64', os.version: '10.16', java.version: '1.8.0_275'
Driver info: com.kms.katalon.selenium.driver.CChromeDriver
Capabilities {acceptInsecureCerts: false, browserName: chrome, browserVersion: 114.0.5735.133, chrome: {chromedriverVersion: 114.0.5735.90 (386bc09e8f4f..., userDataDir: /var/folders/q6/07nb12x55bq...}, goog:chromeOptions: {debuggerAddress: localhost:51768}, javascriptEnabled: true, networkConnectionEnabled: false, pageLoadStrategy: normal, platform: MAC, platformName: MAC, proxy: Proxy(), setWindowRect: true, strictFileInteractability: false, timeouts: {implicit: 0, pageLoad: 300000, script: 30000}, unhandledPromptBehavior: dismiss and notify, webauthn:extension:credBlob: true, webauthn:extension:largeBlob: true, webauthn:extension:minPinLength: true, webauthn:extension:prf: true, webauthn:virtualAuthenticators: true}
Session ID: 69778224173a8d41e4d8ff58113ff06d
	at org.openqa.selenium.remote.http.W3CHttpResponseCodec.createException(W3CHttpResponseCodec.java:187)
	at org.openqa.selenium.remote.http.W3CHttpResponseCodec.decode(W3CHttpResponseCodec.java:122)
	at org.openqa.selenium.remote.http.W3CHttpResponseCodec.decode(W3CHttpResponseCodec.java:49)
	at org.openqa.selenium.remote.HttpCommandExecutor.execute(HttpCommandExecutor.java:158)
	at org.openqa.selenium.remote.service.DriverCommandExecutor.execute(DriverCommandExecutor.java:83)
	at org.openqa.selenium.remote.RemoteWebDriver.execute(RemoteWebDriver.java:552)
	at com.kms.katalon.selenium.driver.CChromeDriver.execute(CChromeDriver.java:19)
	at org.openqa.selenium.remote.RemoteWebDriver.execute(RemoteWebDriver.java:609)
	at org.openqa.selenium.remote.RemoteWebDriver$RemoteWebDriverOptions$RemoteWindow.maximize(RemoteWebDriver.java:837)
	at org.openqa.selenium.support.events.EventFiringWebDriver$EventFiringWindow.maximize(EventFiringWebDriver.java:769)
	at com.kms.katalon.core.webui.keyword.builtin.MaximizeWindowKeyword$_maximizeWindow_closure1.doCall(MaximizeWindowKeyword.groovy:85)
	at com.kms.katalon.core.webui.keyword.builtin.MaximizeWindowKeyword$_maximizeWindow_closure1.call(MaximizeWindowKeyword.groovy)
	at com.kms.katalon.core.webui.keyword.internal.WebUIKeywordMain.runKeyword(WebUIKeywordMain.groovy:20)
	... 35 more]]></system-out>
      <system-err><![CDATA[2023-06-23 00:44:51 - [TEST_SUITE][FAILED] - Amazon: Test Cases/TC_02_Check_My_Order_Page FAILED.
Reason:
com.kms.katalon.core.exception.StepFailedException: Call Test Case 'Test Cases/TC_01_Login' failed
	at com.kms.katalon.core.keyword.builtin.CallTestCaseKeyword$_callTestCase_closure1.doCall(CallTestCaseKeyword.groovy:63)
	at com.kms.katalon.core.keyword.builtin.CallTestCaseKeyword$_callTestCase_closure1.call(CallTestCaseKeyword.groovy)
	at com.kms.katalon.core.keyword.internal.KeywordMain.runKeyword(KeywordMain.groovy:74)
	at com.kms.katalon.core.keyword.builtin.CallTestCaseKeyword.callTestCase(CallTestCaseKeyword.groovy:81)
	at com.kms.katalon.core.keyword.builtin.CallTestCaseKeyword.execute(CallTestCaseKeyword.groovy:44)
	at com.kms.katalon.core.keyword.internal.KeywordExecutor.executeKeywordForPlatform(KeywordExecutor.groovy:74)
	at com.kms.katalon.core.keyword.BuiltinKeywords.callTestCase(BuiltinKeywords.groovy:334)
	at TC_02_Check_My_Order_Page.run(TC_02_Check_My_Order_Page:20)
	at com.kms.katalon.core.main.ScriptEngine.run(ScriptEngine.java:194)
	at com.kms.katalon.core.main.ScriptEngine.runScriptAsRawText(ScriptEngine.java:119)
	at com.kms.katalon.core.main.TestCaseExecutor.runScript(TestCaseExecutor.java:448)
	at com.kms.katalon.core.main.TestCaseExecutor.doExecute(TestCaseExecutor.java:439)
	at com.kms.katalon.core.main.TestCaseExecutor.processExecutionPhase(TestCaseExecutor.java:418)
	at com.kms.katalon.core.main.TestCaseExecutor.accessMainPhase(TestCaseExecutor.java:410)
	at com.kms.katalon.core.main.TestCaseExecutor.execute(TestCaseExecutor.java:285)
	at com.kms.katalon.core.common.CommonExecutor.accessTestCaseMainPhase(CommonExecutor.java:65)
	at com.kms.katalon.core.main.TestSuiteExecutor.accessTestSuiteMainPhase(TestSuiteExecutor.java:144)
	at com.kms.katalon.core.main.TestSuiteExecutor.execute(TestSuiteExecutor.java:106)
	at com.kms.katalon.core.main.TestCaseMain.startTestSuite(TestCaseMain.java:185)
	at com.kms.katalon.core.main.TestCaseMain$startTestSuite$0.call(Unknown Source)
	at TempTestSuite1687461288606.run(TempTestSuite1687461288606.groovy:36)
Caused by: com.kms.katalon.core.exception.StepFailedException: Unable to maximize current window
	at com.kms.katalon.core.webui.keyword.internal.WebUIKeywordMain.stepFailed(WebUIKeywordMain.groovy:64)
	at com.kms.katalon.core.webui.keyword.internal.WebUIKeywordMain.runKeyword(WebUIKeywordMain.groovy:26)
	at com.kms.katalon.core.webui.keyword.builtin.MaximizeWindowKeyword.maximizeWindow(MaximizeWindowKeyword.groovy:74)
	at com.kms.katalon.core.webui.keyword.builtin.MaximizeWindowKeyword.execute(MaximizeWindowKeyword.groovy:69)
	at com.kms.katalon.core.keyword.internal.KeywordExecutor.executeKeywordForPlatform(KeywordExecutor.groovy:74)
	at com.kms.katalon.core.webui.keyword.WebUiBuiltInKeywords.maximizeWindow(WebUiBuiltInKeywords.groovy:283)
	at com.kms.katalon.core.webui.keyword.WebUiBuiltInKeywords$maximizeWindow$1.call(Unknown Source)
	at TC_01_Login.run(TC_01_Login:24)
	at com.kms.katalon.core.main.ScriptEngine.run(ScriptEngine.java:194)
	at com.kms.katalon.core.main.ScriptEngine.runScriptAsRawText(ScriptEngine.java:119)
	at com.kms.katalon.core.main.TestCaseExecutor.runScript(TestCaseExecutor.java:448)
	at com.kms.katalon.core.main.TestCaseExecutor.doExecute(TestCaseExecutor.java:439)
	at com.kms.katalon.core.main.TestCaseExecutor.processExecutionPhase(TestCaseExecutor.java:418)
	at com.kms.katalon.core.main.TestCaseExecutor.accessMainPhase(TestCaseExecutor.java:410)
	at com.kms.katalon.core.main.TestCaseExecutor.execute(TestCaseExecutor.java:285)
	at com.kms.katalon.core.main.TestCaseMain.runTestCase(TestCaseMain.java:142)
	at com.kms.katalon.core.keyword.builtin.CallTestCaseKeyword$_callTestCase_closure1.doCall(CallTestCaseKeyword.groovy:59)
	... 20 more
Caused by: org.openqa.selenium.WebDriverException: disconnected: not connected to DevTools
  (failed to check if window was closed: disconnected: not connected to DevTools)
  (Session info: chrome=114.0.5735.133)
Build info: version: '3.141.59', revision: 'e82be7d358', time: '2018-11-14T08:25:53'
System info: host: 'LFVFDP7QZQ05F', ip: '2402:e280:3e1f:83a:2163:9b80:c247:86b4%en0', os.name: 'Mac OS X', os.arch: 'x86_64', os.version: '10.16', java.version: '1.8.0_275'
Driver info: com.kms.katalon.selenium.driver.CChromeDriver
Capabilities {acceptInsecureCerts: false, browserName: chrome, browserVersion: 114.0.5735.133, chrome: {chromedriverVersion: 114.0.5735.90 (386bc09e8f4f..., userDataDir: /var/folders/q6/07nb12x55bq...}, goog:chromeOptions: {debuggerAddress: localhost:51768}, javascriptEnabled: true, networkConnectionEnabled: false, pageLoadStrategy: normal, platform: MAC, platformName: MAC, proxy: Proxy(), setWindowRect: true, strictFileInteractability: false, timeouts: {implicit: 0, pageLoad: 300000, script: 30000}, unhandledPromptBehavior: dismiss and notify, webauthn:extension:credBlob: true, webauthn:extension:largeBlob: true, webauthn:extension:minPinLength: true, webauthn:extension:prf: true, webauthn:virtualAuthenticators: true}
Session ID: 69778224173a8d41e4d8ff58113ff06d
	at org.openqa.selenium.remote.http.W3CHttpResponseCodec.createException(W3CHttpResponseCodec.java:187)
	at org.openqa.selenium.remote.http.W3CHttpResponseCodec.decode(W3CHttpResponseCodec.java:122)
	at org.openqa.selenium.remote.http.W3CHttpResponseCodec.decode(W3CHttpResponseCodec.java:49)
	at org.openqa.selenium.remote.HttpCommandExecutor.execute(HttpCommandExecutor.java:158)
	at org.openqa.selenium.remote.service.DriverCommandExecutor.execute(DriverCommandExecutor.java:83)
	at org.openqa.selenium.remote.RemoteWebDriver.execute(RemoteWebDriver.java:552)
	at com.kms.katalon.selenium.driver.CChromeDriver.execute(CChromeDriver.java:19)
	at org.openqa.selenium.remote.RemoteWebDriver.execute(RemoteWebDriver.java:609)
	at org.openqa.selenium.remote.RemoteWebDriver$RemoteWebDriverOptions$RemoteWindow.maximize(RemoteWebDriver.java:837)
	at org.openqa.selenium.support.events.EventFiringWebDriver$EventFiringWindow.maximize(EventFiringWebDriver.java:769)
	at com.kms.katalon.core.webui.keyword.builtin.MaximizeWindowKeyword$_maximizeWindow_closure1.doCall(MaximizeWindowKeyword.groovy:85)
	at com.kms.katalon.core.webui.keyword.builtin.MaximizeWindowKeyword$_maximizeWindow_closure1.call(MaximizeWindowKeyword.groovy)
	at com.kms.katalon.core.webui.keyword.internal.WebUIKeywordMain.runKeyword(WebUIKeywordMain.groovy:20)
	... 35 more]]></system-err>
   </testsuite>
</testsuites>
